unsatisfiable
(:added-eqs                       2155
 :arith-eq-adapter                387
 :arith-assume-eqs                14
 :arith-bound-propagations-lp     47
 :arith-branch                    249
 :arith-conflicts                 135
 :arith-cube-calls                78
 :arith-diseq                     63
 :arith-fixed-eqs                 353
 :arith-gcd-calls                 318
 :arith-gomory-cuts               104
 :arith-grobner-calls             21
 :arith-horner-calls              9
 :arith-horner-cross-nested-forms 113
 :arith-lower                     1136
 :arith-make-feasible             1235
 :arith-max-columns               103
 :arith-max-rows                  58
 :arith-nla-add-bounds            23
 :arith-nla-lemmas                3
 :arith-nla-propagate-bounds      1
 :arith-nla-propagate-eq          2
 :arith-nra-calls                 11
 :arith-offset-eqs                6
 :arith-patches                   318
 :arith-patches-success           1
 :arith-upper                     847
 :conflicts                       150
 :datatype-accessor-ax            11
 :datatype-constructor-ax         30
 :datatype-splits                 8
 :decisions                       814
 :del-clause                      699
 :final-checks                    383
 :interface-eqs                   7
 :max-memory                      22.79
 :memory                          22.78
 :minimized-lits                  73
 :mk-bool-var                     2638
 :mk-clause                       713
 :num-allocs                      170486947
 :num-checks                      95
 :propagations                    421
 :recfun-macro-expansion          63
 :rlimit-count                    818891)