unsatisfiable
(:added-eqs                       4682
 :arith-eq-adapter                841
 :arith-assume-eqs                32
 :arith-bound-propagations-lp     89
 :arith-branch                    572
 :arith-conflicts                 287
 :arith-cube-calls                177
 :arith-diseq                     113
 :arith-fixed-eqs                 780
 :arith-gcd-calls                 719
 :arith-gomory-cuts               212
 :arith-grobner-calls             35
 :arith-horner-calls              15
 :arith-horner-cross-nested-forms 192
 :arith-lower                     2484
 :arith-make-feasible             2712
 :arith-max-columns               103
 :arith-max-rows                  58
 :arith-nla-add-bounds            44
 :arith-nla-lemmas                3
 :arith-nla-propagate-bounds      1
 :arith-nla-propagate-eq          4
 :arith-nra-calls                 23
 :arith-offset-eqs                9
 :arith-patches                   719
 :arith-patches-success           7
 :arith-upper                     1820
 :conflicts                       323
 :datatype-accessor-ax            22
 :datatype-constructor-ax         61
 :datatype-splits                 12
 :decisions                       1856
 :del-clause                      1500
 :final-checks                    850
 :interface-eqs                   16
 :max-memory                      23.44
 :memory                          23.43
 :minimized-lits                  165
 :mk-bool-var                     5602
 :mk-clause                       1506
 :num-allocs                      656415930
 :num-checks                      202
 :propagations                    937
 :recfun-macro-expansion          125
 :rlimit-count                    1721766)