satisfiable
(:added-eqs                       8238
 :arith-eq-adapter                1483
 :arith-assume-eqs                62
 :arith-bound-propagations-lp     162
 :arith-branch                    1020
 :arith-conflicts                 543
 :arith-cube-calls                322
 :arith-diseq                     167
 :arith-fixed-eqs                 1375
 :arith-gcd-calls                 1300
 :arith-gomory-cuts               394
 :arith-grobner-calls             56
 :arith-grobner-conflicts         1
 :arith-horner-calls              24
 :arith-horner-cross-nested-forms 321
 :arith-lower                     4358
 :arith-make-feasible             4862
 :arith-max-columns               103
 :arith-max-rows                  58
 :arith-nla-add-bounds            73
 :arith-nla-lemmas                3
 :arith-nla-propagate-bounds      1
 :arith-nla-propagate-eq          8
 :arith-nra-calls                 39
 :arith-offset-eqs                18
 :arith-patches                   1300
 :arith-patches-success           14
 :arith-upper                     3223
 :conflicts                       635
 :datatype-accessor-ax            44
 :datatype-constructor-ax         114
 :datatype-splits                 21
 :decisions                       3390
 :del-clause                      2603
 :final-checks                    1520
 :interface-eqs                   31
 :max-memory                      24.57
 :memory                          24.47
 :minimized-lits                  301
 :mk-bool-var                     9898
 :mk-clause                       2622
 :num-allocs                      1897568608
 :num-checks                      438
 :propagations                    1630
 :recfun-macro-expansion          218
 :rlimit-count                    2988351)