unsatisfiable
(:added-eqs                       14244
 :arith-eq-adapter                2576
 :arith-assume-eqs                112
 :arith-bound-propagations-lp     274
 :arith-branch                    1645
 :arith-conflicts                 918
 :arith-cube-calls                515
 :arith-diseq                     287
 :arith-fixed-eqs                 2372
 :arith-gcd-calls                 2086
 :arith-gomory-cuts               631
 :arith-grobner-calls             82
 :arith-grobner-conflicts         1
 :arith-horner-calls              35
 :arith-horner-cross-nested-forms 452
 :arith-lower                     7477
 :arith-make-feasible             8138
 :arith-max-columns               103
 :arith-max-rows                  58
 :arith-nla-add-bounds            123
 :arith-nla-lemmas                3
 :arith-nla-propagate-bounds      2
 :arith-nla-propagate-eq          16
 :arith-nra-calls                 63
 :arith-offset-eqs                27
 :arith-patches                   2086
 :arith-patches-success           24
 :arith-upper                     5497
 :conflicts                       1081
 :datatype-accessor-ax            74
 :datatype-constructor-ax         196
 :datatype-splits                 33
 :decisions                       5679
 :del-clause                      4586
 :final-checks                    2472
 :interface-eqs                   56
 :max-memory                      26.25
 :memory                          26.25
 :minimized-lits                  523
 :mk-bool-var                     16999
 :mk-clause                       4590
 :num-allocs                      5699202681.00
 :num-checks                      755
 :propagations                    2812
 :recfun-macro-expansion          382
 :rlimit-count                    5113318)