satisfiable
(:added-eqs                       16254
 :arith-eq-adapter                2952
 :arith-assume-eqs                128
 :arith-bound-propagations-lp     301
 :arith-branch                    1879
 :arith-conflicts                 1057
 :arith-cube-calls                587
 :arith-diseq                     327
 :arith-fixed-eqs                 2696
 :arith-gcd-calls                 2382
 :arith-gomory-cuts               717
 :arith-grobner-calls             92
 :arith-grobner-conflicts         1
 :arith-horner-calls              40
 :arith-horner-cross-nested-forms 491
 :arith-lower                     8562
 :arith-make-feasible             9291
 :arith-max-columns               103
 :arith-max-rows                  58
 :arith-nla-add-bounds            146
 :arith-nla-lemmas                3
 :arith-nla-propagate-bounds      2
 :arith-nla-propagate-eq          20
 :arith-nra-calls                 73
 :arith-offset-eqs                31
 :arith-patches                   2382
 :arith-patches-success           29
 :arith-upper                     6262
 :conflicts                       1254
 :datatype-accessor-ax            87
 :datatype-constructor-ax         228
 :datatype-splits                 38
 :decisions                       6660
 :del-clause                      5233
 :final-checks                    2829
 :interface-eqs                   64
 :max-memory                      26.91
 :memory                          26.81
 :minimized-lits                  601
 :mk-bool-var                     19436
 :mk-clause                       5257
 :num-allocs                      7365333870.00
 :num-checks                      890
 :propagations                    3255
 :recfun-macro-expansion          433
 :rlimit-count                    5890615)