unsatisfiable
(:added-eqs                       16622
 :arith-eq-adapter                3024
 :arith-assume-eqs                140
 :arith-bound-propagations-lp     305
 :arith-branch                    1895
 :arith-conflicts                 1082
 :arith-cube-calls                591
 :arith-diseq                     328
 :arith-fixed-eqs                 2756
 :arith-gcd-calls                 2398
 :arith-gomory-cuts               717
 :arith-grobner-calls             92
 :arith-grobner-conflicts         1
 :arith-horner-calls              40
 :arith-horner-cross-nested-forms 491
 :arith-lower                     8762
 :arith-make-feasible             9450
 :arith-max-columns               103
 :arith-max-rows                  58
 :arith-nla-add-bounds            146
 :arith-nla-lemmas                3
 :arith-nla-propagate-bounds      2
 :arith-nla-propagate-eq          20
 :arith-nra-calls                 73
 :arith-offset-eqs                31
 :arith-patches                   2398
 :arith-patches-success           29
 :arith-upper                     6363
 :conflicts                       1286
 :datatype-accessor-ax            90
 :datatype-constructor-ax         237
 :datatype-splits                 39
 :decisions                       6777
 :del-clause                      5368
 :final-checks                    2856
 :interface-eqs                   70
 :max-memory                      26.91
 :memory                          26.91
 :minimized-lits                  620
 :mk-bool-var                     19846
 :mk-clause                       5384
 :num-allocs                      7444853749.00
 :num-checks                      910
 :propagations                    3326
 :recfun-macro-expansion          441
 :rlimit-count                    5997033)