satisfiable
(:added-eqs                       19420
 :arith-eq-adapter                3529
 :arith-assume-eqs                176
 :arith-bound-propagations-lp     355
 :arith-branch                    2167
 :arith-conflicts                 1247
 :arith-cube-calls                678
 :arith-diseq                     375
 :arith-fixed-eqs                 3225
 :arith-gcd-calls                 2747
 :arith-gomory-cuts               825
 :arith-grobner-calls             101
 :arith-grobner-conflicts         1
 :arith-horner-calls              46
 :arith-horner-cross-nested-forms 528
 :arith-lower                     10155
 :arith-make-feasible             10947
 :arith-max-columns               105
 :arith-max-rows                  60
 :arith-nla-add-bounds            166
 :arith-nla-lemmas                3
 :arith-nla-propagate-bounds      2
 :arith-nla-propagate-eq          23
 :arith-nra-calls                 82
 :arith-offset-eqs                35
 :arith-patches                   2747
 :arith-patches-success           37
 :arith-upper                     7421
 :conflicts                       1506
 :datatype-accessor-ax            109
 :datatype-constructor-ax         285
 :datatype-splits                 47
 :decisions                       7836
 :del-clause                      6289
 :final-checks                    3280
 :interface-eqs                   88
 :max-memory                      27.75
 :memory                          27.75
 :minimized-lits                  722
 :mk-bool-var                     23118
 :mk-clause                       6309
 :num-allocs                      9598716912.00
 :num-checks                      1126
 :propagations                    3870
 :recfun-macro-expansion          520
 :rlimit-count                    7127325)