satisfiable
(:added-eqs                       20680
 :arith-eq-adapter                3761
 :arith-assume-eqs                182
 :arith-bound-propagations-lp     376
 :arith-branch                    2310
 :arith-conflicts                 1327
 :arith-cube-calls                726
 :arith-diseq                     408
 :arith-fixed-eqs                 3433
 :arith-gcd-calls                 2938
 :arith-gomory-cuts               894
 :arith-grobner-calls             107
 :arith-grobner-conflicts         1
 :arith-horner-calls              48
 :arith-horner-cross-nested-forms 544
 :arith-lower                     10804
 :arith-make-feasible             11670
 :arith-max-columns               105
 :arith-max-rows                  60
 :arith-nla-add-bounds            180
 :arith-nla-lemmas                3
 :arith-nla-propagate-bounds      2
 :arith-nla-propagate-eq          25
 :arith-nra-calls                 90
 :arith-offset-eqs                37
 :arith-patches                   2938
 :arith-patches-success           38
 :arith-upper                     7926
 :conflicts                       1598
 :datatype-accessor-ax            117
 :datatype-constructor-ax         303
 :datatype-splits                 51
 :decisions                       8333
 :del-clause                      6696
 :final-checks                    3504
 :interface-eqs                   91
 :max-memory                      28.15
 :memory                          28.15
 :minimized-lits                  768
 :mk-bool-var                     24619
 :mk-clause                       6726
 :num-allocs                      11366368749.00
 :num-checks                      1180
 :propagations                    4133
 :recfun-macro-expansion          553
 :rlimit-count                    7598259
 :time                            0.00)