unsatisfiable
(:added-eqs                       24602
 :arith-eq-adapter                4481
 :arith-assume-eqs                210
 :arith-bound-propagations-lp     446
 :arith-branch                    2775
 :arith-conflicts                 1594
 :arith-cube-calls                869
 :arith-diseq                     488
 :arith-fixed-eqs                 4096
 :arith-gcd-calls                 3510
 :arith-gomory-cuts               1054
 :arith-grobner-calls             119
 :arith-grobner-conflicts         1
 :arith-horner-calls              56
 :arith-horner-cross-nested-forms 593
 :arith-lower                     12893
 :arith-make-feasible             13911
 :arith-max-columns               105
 :arith-max-rows                  60
 :arith-nla-add-bounds            207
 :arith-nla-lemmas                3
 :arith-nla-propagate-bounds      2
 :arith-nla-propagate-eq          29
 :arith-nra-calls                 109
 :arith-offset-eqs                41
 :arith-patches                   3510
 :arith-patches-success           41
 :arith-upper                     9464
 :conflicts                       1893
 :datatype-accessor-ax            137
 :datatype-constructor-ax         348
 :datatype-splits                 56
 :decisions                       9866
 :del-clause                      8006
 :final-checks                    4180
 :interface-eqs                   105
 :max-memory                      29.38
 :memory                          29.28
 :minimized-lits                  932
 :mk-bool-var                     29394
 :mk-clause                       8013
 :num-allocs                      17149021502.00
 :num-checks                      1381
 :propagations                    4948
 :recfun-macro-expansion          654
 :rlimit-count                    9250276)