unsatisfiable
(:added-eqs                       24216
 :arith-eq-adapter                4410
 :arith-assume-eqs                210
 :arith-bound-propagations-lp     435
 :arith-branch                    2710
 :arith-conflicts                 1556
 :arith-cube-calls                848
 :arith-diseq                     478
 :arith-fixed-eqs                 4037
 :arith-gcd-calls                 3425
 :arith-gomory-cuts               1021
 :arith-grobner-calls             118
 :arith-grobner-conflicts         1
 :arith-horner-calls              54
 :arith-horner-cross-nested-forms 576
 :arith-lower                     12677
 :arith-make-feasible             13643
 :arith-max-columns               105
 :arith-max-rows                  60
 :arith-nla-add-bounds            203
 :arith-nla-lemmas                3
 :arith-nla-propagate-bounds      2
 :arith-nla-propagate-eq          29
 :arith-nra-calls                 105
 :arith-offset-eqs                39
 :arith-patches                   3425
 :arith-patches-success           40
 :arith-upper                     9292
 :conflicts                       1850
 :datatype-accessor-ax            135
 :datatype-constructor-ax         342
 :datatype-splits                 56
 :decisions                       9661
 :del-clause                      7874
 :final-checks                    4084
 :interface-eqs                   105
 :max-memory                      29.19
 :memory                          29.19
 :minimized-lits                  911
 :mk-bool-var                     28881
 :mk-clause                       7891
 :num-allocs                      15855810749.00
 :num-checks                      1342
 :propagations                    4870
 :recfun-macro-expansion          644
 :rlimit-count                    9023946)