unsatisfiable
(:added-eqs                       26084
 :arith-eq-adapter                4750
 :arith-assume-eqs                214
 :arith-bound-propagations-lp     469
 :arith-branch                    2917
 :arith-conflicts                 1683
 :arith-cube-calls                916
 :arith-diseq                     515
 :arith-fixed-eqs                 4340
 :arith-gcd-calls                 3696
 :arith-gomory-cuts               1120
 :arith-grobner-calls             121
 :arith-grobner-conflicts         1
 :arith-horner-calls              60
 :arith-horner-cross-nested-forms 597
 :arith-lower                     13692
 :arith-make-feasible             14679
 :arith-max-columns               105
 :arith-max-rows                  60
 :arith-nla-add-bounds            219
 :arith-nla-lemmas                3
 :arith-nla-propagate-bounds      2
 :arith-nla-propagate-eq          30
 :arith-nra-calls                 116
 :arith-offset-eqs                43
 :arith-patches                   3696
 :arith-patches-success           42
 :arith-upper                     9998
 :conflicts                       2008
 :datatype-accessor-ax            143
 :datatype-constructor-ax         363
 :datatype-splits                 60
 :decisions                       10463
 :del-clause                      8450
 :final-checks                    4400
 :interface-eqs                   107
 :max-memory                      29.75
 :memory                          29.74
 :minimized-lits                  978
 :mk-bool-var                     31107
 :mk-clause                       8460
 :num-allocs                      19234820461.00
 :num-checks                      1487
 :propagations                    5222
 :recfun-macro-expansion          690
 :rlimit-count                    9814532)