unsatisfiable
(:added-eqs                       25141
 :arith-eq-adapter                4581
 :arith-assume-eqs                212
 :arith-bound-propagations-lp     457
 :arith-branch                    2830
 :arith-conflicts                 1637
 :arith-cube-calls                886
 :arith-diseq                     498
 :arith-fixed-eqs                 4183
 :arith-gcd-calls                 3579
 :arith-gomory-cuts               1078
 :arith-grobner-calls             119
 :arith-grobner-conflicts         1
 :arith-horner-calls              58
 :arith-horner-cross-nested-forms 593
 :arith-lower                     13201
 :arith-make-feasible             14194
 :arith-max-columns               105
 :arith-max-rows                  60
 :arith-nla-add-bounds            211
 :arith-nla-lemmas                3
 :arith-nla-propagate-bounds      2
 :arith-nla-propagate-eq          30
 :arith-nra-calls                 112
 :arith-offset-eqs                43
 :arith-patches                   3579
 :arith-patches-success           41
 :arith-upper                     9654
 :conflicts                       1946
 :datatype-accessor-ax            140
 :datatype-constructor-ax         354
 :datatype-splits                 60
 :decisions                       10092
 :del-clause                      8175
 :final-checks                    4262
 :interface-eqs                   106
 :max-memory                      29.56
 :memory                          29.56
 :minimized-lits                  956
 :mk-bool-var                     30049
 :mk-clause                       8189
 :num-allocs                      17991457922.00
 :num-checks                      1425
 :propagations                    5058
 :recfun-macro-expansion          668
 :rlimit-count                    9462470)