satisfiable
(:added-eqs                       27610
 :arith-eq-adapter                5031
 :arith-assume-eqs                220
 :arith-bound-propagations-lp     491
 :arith-branch                    3105
 :arith-conflicts                 1786
 :arith-cube-calls                975
 :arith-diseq                     544
 :arith-fixed-eqs                 4596
 :arith-gcd-calls                 3932
 :arith-gomory-cuts               1193
 :arith-grobner-calls             128
 :arith-grobner-conflicts         1
 :arith-horner-calls              63
 :arith-horner-cross-nested-forms 621
 :arith-lower                     14508
 :arith-make-feasible             15550
 :arith-max-columns               105
 :arith-max-rows                  60
 :arith-nla-add-bounds            233
 :arith-nla-lemmas                3
 :arith-nla-propagate-bounds      2
 :arith-nla-propagate-eq          34
 :arith-nra-calls                 123
 :arith-offset-eqs                48
 :arith-patches                   3932
 :arith-patches-success           44
 :arith-upper                     10590
 :conflicts                       2130
 :datatype-accessor-ax            151
 :datatype-constructor-ax         384
 :datatype-splits                 65
 :decisions                       11104
 :del-clause                      8949
 :final-checks                    4675
 :interface-eqs                   110
 :max-memory                      30.23
 :memory                          30.22
 :minimized-lits                  1045
 :mk-bool-var                     32963
 :mk-clause                       8965
 :num-allocs                      21686914282.00
 :num-checks                      1572
 :propagations                    5545
 :recfun-macro-expansion          728
 :rlimit-count                    10345092)