satisfiable
(:added-eqs                       27825
 :arith-eq-adapter                5064
 :arith-assume-eqs                220
 :arith-bound-propagations-lp     496
 :arith-branch                    3122
 :arith-conflicts                 1800
 :arith-cube-calls                980
 :arith-diseq                     545
 :arith-fixed-eqs                 4628
 :arith-gcd-calls                 3955
 :arith-gomory-cuts               1199
 :arith-grobner-calls             128
 :arith-grobner-conflicts         1
 :arith-horner-calls              63
 :arith-horner-cross-nested-forms 621
 :arith-lower                     14624
 :arith-make-feasible             15673
 :arith-max-columns               105
 :arith-max-rows                  60
 :arith-nla-add-bounds            233
 :arith-nla-lemmas                3
 :arith-nla-propagate-bounds      2
 :arith-nla-propagate-eq          34
 :arith-nra-calls                 123
 :arith-offset-eqs                48
 :arith-patches                   3955
 :arith-patches-success           45
 :arith-upper                     10661
 :conflicts                       2152
 :datatype-accessor-ax            153
 :datatype-constructor-ax         390
 :datatype-splits                 65
 :decisions                       11189
 :del-clause                      9003
 :final-checks                    4704
 :interface-eqs                   110
 :max-memory                      30.32
 :memory                          30.32
 :minimized-lits                  1055
 :mk-bool-var                     33213
 :mk-clause                       9030
 :num-allocs                      21820656606.00
 :num-checks                      1605
 :propagations                    5580
 :recfun-macro-expansion          736
 :rlimit-count                    10495350)