unsatisfiable
(:added-eqs                       28376
 :arith-eq-adapter                5162
 :arith-assume-eqs                220
 :arith-bound-propagations-lp     510
 :arith-branch                    3181
 :arith-conflicts                 1833
 :arith-cube-calls                1001
 :arith-diseq                     557
 :arith-fixed-eqs                 4720
 :arith-gcd-calls                 4037
 :arith-gomory-cuts               1234
 :arith-grobner-calls             129
 :arith-grobner-conflicts         1
 :arith-horner-calls              65
 :arith-horner-cross-nested-forms 626
 :arith-lower                     14901
 :arith-make-feasible             15974
 :arith-max-columns               105
 :arith-max-rows                  60
 :arith-nla-add-bounds            239
 :arith-nla-lemmas                3
 :arith-nla-propagate-bounds      2
 :arith-nla-propagate-eq          34
 :arith-nra-calls                 127
 :arith-offset-eqs                48
 :arith-patches                   4037
 :arith-patches-success           46
 :arith-upper                     10874
 :conflicts                       2195
 :datatype-accessor-ax            156
 :datatype-constructor-ax         399
 :datatype-splits                 66
 :decisions                       11423
 :del-clause                      9177
 :final-checks                    4798
 :interface-eqs                   110
 :max-memory                      30.42
 :memory                          30.41
 :minimized-lits                  1080
 :mk-bool-var                     33849
 :mk-clause                       9189
 :num-allocs                      23032862671.00
 :num-checks                      1635
 :propagations                    5692
 :recfun-macro-expansion          749
 :rlimit-count                    10741026)