satisfiable
(:added-eqs                       27688
 :arith-eq-adapter                5040
 :arith-assume-eqs                220
 :arith-bound-propagations-lp     493
 :arith-branch                    3114
 :arith-conflicts                 1791
 :arith-cube-calls                978
 :arith-diseq                     544
 :arith-fixed-eqs                 4606
 :arith-gcd-calls                 3945
 :arith-gomory-cuts               1196
 :arith-grobner-calls             128
 :arith-grobner-conflicts         1
 :arith-horner-calls              63
 :arith-horner-cross-nested-forms 621
 :arith-lower                     14547
 :arith-make-feasible             15610
 :arith-max-columns               105
 :arith-max-rows                  60
 :arith-nla-add-bounds            233
 :arith-nla-lemmas                3
 :arith-nla-propagate-bounds      2
 :arith-nla-propagate-eq          34
 :arith-nra-calls                 123
 :arith-offset-eqs                48
 :arith-patches                   3945
 :arith-patches-success           45
 :arith-upper                     10615
 :conflicts                       2142
 :datatype-accessor-ax            153
 :datatype-constructor-ax         390
 :datatype-splits                 65
 :decisions                       11133
 :del-clause                      8973
 :final-checks                    4692
 :interface-eqs                   110
 :max-memory                      30.23
 :memory                          30.22
 :minimized-lits                  1049
 :mk-bool-var                     33053
 :mk-clause                       8988
 :num-allocs                      21686914282.00
 :num-checks                      1602
 :propagations                    5557
 :recfun-macro-expansion          732
 :rlimit-count                    10458525)