satisfiable
(:added-eqs                       28688
 :arith-eq-adapter                5217
 :arith-assume-eqs                222
 :arith-bound-propagations-lp     516
 :arith-branch                    3213
 :arith-conflicts                 1853
 :arith-cube-calls                1010
 :arith-diseq                     558
 :arith-fixed-eqs                 4773
 :arith-gcd-calls                 4076
 :arith-gomory-cuts               1241
 :arith-grobner-calls             129
 :arith-grobner-conflicts         1
 :arith-horner-calls              65
 :arith-horner-cross-nested-forms 626
 :arith-lower                     15074
 :arith-make-feasible             16145
 :arith-max-columns               105
 :arith-max-rows                  60
 :arith-nla-add-bounds            240
 :arith-nla-lemmas                3
 :arith-nla-propagate-bounds      2
 :arith-nla-propagate-eq          35
 :arith-nra-calls                 127
 :arith-offset-eqs                48
 :arith-patches                   4076
 :arith-patches-success           47
 :arith-upper                     10985
 :conflicts                       2217
 :datatype-accessor-ax            156
 :datatype-constructor-ax         399
 :datatype-splits                 66
 :decisions                       11545
 :del-clause                      9251
 :final-checks                    4842
 :interface-eqs                   111
 :max-memory                      30.51
 :memory                          30.51
 :minimized-lits                  1092
 :mk-bool-var                     34217
 :mk-clause                       9283
 :num-allocs                      23170253102.00
 :num-checks                      1647
 :propagations                    5745
 :recfun-macro-expansion          759
 :rlimit-count                    10816407)