unsatisfiable
(:added-eqs                       33865
 :arith-eq-adapter                6148
 :arith-assume-eqs                250
 :arith-bound-propagations-lp     612
 :arith-branch                    3798
 :arith-conflicts                 2211
 :arith-cube-calls                1198
 :arith-diseq                     669
 :arith-fixed-eqs                 5625
 :arith-gcd-calls                 4840
 :arith-gomory-cuts               1509
 :arith-grobner-calls             151
 :arith-grobner-conflicts         1
 :arith-horner-calls              76
 :arith-horner-cross-nested-forms 696
 :arith-lower                     17849
 :arith-make-feasible             19112
 :arith-max-columns               105
 :arith-max-rows                  60
 :arith-nla-add-bounds            287
 :arith-nla-lemmas                3
 :arith-nla-propagate-bounds      2
 :arith-nla-propagate-eq          41
 :arith-nra-calls                 152
 :arith-offset-eqs                52
 :arith-patches                   4840
 :arith-patches-success           57
 :arith-upper                     12929
 :conflicts                       2639
 :datatype-accessor-ax            190
 :datatype-constructor-ax         474
 :datatype-splits                 78
 :decisions                       13658
 :del-clause                      10946
 :final-checks                    5735
 :interface-eqs                   125
 :max-memory                      32.10
 :memory                          32.10
 :minimized-lits                  1283
 :mk-bool-var                     40497
 :mk-clause                       10964
 :num-allocs                      32224803740.00
 :num-checks                      1942
 :propagations                    6768
 :recfun-macro-expansion          912
 :rlimit-count                    13157568)