satisfiable
(:added-eqs                       41294
 :arith-eq-adapter                7480
 :arith-assume-eqs                296
 :arith-bound-propagations-lp     762
 :arith-branch                    4594
 :arith-conflicts                 2672
 :arith-cube-calls                1450
 :arith-cube-success              1
 :arith-diseq                     825
 :arith-fixed-eqs                 6844
 :arith-gcd-calls                 5851
 :arith-gomory-cuts               1830
 :arith-grobner-calls             174
 :arith-grobner-conflicts         1
 :arith-horner-calls              94
 :arith-horner-cross-nested-forms 842
 :arith-lower                     21706
 :arith-make-feasible             23218
 :arith-max-columns               105
 :arith-max-rows                  60
 :arith-nla-add-bounds            350
 :arith-nla-lemmas                3
 :arith-nla-propagate-bounds      2
 :arith-nla-propagate-eq          49
 :arith-nra-calls                 189
 :arith-offset-eqs                77
 :arith-patches                   5851
 :arith-patches-success           70
 :arith-upper                     15760
 :conflicts                       3198
 :datatype-accessor-ax            239
 :datatype-constructor-ax         588
 :datatype-splits                 99
 :decisions                       16547
 :del-clause                      13316
 :final-checks                    6947
 :interface-eqs                   148
 :max-memory                      34.24
 :memory                          34.23
 :minimized-lits                  1568
 :mk-bool-var                     49382
 :mk-clause                       13351
 :num-allocs                      51119983859.00
 :num-checks                      2449
 :propagations                    8188
 :recfun-macro-expansion          1130
 :rlimit-count                    16398531
 :time                            0.00)