unsatisfiable
(:added-eqs                       42719
 :arith-eq-adapter                7757
 :arith-assume-eqs                300
 :arith-bound-propagations-lp     785
 :arith-branch                    4808
 :arith-conflicts                 2806
 :arith-cube-calls                1518
 :arith-cube-success              1
 :arith-diseq                     877
 :arith-fixed-eqs                 7081
 :arith-gcd-calls                 6121
 :arith-gomory-cuts               1914
 :arith-grobner-calls             183
 :arith-grobner-conflicts         1
 :arith-horner-calls              100
 :arith-horner-cross-nested-forms 919
 :arith-lower                     22518
 :arith-make-feasible             24182
 :arith-max-columns               105
 :arith-max-rows                  60
 :arith-nla-add-bounds            375
 :arith-nla-lemmas                4
 :arith-nla-propagate-bounds      2
 :arith-nla-propagate-eq          53
 :arith-nra-calls                 200
 :arith-offset-eqs                86
 :arith-patches                   6121
 :arith-patches-success           72
 :arith-upper                     16366
 :conflicts                       3345
 :datatype-accessor-ax            241
 :datatype-constructor-ax         594
 :datatype-splits                 99
 :decisions                       17411
 :del-clause                      13846
 :final-checks                    7269
 :interface-eqs                   150
 :max-memory                      34.70
 :memory                          34.69
 :minimized-lits                  1635
 :mk-bool-var                     51279
 :mk-clause                       13868
 :num-allocs                      56318286346.00
 :num-checks                      2525
 :propagations                    8499
 :recfun-macro-expansion          1167
 :rlimit-count                    17080245)