unsatisfiable
(:added-eqs                       43104
 :arith-eq-adapter                7827
 :arith-assume-eqs                304
 :arith-bound-propagations-lp     794
 :arith-branch                    4849
 :arith-conflicts                 2828
 :arith-cube-calls                1530
 :arith-cube-success              1
 :arith-diseq                     885
 :arith-fixed-eqs                 7144
 :arith-gcd-calls                 6170
 :arith-gomory-cuts               1925
 :arith-grobner-calls             183
 :arith-grobner-conflicts         1
 :arith-horner-calls              101
 :arith-horner-cross-nested-forms 931
 :arith-lower                     22720
 :arith-make-feasible             24388
 :arith-max-columns               105
 :arith-max-rows                  60
 :arith-nla-add-bounds            378
 :arith-nla-lemmas                4
 :arith-nla-propagate-bounds      2
 :arith-nla-propagate-eq          53
 :arith-nra-calls                 202
 :arith-offset-eqs                86
 :arith-patches                   6170
 :arith-patches-success           72
 :arith-upper                     16501
 :conflicts                       3375
 :datatype-accessor-ax            244
 :datatype-constructor-ax         603
 :datatype-splits                 100
 :decisions                       17545
 :del-clause                      13971
 :final-checks                    7327
 :interface-eqs                   152
 :max-memory                      34.79
 :memory                          34.78
 :minimized-lits                  1648
 :mk-bool-var                     51745
 :mk-clause                       13993
 :num-allocs                      57381248072.00
 :num-checks                      2548
 :propagations                    8565
 :recfun-macro-expansion          1178
 :rlimit-count                    17218487)