unsatisfiable
(:added-eqs                       42751
 :arith-eq-adapter                7764
 :arith-assume-eqs                300
 :arith-bound-propagations-lp     787
 :arith-branch                    4808
 :arith-conflicts                 2808
 :arith-cube-calls                1518
 :arith-cube-success              1
 :arith-diseq                     878
 :arith-fixed-eqs                 7086
 :arith-gcd-calls                 6121
 :arith-gomory-cuts               1914
 :arith-grobner-calls             183
 :arith-grobner-conflicts         1
 :arith-horner-calls              100
 :arith-horner-cross-nested-forms 919
 :arith-lower                     22535
 :arith-make-feasible             24190
 :arith-max-columns               105
 :arith-max-rows                  60
 :arith-nla-add-bounds            375
 :arith-nla-lemmas                4
 :arith-nla-propagate-bounds      2
 :arith-nla-propagate-eq          53
 :arith-nra-calls                 200
 :arith-offset-eqs                86
 :arith-patches                   6121
 :arith-patches-success           72
 :arith-upper                     16374
 :conflicts                       3349
 :datatype-accessor-ax            241
 :datatype-constructor-ax         594
 :datatype-splits                 99
 :decisions                       17413
 :del-clause                      13865
 :final-checks                    7269
 :interface-eqs                   150
 :max-memory                      34.70
 :memory                          34.69
 :minimized-lits                  1635
 :mk-bool-var                     51316
 :mk-clause                       13880
 :num-allocs                      56318286346.00
 :num-checks                      2532
 :propagations                    8505
 :recfun-macro-expansion          1168
 :rlimit-count                    17081095)