unsatisfiable
(:added-eqs                       42293
 :arith-eq-adapter                7671
 :arith-assume-eqs                300
 :arith-bound-propagations-lp     781
 :arith-branch                    4757
 :arith-conflicts                 2781
 :arith-cube-calls                1502
 :arith-cube-success              1
 :arith-diseq                     861
 :arith-fixed-eqs                 7008
 :arith-gcd-calls                 6057
 :arith-gomory-cuts               1894
 :arith-grobner-calls             183
 :arith-grobner-conflicts         1
 :arith-horner-calls              99
 :arith-horner-cross-nested-forms 905
 :arith-lower                     22300
 :arith-make-feasible             23947
 :arith-max-columns               105
 :arith-max-rows                  60
 :arith-nla-add-bounds            368
 :arith-nla-lemmas                4
 :arith-nla-propagate-bounds      2
 :arith-nla-propagate-eq          52
 :arith-nra-calls                 196
 :arith-offset-eqs                80
 :arith-patches                   6057
 :arith-patches-success           72
 :arith-upper                     16185
 :conflicts                       3319
 :datatype-accessor-ax            241
 :datatype-constructor-ax         594
 :datatype-splits                 99
 :decisions                       17210
 :del-clause                      13699
 :final-checks                    7192
 :interface-eqs                   150
 :max-memory                      34.51
 :memory                          34.50
 :minimized-lits                  1614
 :mk-bool-var                     50754
 :mk-clause                       13726
 :num-allocs                      54633473136.00
 :num-checks                      2516
 :propagations                    8409
 :recfun-macro-expansion          1161
 :rlimit-count                    16925655)