satisfiable
(:added-eqs                       43185
 :arith-eq-adapter                7838
 :arith-assume-eqs                304
 :arith-bound-propagations-lp     795
 :arith-branch                    4855
 :arith-conflicts                 2832
 :arith-cube-calls                1532
 :arith-cube-success              1
 :arith-diseq                     887
 :arith-fixed-eqs                 7153
 :arith-gcd-calls                 6177
 :arith-gomory-cuts               1925
 :arith-grobner-calls             183
 :arith-grobner-conflicts         1
 :arith-horner-calls              101
 :arith-horner-cross-nested-forms 931
 :arith-lower                     22752
 :arith-make-feasible             24430
 :arith-max-columns               105
 :arith-max-rows                  60
 :arith-nla-add-bounds            378
 :arith-nla-lemmas                4
 :arith-nla-propagate-bounds      2
 :arith-nla-propagate-eq          53
 :arith-nra-calls                 202
 :arith-offset-eqs                86
 :arith-patches                   6177
 :arith-patches-success           73
 :arith-upper                     16533
 :conflicts                       3397
 :datatype-accessor-ax            247
 :datatype-constructor-ax         612
 :datatype-splits                 100
 :decisions                       17571
 :del-clause                      14006
 :final-checks                    7337
 :interface-eqs                   152
 :max-memory                      34.79
 :memory                          34.78
 :minimized-lits                  1649
 :mk-bool-var                     51844
 :mk-clause                       14023
 :num-allocs                      57381248072.00
 :num-checks                      2595
 :propagations                    8580
 :recfun-macro-expansion          1182
 :rlimit-count                    17284173)