unsatisfiable
(:added-eqs                       44270
 :arith-eq-adapter                8043
 :arith-assume-eqs                310
 :arith-bound-propagations-lp     816
 :arith-branch                    4976
 :arith-conflicts                 2905
 :arith-cube-calls                1568
 :arith-cube-success              1
 :arith-diseq                     904
 :arith-fixed-eqs                 7338
 :arith-gcd-calls                 6329
 :arith-gomory-cuts               1973
 :arith-grobner-calls             186
 :arith-grobner-conflicts         1
 :arith-horner-calls              104
 :arith-horner-cross-nested-forms 957
 :arith-lower                     23339
 :arith-make-feasible             25013
 :arith-max-columns               105
 :arith-max-rows                  60
 :arith-nla-add-bounds            386
 :arith-nla-lemmas                4
 :arith-nla-propagate-bounds      2
 :arith-nla-propagate-eq          55
 :arith-nra-calls                 206
 :arith-offset-eqs                87
 :arith-patches                   6329
 :arith-patches-success           75
 :arith-upper                     16960
 :conflicts                       3476
 :datatype-accessor-ax            250
 :datatype-constructor-ax         618
 :datatype-splits                 104
 :decisions                       18058
 :del-clause                      14343
 :final-checks                    7509
 :interface-eqs                   155
 :max-memory                      35.17
 :memory                          35.17
 :minimized-lits                  1710
 :mk-bool-var                     53174
 :mk-clause                       14365
 :num-allocs                      59542507927.00
 :num-checks                      2622
 :propagations                    8808
 :recfun-macro-expansion          1203
 :rlimit-count                    17587262)