unsatisfiable
(:added-eqs                       44021
 :arith-eq-adapter                7995
 :arith-assume-eqs                310
 :arith-bound-propagations-lp     812
 :arith-branch                    4941
 :arith-conflicts                 2884
 :arith-cube-calls                1557
 :arith-cube-success              1
 :arith-diseq                     896
 :arith-fixed-eqs                 7295
 :arith-gcd-calls                 6287
 :arith-gomory-cuts               1961
 :arith-grobner-calls             183
 :arith-grobner-conflicts         1
 :arith-horner-calls              103
 :arith-horner-cross-nested-forms 942
 :arith-lower                     23190
 :arith-make-feasible             24866
 :arith-max-columns               105
 :arith-max-rows                  60
 :arith-nla-add-bounds            384
 :arith-nla-lemmas                4
 :arith-nla-propagate-bounds      2
 :arith-nla-propagate-eq          55
 :arith-nra-calls                 204
 :arith-offset-eqs                87
 :arith-patches                   6287
 :arith-patches-success           75
 :arith-upper                     16860
 :conflicts                       3454
 :datatype-accessor-ax            250
 :datatype-constructor-ax         618
 :datatype-splits                 104
 :decisions                       17930
 :del-clause                      14251
 :final-checks                    7463
 :interface-eqs                   155
 :max-memory                      35.08
 :memory                          35.07
 :minimized-lits                  1689
 :mk-bool-var                     52862
 :mk-clause                       14282
 :num-allocs                      58458923600.00
 :num-checks                      2614
 :propagations                    8759
 :recfun-macro-expansion          1200
 :rlimit-count                    17519142)