unsatisfiable
(:added-eqs                       45281
 :arith-eq-adapter                8231
 :arith-assume-eqs                316
 :arith-bound-propagations-lp     834
 :arith-branch                    5085
 :arith-conflicts                 2974
 :arith-cube-calls                1608
 :arith-cube-success              1
 :arith-diseq                     935
 :arith-fixed-eqs                 7504
 :arith-gcd-calls                 6489
 :arith-gomory-cuts               2050
 :arith-grobner-calls             192
 :arith-grobner-conflicts         1
 :arith-horner-calls              106
 :arith-horner-cross-nested-forms 996
 :arith-lower                     23880
 :arith-make-feasible             25611
 :arith-max-columns               105
 :arith-max-rows                  60
 :arith-nla-add-bounds            398
 :arith-nla-lemmas                5
 :arith-nla-propagate-bounds      2
 :arith-nla-propagate-eq          56
 :arith-nra-calls                 213
 :arith-offset-eqs                92
 :arith-patches                   6489
 :arith-patches-success           76
 :arith-upper                     17367
 :conflicts                       3559
 :datatype-accessor-ax            252
 :datatype-constructor-ax         624
 :datatype-splits                 104
 :decisions                       18544
 :del-clause                      14682
 :final-checks                    7701
 :interface-eqs                   158
 :max-memory                      35.45
 :memory                          35.45
 :minimized-lits                  1755
 :mk-bool-var                     54417
 :mk-clause                       14702
 :num-allocs                      62412867662.00
 :num-checks                      2687
 :propagations                    9035
 :recfun-macro-expansion          1230
 :rlimit-count                    18049477)