unsatisfiable
(:added-eqs                       47217
 :arith-eq-adapter                8587
 :arith-assume-eqs                324
 :arith-bound-propagations-lp     867
 :arith-branch                    5299
 :arith-conflicts                 3097
 :arith-cube-calls                1675
 :arith-cube-success              1
 :arith-diseq                     974
 :arith-fixed-eqs                 7836
 :arith-gcd-calls                 6758
 :arith-gomory-cuts               2138
 :arith-grobner-calls             198
 :arith-grobner-conflicts         1
 :arith-horner-calls              111
 :arith-horner-cross-nested-forms 1020
 :arith-lower                     24898
 :arith-make-feasible             26683
 :arith-max-columns               105
 :arith-max-rows                  60
 :arith-nla-add-bounds            415
 :arith-nla-lemmas                5
 :arith-nla-propagate-bounds      2
 :arith-nla-propagate-eq          58
 :arith-nra-calls                 222
 :arith-offset-eqs                93
 :arith-patches                   6758
 :arith-patches-success           78
 :arith-upper                     18115
 :conflicts                       3702
 :datatype-accessor-ax            261
 :datatype-constructor-ax         648
 :datatype-splits                 109
 :decisions                       19405
 :del-clause                      15279
 :final-checks                    8007
 :interface-eqs                   162
 :max-memory                      36.03
 :memory                          36.02
 :minimized-lits                  1833
 :mk-bool-var                     56686
 :mk-clause                       15301
 :num-allocs                      67373441697.00
 :num-checks                      2785
 :propagations                    9429
 :recfun-macro-expansion          1274
 :rlimit-count                    18736150)