unsatisfiable
(:added-eqs                       48796
 :arith-eq-adapter                8884
 :arith-assume-eqs                332
 :arith-bound-propagations-lp     899
 :arith-branch                    5493
 :arith-conflicts                 3233
 :arith-cube-calls                1735
 :arith-cube-success              2
 :arith-diseq                     1001
 :arith-fixed-eqs                 8091
 :arith-gcd-calls                 7008
 :arith-gomory-cuts               2226
 :arith-grobner-calls             201
 :arith-grobner-conflicts         1
 :arith-horner-calls              116
 :arith-horner-cross-nested-forms 1064
 :arith-lower                     25803
 :arith-make-feasible             27649
 :arith-max-columns               107
 :arith-max-rows                  60
 :arith-nla-add-bounds            431
 :arith-nla-lemmas                5
 :arith-nla-propagate-bounds      2
 :arith-nla-propagate-eq          61
 :arith-nra-calls                 230
 :arith-offset-eqs                102
 :arith-patches                   7008
 :arith-patches-success           83
 :arith-upper                     18707
 :conflicts                       3855
 :datatype-accessor-ax            266
 :datatype-constructor-ax         663
 :datatype-splits                 110
 :decisions                       20172
 :del-clause                      15783
 :final-checks                    8293
 :interface-eqs                   166
 :max-memory                      36.50
 :memory                          36.50
 :minimized-lits                  1913
 :mk-bool-var                     58678
 :mk-clause                       15812
 :num-allocs                      72730264830.00
 :num-checks                      2866
 :propagations                    9762
 :recfun-macro-expansion          1314
 :rlimit-count                    19344123)