satisfiable
(:added-eqs                       50718
 :arith-eq-adapter                9217
 :arith-assume-eqs                360
 :arith-bound-propagations-lp     931
 :arith-branch                    5623
 :arith-conflicts                 3335
 :arith-cube-calls                1774
 :arith-cube-success              2
 :arith-diseq                     1022
 :arith-fixed-eqs                 8395
 :arith-gcd-calls                 7164
 :arith-gomory-cuts               2259
 :arith-grobner-calls             201
 :arith-grobner-conflicts         1
 :arith-horner-calls              116
 :arith-horner-cross-nested-forms 1064
 :arith-lower                     26750
 :arith-make-feasible             28555
 :arith-max-columns               107
 :arith-max-rows                  60
 :arith-nla-add-bounds            436
 :arith-nla-lemmas                5
 :arith-nla-propagate-bounds      2
 :arith-nla-propagate-eq          64
 :arith-nra-calls                 231
 :arith-offset-eqs                104
 :arith-patches                   7164
 :arith-patches-success           85
 :arith-upper                     19328
 :conflicts                       3992
 :datatype-accessor-ax            289
 :datatype-constructor-ax         714
 :datatype-splits                 118
 :decisions                       20654
 :del-clause                      16424
 :final-checks                    8504
 :interface-eqs                   180
 :max-memory                      36.97
 :memory                          36.97
 :minimized-lits                  1961
 :mk-bool-var                     60865
 :mk-clause                       16450
 :num-allocs                      74425949646.00
 :num-checks                      3029
 :propagations                    10116
 :recfun-macro-expansion          1384
 :rlimit-count                    20141231)