unsatisfiable
(:added-eqs                       51869
 :arith-eq-adapter                9423
 :arith-assume-eqs                368
 :arith-bound-propagations-lp     950
 :arith-branch                    5765
 :arith-conflicts                 3404
 :arith-cube-calls                1814
 :arith-cube-success              2
 :arith-diseq                     1053
 :arith-fixed-eqs                 8576
 :arith-gcd-calls                 7327
 :arith-gomory-cuts               2284
 :arith-grobner-calls             210
 :arith-grobner-conflicts         1
 :arith-horner-calls              120
 :arith-horner-cross-nested-forms 1096
 :arith-lower                     27356
 :arith-make-feasible             29216
 :arith-max-columns               107
 :arith-max-rows                  60
 :arith-nla-add-bounds            448
 :arith-nla-lemmas                5
 :arith-nla-propagate-bounds      2
 :arith-nla-propagate-eq          65
 :arith-nra-calls                 239
 :arith-offset-eqs                109
 :arith-patches                   7327
 :arith-patches-success           88
 :arith-upper                     19786
 :conflicts                       4071
 :datatype-accessor-ax            296
 :datatype-constructor-ax         729
 :datatype-splits                 121
 :decisions                       21120
 :del-clause                      16807
 :final-checks                    8704
 :interface-eqs                   184
 :max-memory                      37.36
 :memory                          37.35
 :minimized-lits                  1988
 :mk-bool-var                     62307
 :mk-clause                       16832
 :num-allocs                      79474417993.00
 :num-checks                      3105
 :propagations                    10341
 :recfun-macro-expansion          1425
 :rlimit-count                    20856836)