unsatisfiable
(:added-eqs                       53402
 :arith-eq-adapter                9707
 :arith-assume-eqs                380
 :arith-bound-propagations-lp     982
 :arith-branch                    5937
 :arith-conflicts                 3498
 :arith-cube-calls                1869
 :arith-cube-success              2
 :arith-diseq                     1083
 :arith-fixed-eqs                 8827
 :arith-gcd-calls                 7547
 :arith-gomory-cuts               2358
 :arith-grobner-calls             210
 :arith-grobner-conflicts         1
 :arith-horner-calls              123
 :arith-horner-cross-nested-forms 1110
 :arith-lower                     28138
 :arith-make-feasible             30066
 :arith-max-columns               107
 :arith-max-rows                  60
 :arith-nla-add-bounds            462
 :arith-nla-lemmas                5
 :arith-nla-propagate-bounds      2
 :arith-nla-propagate-eq          67
 :arith-nra-calls                 248
 :arith-offset-eqs                114
 :arith-patches                   7547
 :arith-patches-success           90
 :arith-upper                     20406
 :conflicts                       4183
 :datatype-accessor-ax            305
 :datatype-constructor-ax         750
 :datatype-splits                 126
 :decisions                       21807
 :del-clause                      17295
 :final-checks                    8964
 :interface-eqs                   190
 :max-memory                      38.04
 :memory                          37.93
 :minimized-lits                  2034
 :mk-bool-var                     64135
 :mk-clause                       17327
 :num-allocs                      85704205518.00
 :num-checks                      3205
 :propagations                    10637
 :recfun-macro-expansion          1465
 :rlimit-count                    21521458)