unsatisfiable
(:added-eqs                       55275
 :arith-eq-adapter                10055
 :arith-assume-eqs                388
 :arith-bound-propagations-lp     1013
 :arith-branch                    6206
 :arith-conflicts                 3636
 :arith-cube-calls                1951
 :arith-cube-success              2
 :arith-diseq                     1132
 :arith-fixed-eqs                 9145
 :arith-gcd-calls                 7873
 :arith-gomory-cuts               2447
 :arith-grobner-calls             219
 :arith-grobner-conflicts         1
 :arith-horner-calls              129
 :arith-horner-cross-nested-forms 1183
 :arith-lower                     29204
 :arith-make-feasible             31246
 :arith-max-columns               107
 :arith-max-rows                  60
 :arith-nla-add-bounds            482
 :arith-nla-lemmas                5
 :arith-nla-propagate-bounds      2
 :arith-nla-propagate-eq          68
 :arith-nra-calls                 258
 :arith-offset-eqs                128
 :arith-patches                   7873
 :arith-patches-success           91
 :arith-upper                     21172
 :conflicts                       4335
 :datatype-accessor-ax            307
 :datatype-constructor-ax         756
 :datatype-splits                 126
 :decisions                       22806
 :del-clause                      17906
 :final-checks                    9337
 :interface-eqs                   194
 :max-memory                      38.49
 :memory                          38.49
 :minimized-lits                  2102
 :mk-bool-var                     66480
 :mk-clause                       17931
 :num-allocs                      92630752276.00
 :num-checks                      3288
 :propagations                    11037
 :recfun-macro-expansion          1506
 :rlimit-count                    22222662)