satisfiable
(:added-eqs                       56540
 :arith-eq-adapter                10285
 :arith-assume-eqs                390
 :arith-bound-propagations-lp     1040
 :arith-branch                    6370
 :arith-conflicts                 3728
 :arith-cube-calls                2002
 :arith-cube-success              2
 :arith-diseq                     1153
 :arith-fixed-eqs                 9350
 :arith-gcd-calls                 8079
 :arith-gomory-cuts               2511
 :arith-grobner-calls             221
 :arith-grobner-conflicts         1
 :arith-horner-calls              132
 :arith-horner-cross-nested-forms 1210
 :arith-lower                     29884
 :arith-make-feasible             31968
 :arith-max-columns               107
 :arith-max-rows                  60
 :arith-nla-add-bounds            492
 :arith-nla-lemmas                5
 :arith-nla-propagate-bounds      2
 :arith-nla-propagate-eq          69
 :arith-nra-calls                 264
 :arith-offset-eqs                130
 :arith-patches                   8079
 :arith-patches-success           93
 :arith-upper                     21672
 :conflicts                       4447
 :datatype-accessor-ax            316
 :datatype-constructor-ax         780
 :datatype-splits                 131
 :decisions                       23381
 :del-clause                      18290
 :final-checks                    9567
 :interface-eqs                   195
 :max-memory                      38.97
 :memory                          38.97
 :minimized-lits                  2147
 :mk-bool-var                     68030
 :mk-clause                       18321
 :num-allocs                      97278823568.00
 :num-checks                      3371
 :propagations                    11328
 :recfun-macro-expansion          1539
 :rlimit-count                    22686259)