satisfiable
(:added-eqs                       60795
 :arith-eq-adapter                11054
 :arith-assume-eqs                430
 :arith-bound-propagations-lp     1115
 :arith-branch                    6757
 :arith-conflicts                 3988
 :arith-cube-calls                2124
 :arith-cube-success              2
 :arith-diseq                     1234
 :arith-fixed-eqs                 10040
 :arith-gcd-calls                 8569
 :arith-gomory-cuts               2672
 :arith-grobner-calls             231
 :arith-grobner-conflicts         1
 :arith-hnf-calls                 1
 :arith-horner-calls              142
 :arith-horner-cross-nested-forms 1274
 :arith-lower                     32079
 :arith-make-feasible             34176
 :arith-max-columns               107
 :arith-max-rows                  60
 :arith-nla-add-bounds            521
 :arith-nla-lemmas                6
 :arith-nla-propagate-bounds      2
 :arith-nla-propagate-eq          73
 :arith-nra-calls                 284
 :arith-offset-eqs                137
 :arith-patches                   8569
 :arith-patches-success           98
 :arith-upper                     23204
 :conflicts                       4765
 :datatype-accessor-ax            348
 :datatype-constructor-ax         855
 :datatype-splits                 143
 :decisions                       24963
 :del-clause                      19672
 :final-checks                    10180
 :interface-eqs                   215
 :max-memory                      40.27
 :memory                          40.18
 :minimized-lits                  2279
 :mk-bool-var                     73064
 :mk-clause                       19710
 :num-allocs                      113012898875.00
 :num-checks                      3657
 :propagations                    12143
 :recfun-macro-expansion          1674
 :rlimit-count                    24559464)