unsatisfiable
(:added-eqs                       64790
 :arith-eq-adapter                11804
 :arith-assume-eqs                446
 :arith-bound-propagations-lp     1185
 :arith-branch                    7283
 :arith-conflicts                 4273
 :arith-cube-calls                2288
 :arith-cube-success              2
 :arith-diseq                     1338
 :arith-fixed-eqs                 10714
 :arith-gcd-calls                 9227
 :arith-gomory-cuts               2883
 :arith-grobner-calls             246
 :arith-grobner-conflicts         1
 :arith-hnf-calls                 1
 :arith-horner-calls              151
 :arith-horner-cross-nested-forms 1392
 :arith-lower                     34203
 :arith-make-feasible             36644
 :arith-max-columns               107
 :arith-max-rows                  60
 :arith-nla-add-bounds            567
 :arith-nla-lemmas                6
 :arith-nla-propagate-bounds      2
 :arith-nla-propagate-eq          83
 :arith-nra-calls                 310
 :arith-offset-eqs                162
 :arith-patches                   9227
 :arith-patches-success           102
 :arith-upper                     24911
 :conflicts                       5089
 :datatype-accessor-ax            362
 :datatype-constructor-ax         888
 :datatype-splits                 148
 :decisions                       26926
 :del-clause                      21089
 :final-checks                    10952
 :interface-eqs                   223
 :max-memory                      41.42
 :memory                          41.42
 :minimized-lits                  2450
 :mk-bool-var                     78072
 :mk-clause                       21119
 :num-allocs                      133013853044.00
 :num-checks                      3891
 :propagations                    13023
 :recfun-macro-expansion          1778
 :rlimit-count                    26359399)