unsatisfiable
(:added-eqs                       67821
 :arith-eq-adapter                12364
 :arith-assume-eqs                458
 :arith-bound-propagations-lp     1231
 :arith-branch                    7655
 :arith-conflicts                 4497
 :arith-cube-calls                2411
 :arith-cube-success              2
 :arith-diseq                     1416
 :arith-fixed-eqs                 11205
 :arith-gcd-calls                 9718
 :arith-gomory-cuts               3053
 :arith-grobner-calls             255
 :arith-grobner-conflicts         1
 :arith-hnf-calls                 1
 :arith-horner-calls              161
 :arith-horner-cross-nested-forms 1472
 :arith-lower                     35829
 :arith-make-feasible             38440
 :arith-max-columns               114
 :arith-max-rows                  63
 :arith-nla-add-bounds            603
 :arith-nla-lemmas                9
 :arith-nla-propagate-bounds      2
 :arith-nla-propagate-eq          89
 :arith-nra-calls                 330
 :arith-offset-eqs                170
 :arith-patches                   9718
 :arith-patches-success           111
 :arith-upper                     26103
 :conflicts                       5363
 :datatype-accessor-ax            379
 :datatype-constructor-ax         936
 :datatype-splits                 154
 :decisions                       28438
 :del-clause                      22097
 :final-checks                    11525
 :interface-eqs                   229
 :max-memory                      42.32
 :memory                          42.32
 :minimized-lits                  2552
 :mk-bool-var                     81823
 :mk-clause                       22127
 :num-allocs                      149866230290.00
 :num-checks                      4112
 :propagations                    13692
 :recfun-macro-expansion          1866
 :rlimit-count                    27926789)