unsatisfiable
(:added-eqs                       81007
 :arith-eq-adapter                14809
 :arith-assume-eqs                482
 :arith-bound-propagations-lp     1688
 :arith-branch                    9343
 :arith-conflicts                 5308
 :arith-cube-calls                2933
 :arith-cube-success              2
 :arith-diseq                     1674
 :arith-fixed-eqs                 13560
 :arith-gcd-calls                 11811
 :arith-gomory-cuts               3717
 :arith-grobner-calls             282
 :arith-grobner-conflicts         1
 :arith-hnf-calls                 1
 :arith-horner-calls              186
 :arith-horner-cross-nested-forms 1660
 :arith-lower                     42564
 :arith-make-feasible             45481
 :arith-max-columns               231
 :arith-max-rows                  129
 :arith-nla-add-bounds            681
 :arith-nla-lemmas                38
 :arith-nla-propagate-bounds      27
 :arith-nla-propagate-eq          107
 :arith-nra-calls                 393
 :arith-offset-eqs                225
 :arith-patches                   11811
 :arith-patches-success           123
 :arith-upper                     32664
 :conflicts                       6229
 :datatype-accessor-ax            417
 :datatype-constructor-ax         1020
 :datatype-splits                 170
 :decisions                       35048
 :del-clause                      26567
 :final-checks                    13834
 :interface-eqs                   241
 :max-memory                      46.42
 :memory                          46.42
 :minimized-lits                  3318
 :mk-bool-var                     97095
 :mk-clause                       26644
 :num-allocs                      233760994564.00
 :num-checks                      4457
 :propagations                    18078
 :recfun-macro-expansion          2086
 :rlimit-count                    31405568)