unsatisfiable
(:added-eqs                       104263
 :arith-eq-adapter                19217
 :arith-assume-eqs                494
 :arith-bound-propagations-lp     2797
 :arith-branch                    12546
 :arith-conflicts                 6802
 :arith-cube-calls                3927
 :arith-cube-success              3
 :arith-diseq                     2203
 :arith-fixed-eqs                 17877
 :arith-gcd-calls                 15792
 :arith-gomory-cuts               5041
 :arith-grobner-calls             331
 :arith-grobner-conflicts         3
 :arith-hnf-calls                 1
 :arith-horner-calls              248
 :arith-horner-cross-nested-forms 2339
 :arith-lower                     54613
 :arith-make-feasible             58065
 :arith-max-columns               233
 :arith-max-rows                  131
 :arith-nla-add-bounds            847
 :arith-nla-lemmas                136
 :arith-nla-propagate-bounds      94
 :arith-nla-propagate-eq          139
 :arith-nra-calls                 548
 :arith-offset-eqs                297
 :arith-patches                   15792
 :arith-patches-success           128
 :arith-upper                     46448
 :conflicts                       7792
 :datatype-accessor-ax            443
 :datatype-constructor-ax         1086
 :datatype-splits                 180
 :decisions                       47652
 :del-clause                      35329
 :final-checks                    18192
 :interface-eqs                   247
 :max-memory                      52.93
 :memory                          52.73
 :minimized-lits                  4699
 :mk-bool-var                     124452
 :mk-clause                       35398
 :num-allocs                      435724540981.00
 :num-checks                      4757
 :propagations                    28181
 :recfun-macro-expansion          2379
 :rlimit-count                    36505327)