satisfiable
(:added-eqs                       121536
 :arith-eq-adapter                22532
 :arith-assume-eqs                498
 :arith-bound-propagations-lp     3656
 :arith-branch                    14568
 :arith-conflicts                 7828
 :arith-cube-calls                4564
 :arith-cube-success              3
 :arith-diseq                     2561
 :arith-fixed-eqs                 21048
 :arith-gcd-calls                 18350
 :arith-gomory-cuts               5901
 :arith-grobner-calls             374
 :arith-grobner-conflicts         6
 :arith-hnf-calls                 1
 :arith-horner-calls              288
 :arith-horner-cross-nested-forms 2910
 :arith-lower                     63453
 :arith-make-feasible             67018
 :arith-max-columns               233
 :arith-max-rows                  131
 :arith-nla-add-bounds            964
 :arith-nla-lemmas                190
 :arith-nla-propagate-bounds      131
 :arith-nla-propagate-eq          153
 :arith-nra-calls                 657
 :arith-offset-eqs                308
 :arith-patches                   18350
 :arith-patches-success           133
 :arith-upper                     56524
 :conflicts                       8881
 :datatype-accessor-ax            465
 :datatype-constructor-ax         1134
 :datatype-splits                 188
 :decisions                       56221
 :del-clause                      41799
 :final-checks                    21005
 :interface-eqs                   249
 :max-memory                      57.80
 :memory                          57.79
 :minimized-lits                  5468
 :mk-bool-var                     144338
 :mk-clause                       41902
 :num-allocs                      583608648404.00
 :num-checks                      4953
 :propagations                    35167
 :recfun-macro-expansion          2637
 :rlimit-count                    40080723
 :time                            0.01)