unsatisfiable
(:added-eqs                       123583
 :arith-eq-adapter                22901
 :arith-assume-eqs                498
 :arith-bound-propagations-lp     3697
 :arith-branch                    14853
 :arith-conflicts                 7962
 :arith-cube-calls                4657
 :arith-cube-success              3
 :arith-diseq                     2615
 :arith-fixed-eqs                 21382
 :arith-gcd-calls                 18728
 :arith-gomory-cuts               6043
 :arith-grobner-calls             379
 :arith-grobner-conflicts         6
 :arith-hnf-calls                 1
 :arith-horner-calls              293
 :arith-horner-cross-nested-forms 2943
 :arith-lower                     64496
 :arith-make-feasible             68307
 :arith-max-columns               233
 :arith-max-rows                  131
 :arith-nla-add-bounds            993
 :arith-nla-lemmas                195
 :arith-nla-propagate-bounds      135
 :arith-nla-propagate-eq          157
 :arith-nra-calls                 673
 :arith-offset-eqs                308
 :arith-patches                   18728
 :arith-patches-success           137
 :arith-upper                     57559
 :conflicts                       9064
 :datatype-accessor-ax            477
 :datatype-constructor-ax         1167
 :datatype-splits                 193
 :decisions                       57300
 :del-clause                      42565
 :final-checks                    21449
 :interface-eqs                   249
 :max-memory                      58.14
 :memory                          58.14
 :minimized-lits                  5552
 :mk-bool-var                     146880
 :mk-clause                       42575
 :num-allocs                      604167505563.00
 :num-checks                      5137
 :propagations                    35803
 :recfun-macro-expansion          2688
 :rlimit-count                    41057516)