satisfiable
(:added-eqs                       124491
 :arith-eq-adapter                23069
 :arith-assume-eqs                498
 :arith-bound-propagations-lp     3716
 :arith-branch                    14956
 :arith-conflicts                 8038
 :arith-cube-calls                4690
 :arith-cube-success              3
 :arith-diseq                     2644
 :arith-fixed-eqs                 21509
 :arith-gcd-calls                 18866
 :arith-gomory-cuts               6089
 :arith-grobner-calls             388
 :arith-grobner-conflicts         6
 :arith-hnf-calls                 1
 :arith-horner-calls              298
 :arith-horner-cross-nested-forms 2993
 :arith-lower                     65009
 :arith-make-feasible             68860
 :arith-max-columns               233
 :arith-max-rows                  131
 :arith-nla-add-bounds            1009
 :arith-nla-lemmas                195
 :arith-nla-propagate-bounds      135
 :arith-nla-propagate-eq          160
 :arith-nra-calls                 682
 :arith-offset-eqs                308
 :arith-patches                   18866
 :arith-patches-success           140
 :arith-upper                     57892
 :conflicts                       9166
 :datatype-accessor-ax            483
 :datatype-constructor-ax         1182
 :datatype-splits                 197
 :decisions                       57732
 :del-clause                      42874
 :final-checks                    21627
 :interface-eqs                   249
 :max-memory                      58.44
 :memory                          58.34
 :minimized-lits                  5596
 :mk-bool-var                     148064
 :mk-clause                       42897
 :num-allocs                      613474998850.00
 :num-checks                      5214
 :propagations                    36007
 :recfun-macro-expansion          2725
 :rlimit-count                    41640799)