satisfiable
(:added-eqs                       125593
 :arith-eq-adapter                23248
 :arith-assume-eqs                498
 :arith-bound-propagations-lp     3742
 :arith-branch                    15053
 :arith-conflicts                 8112
 :arith-cube-calls                4721
 :arith-cube-success              3
 :arith-diseq                     2673
 :arith-fixed-eqs                 21662
 :arith-gcd-calls                 18995
 :arith-gomory-cuts               6130
 :arith-grobner-calls             388
 :arith-grobner-conflicts         6
 :arith-hnf-calls                 1
 :arith-horner-calls              301
 :arith-horner-cross-nested-forms 2995
 :arith-lower                     65540
 :arith-make-feasible             69466
 :arith-max-columns               233
 :arith-max-rows                  131
 :arith-nla-add-bounds            1025
 :arith-nla-lemmas                195
 :arith-nla-propagate-bounds      135
 :arith-nla-propagate-eq          164
 :arith-nra-calls                 687
 :arith-offset-eqs                308
 :arith-patches                   18995
 :arith-patches-success           146
 :arith-upper                     58295
 :conflicts                       9292
 :datatype-accessor-ax            500
 :datatype-constructor-ax         1224
 :datatype-splits                 202
 :decisions                       58088
 :del-clause                      43253
 :final-checks                    21800
 :interface-eqs                   249
 :max-memory                      58.75
 :memory                          58.75
 :minimized-lits                  5645
 :mk-bool-var                     149425
 :mk-clause                       43264
 :num-allocs                      619494858127.00
 :num-checks                      5361
 :propagations                    36212
 :recfun-macro-expansion          2774
 :rlimit-count                    42386520)