unsatisfiable
(:added-eqs                       128152
 :arith-eq-adapter                23692
 :arith-assume-eqs                498
 :arith-bound-propagations-lp     3801
 :arith-branch                    15314
 :arith-conflicts                 8273
 :arith-cube-calls                4810
 :arith-cube-success              3
 :arith-diseq                     2751
 :arith-fixed-eqs                 22057
 :arith-gcd-calls                 19354
 :arith-gomory-cuts               6253
 :arith-grobner-calls             397
 :arith-grobner-conflicts         6
 :arith-hnf-calls                 1
 :arith-horner-calls              312
 :arith-horner-cross-nested-forms 3065
 :arith-lower                     66796
 :arith-make-feasible             70931
 :arith-max-columns               233
 :arith-max-rows                  131
 :arith-nla-add-bounds            1063
 :arith-nla-lemmas                195
 :arith-nla-propagate-bounds      135
 :arith-nla-propagate-eq          170
 :arith-nra-calls                 708
 :arith-offset-eqs                308
 :arith-patches                   19354
 :arith-patches-success           156
 :arith-upper                     59338
 :conflicts                       9509
 :datatype-accessor-ax            520
 :datatype-constructor-ax         1266
 :datatype-splits                 210
 :decisions                       59168
 :del-clause                      44101
 :final-checks                    22258
 :interface-eqs                   249
 :max-memory                      59.80
 :memory                          59.70
 :minimized-lits                  5751
 :mk-bool-var                     152536
 :mk-clause                       44112
 :num-allocs                      640536679018.00
 :num-checks                      5555
 :propagations                    36702
 :recfun-macro-expansion          2876
 :rlimit-count                    44074240)