unsatisfiable
(:added-eqs                       128720
 :arith-eq-adapter                23789
 :arith-assume-eqs                498
 :arith-bound-propagations-lp     3818
 :arith-branch                    15370
 :arith-conflicts                 8299
 :arith-cube-calls                4827
 :arith-cube-success              3
 :arith-diseq                     2766
 :arith-fixed-eqs                 22146
 :arith-gcd-calls                 19427
 :arith-gomory-cuts               6271
 :arith-grobner-calls             397
 :arith-grobner-conflicts         6
 :arith-hnf-calls                 1
 :arith-horner-calls              314
 :arith-horner-cross-nested-forms 3066
 :arith-lower                     67070
 :arith-make-feasible             71225
 :arith-max-columns               233
 :arith-max-rows                  131
 :arith-nla-add-bounds            1070
 :arith-nla-lemmas                195
 :arith-nla-propagate-bounds      135
 :arith-nla-propagate-eq          172
 :arith-nra-calls                 712
 :arith-offset-eqs                308
 :arith-patches                   19427
 :arith-patches-success           159
 :arith-upper                     59573
 :conflicts                       9561
 :datatype-accessor-ax            525
 :datatype-constructor-ax         1278
 :datatype-splits                 214
 :decisions                       59370
 :del-clause                      44276
 :final-checks                    22349
 :interface-eqs                   249
 :max-memory                      59.89
 :memory                          59.89
 :minimized-lits                  5779
 :mk-bool-var                     153219
 :mk-clause                       44291
 :num-allocs                      645124229292.00
 :num-checks                      5648
 :propagations                    36810
 :recfun-macro-expansion          2898
 :rlimit-count                    44421135)