unsatisfiable
(:added-eqs                       128321
 :arith-eq-adapter                23721
 :arith-assume-eqs                498
 :arith-bound-propagations-lp     3809
 :arith-branch                    15333
 :arith-conflicts                 8284
 :arith-cube-calls                4816
 :arith-cube-success              3
 :arith-diseq                     2760
 :arith-fixed-eqs                 22083
 :arith-gcd-calls                 19378
 :arith-gomory-cuts               6259
 :arith-grobner-calls             397
 :arith-grobner-conflicts         6
 :arith-hnf-calls                 1
 :arith-horner-calls              312
 :arith-horner-cross-nested-forms 3065
 :arith-lower                     66879
 :arith-make-feasible             71028
 :arith-max-columns               233
 :arith-max-rows                  131
 :arith-nla-add-bounds            1065
 :arith-nla-lemmas                195
 :arith-nla-propagate-bounds      135
 :arith-nla-propagate-eq          170
 :arith-nra-calls                 710
 :arith-offset-eqs                308
 :arith-patches                   19378
 :arith-patches-success           157
 :arith-upper                     59415
 :conflicts                       9536
 :datatype-accessor-ax            525
 :datatype-constructor-ax         1278
 :datatype-splits                 214
 :decisions                       59227
 :del-clause                      44153
 :final-checks                    22285
 :interface-eqs                   249
 :max-memory                      59.80
 :memory                          59.79
 :minimized-lits                  5755
 :mk-bool-var                     152757
 :mk-clause                       44170
 :num-allocs                      642825057474.00
 :num-checks                      5608
 :propagations                    36737
 :recfun-macro-expansion          2883
 :rlimit-count                    44163190)