unsatisfiable
(:added-eqs                       129609
 :arith-eq-adapter                23936
 :arith-assume-eqs                500
 :arith-bound-propagations-lp     3838
 :arith-branch                    15478
 :arith-conflicts                 8361
 :arith-cube-calls                4864
 :arith-cube-success              3
 :arith-diseq                     2790
 :arith-fixed-eqs                 22276
 :arith-gcd-calls                 19581
 :arith-gomory-cuts               6335
 :arith-grobner-calls             397
 :arith-grobner-conflicts         6
 :arith-hnf-calls                 1
 :arith-horner-calls              318
 :arith-horner-cross-nested-forms 3068
 :arith-lower                     67503
 :arith-make-feasible             71757
 :arith-max-columns               233
 :arith-max-rows                  131
 :arith-nla-add-bounds            1084
 :arith-nla-lemmas                195
 :arith-nla-propagate-bounds      135
 :arith-nla-propagate-eq          173
 :arith-nra-calls                 719
 :arith-offset-eqs                311
 :arith-patches                   19581
 :arith-patches-success           163
 :arith-upper                     59937
 :conflicts                       9660
 :datatype-accessor-ax            536
 :datatype-constructor-ax         1308
 :datatype-splits                 219
 :decisions                       59727
 :del-clause                      44567
 :final-checks                    22538
 :interface-eqs                   250
 :max-memory                      60.18
 :memory                          60.17
 :minimized-lits                  5846
 :mk-bool-var                     154326
 :mk-clause                       44587
 :num-allocs                      653018999833.00
 :num-checks                      5747
 :propagations                    36974
 :recfun-macro-expansion          2932
 :rlimit-count                    44950770)