unsatisfiable
(:added-eqs                       132505
 :arith-eq-adapter                24425
 :arith-assume-eqs                506
 :arith-bound-propagations-lp     3906
 :arith-branch                    15812
 :arith-conflicts                 8603
 :arith-cube-calls                4968
 :arith-cube-success              3
 :arith-diseq                     2882
 :arith-fixed-eqs                 22689
 :arith-gcd-calls                 20037
 :arith-gomory-cuts               6482
 :arith-grobner-calls             407
 :arith-grobner-conflicts         6
 :arith-hnf-calls                 1
 :arith-horner-calls              329
 :arith-horner-cross-nested-forms 3122
 :arith-lower                     69013
 :arith-make-feasible             73566
 :arith-max-columns               233
 :arith-max-rows                  131
 :arith-nla-add-bounds            1123
 :arith-nla-lemmas                195
 :arith-nla-propagate-bounds      135
 :arith-nla-propagate-eq          179
 :arith-nra-calls                 746
 :arith-offset-eqs                323
 :arith-patches                   20037
 :arith-patches-success           185
 :arith-upper                     61087
 :conflicts                       9992
 :datatype-accessor-ax            564
 :datatype-constructor-ax         1374
 :datatype-splits                 228
 :decisions                       61032
 :del-clause                      45553
 :final-checks                    23109
 :interface-eqs                   253
 :max-memory                      61.09
 :memory                          61.09
 :minimized-lits                  5970
 :mk-bool-var                     158073
 :mk-clause                       45579
 :num-allocs                      680973101913.00
 :num-checks                      6057
 :propagations                    37562
 :recfun-macro-expansion          3071
 :rlimit-count                    47157796)