unsatisfiable
(:added-eqs                       135423
 :arith-eq-adapter                24911
 :arith-assume-eqs                514
 :arith-bound-propagations-lp     3950
 :arith-branch                    16098
 :arith-conflicts                 8797
 :arith-cube-calls                5055
 :arith-cube-success              3
 :arith-diseq                     2956
 :arith-fixed-eqs                 23116
 :arith-gcd-calls                 20409
 :arith-gomory-cuts               6584
 :arith-grobner-calls             415
 :arith-grobner-conflicts         6
 :arith-hnf-calls                 1
 :arith-horner-calls              337
 :arith-horner-cross-nested-forms 3158
 :arith-lower                     70450
 :arith-make-feasible             75219
 :arith-max-columns               233
 :arith-max-rows                  131
 :arith-nla-add-bounds            1154
 :arith-nla-lemmas                195
 :arith-nla-propagate-bounds      135
 :arith-nla-propagate-eq          185
 :arith-nra-calls                 762
 :arith-offset-eqs                331
 :arith-patches                   20409
 :arith-patches-success           201
 :arith-upper                     62226
 :conflicts                       10273
 :datatype-accessor-ax            604
 :datatype-constructor-ax         1461
 :datatype-splits                 243
 :decisions                       62148
 :del-clause                      46546
 :final-checks                    23595
 :interface-eqs                   257
 :max-memory                      62.03
 :memory                          62.03
 :minimized-lits                  6049
 :mk-bool-var                     161676
 :mk-clause                       46572
 :num-allocs                      705450647967.00
 :num-checks                      6379
 :propagations                    38153
 :recfun-macro-expansion          3198
 :rlimit-count                    49141856)