unsatisfiable
(:added-eqs                       137818
 :arith-eq-adapter                25345
 :arith-assume-eqs                528
 :arith-bound-propagations-lp     4004
 :arith-branch                    16314
 :arith-conflicts                 8949
 :arith-cube-calls                5128
 :arith-cube-success              4
 :arith-diseq                     3052
 :arith-fixed-eqs                 23483
 :arith-gcd-calls                 20707
 :arith-gomory-cuts               6680
 :arith-grobner-calls             424
 :arith-grobner-conflicts         6
 :arith-hnf-calls                 1
 :arith-horner-calls              351
 :arith-horner-cross-nested-forms 3316
 :arith-lower                     71635
 :arith-make-feasible             76532
 :arith-max-columns               233
 :arith-max-rows                  131
 :arith-nla-add-bounds            1196
 :arith-nla-lemmas                196
 :arith-nla-propagate-bounds      135
 :arith-nla-propagate-eq          192
 :arith-nra-calls                 791
 :arith-offset-eqs                341
 :arith-patches                   20707
 :arith-patches-success           211
 :arith-upper                     63187
 :conflicts                       10497
 :datatype-accessor-ax            620
 :datatype-constructor-ax         1503
 :datatype-splits                 249
 :decisions                       63191
 :del-clause                      47415
 :final-checks                    23997
 :interface-eqs                   264
 :max-memory                      62.77
 :memory                          62.77
 :minimized-lits                  6110
 :mk-bool-var                     164659
 :mk-clause                       47435
 :num-allocs                      741590435776.00
 :num-checks                      6634
 :propagations                    38669
 :recfun-macro-expansion          3296
 :rlimit-count                    50782414)