unsatisfiable
(:added-eqs                       138904
 :arith-eq-adapter                25542
 :arith-assume-eqs                528
 :arith-bound-propagations-lp     4029
 :arith-branch                    16453
 :arith-conflicts                 9050
 :arith-cube-calls                5176
 :arith-cube-success              4
 :arith-diseq                     3106
 :arith-fixed-eqs                 23637
 :arith-gcd-calls                 20898
 :arith-gomory-cuts               6742
 :arith-grobner-calls             433
 :arith-grobner-conflicts         6
 :arith-hnf-calls                 1
 :arith-horner-calls              357
 :arith-horner-cross-nested-forms 3388
 :arith-lower                     72248
 :arith-make-feasible             77270
 :arith-max-columns               233
 :arith-max-rows                  131
 :arith-nla-add-bounds            1220
 :arith-nla-lemmas                196
 :arith-nla-propagate-bounds      136
 :arith-nla-propagate-eq          195
 :arith-nra-calls                 802
 :arith-offset-eqs                352
 :arith-patches                   20898
 :arith-patches-success           218
 :arith-upper                     63635
 :conflicts                       10624
 :datatype-accessor-ax            626
 :datatype-constructor-ax         1518
 :datatype-splits                 253
 :decisions                       63796
 :del-clause                      47793
 :final-checks                    24235
 :interface-eqs                   264
 :max-memory                      63.05
 :memory                          63.05
 :minimized-lits                  6168
 :mk-bool-var                     166085
 :mk-clause                       47813
 :num-allocs                      757392020944.00
 :num-checks                      6730
 :propagations                    38917
 :recfun-macro-expansion          3340
 :rlimit-count                    51510963)