unsatisfiable
(:added-eqs                       140755
 :arith-eq-adapter                25875
 :arith-assume-eqs                538
 :arith-bound-propagations-lp     4069
 :arith-branch                    16639
 :arith-conflicts                 9188
 :arith-cube-calls                5237
 :arith-cube-success              4
 :arith-diseq                     3171
 :arith-fixed-eqs                 23922
 :arith-gcd-calls                 21157
 :arith-gomory-cuts               6823
 :arith-grobner-calls             437
 :arith-grobner-conflicts         6
 :arith-hnf-calls                 1
 :arith-horner-calls              367
 :arith-horner-cross-nested-forms 3420
 :arith-lower                     73186
 :arith-make-feasible             78356
 :arith-max-columns               233
 :arith-max-rows                  131
 :arith-nla-add-bounds            1255
 :arith-nla-lemmas                196
 :arith-nla-propagate-bounds      136
 :arith-nla-propagate-eq          202
 :arith-nra-calls                 821
 :arith-offset-eqs                359
 :arith-patches                   21157
 :arith-patches-success           229
 :arith-upper                     64388
 :conflicts                       10823
 :datatype-accessor-ax            640
 :datatype-constructor-ax         1557
 :datatype-splits                 259
 :decisions                       64637
 :del-clause                      48455
 :final-checks                    24573
 :interface-eqs                   269
 :max-memory                      63.71
 :memory                          63.70
 :minimized-lits                  6232
 :mk-bool-var                     168444
 :mk-clause                       48486
 :num-allocs                      781822825021.00
 :num-checks                      6914
 :propagations                    39311
 :recfun-macro-expansion          3418
 :rlimit-count                    52705972)