unsatisfiable
(:added-eqs                       141223
 :arith-eq-adapter                25955
 :arith-assume-eqs                540
 :arith-bound-propagations-lp     4075
 :arith-branch                    16680
 :arith-conflicts                 9214
 :arith-cube-calls                5249
 :arith-cube-success              4
 :arith-diseq                     3186
 :arith-fixed-eqs                 23988
 :arith-gcd-calls                 21210
 :arith-gomory-cuts               6831
 :arith-grobner-calls             442
 :arith-grobner-conflicts         6
 :arith-hnf-calls                 1
 :arith-horner-calls              368
 :arith-horner-cross-nested-forms 3440
 :arith-lower                     73411
 :arith-make-feasible             78605
 :arith-max-columns               233
 :arith-max-rows                  131
 :arith-nla-add-bounds            1262
 :arith-nla-lemmas                196
 :arith-nla-propagate-bounds      136
 :arith-nla-propagate-eq          202
 :arith-nra-calls                 825
 :arith-offset-eqs                361
 :arith-patches                   21210
 :arith-patches-success           233
 :arith-upper                     64563
 :conflicts                       10870
 :datatype-accessor-ax            646
 :datatype-constructor-ax         1572
 :datatype-splits                 263
 :decisions                       64848
 :del-clause                      48604
 :final-checks                    24643
 :interface-eqs                   270
 :max-memory                      63.88
 :memory                          63.88
 :minimized-lits                  6242
 :mk-bool-var                     169019
 :mk-clause                       48636
 :num-allocs                      787465059591.00
 :num-checks                      6976
 :propagations                    39397
 :recfun-macro-expansion          3438
 :rlimit-count                    53008664)