satisfiable
(:added-eqs                       141434
 :arith-eq-adapter                25992
 :arith-assume-eqs                540
 :arith-bound-propagations-lp     4080
 :arith-branch                    16699
 :arith-conflicts                 9228
 :arith-cube-calls                5253
 :arith-cube-success              4
 :arith-diseq                     3193
 :arith-fixed-eqs                 24019
 :arith-gcd-calls                 21235
 :arith-gomory-cuts               6837
 :arith-grobner-calls             442
 :arith-grobner-conflicts         6
 :arith-hnf-calls                 1
 :arith-horner-calls              368
 :arith-horner-cross-nested-forms 3440
 :arith-lower                     73512
 :arith-make-feasible             78724
 :arith-max-columns               233
 :arith-max-rows                  131
 :arith-nla-add-bounds            1266
 :arith-nla-lemmas                196
 :arith-nla-propagate-bounds      136
 :arith-nla-propagate-eq          203
 :arith-nra-calls                 826
 :arith-offset-eqs                361
 :arith-patches                   21235
 :arith-patches-success           236
 :arith-upper                     64651
 :conflicts                       10892
 :datatype-accessor-ax            648
 :datatype-constructor-ax         1578
 :datatype-splits                 263
 :decisions                       64955
 :del-clause                      48681
 :final-checks                    24677
 :interface-eqs                   270
 :max-memory                      63.89
 :memory                          63.89
 :minimized-lits                  6258
 :mk-bool-var                     169273
 :mk-clause                       48709
 :num-allocs                      788596931856.00
 :num-checks                      7007
 :propagations                    39440
 :recfun-macro-expansion          3444
 :rlimit-count                    53150474)