unsatisfiable
(:added-eqs                       142121
 :arith-eq-adapter                26121
 :arith-assume-eqs                542
 :arith-bound-propagations-lp     4098
 :arith-branch                    16772
 :arith-conflicts                 9283
 :arith-cube-calls                5279
 :arith-cube-success              5
 :arith-diseq                     3225
 :arith-fixed-eqs                 24128
 :arith-gcd-calls                 21345
 :arith-gomory-cuts               6882
 :arith-grobner-calls             442
 :arith-grobner-conflicts         6
 :arith-hnf-calls                 1
 :arith-horner-calls              372
 :arith-horner-cross-nested-forms 3450
 :arith-lower                     73867
 :arith-make-feasible             79150
 :arith-max-columns               233
 :arith-max-rows                  131
 :arith-nla-add-bounds            1277
 :arith-nla-lemmas                196
 :arith-nla-propagate-bounds      136
 :arith-nla-propagate-eq          206
 :arith-nra-calls                 832
 :arith-offset-eqs                364
 :arith-patches                   21345
 :arith-patches-success           243
 :arith-upper                     64949
 :conflicts                       10962
 :datatype-accessor-ax            651
 :datatype-constructor-ax         1587
 :datatype-splits                 264
 :decisions                       65342
 :del-clause                      48947
 :final-checks                    24808
 :interface-eqs                   271
 :max-memory                      64.17
 :memory                          64.17
 :minimized-lits                  6295
 :mk-bool-var                     170139
 :mk-clause                       48972
 :num-allocs                      797141211771.00
 :num-checks                      7059
 :propagations                    39603
 :recfun-macro-expansion          3466
 :rlimit-count                    53551612)