satisfiable
(:added-eqs                       144927
 :arith-eq-adapter                26593
 :arith-assume-eqs                554
 :arith-bound-propagations-lp     4156
 :arith-branch                    17018
 :arith-conflicts                 9452
 :arith-cube-calls                5362
 :arith-cube-success              6
 :arith-diseq                     3295
 :arith-fixed-eqs                 24548
 :arith-gcd-calls                 21690
 :arith-gomory-cuts               6991
 :arith-grobner-calls             451
 :arith-grobner-conflicts         6
 :arith-hnf-calls                 1
 :arith-horner-calls              378
 :arith-horner-cross-nested-forms 3518
 :arith-lower                     75228
 :arith-make-feasible             80682
 :arith-max-columns               233
 :arith-max-rows                  131
 :arith-nla-add-bounds            1308
 :arith-nla-lemmas                196
 :arith-nla-propagate-bounds      136
 :arith-nla-propagate-eq          210
 :arith-nra-calls                 851
 :arith-offset-eqs                370
 :arith-patches                   21690
 :arith-patches-success           258
 :arith-upper                     66013
 :conflicts                       11217
 :datatype-accessor-ax            685
 :datatype-constructor-ax         1662
 :datatype-splits                 276
 :decisions                       66374
 :del-clause                      49847
 :final-checks                    25257
 :interface-eqs                   277
 :max-memory                      65.04
 :memory                          64.94
 :minimized-lits                  6405
 :mk-bool-var                     173531
 :mk-clause                       49888
 :num-allocs                      824166410375.00
 :num-checks                      7326
 :propagations                    40130
 :recfun-macro-expansion          3588
 :rlimit-count                    55321754
 :time                            0.00)