unsatisfiable
(:added-eqs                       144557
 :arith-eq-adapter                26529
 :arith-assume-eqs                554
 :arith-bound-propagations-lp     4145
 :arith-branch                    16986
 :arith-conflicts                 9429
 :arith-cube-calls                5349
 :arith-cube-success              5
 :arith-diseq                     3283
 :arith-fixed-eqs                 24491
 :arith-gcd-calls                 21637
 :arith-gomory-cuts               6968
 :arith-grobner-calls             450
 :arith-grobner-conflicts         6
 :arith-hnf-calls                 1
 :arith-horner-calls              375
 :arith-horner-cross-nested-forms 3489
 :arith-lower                     75052
 :arith-make-feasible             80481
 :arith-max-columns               233
 :arith-max-rows                  131
 :arith-nla-add-bounds            1302
 :arith-nla-lemmas                196
 :arith-nla-propagate-bounds      136
 :arith-nla-propagate-eq          210
 :arith-nra-calls                 846
 :arith-offset-eqs                369
 :arith-patches                   21637
 :arith-patches-success           256
 :arith-upper                     65869
 :conflicts                       11183
 :datatype-accessor-ax            681
 :datatype-constructor-ax         1653
 :datatype-splits                 275
 :decisions                       66213
 :del-clause                      49744
 :final-checks                    25193
 :interface-eqs                   277
 :max-memory                      64.85
 :memory                          64.84
 :minimized-lits                  6385
 :mk-bool-var                     173075
 :mk-clause                       49775
 :num-allocs                      817625650730.00
 :num-checks                      7308
 :propagations                    40071
 :recfun-macro-expansion          3573
 :rlimit-count                    55119426)