unsatisfiable
(:added-eqs                       145632
 :arith-eq-adapter                26707
 :arith-assume-eqs                558
 :arith-bound-propagations-lp     4171
 :arith-branch                    17071
 :arith-conflicts                 9491
 :arith-cube-calls                5378
 :arith-cube-success              6
 :arith-diseq                     3309
 :arith-fixed-eqs                 24650
 :arith-gcd-calls                 21759
 :arith-gomory-cuts               7010
 :arith-grobner-calls             451
 :arith-grobner-conflicts         6
 :arith-hnf-calls                 1
 :arith-horner-calls              380
 :arith-horner-cross-nested-forms 3518
 :arith-lower                     75563
 :arith-make-feasible             81063
 :arith-max-columns               233
 :arith-max-rows                  131
 :arith-nla-add-bounds            1313
 :arith-nla-lemmas                196
 :arith-nla-propagate-bounds      136
 :arith-nla-propagate-eq          210
 :arith-nra-calls                 854
 :arith-offset-eqs                371
 :arith-patches                   21759
 :arith-patches-success           260
 :arith-upper                     66289
 :conflicts                       11290
 :datatype-accessor-ax            696
 :datatype-constructor-ax         1686
 :datatype-splits                 280
 :decisions                       66577
 :del-clause                      50106
 :final-checks                    25359
 :interface-eqs                   279
 :max-memory                      65.14
 :memory                          65.14
 :minimized-lits                  6442
 :mk-bool-var                     174409
 :mk-clause                       50138
 :num-allocs                      828944963380.00
 :num-checks                      7452
 :propagations                    40273
 :recfun-macro-expansion          3623
 :rlimit-count                    55888731)