satisfiable
(:added-eqs                       146950
 :arith-eq-adapter                26933
 :arith-assume-eqs                560
 :arith-bound-propagations-lp     4200
 :arith-branch                    17206
 :arith-conflicts                 9604
 :arith-cube-calls                5419
 :arith-cube-success              6
 :arith-diseq                     3338
 :arith-fixed-eqs                 24826
 :arith-gcd-calls                 21928
 :arith-gomory-cuts               7046
 :arith-grobner-calls             451
 :arith-grobner-conflicts         6
 :arith-hnf-calls                 1
 :arith-horner-calls              383
 :arith-horner-cross-nested-forms 3521
 :arith-lower                     76271
 :arith-make-feasible             81852
 :arith-max-columns               233
 :arith-max-rows                  131
 :arith-nla-add-bounds            1328
 :arith-nla-lemmas                196
 :arith-nla-propagate-bounds      136
 :arith-nla-propagate-eq          212
 :arith-nra-calls                 864
 :arith-offset-eqs                371
 :arith-patches                   21928
 :arith-patches-success           266
 :arith-upper                     66763
 :conflicts                       11438
 :datatype-accessor-ax            714
 :datatype-constructor-ax         1725
 :datatype-splits                 287
 :decisions                       67143
 :del-clause                      50559
 :final-checks                    25584
 :interface-eqs                   280
 :max-memory                      65.60
 :memory                          65.59
 :minimized-lits                  6484
 :mk-bool-var                     176116
 :mk-clause                       50599
 :num-allocs                      843032900427.00
 :num-checks                      7585
 :propagations                    40548
 :recfun-macro-expansion          3688
 :rlimit-count                    56891657)