unsatisfiable
(:added-eqs                       147579
 :arith-eq-adapter                27046
 :arith-assume-eqs                560
 :arith-bound-propagations-lp     4217
 :arith-branch                    17266
 :arith-conflicts                 9654
 :arith-cube-calls                5438
 :arith-cube-success              6
 :arith-diseq                     3358
 :arith-fixed-eqs                 24921
 :arith-gcd-calls                 22014
 :arith-gomory-cuts               7073
 :arith-grobner-calls             451
 :arith-grobner-conflicts         6
 :arith-hnf-calls                 1
 :arith-horner-calls              387
 :arith-horner-cross-nested-forms 3553
 :arith-lower                     76601
 :arith-make-feasible             82223
 :arith-max-columns               233
 :arith-max-rows                  131
 :arith-nla-add-bounds            1339
 :arith-nla-lemmas                196
 :arith-nla-propagate-bounds      136
 :arith-nla-propagate-eq          217
 :arith-nra-calls                 868
 :arith-offset-eqs                373
 :arith-patches                   22014
 :arith-patches-success           271
 :arith-upper                     67004
 :conflicts                       11505
 :datatype-accessor-ax            720
 :datatype-constructor-ax         1740
 :datatype-splits                 288
 :decisions                       67464
 :del-clause                      50796
 :final-checks                    25693
 :interface-eqs                   280
 :max-memory                      65.90
 :memory                          65.81
 :minimized-lits                  6494
 :mk-bool-var                     176900
 :mk-clause                       50826
 :num-allocs                      850477380269.00
 :num-checks                      7652
 :propagations                    40676
 :recfun-macro-expansion          3714
 :rlimit-count                    57336184)