unsatisfiable
(:added-eqs                       148858
 :arith-eq-adapter                27269
 :arith-assume-eqs                560
 :arith-bound-propagations-lp     4242
 :arith-branch                    17387
 :arith-conflicts                 9742
 :arith-cube-calls                5479
 :arith-cube-success              7
 :arith-diseq                     3400
 :arith-fixed-eqs                 25111
 :arith-gcd-calls                 22180
 :arith-gomory-cuts               7120
 :arith-grobner-calls             460
 :arith-grobner-conflicts         6
 :arith-hnf-calls                 1
 :arith-horner-calls              394
 :arith-horner-cross-nested-forms 3580
 :arith-lower                     77250
 :arith-make-feasible             82957
 :arith-max-columns               233
 :arith-max-rows                  131
 :arith-nla-add-bounds            1361
 :arith-nla-lemmas                196
 :arith-nla-propagate-bounds      136
 :arith-nla-propagate-eq          219
 :arith-nra-calls                 881
 :arith-offset-eqs                376
 :arith-patches                   22180
 :arith-patches-success           276
 :arith-upper                     67507
 :conflicts                       11630
 :datatype-accessor-ax            728
 :datatype-constructor-ax         1761
 :datatype-splits                 293
 :decisions                       68001
 :del-clause                      51219
 :final-checks                    25911
 :interface-eqs                   280
 :max-memory                      66.31
 :memory                          66.31
 :minimized-lits                  6543
 :mk-bool-var                     178516
 :mk-clause                       51251
 :num-allocs                      869922097191.00
 :num-checks                      7786
 :propagations                    40944
 :recfun-macro-expansion          3767
 :rlimit-count                    58203373)