satisfiable
(:added-eqs                       149042
 :arith-eq-adapter                27299
 :arith-assume-eqs                560
 :arith-bound-propagations-lp     4245
 :arith-branch                    17398
 :arith-conflicts                 9746
 :arith-cube-calls                5482
 :arith-cube-success              7
 :arith-diseq                     3400
 :arith-fixed-eqs                 25140
 :arith-gcd-calls                 22194
 :arith-gomory-cuts               7123
 :arith-grobner-calls             460
 :arith-grobner-conflicts         6
 :arith-hnf-calls                 1
 :arith-horner-calls              394
 :arith-horner-cross-nested-forms 3580
 :arith-lower                     77332
 :arith-make-feasible             83036
 :arith-max-columns               233
 :arith-max-rows                  131
 :arith-nla-add-bounds            1362
 :arith-nla-lemmas                196
 :arith-nla-propagate-bounds      136
 :arith-nla-propagate-eq          220
 :arith-nra-calls                 881
 :arith-offset-eqs                376
 :arith-patches                   22194
 :arith-patches-success           276
 :arith-upper                     67571
 :conflicts                       11638
 :datatype-accessor-ax            728
 :datatype-constructor-ax         1761
 :datatype-splits                 293
 :decisions                       68050
 :del-clause                      51255
 :final-checks                    25931
 :interface-eqs                   280
 :max-memory                      66.31
 :memory                          66.31
 :minimized-lits                  6547
 :mk-bool-var                     178713
 :mk-clause                       51302
 :num-allocs                      869922097191.00
 :num-checks                      7795
 :propagations                    40974
 :recfun-macro-expansion          3776
 :rlimit-count                    58271267)