unsatisfiable
(:added-eqs                       149565
 :arith-eq-adapter                27385
 :arith-assume-eqs                560
 :arith-bound-propagations-lp     4252
 :arith-branch                    17450
 :arith-conflicts                 9778
 :arith-cube-calls                5500
 :arith-cube-success              7
 :arith-diseq                     3413
 :arith-fixed-eqs                 25216
 :arith-gcd-calls                 22274
 :arith-gomory-cuts               7151
 :arith-grobner-calls             460
 :arith-grobner-conflicts         6
 :arith-hnf-calls                 1
 :arith-horner-calls              397
 :arith-horner-cross-nested-forms 3580
 :arith-lower                     77589
 :arith-make-feasible             83348
 :arith-max-columns               233
 :arith-max-rows                  131
 :arith-nla-add-bounds            1370
 :arith-nla-lemmas                196
 :arith-nla-propagate-bounds      136
 :arith-nla-propagate-eq          222
 :arith-nra-calls                 885
 :arith-offset-eqs                376
 :arith-patches                   22274
 :arith-patches-success           281
 :arith-upper                     67774
 :conflicts                       11696
 :datatype-accessor-ax            734
 :datatype-constructor-ax         1776
 :datatype-splits                 297
 :decisions                       68292
 :del-clause                      51429
 :final-checks                    26029
 :interface-eqs                   280
 :max-memory                      66.50
 :memory                          66.49
 :minimized-lits                  6559
 :mk-bool-var                     179356
 :mk-clause                       51459
 :num-allocs                      876282550581.00
 :num-checks                      7878
 :propagations                    41071
 :recfun-macro-expansion          3798
 :rlimit-count                    58659080)