unsatisfiable
(:added-eqs                       168534
 :arith-eq-adapter                30940
 :arith-assume-eqs                576
 :arith-bound-propagations-lp     5073
 :arith-branch                    19937
 :arith-conflicts                 10916
 :arith-cube-calls                6218
 :arith-cube-success              9
 :arith-diseq                     3873
 :arith-fixed-eqs                 28707
 :arith-gcd-calls                 25175
 :arith-gomory-cuts               7883
 :arith-grobner-calls             495
 :arith-grobner-conflicts         6
 :arith-hnf-calls                 1
 :arith-horner-calls              446
 :arith-horner-cross-nested-forms 3976
 :arith-lower                     87158
 :arith-make-feasible             93005
 :arith-max-columns               233
 :arith-max-rows                  131
 :arith-nla-add-bounds            1537
 :arith-nla-lemmas                248
 :arith-nla-propagate-bounds      195
 :arith-nla-propagate-eq          264
 :arith-nra-calls                 1002
 :arith-offset-eqs                452
 :arith-patches                   25175
 :arith-patches-success           302
 :arith-upper                     78390
 :conflicts                       12893
 :datatype-accessor-ax            756
 :datatype-constructor-ax         1836
 :datatype-splits                 307
 :decisions                       78615
 :del-clause                      58058
 :final-checks                    29275
 :interface-eqs                   288
 :max-memory                      71.82
 :memory                          71.73
 :minimized-lits                  7597
 :mk-bool-var                     201013
 :mk-clause                       58153
 :num-allocs                      1182041421566.00
 :num-checks                      8194
 :propagations                    48478
 :recfun-macro-expansion          4053
 :rlimit-count                    63591453
 :time                            0.00)