unsatisfiable
(:added-eqs                       192648
 :arith-eq-adapter                35571
 :arith-assume-eqs                594
 :arith-bound-propagations-lp     6521
 :arith-branch                    22343
 :arith-conflicts                 12220
 :arith-cube-calls                6905
 :arith-cube-success              10
 :arith-diseq                     4451
 :arith-fixed-eqs                 33236
 :arith-gcd-calls                 27944
 :arith-gomory-cuts               8535
 :arith-grobner-calls             533
 :arith-grobner-conflicts         7
 :arith-hnf-calls                 1
 :arith-horner-calls              499
 :arith-horner-cross-nested-forms 4491
 :arith-lower                     99206
 :arith-make-feasible             103979
 :arith-max-columns               233
 :arith-max-rows                  131
 :arith-nla-add-bounds            1717
 :arith-nla-lemmas                316
 :arith-nla-propagate-bounds      262
 :arith-nla-propagate-eq          281
 :arith-nra-calls                 1154
 :arith-offset-eqs                473
 :arith-patches                   27944
 :arith-patches-success           315
 :arith-upper                     92218
 :conflicts                       14271
 :datatype-accessor-ax            795
 :datatype-constructor-ax         1926
 :datatype-splits                 320
 :decisions                       89304
 :del-clause                      67277
 :final-checks                    32445
 :interface-eqs                   297
 :max-memory                      78.45
 :memory                          78.25
 :minimized-lits                  8633
 :mk-bool-var                     227944
 :mk-clause                       67349
 :num-allocs                      1538456891035.00
 :num-checks                      8543
 :propagations                    58071
 :recfun-macro-expansion          4435
 :rlimit-count                    68803562)