unsatisfiable
(:added-eqs                       194385
 :arith-eq-adapter                35915
 :arith-assume-eqs                602
 :arith-bound-propagations-lp     6583
 :arith-branch                    22661
 :arith-conflicts                 12365
 :arith-cube-calls                7009
 :arith-cube-success              10
 :arith-diseq                     4507
 :arith-fixed-eqs                 33545
 :arith-gcd-calls                 28361
 :arith-gomory-cuts               8708
 :arith-grobner-calls             543
 :arith-grobner-conflicts         8
 :arith-hnf-calls                 1
 :arith-horner-calls              509
 :arith-horner-cross-nested-forms 4647
 :arith-lower                     100180
 :arith-make-feasible             105228
 :arith-max-columns               233
 :arith-max-rows                  131
 :arith-nla-add-bounds            1748
 :arith-nla-lemmas                323
 :arith-nla-propagate-bounds      270
 :arith-nla-propagate-eq          287
 :arith-nra-calls                 1173
 :arith-offset-eqs                477
 :arith-patches                   28361
 :arith-patches-success           318
 :arith-upper                     93322
 :conflicts                       14433
 :datatype-accessor-ax            800
 :datatype-constructor-ax         1938
 :datatype-splits                 324
 :decisions                       90439
 :del-clause                      68067
 :final-checks                    32928
 :interface-eqs                   301
 :max-memory                      78.76
 :memory                          78.76
 :minimized-lits                  8698
 :mk-bool-var                     230280
 :mk-clause                       68073
 :num-allocs                      1581700425276.00
 :num-checks                      8633
 :propagations                    58863
 :recfun-macro-expansion          4470
 :rlimit-count                    69588471)