unsatisfiable
(:added-eqs                       204442
 :arith-eq-adapter                37667
 :arith-assume-eqs                632
 :arith-bound-propagations-lp     6816
 :arith-branch                    23730
 :arith-conflicts                 13019
 :arith-cube-calls                7354
 :arith-cube-success              10
 :arith-diseq                     4816
 :arith-fixed-eqs                 35076
 :arith-gcd-calls                 29791
 :arith-gomory-cuts               9170
 :arith-grobner-calls             561
 :arith-grobner-conflicts         8
 :arith-hnf-calls                 1
 :arith-horner-calls              549
 :arith-horner-cross-nested-forms 4783
 :arith-lower                     105138
 :arith-make-feasible             111146
 :arith-max-columns               233
 :arith-max-rows                  131
 :arith-nla-add-bounds            1892
 :arith-nla-lemmas                323
 :arith-nla-propagate-bounds      271
 :arith-nla-propagate-eq          317
 :arith-nra-calls                 1248
 :arith-offset-eqs                500
 :arith-patches                   29791
 :arith-patches-success           364
 :arith-upper                     97409
 :conflicts                       15371
 :datatype-accessor-ax            887
 :datatype-constructor-ax         2160
 :datatype-splits                 359
 :decisions                       94551
 :del-clause                      71516
 :final-checks                    34768
 :interface-eqs                   316
 :max-memory                      81.61
 :memory                          81.61
 :minimized-lits                  9194
 :mk-bool-var                     242610
 :mk-clause                       71525
 :num-allocs                      1718175471154.00
 :num-checks                      9543
 :propagations                    60927
 :recfun-macro-expansion          4850
 :rlimit-count                    75406896)