unsatisfiable
(:added-eqs                       204716
 :arith-eq-adapter                37712
 :arith-assume-eqs                632
 :arith-bound-propagations-lp     6820
 :arith-branch                    23753
 :arith-conflicts                 13030
 :arith-cube-calls                7362
 :arith-cube-success              10
 :arith-diseq                     4821
 :arith-fixed-eqs                 35116
 :arith-gcd-calls                 29823
 :arith-gomory-cuts               9179
 :arith-grobner-calls             562
 :arith-grobner-conflicts         8
 :arith-hnf-calls                 1
 :arith-horner-calls              549
 :arith-horner-cross-nested-forms 4788
 :arith-lower                     105259
 :arith-make-feasible             111282
 :arith-max-columns               233
 :arith-max-rows                  131
 :arith-nla-add-bounds            1896
 :arith-nla-lemmas                323
 :arith-nla-propagate-bounds      271
 :arith-nla-propagate-eq          318
 :arith-nra-calls                 1250
 :arith-offset-eqs                500
 :arith-patches                   29823
 :arith-patches-success           366
 :arith-upper                     97514
 :conflicts                       15392
 :datatype-accessor-ax            890
 :datatype-constructor-ax         2167
 :datatype-splits                 359
 :decisions                       94655
 :del-clause                      71603
 :final-checks                    34810
 :interface-eqs                   316
 :max-memory                      81.71
 :memory                          81.70
 :minimized-lits                  9201
 :mk-bool-var                     242928
 :mk-clause                       71606
 :num-allocs                      1722082048668.00
 :num-checks                      9598
 :propagations                    60974
 :recfun-macro-expansion          4862
 :rlimit-count                    75585219)