satisfiable
(:added-eqs                       206760
 :arith-eq-adapter                38067
 :arith-assume-eqs                638
 :arith-bound-propagations-lp     6863
 :arith-branch                    23975
 :arith-conflicts                 13162
 :arith-cube-calls                7432
 :arith-cube-success              10
 :arith-diseq                     4885
 :arith-fixed-eqs                 35425
 :arith-gcd-calls                 30119
 :arith-gomory-cuts               9271
 :arith-grobner-calls             570
 :arith-grobner-conflicts         8
 :arith-hnf-calls                 1
 :arith-horner-calls              558
 :arith-horner-cross-nested-forms 4825
 :arith-lower                     106250
 :arith-make-feasible             112499
 :arith-max-columns               233
 :arith-max-rows                  131
 :arith-nla-add-bounds            1921
 :arith-nla-lemmas                324
 :arith-nla-propagate-bounds      271
 :arith-nla-propagate-eq          326
 :arith-nra-calls                 1264
 :arith-offset-eqs                509
 :arith-patches                   30119
 :arith-patches-success           376
 :arith-upper                     98353
 :conflicts                       15606
 :datatype-accessor-ax            911
 :datatype-constructor-ax         2219
 :datatype-splits                 368
 :decisions                       95473
 :del-clause                      72318
 :final-checks                    35189
 :interface-eqs                   319
 :max-memory                      82.37
 :memory                          82.27
 :minimized-lits                  9309
 :mk-bool-var                     245448
 :mk-clause                       72321
 :num-allocs                      1750549934018.00
 :num-checks                      9796
 :propagations                    61399
 :recfun-macro-expansion          4940
 :rlimit-count                    76601261)