satisfiable
(:added-eqs                       206196
 :arith-eq-adapter                37969
 :arith-assume-eqs                634
 :arith-bound-propagations-lp     6849
 :arith-branch                    23907
 :arith-conflicts                 13121
 :arith-cube-calls                7409
 :arith-cube-success              10
 :arith-diseq                     4866
 :arith-fixed-eqs                 35340
 :arith-gcd-calls                 30024
 :arith-gomory-cuts               9236
 :arith-grobner-calls             570
 :arith-grobner-conflicts         8
 :arith-hnf-calls                 1
 :arith-horner-calls              555
 :arith-horner-cross-nested-forms 4822
 :arith-lower                     105974
 :arith-make-feasible             112143
 :arith-max-columns               233
 :arith-max-rows                  131
 :arith-nla-add-bounds            1913
 :arith-nla-lemmas                324
 :arith-nla-propagate-bounds      271
 :arith-nla-propagate-eq          325
 :arith-nra-calls                 1260
 :arith-offset-eqs                503
 :arith-patches                   30024
 :arith-patches-success           372
 :arith-upper                     98120
 :conflicts                       15548
 :datatype-accessor-ax            906
 :datatype-constructor-ax         2204
 :datatype-splits                 367
 :decisions                       95267
 :del-clause                      72114
 :final-checks                    35070
 :interface-eqs                   317
 :max-memory                      82.18
 :memory                          82.09
 :minimized-lits                  9279
 :mk-bool-var                     244736
 :mk-clause                       72120
 :num-allocs                      1740990219246.00
 :num-checks                      9751
 :propagations                    61286
 :recfun-macro-expansion          4917
 :rlimit-count                    76295695)