unsatisfiable
(:added-eqs                       207865
 :arith-eq-adapter                38253
 :arith-assume-eqs                638
 :arith-bound-propagations-lp     6887
 :arith-branch                    24075
 :arith-conflicts                 13225
 :arith-cube-calls                7462
 :arith-cube-success              10
 :arith-diseq                     4915
 :arith-fixed-eqs                 35594
 :arith-gcd-calls                 30255
 :arith-gomory-cuts               9311
 :arith-grobner-calls             570
 :arith-grobner-conflicts         8
 :arith-hnf-calls                 1
 :arith-horner-calls              561
 :arith-horner-cross-nested-forms 4839
 :arith-lower                     106780
 :arith-make-feasible             113101
 :arith-max-columns               233
 :arith-max-rows                  131
 :arith-nla-add-bounds            1935
 :arith-nla-lemmas                324
 :arith-nla-propagate-bounds      271
 :arith-nla-propagate-eq          329
 :arith-nra-calls                 1270
 :arith-offset-eqs                511
 :arith-patches                   30255
 :arith-patches-success           384
 :arith-upper                     98783
 :conflicts                       15695
 :datatype-accessor-ax            919
 :datatype-constructor-ax         2243
 :datatype-splits                 372
 :decisions                       95819
 :del-clause                      72674
 :final-checks                    35364
 :interface-eqs                   319
 :max-memory                      82.68
 :memory                          82.59
 :minimized-lits                  9346
 :mk-bool-var                     246753
 :mk-clause                       72678
 :num-allocs                      1762591374294.00
 :num-checks                      9877
 :propagations                    61635
 :recfun-macro-expansion          4982
 :rlimit-count                    77188353)