unsatisfiable
(:added-eqs                       209095
 :arith-eq-adapter                38479
 :arith-assume-eqs                646
 :arith-bound-propagations-lp     6915
 :arith-branch                    24188
 :arith-conflicts                 13326
 :arith-cube-calls                7498
 :arith-cube-success              10
 :arith-diseq                     4961
 :arith-fixed-eqs                 35769
 :arith-gcd-calls                 30410
 :arith-gomory-cuts               9362
 :arith-grobner-calls             571
 :arith-grobner-conflicts         8
 :arith-hnf-calls                 1
 :arith-horner-calls              565
 :arith-horner-cross-nested-forms 4855
 :arith-lower                     107439
 :arith-make-feasible             113813
 :arith-max-columns               233
 :arith-max-rows                  131
 :arith-nla-add-bounds            1957
 :arith-nla-lemmas                324
 :arith-nla-propagate-bounds      271
 :arith-nla-propagate-eq          331
 :arith-nra-calls                 1282
 :arith-offset-eqs                511
 :arith-patches                   30410
 :arith-patches-success           390
 :arith-upper                     99224
 :conflicts                       15832
 :datatype-accessor-ax            933
 :datatype-constructor-ax         2277
 :datatype-splits                 376
 :decisions                       96400
 :del-clause                      73118
 :final-checks                    35576
 :interface-eqs                   323
 :max-memory                      83.01
 :memory                          83.00
 :minimized-lits                  9445
 :mk-bool-var                     248312
 :mk-clause                       73121
 :num-allocs                      1780443291987.00
 :num-checks                      9987
 :propagations                    61914
 :recfun-macro-expansion          5030
 :rlimit-count                    77926978)