unsatisfiable
(:added-eqs                       211057
 :arith-eq-adapter                38848
 :arith-assume-eqs                660
 :arith-bound-propagations-lp     6943
 :arith-branch                    24413
 :arith-conflicts                 13436
 :arith-cube-calls                7571
 :arith-cube-success              10
 :arith-diseq                     5000
 :arith-fixed-eqs                 36106
 :arith-gcd-calls                 30704
 :arith-gomory-cuts               9462
 :arith-grobner-calls             579
 :arith-grobner-conflicts         8
 :arith-hnf-calls                 1
 :arith-horner-calls              570
 :arith-horner-cross-nested-forms 4905
 :arith-lower                     108440
 :arith-make-feasible             114904
 :arith-max-columns               233
 :arith-max-rows                  131
 :arith-nla-add-bounds            1976
 :arith-nla-lemmas                324
 :arith-nla-propagate-bounds      271
 :arith-nla-propagate-eq          337
 :arith-nra-calls                 1291
 :arith-offset-eqs                512
 :arith-patches                   30704
 :arith-patches-success           391
 :arith-upper                     100001
 :conflicts                       15965
 :datatype-accessor-ax            942
 :datatype-constructor-ax         2301
 :datatype-splits                 381
 :decisions                       97162
 :del-clause                      73757
 :final-checks                    35925
 :interface-eqs                   330
 :max-memory                      83.57
 :memory                          83.57
 :minimized-lits                  9506
 :mk-bool-var                     250631
 :mk-clause                       73768
 :num-allocs                      1800164752895.00
 :num-checks                      10078
 :propagations                    62289
 :recfun-macro-expansion          5076
 :rlimit-count                    78572797)