unsatisfiable
(:added-eqs                       209328
 :arith-eq-adapter                38523
 :arith-assume-eqs                646
 :arith-bound-propagations-lp     6920
 :arith-branch                    24219
 :arith-conflicts                 13339
 :arith-cube-calls                7509
 :arith-cube-success              10
 :arith-diseq                     4968
 :arith-fixed-eqs                 35806
 :arith-gcd-calls                 30452
 :arith-gomory-cuts               9379
 :arith-grobner-calls             573
 :arith-grobner-conflicts         8
 :arith-hnf-calls                 1
 :arith-horner-calls              566
 :arith-horner-cross-nested-forms 4874
 :arith-lower                     107553
 :arith-make-feasible             113948
 :arith-max-columns               233
 :arith-max-rows                  131
 :arith-nla-add-bounds            1961
 :arith-nla-lemmas                324
 :arith-nla-propagate-bounds      271
 :arith-nla-propagate-eq          332
 :arith-nra-calls                 1284
 :arith-offset-eqs                511
 :arith-patches                   30452
 :arith-patches-success           390
 :arith-upper                     99323
 :conflicts                       15856
 :datatype-accessor-ax            937
 :datatype-constructor-ax         2286
 :datatype-splits                 380
 :decisions                       96497
 :del-clause                      73198
 :final-checks                    35626
 :interface-eqs                   323
 :max-memory                      83.10
 :memory                          83.09
 :minimized-lits                  9452
 :mk-bool-var                     248613
 :mk-clause                       73208
 :num-allocs                      1784533366454.00
 :num-checks                      10015
 :propagations                    61957
 :recfun-macro-expansion          5037
 :rlimit-count                    78009767)