unsatisfiable
(:added-eqs                       215710
 :arith-eq-adapter                39695
 :arith-assume-eqs                680
 :arith-bound-propagations-lp     7018
 :arith-branch                    24940
 :arith-conflicts                 13711
 :arith-cube-calls                7737
 :arith-cube-success              10
 :arith-diseq                     5100
 :arith-fixed-eqs                 36888
 :arith-gcd-calls                 31373
 :arith-gomory-cuts               9677
 :arith-grobner-calls             579
 :arith-grobner-conflicts         8
 :arith-hnf-calls                 1
 :arith-horner-calls              583
 :arith-horner-cross-nested-forms 4944
 :arith-lower                     110812
 :arith-make-feasible             117448
 :arith-max-columns               233
 :arith-max-rows                  131
 :arith-nla-add-bounds            2021
 :arith-nla-lemmas                324
 :arith-nla-propagate-bounds      271
 :arith-nla-propagate-eq          345
 :arith-nra-calls                 1311
 :arith-offset-eqs                514
 :arith-patches                   31373
 :arith-patches-success           398
 :arith-upper                     101871
 :conflicts                       16284
 :datatype-accessor-ax            962
 :datatype-constructor-ax         2357
 :datatype-splits                 389
 :decisions                       99082
 :del-clause                      75219
 :final-checks                    36708
 :interface-eqs                   340
 :max-memory                      84.89
 :memory                          84.79
 :minimized-lits                  9669
 :mk-bool-var                     256034
 :mk-clause                       75222
 :num-allocs                      1846178994035.00
 :num-checks                      10295
 :propagations                    63272
 :recfun-macro-expansion          5188
 :rlimit-count                    80186386)