satisfiable
(:added-eqs                       216048
 :arith-eq-adapter                39751
 :arith-assume-eqs                682
 :arith-bound-propagations-lp     7027
 :arith-branch                    24980
 :arith-conflicts                 13732
 :arith-cube-calls                7750
 :arith-cube-success              10
 :arith-diseq                     5100
 :arith-fixed-eqs                 36944
 :arith-gcd-calls                 31424
 :arith-gomory-cuts               9688
 :arith-grobner-calls             579
 :arith-grobner-conflicts         8
 :arith-hnf-calls                 1
 :arith-horner-calls              583
 :arith-horner-cross-nested-forms 4944
 :arith-lower                     110983
 :arith-make-feasible             117658
 :arith-max-columns               233
 :arith-max-rows                  131
 :arith-nla-add-bounds            2021
 :arith-nla-lemmas                324
 :arith-nla-propagate-bounds      271
 :arith-nla-propagate-eq          345
 :arith-nra-calls                 1311
 :arith-offset-eqs                514
 :arith-patches                   31424
 :arith-patches-success           398
 :arith-upper                     102006
 :conflicts                       16309
 :datatype-accessor-ax            964
 :datatype-constructor-ax         2361
 :datatype-splits                 392
 :decisions                       99246
 :del-clause                      75298
 :final-checks                    36768
 :interface-eqs                   341
 :max-memory                      84.89
 :memory                          84.89
 :minimized-lits                  9683
 :mk-bool-var                     256421
 :mk-clause                       75317
 :num-allocs                      1847027810634.00
 :num-checks                      10327
 :propagations                    63331
 :recfun-macro-expansion          5197
 :rlimit-count                    80298283)