unsatisfiable
(:added-eqs                       218122
 :arith-eq-adapter                40140
 :arith-assume-eqs                688
 :arith-bound-propagations-lp     7072
 :arith-branch                    25235
 :arith-conflicts                 13896
 :arith-cube-calls                7830
 :arith-cube-success              10
 :arith-diseq                     5156
 :arith-fixed-eqs                 37297
 :arith-gcd-calls                 31748
 :arith-gomory-cuts               9792
 :arith-grobner-calls             588
 :arith-grobner-conflicts         8
 :arith-hnf-calls                 1
 :arith-horner-calls              589
 :arith-horner-cross-nested-forms 5007
 :arith-lower                     112124
 :arith-make-feasible             118898
 :arith-max-columns               233
 :arith-max-rows                  131
 :arith-nla-add-bounds            2045
 :arith-nla-lemmas                324
 :arith-nla-propagate-bounds      271
 :arith-nla-propagate-eq          353
 :arith-nra-calls                 1321
 :arith-offset-eqs                518
 :arith-patches                   31748
 :arith-patches-success           403
 :arith-upper                     102811
 :conflicts                       16502
 :datatype-accessor-ax            974
 :datatype-constructor-ax         2387
 :datatype-splits                 396
 :decisions                       100259
 :del-clause                      76017
 :final-checks                    37151
 :interface-eqs                   344
 :max-memory                      85.58
 :memory                          85.58
 :minimized-lits                  9757
 :mk-bool-var                     258992
 :mk-clause                       76028
 :num-allocs                      1868370777882.00
 :num-checks                      10458
 :propagations                    63801
 :recfun-macro-expansion          5248
 :rlimit-count                    81022698)