unsatisfiable
(:added-eqs                       217682
 :arith-eq-adapter                40056
 :arith-assume-eqs                684
 :arith-bound-propagations-lp     7068
 :arith-branch                    25198
 :arith-conflicts                 13877
 :arith-cube-calls                7817
 :arith-cube-success              10
 :arith-diseq                     5144
 :arith-fixed-eqs                 37221
 :arith-gcd-calls                 31699
 :arith-gomory-cuts               9778
 :arith-grobner-calls             588
 :arith-grobner-conflicts         8
 :arith-hnf-calls                 1
 :arith-horner-calls              588
 :arith-horner-cross-nested-forms 4995
 :arith-lower                     111906
 :arith-make-feasible             118692
 :arith-max-columns               233
 :arith-max-rows                  131
 :arith-nla-add-bounds            2041
 :arith-nla-lemmas                324
 :arith-nla-propagate-bounds      271
 :arith-nla-propagate-eq          352
 :arith-nra-calls                 1319
 :arith-offset-eqs                518
 :arith-patches                   31699
 :arith-patches-success           402
 :arith-upper                     102647
 :conflicts                       16479
 :datatype-accessor-ax            972
 :datatype-constructor-ax         2383
 :datatype-splits                 393
 :decisions                       100096
 :del-clause                      75882
 :final-checks                    37090
 :interface-eqs                   342
 :max-memory                      85.37
 :memory                          85.37
 :minimized-lits                  9746
 :mk-bool-var                     258502
 :mk-clause                       75885
 :num-allocs                      1863218656163.00
 :num-checks                      10434
 :propagations                    63709
 :recfun-macro-expansion          5238
 :rlimit-count                    80884620)