unsatisfiable
(:added-eqs                       219968
 :arith-eq-adapter                40478
 :arith-assume-eqs                688
 :arith-bound-propagations-lp     7104
 :arith-branch                    25458
 :arith-conflicts                 14014
 :arith-cube-calls                7899
 :arith-cube-success              10
 :arith-diseq                     5191
 :arith-fixed-eqs                 37618
 :arith-gcd-calls                 32025
 :arith-gomory-cuts               9867
 :arith-grobner-calls             588
 :arith-grobner-conflicts         8
 :arith-hnf-calls                 1
 :arith-horner-calls              594
 :arith-horner-cross-nested-forms 5026
 :arith-lower                     113107
 :arith-make-feasible             119890
 :arith-max-columns               233
 :arith-max-rows                  131
 :arith-nla-add-bounds            2061
 :arith-nla-lemmas                324
 :arith-nla-propagate-bounds      271
 :arith-nla-propagate-eq          357
 :arith-nra-calls                 1327
 :arith-offset-eqs                520
 :arith-patches                   32025
 :arith-patches-success           405
 :arith-upper                     103519
 :conflicts                       16634
 :datatype-accessor-ax            979
 :datatype-constructor-ax         2402
 :datatype-splits                 397
 :decisions                       101047
 :del-clause                      76591
 :final-checks                    37470
 :interface-eqs                   344
 :max-memory                      86.05
 :memory                          85.95
 :minimized-lits                  9821
 :mk-bool-var                     261150
 :mk-clause                       76597
 :num-allocs                      1882171866641.00
 :num-checks                      10548
 :propagations                    64161
 :recfun-macro-expansion          5288
 :rlimit-count                    81587137)