unsatisfiable
(:added-eqs                       220777
 :arith-eq-adapter                40625
 :arith-assume-eqs                690
 :arith-bound-propagations-lp     7122
 :arith-branch                    25582
 :arith-conflicts                 14067
 :arith-cube-calls                7940
 :arith-cube-success              10
 :arith-diseq                     5205
 :arith-fixed-eqs                 37757
 :arith-gcd-calls                 32189
 :arith-gomory-cuts               9928
 :arith-grobner-calls             588
 :arith-grobner-conflicts         8
 :arith-hnf-calls                 1
 :arith-horner-calls              596
 :arith-horner-cross-nested-forms 5038
 :arith-lower                     113550
 :arith-make-feasible             120413
 :arith-max-columns               233
 :arith-max-rows                  131
 :arith-nla-add-bounds            2069
 :arith-nla-lemmas                324
 :arith-nla-propagate-bounds      271
 :arith-nla-propagate-eq          359
 :arith-nra-calls                 1330
 :arith-offset-eqs                523
 :arith-patches                   32189
 :arith-patches-success           407
 :arith-upper                     103855
 :conflicts                       16704
 :datatype-accessor-ax            983
 :datatype-constructor-ax         2412
 :datatype-splits                 400
 :decisions                       101390
 :del-clause                      76864
 :final-checks                    37649
 :interface-eqs                   345
 :max-memory                      86.24
 :memory                          86.23
 :minimized-lits                  9860
 :mk-bool-var                     262141
 :mk-clause                       76868
 :num-allocs                      1889982381633.00
 :num-checks                      10607
 :propagations                    64336
 :recfun-macro-expansion          5306
 :rlimit-count                    81847324)