satisfiable
(:added-eqs                       223949
 :arith-eq-adapter                41204
 :arith-assume-eqs                702
 :arith-bound-propagations-lp     7174
 :arith-branch                    26093
 :arith-conflicts                 14306
 :arith-cube-calls                8091
 :arith-cube-success              10
 :arith-diseq                     5288
 :arith-fixed-eqs                 38294
 :arith-gcd-calls                 32802
 :arith-gomory-cuts               10086
 :arith-grobner-calls             598
 :arith-grobner-conflicts         8
 :arith-hnf-calls                 2
 :arith-horner-calls              607
 :arith-horner-cross-nested-forms 5115
 :arith-lower                     115250
 :arith-make-feasible             122547
 :arith-max-columns               233
 :arith-max-rows                  131
 :arith-nla-add-bounds            2105
 :arith-nla-lemmas                324
 :arith-nla-propagate-bounds      272
 :arith-nla-propagate-eq          367
 :arith-nra-calls                 1344
 :arith-offset-eqs                534
 :arith-patches                   32802
 :arith-patches-success           413
 :arith-upper                     105253
 :conflicts                       16971
 :datatype-accessor-ax            996
 :datatype-constructor-ax         2451
 :datatype-splits                 405
 :decisions                       102812
 :del-clause                      77962
 :final-checks                    38356
 :interface-eqs                   351
 :max-memory                      87.18
 :memory                          87.08
 :minimized-lits                  9993
 :mk-bool-var                     266202
 :mk-clause                       77973
 :num-allocs                      1924232732231.00
 :num-checks                      10742
 :propagations                    65042
 :recfun-macro-expansion          5392
 :rlimit-count                    82998597)