satisfiable
(:added-eqs                       222835
 :arith-eq-adapter                40996
 :arith-assume-eqs                698
 :arith-bound-propagations-lp     7155
 :arith-branch                    25910
 :arith-conflicts                 14206
 :arith-cube-calls                8036
 :arith-cube-success              10
 :arith-diseq                     5255
 :arith-fixed-eqs                 38104
 :arith-gcd-calls                 32582
 :arith-gomory-cuts               10023
 :arith-grobner-calls             588
 :arith-grobner-conflicts         8
 :arith-hnf-calls                 1
 :arith-horner-calls              604
 :arith-horner-cross-nested-forms 5081
 :arith-lower                     114632
 :arith-make-feasible             121776
 :arith-max-columns               233
 :arith-max-rows                  131
 :arith-nla-add-bounds            2094
 :arith-nla-lemmas                324
 :arith-nla-propagate-bounds      272
 :arith-nla-propagate-eq          363
 :arith-nra-calls                 1340
 :arith-offset-eqs                530
 :arith-patches                   32582
 :arith-patches-success           412
 :arith-upper                     104744
 :conflicts                       16864
 :datatype-accessor-ax            993
 :datatype-constructor-ax         2442
 :datatype-splits                 404
 :decisions                       102228
 :del-clause                      77554
 :final-checks                    38105
 :interface-eqs                   349
 :max-memory                      86.79
 :memory                          86.79
 :minimized-lits                  9943
 :mk-bool-var                     264758
 :mk-clause                       77582
 :num-allocs                      1910980254619.00
 :num-checks                      10703
 :propagations                    64772
 :recfun-macro-expansion          5366
 :rlimit-count                    82636421
 :time                            0.00)