unsatisfiable
(:added-eqs                       225772
 :arith-eq-adapter                41534
 :arith-assume-eqs                716
 :arith-bound-propagations-lp     7208
 :arith-branch                    26301
 :arith-conflicts                 14442
 :arith-cube-calls                8156
 :arith-cube-success              10
 :arith-diseq                     5319
 :arith-fixed-eqs                 38587
 :arith-gcd-calls                 33061
 :arith-gomory-cuts               10157
 :arith-grobner-calls             598
 :arith-grobner-conflicts         8
 :arith-hnf-calls                 2
 :arith-horner-calls              610
 :arith-horner-cross-nested-forms 5128
 :arith-lower                     116214
 :arith-make-feasible             123588
 :arith-max-columns               233
 :arith-max-rows                  131
 :arith-nla-add-bounds            2122
 :arith-nla-lemmas                324
 :arith-nla-propagate-bounds      272
 :arith-nla-propagate-eq          373
 :arith-nra-calls                 1352
 :arith-offset-eqs                534
 :arith-patches                   33061
 :arith-patches-success           417
 :arith-upper                     105956
 :conflicts                       17130
 :datatype-accessor-ax            1008
 :datatype-constructor-ax         2483
 :datatype-splits                 409
 :decisions                       103642
 :del-clause                      78575
 :final-checks                    38669
 :interface-eqs                   358
 :max-memory                      87.64
 :memory                          87.64
 :minimized-lits                  10057
 :mk-bool-var                     268427
 :mk-clause                       78579
 :num-allocs                      1943825638385.00
 :num-checks                      10874
 :propagations                    65400
 :recfun-macro-expansion          5446
 :rlimit-count                    83806802)