satisfiable
(:added-eqs                       229764
 :arith-eq-adapter                42249
 :arith-assume-eqs                730
 :arith-bound-propagations-lp     7284
 :arith-branch                    26757
 :arith-conflicts                 14692
 :arith-cube-calls                8300
 :arith-cube-success              10
 :arith-diseq                     5401
 :arith-fixed-eqs                 39245
 :arith-gcd-calls                 33639
 :arith-gomory-cuts               10340
 :arith-grobner-calls             598
 :arith-grobner-conflicts         8
 :arith-hnf-calls                 2
 :arith-horner-calls              619
 :arith-horner-cross-nested-forms 5171
 :arith-lower                     118253
 :arith-make-feasible             125814
 :arith-max-columns               233
 :arith-max-rows                  131
 :arith-nla-add-bounds            2158
 :arith-nla-lemmas                324
 :arith-nla-propagate-bounds      272
 :arith-nla-propagate-eq          379
 :arith-nra-calls                 1371
 :arith-offset-eqs                545
 :arith-patches                   33639
 :arith-patches-success           424
 :arith-upper                     107543
 :conflicts                       17447
 :datatype-accessor-ax            1032
 :datatype-constructor-ax         2544
 :datatype-splits                 421
 :decisions                       105184
 :del-clause                      79862
 :final-checks                    39353
 :interface-eqs                   365
 :max-memory                      88.77
 :memory                          88.76
 :minimized-lits                  10216
 :mk-bool-var                     273225
 :mk-clause                       79873
 :num-allocs                      1989116862319.00
 :num-checks                      11110
 :propagations                    66204
 :recfun-macro-expansion          5556
 :rlimit-count                    85220403)