unsatisfiable
(:added-eqs                       236233
 :arith-eq-adapter                43441
 :arith-assume-eqs                780
 :arith-bound-propagations-lp     7418
 :arith-branch                    27521
 :arith-conflicts                 15130
 :arith-cube-calls                8543
 :arith-cube-success              10
 :arith-diseq                     5542
 :arith-fixed-eqs                 40319
 :arith-gcd-calls                 34613
 :arith-gomory-cuts               10653
 :arith-grobner-calls             607
 :arith-grobner-conflicts         8
 :arith-hnf-calls                 2
 :arith-horner-calls              629
 :arith-horner-cross-nested-forms 5258
 :arith-lower                     121665
 :arith-make-feasible             129572
 :arith-max-columns               233
 :arith-max-rows                  131
 :arith-nla-add-bounds            2218
 :arith-nla-lemmas                324
 :arith-nla-propagate-bounds      273
 :arith-nla-propagate-eq          394
 :arith-nra-calls                 1397
 :arith-offset-eqs                557
 :arith-patches                   34613
 :arith-patches-success           433
 :arith-upper                     110074
 :conflicts                       17974
 :datatype-accessor-ax            1070
 :datatype-constructor-ax         2642
 :datatype-splits                 434
 :decisions                       107977
 :del-clause                      82110
 :final-checks                    40517
 :interface-eqs                   390
 :max-memory                      90.61
 :memory                          90.61
 :minimized-lits                  10444
 :mk-bool-var                     281124
 :mk-clause                       82113
 :num-allocs                      2060967532998.00
 :num-checks                      11499
 :propagations                    67575
 :recfun-macro-expansion          5730
 :rlimit-count                    87563003)