satisfiable
(:added-eqs                       236331
 :arith-eq-adapter                43457
 :arith-assume-eqs                780
 :arith-bound-propagations-lp     7421
 :arith-branch                    27549
 :arith-conflicts                 15142
 :arith-cube-calls                8551
 :arith-cube-success              10
 :arith-diseq                     5549
 :arith-fixed-eqs                 40332
 :arith-gcd-calls                 34647
 :arith-gomory-cuts               10661
 :arith-grobner-calls             607
 :arith-grobner-conflicts         8
 :arith-hnf-calls                 2
 :arith-horner-calls              630
 :arith-horner-cross-nested-forms 5270
 :arith-lower                     121713
 :arith-make-feasible             129675
 :arith-max-columns               233
 :arith-max-rows                  131
 :arith-nla-add-bounds            2220
 :arith-nla-lemmas                324
 :arith-nla-propagate-bounds      273
 :arith-nla-propagate-eq          395
 :arith-nra-calls                 1398
 :arith-offset-eqs                557
 :arith-patches                   34647
 :arith-patches-success           433
 :arith-upper                     110139
 :conflicts                       17988
 :datatype-accessor-ax            1072
 :datatype-constructor-ax         2648
 :datatype-splits                 437
 :decisions                       108036
 :del-clause                      82125
 :final-checks                    40556
 :interface-eqs                   390
 :max-memory                      90.71
 :memory                          90.71
 :minimized-lits                  10452
 :mk-bool-var                     281268
 :mk-clause                       82165
 :num-allocs                      2063816466785.00
 :num-checks                      11502
 :propagations                    67606
 :recfun-macro-expansion          5735
 :rlimit-count                    87596824
 :time                            0.00)