unsatisfiable
(:added-eqs                       236959
 :arith-eq-adapter                43574
 :arith-assume-eqs                782
 :arith-bound-propagations-lp     7435
 :arith-branch                    27634
 :arith-conflicts                 15193
 :arith-cube-calls                8577
 :arith-cube-success              10
 :arith-diseq                     5561
 :arith-fixed-eqs                 40446
 :arith-gcd-calls                 34748
 :arith-gomory-cuts               10686
 :arith-grobner-calls             607
 :arith-grobner-conflicts         8
 :arith-hnf-calls                 2
 :arith-horner-calls              631
 :arith-horner-cross-nested-forms 5286
 :arith-lower                     122057
 :arith-make-feasible             130050
 :arith-max-columns               233
 :arith-max-rows                  131
 :arith-nla-add-bounds            2224
 :arith-nla-lemmas                324
 :arith-nla-propagate-bounds      273
 :arith-nla-propagate-eq          396
 :arith-nra-calls                 1401
 :arith-offset-eqs                557
 :arith-patches                   34748
 :arith-patches-success           433
 :arith-upper                     110410
 :conflicts                       18041
 :datatype-accessor-ax            1072
 :datatype-constructor-ax         2648
 :datatype-splits                 437
 :decisions                       108291
 :del-clause                      82371
 :final-checks                    40671
 :interface-eqs                   391
 :max-memory                      90.80
 :memory                          90.80
 :minimized-lits                  10491
 :mk-bool-var                     282060
 :mk-clause                       82377
 :num-allocs                      2070469278766.00
 :num-checks                      11526
 :propagations                    67761
 :recfun-macro-expansion          5748
 :rlimit-count                    87827389)