unsatisfiable
(:added-eqs                       239763
 :arith-eq-adapter                44085
 :arith-assume-eqs                802
 :arith-bound-propagations-lp     7478
 :arith-branch                    27915
 :arith-conflicts                 15350
 :arith-cube-calls                8663
 :arith-cube-success              10
 :arith-diseq                     5615
 :arith-fixed-eqs                 40918
 :arith-gcd-calls                 35094
 :arith-gomory-cuts               10778
 :arith-grobner-calls             616
 :arith-grobner-conflicts         8
 :arith-hnf-calls                 2
 :arith-horner-calls              637
 :arith-horner-cross-nested-forms 5329
 :arith-lower                     123480
 :arith-make-feasible             131488
 :arith-max-columns               233
 :arith-max-rows                  131
 :arith-nla-add-bounds            2249
 :arith-nla-lemmas                324
 :arith-nla-propagate-bounds      273
 :arith-nla-propagate-eq          402
 :arith-nra-calls                 1412
 :arith-offset-eqs                566
 :arith-patches                   35094
 :arith-patches-success           439
 :arith-upper                     111459
 :conflicts                       18223
 :datatype-accessor-ax            1087
 :datatype-constructor-ax         2689
 :datatype-splits                 442
 :decisions                       109356
 :del-clause                      83251
 :final-checks                    41090
 :interface-eqs                   401
 :max-memory                      91.59
 :memory                          91.58
 :minimized-lits                  10574
 :mk-bool-var                     285268
 :mk-clause                       83262
 :num-allocs                      2097343879001.00
 :num-checks                      11648
 :propagations                    68313
 :recfun-macro-expansion          5819
 :rlimit-count                    88778766)