unsatisfiable
(:added-eqs                       240243
 :arith-eq-adapter                44178
 :arith-assume-eqs                810
 :arith-bound-propagations-lp     7490
 :arith-branch                    27954
 :arith-conflicts                 15389
 :arith-cube-calls                8675
 :arith-cube-success              10
 :arith-diseq                     5625
 :arith-fixed-eqs                 40999
 :arith-gcd-calls                 35145
 :arith-gomory-cuts               10790
 :arith-grobner-calls             616
 :arith-grobner-conflicts         8
 :arith-hnf-calls                 2
 :arith-horner-calls              639
 :arith-horner-cross-nested-forms 5331
 :arith-lower                     123739
 :arith-make-feasible             131734
 :arith-max-columns               233
 :arith-max-rows                  131
 :arith-nla-add-bounds            2253
 :arith-nla-lemmas                324
 :arith-nla-propagate-bounds      273
 :arith-nla-propagate-eq          403
 :arith-nra-calls                 1414
 :arith-offset-eqs                566
 :arith-patches                   35145
 :arith-patches-success           441
 :arith-upper                     111626
 :conflicts                       18271
 :datatype-accessor-ax            1091
 :datatype-constructor-ax         2697
 :datatype-splits                 442
 :decisions                       109559
 :del-clause                      83433
 :final-checks                    41156
 :interface-eqs                   405
 :max-memory                      91.69
 :memory                          91.69
 :minimized-lits                  10596
 :mk-bool-var                     285831
 :mk-clause                       83436
 :num-allocs                      2100242898985.00
 :num-checks                      11702
 :propagations                    68407
 :recfun-macro-expansion          5830
 :rlimit-count                    88967974)