unsatisfiable
(:added-eqs                       249362
 :arith-eq-adapter                45844
 :arith-assume-eqs                866
 :arith-bound-propagations-lp     7680
 :arith-branch                    29101
 :arith-conflicts                 16035
 :arith-cube-calls                9033
 :arith-cube-success              10
 :arith-diseq                     5836
 :arith-fixed-eqs                 42508
 :arith-gcd-calls                 36579
 :arith-gomory-cuts               11221
 :arith-grobner-calls             625
 :arith-grobner-conflicts         8
 :arith-hnf-calls                 2
 :arith-horner-calls              662
 :arith-horner-cross-nested-forms 5453
 :arith-lower                     128595
 :arith-make-feasible             137113
 :arith-max-columns               233
 :arith-max-rows                  131
 :arith-nla-add-bounds            2345
 :arith-nla-lemmas                324
 :arith-nla-propagate-bounds      275
 :arith-nla-propagate-eq          417
 :arith-nra-calls                 1462
 :arith-offset-eqs                587
 :arith-patches                   36579
 :arith-patches-success           455
 :arith-upper                     115267
 :conflicts                       19037
 :datatype-accessor-ax            1147
 :datatype-constructor-ax         2832
 :datatype-splits                 464
 :decisions                       113618
 :del-clause                      86496
 :final-checks                    42852
 :interface-eqs                   433
 :max-memory                      94.40
 :memory                          94.30
 :minimized-lits                  10952
 :mk-bool-var                     297040
 :mk-clause                       86502
 :num-allocs                      2258069825585.00
 :num-checks                      12291
 :propagations                    70327
 :recfun-macro-expansion          6084
 :rlimit-count                    92940863)