unsatisfiable
(:added-eqs                       250575
 :arith-eq-adapter                46068
 :arith-assume-eqs                872
 :arith-bound-propagations-lp     7696
 :arith-branch                    29255
 :arith-conflicts                 16122
 :arith-cube-calls                9082
 :arith-cube-success              10
 :arith-diseq                     5873
 :arith-fixed-eqs                 42713
 :arith-gcd-calls                 36773
 :arith-gomory-cuts               11283
 :arith-grobner-calls             625
 :arith-grobner-conflicts         8
 :arith-hnf-calls                 2
 :arith-horner-calls              665
 :arith-horner-cross-nested-forms 5471
 :arith-lower                     129231
 :arith-make-feasible             137873
 :arith-max-columns               233
 :arith-max-rows                  131
 :arith-nla-add-bounds            2360
 :arith-nla-lemmas                325
 :arith-nla-propagate-bounds      275
 :arith-nla-propagate-eq          420
 :arith-nra-calls                 1471
 :arith-offset-eqs                587
 :arith-patches                   36773
 :arith-patches-success           456
 :arith-upper                     115776
 :conflicts                       19146
 :datatype-accessor-ax            1152
 :datatype-constructor-ax         2844
 :datatype-splits                 468
 :decisions                       114264
 :del-clause                      86913
 :final-checks                    43088
 :interface-eqs                   436
 :max-memory                      94.68
 :memory                          94.68
 :minimized-lits                  10986
 :mk-bool-var                     298554
 :mk-clause                       86920
 :num-allocs                      2284586429501.00
 :num-checks                      12393
 :propagations                    70558
 :recfun-macro-expansion          6120
 :rlimit-count                    93526169)