satisfiable
(:added-eqs                       250040
 :arith-eq-adapter                45965
 :arith-assume-eqs                868
 :arith-bound-propagations-lp     7687
 :arith-branch                    29182
 :arith-conflicts                 16077
 :arith-cube-calls                9057
 :arith-cube-success              10
 :arith-diseq                     5849
 :arith-fixed-eqs                 42622
 :arith-gcd-calls                 36674
 :arith-gomory-cuts               11244
 :arith-grobner-calls             625
 :arith-grobner-conflicts         8
 :arith-hnf-calls                 2
 :arith-horner-calls              664
 :arith-horner-cross-nested-forms 5465
 :arith-lower                     128962
 :arith-make-feasible             137498
 :arith-max-columns               233
 :arith-max-rows                  131
 :arith-nla-add-bounds            2351
 :arith-nla-lemmas                324
 :arith-nla-propagate-bounds      275
 :arith-nla-propagate-eq          417
 :arith-nra-calls                 1466
 :arith-offset-eqs                587
 :arith-patches                   36674
 :arith-patches-success           455
 :arith-upper                     115525
 :conflicts                       19086
 :datatype-accessor-ax            1150
 :datatype-constructor-ax         2838
 :datatype-splits                 468
 :decisions                       113944
 :del-clause                      86671
 :final-checks                    42965
 :interface-eqs                   434
 :max-memory                      94.58
 :memory                          94.58
 :minimized-lits                  10974
 :mk-bool-var                     297842
 :mk-clause                       86701
 :num-allocs                      2271307452125.00
 :num-checks                      12336
 :propagations                    70442
 :recfun-macro-expansion          6101
 :rlimit-count                    93213261
 :time                            0.00)