unsatisfiable
(:added-eqs                       250107
 :arith-eq-adapter                45973
 :arith-assume-eqs                868
 :arith-bound-propagations-lp     7687
 :arith-branch                    29188
 :arith-conflicts                 16082
 :arith-cube-calls                9059
 :arith-cube-success              10
 :arith-diseq                     5850
 :arith-fixed-eqs                 42629
 :arith-gcd-calls                 36681
 :arith-gomory-cuts               11245
 :arith-grobner-calls             625
 :arith-grobner-conflicts         8
 :arith-hnf-calls                 2
 :arith-horner-calls              664
 :arith-horner-cross-nested-forms 5465
 :arith-lower                     128991
 :arith-make-feasible             137537
 :arith-max-columns               233
 :arith-max-rows                  131
 :arith-nla-add-bounds            2351
 :arith-nla-lemmas                324
 :arith-nla-propagate-bounds      275
 :arith-nla-propagate-eq          417
 :arith-nra-calls                 1466
 :arith-offset-eqs                587
 :arith-patches                   36681
 :arith-patches-success           455
 :arith-upper                     115547
 :conflicts                       19098
 :datatype-accessor-ax            1152
 :datatype-constructor-ax         2844
 :datatype-splits                 468
 :decisions                       113964
 :del-clause                      86714
 :final-checks                    42975
 :interface-eqs                   434
 :max-memory                      94.58
 :memory                          94.58
 :minimized-lits                  10976
 :mk-bool-var                     297927
 :mk-clause                       86723
 :num-allocs                      2273346765969.00
 :num-checks                      12365
 :propagations                    70452
 :recfun-macro-expansion          6105
 :rlimit-count                    93301443)