unsatisfiable
(:added-eqs                       250986
 :arith-eq-adapter                46138
 :arith-assume-eqs                876
 :arith-bound-propagations-lp     7709
 :arith-branch                    29295
 :arith-conflicts                 16148
 :arith-cube-calls                9094
 :arith-cube-success              10
 :arith-diseq                     5884
 :arith-fixed-eqs                 42776
 :arith-gcd-calls                 36823
 :arith-gomory-cuts               11296
 :arith-grobner-calls             625
 :arith-grobner-conflicts         8
 :arith-hnf-calls                 2
 :arith-horner-calls              666
 :arith-horner-cross-nested-forms 5473
 :arith-lower                     129430
 :arith-make-feasible             138089
 :arith-max-columns               233
 :arith-max-rows                  131
 :arith-nla-add-bounds            2363
 :arith-nla-lemmas                325
 :arith-nla-propagate-bounds      275
 :arith-nla-propagate-eq          420
 :arith-nra-calls                 1473
 :arith-offset-eqs                589
 :arith-patches                   36823
 :arith-patches-success           458
 :arith-upper                     115929
 :conflicts                       19185
 :datatype-accessor-ax            1157
 :datatype-constructor-ax         2859
 :datatype-splits                 469
 :decisions                       114386
 :del-clause                      87055
 :final-checks                    43149
 :interface-eqs                   438
 :max-memory                      94.87
 :memory                          94.77
 :minimized-lits                  10998
 :mk-bool-var                     299042
 :mk-clause                       87062
 :num-allocs                      2289710306005.00
 :num-checks                      12443
 :propagations                    70630
 :recfun-macro-expansion          6134
 :rlimit-count                    93725853)