unsatisfiable
(:added-eqs                       256544
 :arith-eq-adapter                47153
 :arith-assume-eqs                906
 :arith-bound-propagations-lp     7823
 :arith-branch                    29874
 :arith-conflicts                 16510
 :arith-cube-calls                9283
 :arith-cube-success              11
 :arith-diseq                     6013
 :arith-fixed-eqs                 43696
 :arith-gcd-calls                 37582
 :arith-gomory-cuts               11552
 :arith-grobner-calls             634
 :arith-grobner-conflicts         8
 :arith-hnf-calls                 2
 :arith-horner-calls              682
 :arith-horner-cross-nested-forms 5574
 :arith-lower                     132255
 :arith-make-feasible             141196
 :arith-max-columns               233
 :arith-max-rows                  131
 :arith-nla-add-bounds            2415
 :arith-nla-lemmas                325
 :arith-nla-propagate-bounds      275
 :arith-nla-propagate-eq          431
 :arith-nra-calls                 1502
 :arith-offset-eqs                601
 :arith-patches                   37582
 :arith-patches-success           468
 :arith-upper                     118109
 :conflicts                       19622
 :datatype-accessor-ax            1193
 :datatype-constructor-ax         2943
 :datatype-splits                 485
 :decisions                       116617
 :del-clause                      88903
 :final-checks                    44071
 :interface-eqs                   453
 :max-memory                      96.48
 :memory                          96.39
 :minimized-lits                  11156
 :mk-bool-var                     305662
 :mk-clause                       88915
 :num-allocs                      2367745380723.00
 :num-checks                      12777
 :propagations                    71719
 :recfun-macro-expansion          6293
 :rlimit-count                    96099254)