unsatisfiable
(:added-eqs                       260045
 :arith-eq-adapter                47801
 :arith-assume-eqs                940
 :arith-bound-propagations-lp     7888
 :arith-branch                    30283
 :arith-conflicts                 16751
 :arith-cube-calls                9411
 :arith-cube-success              11
 :arith-diseq                     6081
 :arith-fixed-eqs                 44276
 :arith-gcd-calls                 38101
 :arith-gomory-cuts               11711
 :arith-grobner-calls             643
 :arith-grobner-conflicts         8
 :arith-hnf-calls                 2
 :arith-horner-calls              693
 :arith-horner-cross-nested-forms 5669
 :arith-lower                     134103
 :arith-make-feasible             143249
 :arith-max-columns               233
 :arith-max-rows                  131
 :arith-nla-add-bounds            2446
 :arith-nla-lemmas                325
 :arith-nla-propagate-bounds      275
 :arith-nla-propagate-eq          436
 :arith-nra-calls                 1518
 :arith-offset-eqs                602
 :arith-patches                   38101
 :arith-patches-success           475
 :arith-upper                     119499
 :conflicts                       19903
 :datatype-accessor-ax            1210
 :datatype-constructor-ax         2985
 :datatype-splits                 491
 :decisions                       118202
 :del-clause                      90078
 :final-checks                    44691
 :interface-eqs                   470
 :max-memory                      97.48
 :memory                          97.38
 :minimized-lits                  11301
 :mk-bool-var                     309942
 :mk-clause                       90089
 :num-allocs                      2438063087763.00
 :num-checks                      13019
 :propagations                    72418
 :recfun-macro-expansion          6388
 :rlimit-count                    97660151)