unsatisfiable
(:added-eqs                       262333
 :arith-eq-adapter                48216
 :arith-assume-eqs                946
 :arith-bound-propagations-lp     7920
 :arith-branch                    30536
 :arith-conflicts                 16887
 :arith-cube-calls                9491
 :arith-cube-success              11
 :arith-diseq                     6128
 :arith-fixed-eqs                 44665
 :arith-gcd-calls                 38421
 :arith-gomory-cuts               11802
 :arith-grobner-calls             643
 :arith-grobner-conflicts         8
 :arith-hnf-calls                 2
 :arith-horner-calls              701
 :arith-horner-cross-nested-forms 5708
 :arith-lower                     135301
 :arith-make-feasible             144497
 :arith-max-columns               233
 :arith-max-rows                  131
 :arith-nla-add-bounds            2469
 :arith-nla-lemmas                325
 :arith-nla-propagate-bounds      275
 :arith-nla-propagate-eq          439
 :arith-nra-calls                 1529
 :arith-offset-eqs                603
 :arith-patches                   38421
 :arith-patches-success           480
 :arith-upper                     120368
 :conflicts                       20078
 :datatype-accessor-ax            1222
 :datatype-constructor-ax         3018
 :datatype-splits                 496
 :decisions                       119160
 :del-clause                      90779
 :final-checks                    45063
 :interface-eqs                   473
 :max-memory                      98.05
 :memory                          97.95
 :minimized-lits                  11371
 :mk-bool-var                     312605
 :mk-clause                       90790
 :num-allocs                      2472566451197.00
 :num-checks                      13176
 :propagations                    72860
 :recfun-macro-expansion          6444
 :rlimit-count                    98543346)