unsatisfiable
(:added-eqs                       266043
 :arith-eq-adapter                48886
 :arith-assume-eqs                972
 :arith-bound-propagations-lp     8007
 :arith-branch                    30956
 :arith-conflicts                 17141
 :arith-cube-calls                9622
 :arith-cube-success              11
 :arith-diseq                     6188
 :arith-fixed-eqs                 45266
 :arith-gcd-calls                 38955
 :arith-gomory-cuts               11969
 :arith-grobner-calls             643
 :arith-grobner-conflicts         8
 :arith-hnf-calls                 2
 :arith-horner-calls              708
 :arith-horner-cross-nested-forms 5740
 :arith-lower                     137278
 :arith-make-feasible             146577
 :arith-max-columns               233
 :arith-max-rows                  131
 :arith-nla-add-bounds            2494
 :arith-nla-lemmas                325
 :arith-nla-propagate-bounds      275
 :arith-nla-propagate-eq          448
 :arith-nra-calls                 1539
 :arith-offset-eqs                603
 :arith-patches                   38955
 :arith-patches-success           492
 :arith-upper                     121775
 :conflicts                       20372
 :datatype-accessor-ax            1248
 :datatype-constructor-ax         3075
 :datatype-splits                 507
 :decisions                       120614
 :del-clause                      91970
 :final-checks                    45685
 :interface-eqs                   486
 :max-memory                      99.07
 :memory                          99.06
 :minimized-lits                  11515
 :mk-bool-var                     317124
 :mk-clause                       91984
 :num-allocs                      2526155021315.00
 :num-checks                      13387
 :propagations                    73614
 :recfun-macro-expansion          6552
 :rlimit-count                    100101599)