satisfiable
(:added-eqs                       264517
 :arith-eq-adapter                48605
 :arith-assume-eqs                968
 :arith-bound-propagations-lp     7966
 :arith-branch                    30746
 :arith-conflicts                 17009
 :arith-cube-calls                9558
 :arith-cube-success              11
 :arith-diseq                     6156
 :arith-fixed-eqs                 45019
 :arith-gcd-calls                 38696
 :arith-gomory-cuts               11889
 :arith-grobner-calls             643
 :arith-grobner-conflicts         8
 :arith-hnf-calls                 2
 :arith-horner-calls              703
 :arith-horner-cross-nested-forms 5709
 :arith-lower                     136409
 :arith-make-feasible             145629
 :arith-max-columns               233
 :arith-max-rows                  131
 :arith-nla-add-bounds            2482
 :arith-nla-lemmas                325
 :arith-nla-propagate-bounds      275
 :arith-nla-propagate-eq          445
 :arith-nra-calls                 1532
 :arith-offset-eqs                603
 :arith-patches                   38696
 :arith-patches-success           488
 :arith-upper                     121161
 :conflicts                       20226
 :datatype-accessor-ax            1240
 :datatype-constructor-ax         3057
 :datatype-splits                 503
 :decisions                       119840
 :del-clause                      91449
 :final-checks                    45392
 :interface-eqs                   484
 :max-memory                      98.69
 :memory                          98.59
 :minimized-lits                  11442
 :mk-bool-var                     315149
 :mk-clause                       91485
 :num-allocs                      2498692055164.00
 :num-checks                      13312
 :propagations                    73289
 :recfun-macro-expansion          6510
 :rlimit-count                    99403872)