satisfiable
(:added-eqs                       266584
 :arith-eq-adapter                48983
 :arith-assume-eqs                974
 :arith-bound-propagations-lp     8018
 :arith-branch                    31021
 :arith-conflicts                 17174
 :arith-cube-calls                9643
 :arith-cube-success              11
 :arith-diseq                     6201
 :arith-fixed-eqs                 45354
 :arith-gcd-calls                 39038
 :arith-gomory-cuts               11996
 :arith-grobner-calls             647
 :arith-grobner-conflicts         8
 :arith-hnf-calls                 2
 :arith-horner-calls              710
 :arith-horner-cross-nested-forms 5786
 :arith-lower                     137558
 :arith-make-feasible             146906
 :arith-max-columns               233
 :arith-max-rows                  131
 :arith-nla-add-bounds            2500
 :arith-nla-lemmas                325
 :arith-nla-propagate-bounds      275
 :arith-nla-propagate-eq          448
 :arith-nra-calls                 1542
 :arith-offset-eqs                604
 :arith-patches                   39038
 :arith-patches-success           492
 :arith-upper                     121987
 :conflicts                       20410
 :datatype-accessor-ax            1251
 :datatype-constructor-ax         3081
 :datatype-splits                 507
 :decisions                       120856
 :del-clause                      92120
 :final-checks                    45784
 :interface-eqs                   487
 :max-memory                      99.26
 :memory                          99.26
 :minimized-lits                  11536
 :mk-bool-var                     317775
 :mk-clause                       92154
 :num-allocs                      2534997168914.00
 :num-checks                      13420
 :propagations                    73710
 :recfun-macro-expansion          6569
 :rlimit-count                    100358005
 :time                            0.00)