unsatisfiable
(:added-eqs                       272245
 :arith-eq-adapter                50012
 :arith-assume-eqs                996
 :arith-bound-propagations-lp     8129
 :arith-branch                    31693
 :arith-conflicts                 17552
 :arith-cube-calls                9852
 :arith-cube-success              11
 :arith-diseq                     6314
 :arith-fixed-eqs                 46320
 :arith-gcd-calls                 39879
 :arith-gomory-cuts               12260
 :arith-grobner-calls             652
 :arith-grobner-conflicts         8
 :arith-hnf-calls                 2
 :arith-horner-calls              721
 :arith-horner-cross-nested-forms 5842
 :arith-lower                     140539
 :arith-make-feasible             150133
 :arith-max-columns               233
 :arith-max-rows                  131
 :arith-nla-add-bounds            2555
 :arith-nla-lemmas                325
 :arith-nla-propagate-bounds      275
 :arith-nla-propagate-eq          455
 :arith-nra-calls                 1569
 :arith-offset-eqs                607
 :arith-patches                   39879
 :arith-patches-success           499
 :arith-upper                     124235
 :conflicts                       20871
 :datatype-accessor-ax            1278
 :datatype-constructor-ax         3153
 :datatype-splits                 518
 :decisions                       123370
 :del-clause                      93927
 :final-checks                    46760
 :interface-eqs                   498
 :max-memory                      100.87
 :memory                          100.78
 :minimized-lits                  11774
 :mk-bool-var                     324597
 :mk-clause                       93937
 :num-allocs                      2630058288019.00
 :num-checks                      13799
 :propagations                    74861
 :recfun-macro-expansion          6706
 :rlimit-count                    102593075)