satisfiable
(:added-eqs                       274834
 :arith-eq-adapter                50481
 :arith-assume-eqs                1020
 :arith-bound-propagations-lp     8188
 :arith-branch                    31992
 :arith-conflicts                 17734
 :arith-cube-calls                9947
 :arith-cube-success              11
 :arith-diseq                     6364
 :arith-fixed-eqs                 46739
 :arith-gcd-calls                 40261
 :arith-gomory-cuts               12375
 :arith-grobner-calls             661
 :arith-grobner-conflicts         8
 :arith-hnf-calls                 2
 :arith-horner-calls              726
 :arith-horner-cross-nested-forms 5871
 :arith-lower                     141931
 :arith-make-feasible             151659
 :arith-max-columns               233
 :arith-max-rows                  131
 :arith-nla-add-bounds            2577
 :arith-nla-lemmas                325
 :arith-nla-propagate-bounds      275
 :arith-nla-propagate-eq          461
 :arith-nra-calls                 1577
 :arith-offset-eqs                609
 :arith-patches                   40261
 :arith-patches-success           503
 :arith-upper                     125201
 :conflicts                       21084
 :datatype-accessor-ax            1299
 :datatype-constructor-ax         3198
 :datatype-splits                 526
 :decisions                       124289
 :del-clause                      94775
 :final-checks                    47218
 :interface-eqs                   510
 :max-memory                      101.58
 :memory                          101.58
 :minimized-lits                  11870
 :mk-bool-var                     327783
 :mk-clause                       94805
 :num-allocs                      2661952489175.00
 :num-checks                      13944
 :propagations                    75388
 :recfun-macro-expansion          6786
 :rlimit-count                    103636753
 :time                            0.00)