satisfiable
(:added-eqs                       280032
 :arith-eq-adapter                51424
 :arith-assume-eqs                1038
 :arith-bound-propagations-lp     8294
 :arith-branch                    32581
 :arith-conflicts                 18067
 :arith-cube-calls                10127
 :arith-cube-success              11
 :arith-diseq                     6483
 :arith-fixed-eqs                 47601
 :arith-gcd-calls                 40986
 :arith-gomory-cuts               12576
 :arith-grobner-calls             661
 :arith-grobner-conflicts         8
 :arith-hnf-calls                 2
 :arith-horner-calls              734
 :arith-horner-cross-nested-forms 5914
 :arith-lower                     144674
 :arith-make-feasible             154578
 :arith-max-columns               233
 :arith-max-rows                  131
 :arith-nla-add-bounds            2618
 :arith-nla-lemmas                325
 :arith-nla-propagate-bounds      275
 :arith-nla-propagate-eq          471
 :arith-nra-calls                 1598
 :arith-offset-eqs                612
 :arith-patches                   40986
 :arith-patches-success           511
 :arith-upper                     127246
 :conflicts                       21466
 :datatype-accessor-ax            1332
 :datatype-constructor-ax         3270
 :datatype-splits                 538
 :decisions                       126485
 :del-clause                      96490
 :final-checks                    48066
 :interface-eqs                   519
 :max-memory                      103.60
 :memory                          103.60
 :minimized-lits                  12073
 :mk-bool-var                     334025
 :mk-clause                       96506
 :num-allocs                      2744171020388.00
 :num-checks                      14250
 :propagations                    76480
 :recfun-macro-expansion          6924
 :rlimit-count                    105790292)