unsatisfiable
(:added-eqs                       283093
 :arith-eq-adapter                51985
 :arith-assume-eqs                1048
 :arith-bound-propagations-lp     8356
 :arith-branch                    32982
 :arith-conflicts                 18298
 :arith-cube-calls                10254
 :arith-cube-success              12
 :arith-diseq                     6553
 :arith-fixed-eqs                 48094
 :arith-gcd-calls                 41493
 :arith-gomory-cuts               12733
 :arith-grobner-calls             670
 :arith-grobner-conflicts         8
 :arith-hnf-calls                 2
 :arith-horner-calls              745
 :arith-horner-cross-nested-forms 5959
 :arith-lower                     146361
 :arith-make-feasible             156449
 :arith-max-columns               233
 :arith-max-rows                  131
 :arith-nla-add-bounds            2654
 :arith-nla-lemmas                325
 :arith-nla-propagate-bounds      275
 :arith-nla-propagate-eq          474
 :arith-nra-calls                 1617
 :arith-offset-eqs                623
 :arith-patches                   41493
 :arith-patches-success           518
 :arith-upper                     128483
 :conflicts                       21715
 :datatype-accessor-ax            1343
 :datatype-constructor-ax         3294
 :datatype-splits                 542
 :decisions                       127977
 :del-clause                      97461
 :final-checks                    48650
 :interface-eqs                   524
 :max-memory                      104.63
 :memory                          104.53
 :minimized-lits                  12178
 :mk-bool-var                     337877
 :mk-clause                       97477
 :num-allocs                      2820898549806.00
 :num-checks                      14403
 :propagations                    77099
 :recfun-macro-expansion          7010
 :rlimit-count                    107255052)