unsatisfiable
(:added-eqs                       285195
 :arith-eq-adapter                52354
 :arith-assume-eqs                1058
 :arith-bound-propagations-lp     8395
 :arith-branch                    33188
 :arith-conflicts                 18416
 :arith-cube-calls                10318
 :arith-cube-success              12
 :arith-diseq                     6585
 :arith-fixed-eqs                 48436
 :arith-gcd-calls                 41749
 :arith-gomory-cuts               12800
 :arith-grobner-calls             670
 :arith-grobner-conflicts         8
 :arith-hnf-calls                 2
 :arith-horner-calls              747
 :arith-horner-cross-nested-forms 5971
 :arith-lower                     147427
 :arith-make-feasible             157559
 :arith-max-columns               233
 :arith-max-rows                  131
 :arith-nla-add-bounds            2668
 :arith-nla-lemmas                325
 :arith-nla-propagate-bounds      275
 :arith-nla-propagate-eq          477
 :arith-nra-calls                 1625
 :arith-offset-eqs                624
 :arith-patches                   41749
 :arith-patches-success           521
 :arith-upper                     129248
 :conflicts                       21876
 :datatype-accessor-ax            1359
 :datatype-constructor-ax         3336
 :datatype-splits                 551
 :decisions                       128825
 :del-clause                      98094
 :final-checks                    48957
 :interface-eqs                   529
 :max-memory                      105.13
 :memory                          105.13
 :minimized-lits                  12246
 :mk-bool-var                     340305
 :mk-clause                       98120
 :num-allocs                      2861488839492.00
 :num-checks                      14590
 :propagations                    77487
 :recfun-macro-expansion          7071
 :rlimit-count                    108158628)