unsatisfiable
(:added-eqs                       290272
 :arith-eq-adapter                53277
 :arith-assume-eqs                1084
 :arith-bound-propagations-lp     8497
 :arith-branch                    33706
 :arith-conflicts                 18756
 :arith-cube-calls                10485
 :arith-cube-success              12
 :arith-diseq                     6671
 :arith-fixed-eqs                 49260
 :arith-gcd-calls                 42419
 :arith-gomory-cuts               13027
 :arith-grobner-calls             679
 :arith-grobner-conflicts         8
 :arith-hnf-calls                 2
 :arith-horner-calls              760
 :arith-horner-cross-nested-forms 6014
 :arith-lower                     150113
 :arith-make-feasible             160266
 :arith-max-columns               233
 :arith-max-rows                  131
 :arith-nla-add-bounds            2712
 :arith-nla-lemmas                325
 :arith-nla-propagate-bounds      275
 :arith-nla-propagate-eq          485
 :arith-nra-calls                 1649
 :arith-offset-eqs                631
 :arith-patches                   42419
 :arith-patches-success           530
 :arith-upper                     131153
 :conflicts                       22293
 :datatype-accessor-ax            1383
 :datatype-constructor-ax         3402
 :datatype-splits                 561
 :decisions                       130835
 :del-clause                      99712
 :final-checks                    49751
 :interface-eqs                   542
 :max-memory                      106.72
 :memory                          106.72
 :minimized-lits                  12457
 :mk-bool-var                     346464
 :mk-clause                       99730
 :num-allocs                      2991182166413.00
 :num-checks                      14951
 :propagations                    78432
 :recfun-macro-expansion          7211
 :rlimit-count                    110399488)