unsatisfiable
(:added-eqs                       291175
 :arith-eq-adapter                53450
 :arith-assume-eqs                1090
 :arith-bound-propagations-lp     8516
 :arith-branch                    33774
 :arith-conflicts                 18811
 :arith-cube-calls                10508
 :arith-cube-success              12
 :arith-diseq                     6688
 :arith-fixed-eqs                 49416
 :arith-gcd-calls                 42514
 :arith-gomory-cuts               13063
 :arith-grobner-calls             679
 :arith-grobner-conflicts         8
 :arith-hnf-calls                 2
 :arith-horner-calls              763
 :arith-horner-cross-nested-forms 6016
 :arith-lower                     150600
 :arith-make-feasible             160709
 :arith-max-columns               233
 :arith-max-rows                  131
 :arith-nla-add-bounds            2720
 :arith-nla-lemmas                325
 :arith-nla-propagate-bounds      275
 :arith-nla-propagate-eq          488
 :arith-nra-calls                 1653
 :arith-offset-eqs                633
 :arith-patches                   42514
 :arith-patches-success           532
 :arith-upper                     131476
 :conflicts                       22355
 :datatype-accessor-ax            1383
 :datatype-constructor-ax         3402
 :datatype-splits                 561
 :decisions                       131193
 :del-clause                      100015
 :final-checks                    49866
 :interface-eqs                   545
 :max-memory                      106.93
 :memory                          106.93
 :minimized-lits                  12495
 :mk-bool-var                     347505
 :mk-clause                       100031
 :num-allocs                      3010791284786.00
 :num-checks                      14985
 :propagations                    78605
 :recfun-macro-expansion          7232
 :rlimit-count                    110713360)