unsatisfiable
(:added-eqs                       292216
 :arith-eq-adapter                53629
 :arith-assume-eqs                1096
 :arith-bound-propagations-lp     8530
 :arith-branch                    33861
 :arith-conflicts                 18873
 :arith-cube-calls                10538
 :arith-cube-success              12
 :arith-diseq                     6707
 :arith-fixed-eqs                 49581
 :arith-gcd-calls                 42633
 :arith-gomory-cuts               13109
 :arith-grobner-calls             679
 :arith-grobner-conflicts         8
 :arith-hnf-calls                 2
 :arith-horner-calls              764
 :arith-horner-cross-nested-forms 6016
 :arith-lower                     151122
 :arith-make-feasible             161252
 :arith-max-columns               233
 :arith-max-rows                  131
 :arith-nla-add-bounds            2728
 :arith-nla-lemmas                325
 :arith-nla-propagate-bounds      275
 :arith-nla-propagate-eq          488
 :arith-nra-calls                 1657
 :arith-offset-eqs                634
 :arith-patches                   42633
 :arith-patches-success           534
 :arith-upper                     131853
 :conflicts                       22439
 :datatype-accessor-ax            1394
 :datatype-constructor-ax         3429
 :datatype-splits                 565
 :decisions                       131563
 :del-clause                      100337
 :final-checks                    50010
 :interface-eqs                   548
 :max-memory                      107.25
 :memory                          107.15
 :minimized-lits                  12541
 :mk-bool-var                     348716
 :mk-clause                       100355
 :num-allocs                      3030488018550.00
 :num-checks                      15075
 :propagations                    78795
 :recfun-macro-expansion          7263
 :rlimit-count                    111163824)