satisfiable
(:added-eqs                       301168
 :arith-eq-adapter                55273
 :arith-assume-eqs                1144
 :arith-bound-propagations-lp     8712
 :arith-branch                    34833
 :arith-conflicts                 19466
 :arith-cube-calls                10854
 :arith-cube-success              12
 :arith-diseq                     6900
 :arith-fixed-eqs                 51056
 :arith-gcd-calls                 43898
 :arith-gomory-cuts               13556
 :arith-grobner-calls             688
 :arith-grobner-conflicts         8
 :arith-hnf-calls                 2
 :arith-horner-calls              780
 :arith-horner-cross-nested-forms 6114
 :arith-lower                     155883
 :arith-make-feasible             166196
 :arith-max-columns               233
 :arith-max-rows                  131
 :arith-nla-add-bounds            2807
 :arith-nla-lemmas                326
 :arith-nla-propagate-bounds      276
 :arith-nla-propagate-eq          504
 :arith-nra-calls                 1699
 :arith-offset-eqs                672
 :arith-patches                   43898
 :arith-patches-success           544
 :arith-upper                     135257
 :conflicts                       23120
 :datatype-accessor-ax            1438
 :datatype-constructor-ax         3534
 :datatype-splits                 583
 :decisions                       135183
 :del-clause                      103252
 :final-checks                    51496
 :interface-eqs                   572
 :max-memory                      109.89
 :memory                          109.88
 :minimized-lits                  12926
 :mk-bool-var                     359515
 :mk-clause                       103285
 :num-allocs                      3252150977399.00
 :num-checks                      15597
 :propagations                    80600
 :recfun-macro-expansion          7505
 :rlimit-count                    114924779)