satisfiable
(:added-eqs                       303193
 :arith-eq-adapter                55632
 :arith-assume-eqs                1162
 :arith-bound-propagations-lp     8750
 :arith-branch                    35020
 :arith-conflicts                 19593
 :arith-cube-calls                10912
 :arith-cube-success              12
 :arith-diseq                     6946
 :arith-fixed-eqs                 51371
 :arith-gcd-calls                 44128
 :arith-gomory-cuts               13616
 :arith-grobner-calls             688
 :arith-grobner-conflicts         8
 :arith-hnf-calls                 2
 :arith-horner-calls              783
 :arith-horner-cross-nested-forms 6120
 :arith-lower                     156923
 :arith-make-feasible             167276
 :arith-max-columns               233
 :arith-max-rows                  131
 :arith-nla-add-bounds            2821
 :arith-nla-lemmas                326
 :arith-nla-propagate-bounds      276
 :arith-nla-propagate-eq          506
 :arith-nra-calls                 1707
 :arith-offset-eqs                674
 :arith-patches                   44128
 :arith-patches-success           547
 :arith-upper                     135991
 :conflicts                       23287
 :datatype-accessor-ax            1460
 :datatype-constructor-ax         3585
 :datatype-splits                 591
 :decisions                       135843
 :del-clause                      103962
 :final-checks                    51788
 :interface-eqs                   581
 :max-memory                      110.49
 :memory                          110.39
 :minimized-lits                  12975
 :mk-bool-var                     361969
 :mk-clause                       103991
 :num-allocs                      3284204354707.00
 :num-checks                      15768
 :propagations                    81014
 :recfun-macro-expansion          7577
 :rlimit-count                    115862751)