unsatisfiable
(:added-eqs                       303683
 :arith-eq-adapter                55729
 :arith-assume-eqs                1172
 :arith-bound-propagations-lp     8759
 :arith-branch                    35067
 :arith-conflicts                 19622
 :arith-cube-calls                10928
 :arith-cube-success              12
 :arith-diseq                     6966
 :arith-fixed-eqs                 51462
 :arith-gcd-calls                 44194
 :arith-gomory-cuts               13641
 :arith-grobner-calls             688
 :arith-grobner-conflicts         8
 :arith-hnf-calls                 2
 :arith-horner-calls              785
 :arith-horner-cross-nested-forms 6122
 :arith-lower                     157171
 :arith-make-feasible             167545
 :arith-max-columns               233
 :arith-max-rows                  131
 :arith-nla-add-bounds            2828
 :arith-nla-lemmas                326
 :arith-nla-propagate-bounds      277
 :arith-nla-propagate-eq          508
 :arith-nra-calls                 1710
 :arith-offset-eqs                680
 :arith-patches                   44194
 :arith-patches-success           549
 :arith-upper                     136184
 :conflicts                       23317
 :datatype-accessor-ax            1460
 :datatype-constructor-ax         3585
 :datatype-splits                 591
 :decisions                       136023
 :del-clause                      104145
 :final-checks                    51872
 :interface-eqs                   586
 :max-memory                      110.61
 :memory                          110.52
 :minimized-lits                  12985
 :mk-bool-var                     362529
 :mk-clause                       104171
 :num-allocs                      3295821863041.00
 :num-checks                      15789
 :propagations                    81141
 :recfun-macro-expansion          7588
 :rlimit-count                    116029753)