unsatisfiable
(:added-eqs                       307126
 :arith-eq-adapter                56361
 :arith-assume-eqs                1188
 :arith-bound-propagations-lp     8828
 :arith-branch                    35506
 :arith-conflicts                 19873
 :arith-cube-calls                11070
 :arith-cube-success              12
 :arith-diseq                     7043
 :arith-fixed-eqs                 52017
 :arith-gcd-calls                 44771
 :arith-gomory-cuts               13860
 :arith-grobner-calls             697
 :arith-grobner-conflicts         8
 :arith-hnf-calls                 2
 :arith-horner-calls              797
 :arith-horner-cross-nested-forms 6213
 :arith-lower                     159050
 :arith-make-feasible             169634
 :arith-max-columns               233
 :arith-max-rows                  131
 :arith-nla-add-bounds            2864
 :arith-nla-lemmas                326
 :arith-nla-propagate-bounds      278
 :arith-nla-propagate-eq          513
 :arith-nra-calls                 1731
 :arith-offset-eqs                696
 :arith-patches                   44771
 :arith-patches-success           553
 :arith-upper                     137548
 :conflicts                       23598
 :datatype-accessor-ax            1480
 :datatype-constructor-ax         3630
 :datatype-splits                 600
 :decisions                       137633
 :del-clause                      105276
 :final-checks                    52544
 :interface-eqs                   594
 :max-memory                      111.71
 :memory                          111.62
 :minimized-lits                  13116
 :mk-bool-var                     366785
 :mk-clause                       105300
 :num-allocs                      3402559679153.00
 :num-checks                      16001
 :propagations                    81864
 :recfun-macro-expansion          7685
 :rlimit-count                    117659927)