satisfiable
(:added-eqs                       311139
 :arith-eq-adapter                57098
 :arith-assume-eqs                1212
 :arith-bound-propagations-lp     8897
 :arith-branch                    35975
 :arith-conflicts                 20128
 :arith-cube-calls                11218
 :arith-cube-success              12
 :arith-diseq                     7123
 :arith-fixed-eqs                 52686
 :arith-gcd-calls                 45367
 :arith-gomory-cuts               14054
 :arith-grobner-calls             697
 :arith-grobner-conflicts         8
 :arith-hnf-calls                 2
 :arith-horner-calls              806
 :arith-horner-cross-nested-forms 6258
 :arith-lower                     161150
 :arith-make-feasible             171899
 :arith-max-columns               233
 :arith-max-rows                  131
 :arith-nla-add-bounds            2898
 :arith-nla-lemmas                326
 :arith-nla-propagate-bounds      278
 :arith-nla-propagate-eq          518
 :arith-nra-calls                 1751
 :arith-offset-eqs                713
 :arith-patches                   45367
 :arith-patches-success           559
 :arith-upper                     139110
 :conflicts                       23905
 :datatype-accessor-ax            1496
 :datatype-constructor-ax         3675
 :datatype-splits                 606
 :decisions                       139456
 :del-clause                      106550
 :final-checks                    53242
 :interface-eqs                   606
 :max-memory                      112.86
 :memory                          112.76
 :minimized-lits                  13255
 :mk-bool-var                     371633
 :mk-clause                       106573
 :num-allocs                      3517349284242.00
 :num-checks                      16251
 :propagations                    82675
 :recfun-macro-expansion          7790
 :rlimit-count                    119328576)