satisfiable
(:added-eqs                       313361
 :arith-eq-adapter                57491
 :arith-assume-eqs                1234
 :arith-bound-propagations-lp     8946
 :arith-branch                    36205
 :arith-conflicts                 20278
 :arith-cube-calls                11293
 :arith-cube-success              12
 :arith-diseq                     7168
 :arith-fixed-eqs                 53034
 :arith-gcd-calls                 45666
 :arith-gomory-cuts               14157
 :arith-grobner-calls             700
 :arith-grobner-conflicts         8
 :arith-hnf-calls                 2
 :arith-horner-calls              812
 :arith-horner-cross-nested-forms 6321
 :arith-lower                     162303
 :arith-make-feasible             173141
 :arith-max-columns               233
 :arith-max-rows                  131
 :arith-nla-add-bounds            2910
 :arith-nla-lemmas                335
 :arith-nla-propagate-bounds      278
 :arith-nla-propagate-eq          521
 :arith-nra-calls                 1763
 :arith-offset-eqs                722
 :arith-patches                   45666
 :arith-patches-success           565
 :arith-upper                     139928
 :conflicts                       24082
 :datatype-accessor-ax            1519
 :datatype-constructor-ax         3726
 :datatype-splits                 614
 :decisions                       140210
 :del-clause                      107310
 :final-checks                    53605
 :interface-eqs                   617
 :max-memory                      113.45
 :memory                          113.36
 :minimized-lits                  13328
 :mk-bool-var                     374362
 :mk-clause                       107356
 :num-allocs                      3589376544275.00
 :num-checks                      16418
 :propagations                    83112
 :recfun-macro-expansion          7869
 :rlimit-count                    120709031)