unsatisfiable
(:added-eqs                       314149
 :arith-eq-adapter                57640
 :arith-assume-eqs                1240
 :arith-bound-propagations-lp     8969
 :arith-branch                    36318
 :arith-conflicts                 20351
 :arith-cube-calls                11328
 :arith-cube-success              12
 :arith-diseq                     7199
 :arith-fixed-eqs                 53155
 :arith-gcd-calls                 45806
 :arith-gomory-cuts               14198
 :arith-grobner-calls             706
 :arith-grobner-conflicts         8
 :arith-hnf-calls                 2
 :arith-horner-calls              813
 :arith-horner-cross-nested-forms 6347
 :arith-lower                     162757
 :arith-make-feasible             173668
 :arith-max-columns               233
 :arith-max-rows                  131
 :arith-nla-add-bounds            2921
 :arith-nla-lemmas                336
 :arith-nla-propagate-bounds      279
 :arith-nla-propagate-eq          522
 :arith-nra-calls                 1770
 :arith-offset-eqs                724
 :arith-patches                   45806
 :arith-patches-success           567
 :arith-upper                     140253
 :conflicts                       24162
 :datatype-accessor-ax            1523
 :datatype-constructor-ax         3735
 :datatype-splits                 617
 :decisions                       140644
 :del-clause                      107627
 :final-checks                    53773
 :interface-eqs                   620
 :max-memory                      113.70
 :memory                          113.70
 :minimized-lits                  13354
 :mk-bool-var                     375442
 :mk-clause                       107648
 :num-allocs                      3620316406067.00
 :num-checks                      16477
 :propagations                    83305
 :recfun-macro-expansion          7898
 :rlimit-count                    121203252)