unsatisfiable
(:added-eqs                       317285
 :arith-eq-adapter                58219
 :arith-assume-eqs                1254
 :arith-bound-propagations-lp     9025
 :arith-branch                    36707
 :arith-conflicts                 20561
 :arith-cube-calls                11448
 :arith-cube-success              12
 :arith-diseq                     7285
 :arith-fixed-eqs                 53689
 :arith-gcd-calls                 46291
 :arith-gomory-cuts               14343
 :arith-grobner-calls             706
 :arith-grobner-conflicts         8
 :arith-hnf-calls                 2
 :arith-horner-calls              820
 :arith-horner-cross-nested-forms 6359
 :arith-lower                     164455
 :arith-make-feasible             175498
 :arith-max-columns               233
 :arith-max-rows                  131
 :arith-nla-add-bounds            2954
 :arith-nla-lemmas                337
 :arith-nla-propagate-bounds      279
 :arith-nla-propagate-eq          524
 :arith-nra-calls                 1787
 :arith-offset-eqs                737
 :arith-patches                   46291
 :arith-patches-success           573
 :arith-upper                     141516
 :conflicts                       24399
 :datatype-accessor-ax            1537
 :datatype-constructor-ax         3768
 :datatype-splits                 622
 :decisions                       142078
 :del-clause                      108627
 :final-checks                    54336
 :interface-eqs                   627
 :max-memory                      114.64
 :memory                          114.64
 :minimized-lits                  13492
 :mk-bool-var                     379271
 :mk-clause                       108654
 :num-allocs                      3705723526305.00
 :num-checks                      16663
 :propagations                    83953
 :recfun-macro-expansion          7973
 :rlimit-count                    122519132)