unsatisfiable
(:added-eqs                       318212
 :arith-eq-adapter                58389
 :arith-assume-eqs                1260
 :arith-bound-propagations-lp     9043
 :arith-branch                    36817
 :arith-conflicts                 20621
 :arith-cube-calls                11483
 :arith-cube-success              12
 :arith-diseq                     7300
 :arith-fixed-eqs                 53843
 :arith-gcd-calls                 46431
 :arith-gomory-cuts               14395
 :arith-grobner-calls             706
 :arith-grobner-conflicts         8
 :arith-hnf-calls                 2
 :arith-horner-calls              824
 :arith-horner-cross-nested-forms 6370
 :arith-lower                     164951
 :arith-make-feasible             176009
 :arith-max-columns               233
 :arith-max-rows                  131
 :arith-nla-add-bounds            2961
 :arith-nla-lemmas                337
 :arith-nla-propagate-bounds      279
 :arith-nla-propagate-eq          525
 :arith-nra-calls                 1791
 :arith-offset-eqs                739
 :arith-patches                   46431
 :arith-patches-success           574
 :arith-upper                     141875
 :conflicts                       24468
 :datatype-accessor-ax            1540
 :datatype-constructor-ax         3777
 :datatype-splits                 623
 :decisions                       142502
 :del-clause                      108923
 :final-checks                    54498
 :interface-eqs                   630
 :max-memory                      114.93
 :memory                          114.92
 :minimized-lits                  13542
 :mk-bool-var                     380404
 :mk-clause                       108950
 :num-allocs                      3728927868781.00
 :num-checks                      16708
 :propagations                    84133
 :recfun-macro-expansion          7997
 :rlimit-count                    122909980)