unsatisfiable
(:added-eqs                       332113
 :arith-eq-adapter                60874
 :arith-assume-eqs                1328
 :arith-bound-propagations-lp     9332
 :arith-branch                    38234
 :arith-conflicts                 21584
 :arith-cube-calls                11935
 :arith-cube-success              13
 :arith-diseq                     7567
 :arith-fixed-eqs                 56066
 :arith-gcd-calls                 48245
 :arith-gomory-cuts               14978
 :arith-grobner-calls             724
 :arith-grobner-conflicts         8
 :arith-hnf-calls                 2
 :arith-horner-calls              858
 :arith-horner-cross-nested-forms 6568
 :arith-lower                     172314
 :arith-make-feasible             183686
 :arith-max-columns               233
 :arith-max-rows                  131
 :arith-nla-add-bounds            3075
 :arith-nla-lemmas                337
 :arith-nla-propagate-bounds      279
 :arith-nla-propagate-eq          535
 :arith-nra-calls                 1859
 :arith-offset-eqs                769
 :arith-patches                   48245
 :arith-patches-success           593
 :arith-upper                     147072
 :conflicts                       25618
 :datatype-accessor-ax            1630
 :datatype-constructor-ax         3993
 :datatype-splits                 658
 :decisions                       148125
 :del-clause                      113377
 :final-checks                    56666
 :interface-eqs                   664
 :max-memory                      118.95
 :memory                          118.95
 :minimized-lits                  14065
 :mk-bool-var                     397232
 :mk-clause                       113404
 :num-allocs                      4128623818420.00
 :num-checks                      17669
 :propagations                    86830
 :recfun-macro-expansion          8418
 :rlimit-count                    129126433)