unsatisfiable
(:added-eqs                       332043
 :arith-eq-adapter                60864
 :arith-assume-eqs                1328
 :arith-bound-propagations-lp     9332
 :arith-branch                    38232
 :arith-conflicts                 21581
 :arith-cube-calls                11934
 :arith-cube-success              13
 :arith-diseq                     7566
 :arith-fixed-eqs                 56057
 :arith-gcd-calls                 48242
 :arith-gomory-cuts               14978
 :arith-grobner-calls             724
 :arith-grobner-conflicts         8
 :arith-hnf-calls                 2
 :arith-horner-calls              858
 :arith-horner-cross-nested-forms 6568
 :arith-lower                     172283
 :arith-make-feasible             183656
 :arith-max-columns               233
 :arith-max-rows                  131
 :arith-nla-add-bounds            3075
 :arith-nla-lemmas                337
 :arith-nla-propagate-bounds      279
 :arith-nla-propagate-eq          535
 :arith-nra-calls                 1859
 :arith-offset-eqs                769
 :arith-patches                   48242
 :arith-patches-success           592
 :arith-upper                     147051
 :conflicts                       25613
 :datatype-accessor-ax            1629
 :datatype-constructor-ax         3990
 :datatype-splits                 658
 :decisions                       148111
 :del-clause                      113351
 :final-checks                    56661
 :interface-eqs                   664
 :max-memory                      118.86
 :memory                          118.86
 :minimized-lits                  14064
 :mk-bool-var                     397155
 :mk-clause                       113382
 :num-allocs                      4127183052372.00
 :num-checks                      17656
 :propagations                    86820
 :recfun-macro-expansion          8414
 :rlimit-count                    129075480)