satisfiable
(:added-eqs                       332687
 :arith-eq-adapter                60978
 :arith-assume-eqs                1330
 :arith-bound-propagations-lp     9346
 :arith-branch                    38322
 :arith-conflicts                 21624
 :arith-cube-calls                11960
 :arith-cube-success              13
 :arith-diseq                     7581
 :arith-fixed-eqs                 56158
 :arith-gcd-calls                 48345
 :arith-gomory-cuts               14998
 :arith-grobner-calls             724
 :arith-grobner-conflicts         8
 :arith-hnf-calls                 2
 :arith-horner-calls              860
 :arith-horner-cross-nested-forms 6580
 :arith-lower                     172618
 :arith-make-feasible             184037
 :arith-max-columns               233
 :arith-max-rows                  131
 :arith-nla-add-bounds            3081
 :arith-nla-lemmas                337
 :arith-nla-propagate-bounds      279
 :arith-nla-propagate-eq          535
 :arith-nra-calls                 1863
 :arith-offset-eqs                769
 :arith-patches                   48345
 :arith-patches-success           593
 :arith-upper                     147324
 :conflicts                       25662
 :datatype-accessor-ax            1633
 :datatype-constructor-ax         3999
 :datatype-splits                 661
 :decisions                       148401
 :del-clause                      113553
 :final-checks                    56782
 :interface-eqs                   665
 :max-memory                      119.18
 :memory                          119.16
 :minimized-lits                  14085
 :mk-bool-var                     397965
 :mk-clause                       113593
 :num-allocs                      4148822696829.00
 :num-checks                      17689
 :propagations                    86976
 :recfun-macro-expansion          8434
 :rlimit-count                    129384603)