unsatisfiable
(:added-eqs                       333192
 :arith-eq-adapter                61068
 :arith-assume-eqs                1330
 :arith-bound-propagations-lp     9351
 :arith-branch                    38392
 :arith-conflicts                 21660
 :arith-cube-calls                11983
 :arith-cube-success              13
 :arith-diseq                     7595
 :arith-fixed-eqs                 56236
 :arith-gcd-calls                 48438
 :arith-gomory-cuts               15033
 :arith-grobner-calls             724
 :arith-grobner-conflicts         8
 :arith-hnf-calls                 2
 :arith-horner-calls              862
 :arith-horner-cross-nested-forms 6594
 :arith-lower                     172896
 :arith-make-feasible             184364
 :arith-max-columns               233
 :arith-max-rows                  131
 :arith-nla-add-bounds            3087
 :arith-nla-lemmas                337
 :arith-nla-propagate-bounds      279
 :arith-nla-propagate-eq          535
 :arith-nra-calls                 1867
 :arith-offset-eqs                769
 :arith-patches                   48438
 :arith-patches-success           594
 :arith-upper                     147536
 :conflicts                       25702
 :datatype-accessor-ax            1636
 :datatype-constructor-ax         4005
 :datatype-splits                 661
 :decisions                       148626
 :del-clause                      113731
 :final-checks                    56889
 :interface-eqs                   665
 :max-memory                      119.37
 :memory                          119.36
 :minimized-lits                  14104
 :mk-bool-var                     398621
 :mk-clause                       113765
 :num-allocs                      4166171962953.00
 :num-checks                      17730
 :propagations                    87091
 :recfun-macro-expansion          8452
 :rlimit-count                    129732031)