unsatisfiable
(:added-eqs                       334082
 :arith-eq-adapter                61226
 :arith-assume-eqs                1332
 :arith-bound-propagations-lp     9372
 :arith-branch                    38508
 :arith-conflicts                 21728
 :arith-cube-calls                12018
 :arith-cube-success              13
 :arith-diseq                     7612
 :arith-fixed-eqs                 56386
 :arith-gcd-calls                 48579
 :arith-gomory-cuts               15073
 :arith-grobner-calls             724
 :arith-grobner-conflicts         8
 :arith-hnf-calls                 2
 :arith-horner-calls              862
 :arith-horner-cross-nested-forms 6594
 :arith-lower                     173385
 :arith-make-feasible             184898
 :arith-max-columns               233
 :arith-max-rows                  131
 :arith-nla-add-bounds            3092
 :arith-nla-lemmas                337
 :arith-nla-propagate-bounds      279
 :arith-nla-propagate-eq          535
 :arith-nra-calls                 1871
 :arith-offset-eqs                772
 :arith-patches                   48579
 :arith-patches-success           594
 :arith-upper                     147894
 :conflicts                       25777
 :datatype-accessor-ax            1640
 :datatype-constructor-ax         4014
 :datatype-splits                 662
 :decisions                       149082
 :del-clause                      113997
 :final-checks                    57046
 :interface-eqs                   666
 :max-memory                      119.67
 :memory                          119.57
 :minimized-lits                  14153
 :mk-bool-var                     399691
 :mk-clause                       114034
 :num-allocs                      4183565890811.00
 :num-checks                      17758
 :propagations                    87275
 :recfun-macro-expansion          8471
 :rlimit-count                    130006563)