unsatisfiable
(:added-eqs                       335952
 :arith-eq-adapter                61575
 :arith-assume-eqs                1336
 :arith-bound-propagations-lp     9405
 :arith-branch                    38791
 :arith-conflicts                 21871
 :arith-cube-calls                12105
 :arith-cube-success              13
 :arith-diseq                     7666
 :arith-fixed-eqs                 56696
 :arith-gcd-calls                 48929
 :arith-gomory-cuts               15179
 :arith-grobner-calls             724
 :arith-grobner-conflicts         8
 :arith-hnf-calls                 2
 :arith-horner-calls              867
 :arith-horner-cross-nested-forms 6627
 :arith-lower                     174428
 :arith-make-feasible             186095
 :arith-max-columns               233
 :arith-max-rows                  131
 :arith-nla-add-bounds            3113
 :arith-nla-lemmas                337
 :arith-nla-propagate-bounds      279
 :arith-nla-propagate-eq          538
 :arith-nra-calls                 1883
 :arith-offset-eqs                779
 :arith-patches                   48929
 :arith-patches-success           597
 :arith-upper                     148707
 :conflicts                       25935
 :datatype-accessor-ax            1645
 :datatype-constructor-ax         4026
 :datatype-splits                 666
 :decisions                       150066
 :del-clause                      114622
 :final-checks                    57446
 :interface-eqs                   668
 :max-memory                      120.17
 :memory                          120.17
 :minimized-lits                  14249
 :mk-bool-var                     402053
 :mk-clause                       114655
 :num-allocs                      4238867458119.00
 :num-checks                      17874
 :propagations                    87716
 :recfun-macro-expansion          8514
 :rlimit-count                    130820668)