unsatisfiable
(:added-eqs                       345504
 :arith-eq-adapter                63341
 :arith-assume-eqs                1394
 :arith-bound-propagations-lp     9604
 :arith-branch                    39887
 :arith-conflicts                 22530
 :arith-cube-calls                12444
 :arith-cube-success              13
 :arith-diseq                     7885
 :arith-fixed-eqs                 58278
 :arith-gcd-calls                 50291
 :arith-gomory-cuts               15579
 :arith-grobner-calls             739
 :arith-grobner-conflicts         8
 :arith-hnf-calls                 2
 :arith-horner-calls              888
 :arith-horner-cross-nested-forms 6735
 :arith-lower                     179495
 :arith-make-feasible             191539
 :arith-max-columns               233
 :arith-max-rows                  131
 :arith-nla-add-bounds            3201
 :arith-nla-lemmas                337
 :arith-nla-propagate-bounds      279
 :arith-nla-propagate-eq          562
 :arith-nra-calls                 1926
 :arith-offset-eqs                797
 :arith-patches                   50291
 :arith-patches-success           611
 :arith-upper                     152424
 :conflicts                       26708
 :datatype-accessor-ax            1700
 :datatype-constructor-ax         4158
 :datatype-splits                 688
 :decisions                       154219
 :del-clause                      117827
 :final-checks                    59063
 :interface-eqs                   697
 :max-memory                      122.90
 :memory                          122.90
 :minimized-lits                  14580
 :mk-bool-var                     413660
 :mk-clause                       117865
 :num-allocs                      4505870612237.00
 :num-checks                      18480
 :propagations                    89631
 :recfun-macro-expansion          8782
 :rlimit-count                    134900757)