unsatisfiable
(:added-eqs                       347431
 :arith-eq-adapter                63701
 :arith-assume-eqs                1400
 :arith-bound-propagations-lp     9640
 :arith-branch                    40112
 :arith-conflicts                 22664
 :arith-cube-calls                12516
 :arith-cube-success              14
 :arith-diseq                     7931
 :arith-fixed-eqs                 58597
 :arith-gcd-calls                 50576
 :arith-gomory-cuts               15672
 :arith-grobner-calls             742
 :arith-grobner-conflicts         8
 :arith-hnf-calls                 2
 :arith-horner-calls              892
 :arith-horner-cross-nested-forms 6775
 :arith-lower                     180521
 :arith-make-feasible             192641
 :arith-max-columns               233
 :arith-max-rows                  131
 :arith-nla-add-bounds            3222
 :arith-nla-lemmas                337
 :arith-nla-propagate-bounds      279
 :arith-nla-propagate-eq          566
 :arith-nra-calls                 1938
 :arith-offset-eqs                807
 :arith-patches                   50576
 :arith-patches-success           612
 :arith-upper                     153180
 :conflicts                       26873
 :datatype-accessor-ax            1711
 :datatype-constructor-ax         4188
 :datatype-splits                 693
 :decisions                       155057
 :del-clause                      118464
 :final-checks                    59402
 :interface-eqs                   700
 :max-memory                      123.53
 :memory                          123.44
 :minimized-lits                  14645
 :mk-bool-var                     416020
 :mk-clause                       118505
 :num-allocs                      4561837460506.00
 :num-checks                      18613
 :propagations                    90013
 :recfun-macro-expansion          8835
 :rlimit-count                    135721644)