unsatisfiable
(:added-eqs                       351419
 :arith-eq-adapter                64414
 :arith-assume-eqs                1430
 :arith-bound-propagations-lp     9707
 :arith-branch                    40445
 :arith-conflicts                 22893
 :arith-cube-calls                12618
 :arith-cube-success              14
 :arith-diseq                     8006
 :arith-fixed-eqs                 59254
 :arith-gcd-calls                 50986
 :arith-gomory-cuts               15772
 :arith-grobner-calls             742
 :arith-grobner-conflicts         8
 :arith-hnf-calls                 2
 :arith-horner-calls              899
 :arith-horner-cross-nested-forms 6791
 :arith-lower                     182574
 :arith-make-feasible             194629
 :arith-max-columns               233
 :arith-max-rows                  131
 :arith-nla-add-bounds            3245
 :arith-nla-lemmas                337
 :arith-nla-propagate-bounds      279
 :arith-nla-propagate-eq          571
 :arith-nra-calls                 1950
 :arith-offset-eqs                812
 :arith-patches                   50986
 :arith-patches-success           621
 :arith-upper                     154572
 :conflicts                       27157
 :datatype-accessor-ax            1743
 :datatype-constructor-ax         4263
 :datatype-splits                 705
 :decisions                       156429
 :del-clause                      119785
 :final-checks                    59912
 :interface-eqs                   715
 :max-memory                      124.57
 :memory                          124.57
 :minimized-lits                  14753
 :mk-bool-var                     420650
 :mk-clause                       119826
 :num-allocs                      4631886817887.00
 :num-checks                      18896
 :propagations                    90785
 :recfun-macro-expansion          8959
 :rlimit-count                    137382377)