satisfiable
(:added-eqs                       353168
 :arith-eq-adapter                64741
 :arith-assume-eqs                1434
 :arith-bound-propagations-lp     9736
 :arith-branch                    40680
 :arith-conflicts                 23027
 :arith-cube-calls                12689
 :arith-cube-success              14
 :arith-diseq                     8050
 :arith-fixed-eqs                 59533
 :arith-gcd-calls                 51274
 :arith-gomory-cuts               15855
 :arith-grobner-calls             742
 :arith-grobner-conflicts         8
 :arith-hnf-calls                 2
 :arith-horner-calls              901
 :arith-horner-cross-nested-forms 6811
 :arith-lower                     183533
 :arith-make-feasible             195699
 :arith-max-columns               233
 :arith-max-rows                  131
 :arith-nla-add-bounds            3266
 :arith-nla-lemmas                337
 :arith-nla-propagate-bounds      279
 :arith-nla-propagate-eq          574
 :arith-nra-calls                 1961
 :arith-offset-eqs                817
 :arith-patches                   51274
 :arith-patches-success           623
 :arith-upper                     155300
 :conflicts                       27301
 :datatype-accessor-ax            1750
 :datatype-constructor-ax         4278
 :datatype-splits                 706
 :decisions                       157309
 :del-clause                      120358
 :final-checks                    60249
 :interface-eqs                   717
 :max-memory                      125.11
 :memory                          125.11
 :minimized-lits                  14822
 :mk-bool-var                     422852
 :mk-clause                       120413
 :num-allocs                      4707476571011.00
 :num-checks                      18981
 :propagations                    91159
 :recfun-macro-expansion          9009
 :rlimit-count                    138184689
 :time                            0.00)