unsatisfiable
(:added-eqs                       358852
 :arith-eq-adapter                65817
 :arith-assume-eqs                1446
 :arith-bound-propagations-lp     9906
 :arith-branch                    41478
 :arith-conflicts                 23385
 :arith-cube-calls                12957
 :arith-cube-success              14
 :arith-diseq                     8150
 :arith-fixed-eqs                 60574
 :arith-gcd-calls                 52355
 :arith-gomory-cuts               16377
 :arith-grobner-calls             752
 :arith-grobner-conflicts         9
 :arith-hnf-calls                 2
 :arith-horner-calls              910
 :arith-horner-cross-nested-forms 6875
 :arith-lower                     186502
 :arith-make-feasible             198889
 :arith-max-columns               233
 :arith-max-rows                  131
 :arith-nla-add-bounds            3310
 :arith-nla-lemmas                342
 :arith-nla-propagate-bounds      288
 :arith-nla-propagate-eq          580
 :arith-nra-calls                 1986
 :arith-offset-eqs                851
 :arith-patches                   52355
 :arith-patches-success           626
 :arith-upper                     158263
 :conflicts                       27665
 :datatype-accessor-ax            1755
 :datatype-constructor-ax         4290
 :datatype-splits                 710
 :decisions                       160841
 :del-clause                      122231
 :final-checks                    61413
 :interface-eqs                   723
 :max-memory                      127.10
 :memory                          127.01
 :minimized-lits                  15073
 :mk-bool-var                     429425
 :mk-clause                       122282
 :num-allocs                      4898601343091.00
 :num-checks                      19087
 :propagations                    93134
 :recfun-macro-expansion          9068
 :rlimit-count                    139639922)