satisfiable
(:added-eqs                       361207
 :arith-eq-adapter                66255
 :arith-assume-eqs                1446
 :arith-bound-propagations-lp     10036
 :arith-branch                    41742
 :arith-conflicts                 23496
 :arith-cube-calls                13029
 :arith-cube-success              14
 :arith-diseq                     8183
 :arith-fixed-eqs                 61018
 :arith-gcd-calls                 52640
 :arith-gomory-cuts               16403
 :arith-grobner-calls             752
 :arith-grobner-conflicts         9
 :arith-hnf-calls                 2
 :arith-horner-calls              912
 :arith-horner-cross-nested-forms 6875
 :arith-lower                     187656
 :arith-make-feasible             199910
 :arith-max-columns               233
 :arith-max-rows                  131
 :arith-nla-add-bounds            3319
 :arith-nla-lemmas                346
 :arith-nla-propagate-bounds      294
 :arith-nla-propagate-eq          582
 :arith-nra-calls                 1993
 :arith-offset-eqs                855
 :arith-patches                   52640
 :arith-patches-success           626
 :arith-upper                     159505
 :conflicts                       27784
 :datatype-accessor-ax            1757
 :datatype-constructor-ax         4296
 :datatype-splits                 710
 :decisions                       162067
 :del-clause                      122963
 :final-checks                    61719
 :interface-eqs                   723
 :max-memory                      127.61
 :memory                          127.61
 :minimized-lits                  15187
 :mk-bool-var                     431948
 :mk-clause                       123054
 :num-allocs                      4964006244330.00
 :num-checks                      19115
 :propagations                    93919
 :recfun-macro-expansion          9102
 :rlimit-count                    139926202
 :time                            0.01)