unsatisfiable
(:added-eqs                       373629
 :arith-eq-adapter                68603
 :arith-assume-eqs                1456
 :arith-bound-propagations-lp     10607
 :arith-branch                    43657
 :arith-conflicts                 24349
 :arith-cube-calls                13640
 :arith-cube-success              14
 :arith-diseq                     8471
 :arith-fixed-eqs                 63390
 :arith-gcd-calls                 55088
 :arith-gomory-cuts               17350
 :arith-grobner-calls             775
 :arith-grobner-conflicts         13
 :arith-hnf-calls                 2
 :arith-horner-calls              946
 :arith-horner-cross-nested-forms 7315
 :arith-lower                     194169
 :arith-make-feasible             207171
 :arith-max-columns               239
 :arith-max-rows                  137
 :arith-nla-add-bounds            3417
 :arith-nla-lemmas                396
 :arith-nla-propagate-bounds      326
 :arith-nla-propagate-eq          596
 :arith-nra-calls                 2084
 :arith-offset-eqs                911
 :arith-patches                   55088
 :arith-patches-success           629
 :arith-upper                     166871
 :conflicts                       28672
 :datatype-accessor-ax            1766
 :datatype-constructor-ax         4320
 :datatype-splits                 715
 :decisions                       169544
 :del-clause                      127574
 :final-checks                    64383
 :interface-eqs                   728
 :max-memory                      131.27
 :memory                          131.18
 :minimized-lits                  15828
 :mk-bool-var                     446841
 :mk-clause                       127623
 :num-allocs                      5581997781701.00
 :num-checks                      19268
 :propagations                    99328
 :recfun-macro-expansion          9252
 :rlimit-count                    143279788)