unsatisfiable
(:added-eqs                       368169
 :arith-eq-adapter                67592
 :arith-assume-eqs                1452
 :arith-bound-propagations-lp     10389
 :arith-branch                    42808
 :arith-conflicts                 23992
 :arith-cube-calls                13371
 :arith-cube-success              14
 :arith-diseq                     8374
 :arith-fixed-eqs                 62384
 :arith-gcd-calls                 54012
 :arith-gomory-cuts               16942
 :arith-grobner-calls             762
 :arith-grobner-conflicts         10
 :arith-hnf-calls                 2
 :arith-horner-calls              935
 :arith-horner-cross-nested-forms 7055
 :arith-lower                     191295
 :arith-make-feasible             204092
 :arith-max-columns               233
 :arith-max-rows                  131
 :arith-nla-add-bounds            3387
 :arith-nla-lemmas                390
 :arith-nla-propagate-bounds      310
 :arith-nla-propagate-eq          590
 :arith-nra-calls                 2064
 :arith-offset-eqs                867
 :arith-patches                   54012
 :arith-patches-success           629
 :arith-upper                     163717
 :conflicts                       28309
 :datatype-accessor-ax            1762
 :datatype-constructor-ax         4311
 :datatype-splits                 711
 :decisions                       166271
 :del-clause                      125719
 :final-checks                    63240
 :interface-eqs                   726
 :max-memory                      129.61
 :memory                          129.51
 :minimized-lits                  15547
 :mk-bool-var                     440454
 :mk-clause                       125751
 :num-allocs                      5414066721587.00
 :num-checks                      19225
 :propagations                    96922
 :recfun-macro-expansion          9196
 :rlimit-count                    142311212)