unsatisfiable
(:added-eqs                       380420
 :arith-eq-adapter                69896
 :arith-assume-eqs                1462
 :arith-bound-propagations-lp     10951
 :arith-branch                    44542
 :arith-conflicts                 24776
 :arith-cube-calls                13928
 :arith-cube-success              14
 :arith-diseq                     8623
 :arith-fixed-eqs                 64666
 :arith-gcd-calls                 56247
 :arith-gomory-cuts               17832
 :arith-grobner-calls             785
 :arith-grobner-conflicts         14
 :arith-hnf-calls                 2
 :arith-horner-calls              965
 :arith-horner-cross-nested-forms 7444
 :arith-lower                     197694
 :arith-make-feasible             210832
 :arith-max-columns               239
 :arith-max-rows                  137
 :arith-nla-add-bounds            3457
 :arith-nla-lemmas                418
 :arith-nla-propagate-bounds      345
 :arith-nla-propagate-eq          602
 :arith-nra-calls                 2130
 :arith-offset-eqs                921
 :arith-patches                   56247
 :arith-patches-success           630
 :arith-upper                     170819
 :conflicts                       29132
 :datatype-accessor-ax            1773
 :datatype-constructor-ax         4341
 :datatype-splits                 716
 :decisions                       173131
 :del-clause                      130158
 :final-checks                    65643
 :interface-eqs                   731
 :max-memory                      133.16
 :memory                          133.05
 :minimized-lits                  16147
 :mk-bool-var                     454842
 :mk-clause                       130190
 :num-allocs                      5870412307555.00
 :num-checks                      19377
 :propagations                    102173
 :recfun-macro-expansion          9348
 :rlimit-count                    144954063)