satisfiable
(:added-eqs                       376060
 :arith-eq-adapter                69057
 :arith-assume-eqs                1456
 :arith-bound-propagations-lp     10740
 :arith-branch                    43883
 :arith-conflicts                 24471
 :arith-cube-calls                13704
 :arith-cube-success              14
 :arith-diseq                     8516
 :arith-fixed-eqs                 63860
 :arith-gcd-calls                 55346
 :arith-gomory-cuts               17406
 :arith-grobner-calls             775
 :arith-grobner-conflicts         13
 :arith-hnf-calls                 2
 :arith-horner-calls              950
 :arith-horner-cross-nested-forms 7327
 :arith-lower                     195385
 :arith-make-feasible             208216
 :arith-max-columns               239
 :arith-max-rows                  137
 :arith-nla-add-bounds            3424
 :arith-nla-lemmas                401
 :arith-nla-propagate-bounds      334
 :arith-nla-propagate-eq          596
 :arith-nra-calls                 2095
 :arith-offset-eqs                917
 :arith-patches                   55346
 :arith-patches-success           629
 :arith-upper                     168207
 :conflicts                       28805
 :datatype-accessor-ax            1768
 :datatype-constructor-ax         4326
 :datatype-splits                 715
 :decisions                       170648
 :del-clause                      128380
 :final-checks                    64666
 :interface-eqs                   728
 :max-memory                      131.82
 :memory                          131.81
 :minimized-lits                  15918
 :mk-bool-var                     449457
 :mk-clause                       128465
 :num-allocs                      5643344427186.00
 :num-checks                      19304
 :propagations                    100219
 :recfun-macro-expansion          9290
 :rlimit-count                    143680977
 :time                            0.01)