unsatisfiable
(:added-eqs                       395820
 :arith-eq-adapter                72855
 :arith-assume-eqs                1472
 :arith-bound-propagations-lp     11819
 :arith-branch                    45903
 :arith-conflicts                 25576
 :arith-cube-calls                14352
 :arith-cube-success              14
 :arith-diseq                     8917
 :arith-fixed-eqs                 67495
 :arith-gcd-calls                 57940
 :arith-gomory-cuts               18335
 :arith-grobner-calls             794
 :arith-grobner-conflicts         14
 :arith-hnf-calls                 2
 :arith-horner-calls              994
 :arith-horner-cross-nested-forms 7719
 :arith-lower                     205402
 :arith-make-feasible             217680
 :arith-max-columns               239
 :arith-max-rows                  137
 :arith-nla-add-bounds            3531
 :arith-nla-lemmas                457
 :arith-nla-propagate-bounds      370
 :arith-nla-propagate-eq          609
 :arith-nra-calls                 2218
 :arith-offset-eqs                929
 :arith-patches                   57940
 :arith-patches-success           631
 :arith-upper                     179549
 :conflicts                       30005
 :datatype-accessor-ax            1801
 :datatype-constructor-ax         4401
 :datatype-splits                 727
 :decisions                       179410
 :del-clause                      135930
 :final-checks                    67529
 :interface-eqs                   736
 :max-memory                      137.27
 :memory                          137.26
 :minimized-lits                  16715
 :mk-bool-var                     471835
 :mk-clause                       135991
 :num-allocs                      6361795090790.00
 :num-checks                      19586
 :propagations                    108274
 :recfun-macro-expansion          9601
 :rlimit-count                    147843612)