unsatisfiable
(:added-eqs                       406595
 :arith-eq-adapter                74918
 :arith-assume-eqs                1474
 :arith-bound-propagations-lp     12395
 :arith-branch                    47111
 :arith-conflicts                 26221
 :arith-cube-calls                14729
 :arith-cube-success              14
 :arith-diseq                     9170
 :arith-fixed-eqs                 69538
 :arith-gcd-calls                 59455
 :arith-gomory-cuts               18827
 :arith-grobner-calls             813
 :arith-grobner-conflicts         15
 :arith-hnf-calls                 2
 :arith-horner-calls              1018
 :arith-horner-cross-nested-forms 8046
 :arith-lower                     210930
 :arith-make-feasible             222973
 :arith-max-columns               239
 :arith-max-rows                  137
 :arith-nla-add-bounds            3601
 :arith-nla-lemmas                491
 :arith-nla-propagate-bounds      391
 :arith-nla-propagate-eq          617
 :arith-nra-calls                 2287
 :arith-offset-eqs                936
 :arith-patches                   59455
 :arith-patches-success           636
 :arith-upper                     185997
 :conflicts                       30688
 :datatype-accessor-ax            1820
 :datatype-constructor-ax         4443
 :datatype-splits                 735
 :decisions                       184076
 :del-clause                      140056
 :final-checks                    69201
 :interface-eqs                   737
 :max-memory                      140.08
 :memory                          139.98
 :minimized-lits                  17330
 :mk-bool-var                     484104
 :mk-clause                       140099
 :num-allocs                      6755195412349.00
 :num-checks                      19756
 :propagations                    113068
 :recfun-macro-expansion          9760
 :rlimit-count                    150069284)