unsatisfiable
(:added-eqs                       418039
 :arith-eq-adapter                77104
 :arith-assume-eqs                1474
 :arith-bound-propagations-lp     13006
 :arith-branch                    48595
 :arith-conflicts                 26910
 :arith-cube-calls                15207
 :arith-cube-success              14
 :arith-diseq                     9385
 :arith-fixed-eqs                 71641
 :arith-gcd-calls                 61364
 :arith-gomory-cuts               19517
 :arith-grobner-calls             822
 :arith-grobner-conflicts         15
 :arith-hnf-calls                 2
 :arith-horner-calls              1040
 :arith-horner-cross-nested-forms 8163
 :arith-lower                     216870
 :arith-make-feasible             229087
 :arith-max-columns               239
 :arith-max-rows                  137
 :arith-nla-add-bounds            3670
 :arith-nla-lemmas                515
 :arith-nla-propagate-bounds      410
 :arith-nla-propagate-eq          633
 :arith-nra-calls                 2339
 :arith-offset-eqs                946
 :arith-patches                   61364
 :arith-patches-success           637
 :arith-upper                     192720
 :conflicts                       31415
 :datatype-accessor-ax            1834
 :datatype-constructor-ax         4473
 :datatype-splits                 739
 :decisions                       190095
 :del-clause                      144524
 :final-checks                    71256
 :interface-eqs                   737
 :max-memory                      143.26
 :memory                          143.16
 :minimized-lits                  17954
 :mk-bool-var                     497454
 :mk-clause                       144601
 :num-allocs                      7118331756584.00
 :num-checks                      19880
 :propagations                    118102
 :recfun-macro-expansion          9923
 :rlimit-count                    152167027)