unsatisfiable
(:added-eqs                       410377
 :arith-eq-adapter                75665
 :arith-assume-eqs                1474
 :arith-bound-propagations-lp     12652
 :arith-branch                    47412
 :arith-conflicts                 26403
 :arith-cube-calls                14825
 :arith-cube-success              14
 :arith-diseq                     9251
 :arith-fixed-eqs                 70219
 :arith-gcd-calls                 59837
 :arith-gomory-cuts               18937
 :arith-grobner-calls             813
 :arith-grobner-conflicts         15
 :arith-hnf-calls                 2
 :arith-horner-calls              1027
 :arith-horner-cross-nested-forms 8073
 :arith-lower                     212780
 :arith-make-feasible             224600
 :arith-max-columns               239
 :arith-max-rows                  137
 :arith-nla-add-bounds            3623
 :arith-nla-lemmas                499
 :arith-nla-propagate-bounds      394
 :arith-nla-propagate-eq          620
 :arith-nra-calls                 2307
 :arith-offset-eqs                936
 :arith-patches                   59837
 :arith-patches-success           636
 :arith-upper                     188208
 :conflicts                       30888
 :datatype-accessor-ax            1827
 :datatype-constructor-ax         4458
 :datatype-splits                 736
 :decisions                       185319
 :del-clause                      141580
 :final-checks                    69634
 :interface-eqs                   737
 :max-memory                      140.99
 :memory                          140.88
 :minimized-lits                  17481
 :mk-bool-var                     488279
 :mk-clause                       141623
 :num-allocs                      6855409895702.00
 :num-checks                      19810
 :propagations                    114551
 :recfun-macro-expansion          9828
 :rlimit-count                    150713422)