unsatisfiable
(:added-eqs                       448437
 :arith-eq-adapter                82837
 :arith-assume-eqs                1482
 :arith-bound-propagations-lp     14358
 :arith-branch                    53039
 :arith-conflicts                 28821
 :arith-cube-calls                16631
 :arith-cube-success              14
 :arith-diseq                     10074
 :arith-fixed-eqs                 77370
 :arith-gcd-calls                 67077
 :arith-gomory-cuts               21766
 :arith-grobner-calls             851
 :arith-grobner-conflicts         17
 :arith-hnf-calls                 3
 :arith-horner-calls              1110
 :arith-horner-cross-nested-forms 8422
 :arith-lower                     232680
 :arith-make-feasible             245966
 :arith-max-columns               239
 :arith-max-rows                  137
 :arith-nla-add-bounds            3897
 :arith-nla-lemmas                613
 :arith-nla-propagate-bounds      506
 :arith-nla-propagate-eq          670
 :arith-nra-calls                 2518
 :arith-offset-eqs                1030
 :arith-patches                   67077
 :arith-patches-success           646
 :arith-upper                     210529
 :conflicts                       33370
 :datatype-accessor-ax            1856
 :datatype-constructor-ax         4530
 :datatype-splits                 749
 :decisions                       207198
 :del-clause                      155601
 :final-checks                    77452
 :interface-eqs                   741
 :max-memory                      152.67
 :memory                          152.54
 :minimized-lits                  19789
 :mk-bool-var                     533021
 :mk-clause                       155674
 :num-allocs                      8404690572928.00
 :num-checks                      20228
 :propagations                    131203
 :recfun-macro-expansion          10258
 :rlimit-count                    158739330)