unsatisfiable
(:added-eqs                       453204
 :arith-eq-adapter                83740
 :arith-assume-eqs                1484
 :arith-bound-propagations-lp     14589
 :arith-branch                    53880
 :arith-conflicts                 29161
 :arith-cube-calls                16917
 :arith-cube-success              14
 :arith-diseq                     10214
 :arith-fixed-eqs                 78269
 :arith-gcd-calls                 68223
 :arith-gomory-cuts               22291
 :arith-grobner-calls             863
 :arith-grobner-conflicts         19
 :arith-hnf-calls                 3
 :arith-horner-calls              1122
 :arith-horner-cross-nested-forms 8537
 :arith-lower                     235215
 :arith-make-feasible             249134
 :arith-max-columns               239
 :arith-max-rows                  137
 :arith-nla-add-bounds            3950
 :arith-nla-lemmas                631
 :arith-nla-propagate-bounds      522
 :arith-nla-propagate-eq          680
 :arith-nra-calls                 2554
 :arith-offset-eqs                1044
 :arith-patches                   68223
 :arith-patches-success           648
 :arith-upper                     213498
 :conflicts                       33731
 :datatype-accessor-ax            1860
 :datatype-constructor-ax         4542
 :datatype-splits                 750
 :decisions                       210306
 :del-clause                      157690
 :final-checks                    78702
 :interface-eqs                   742
 :max-memory                      154.31
 :memory                          154.21
 :minimized-lits                  20028
 :mk-bool-var                     539060
 :mk-clause                       157723
 :num-allocs                      8618841695170.00
 :num-checks                      20299
 :propagations                    133508
 :recfun-macro-expansion          10318
 :rlimit-count                    159954538)