unsatisfiable
(:added-eqs                       454049
 :arith-eq-adapter                83887
 :arith-assume-eqs                1486
 :arith-bound-propagations-lp     14602
 :arith-branch                    53962
 :arith-conflicts                 29198
 :arith-cube-calls                16945
 :arith-cube-success              14
 :arith-diseq                     10239
 :arith-fixed-eqs                 78401
 :arith-gcd-calls                 68336
 :arith-gomory-cuts               22334
 :arith-grobner-calls             863
 :arith-grobner-conflicts         19
 :arith-hnf-calls                 3
 :arith-horner-calls              1125
 :arith-horner-cross-nested-forms 8538
 :arith-lower                     235607
 :arith-make-feasible             249578
 :arith-max-columns               239
 :arith-max-rows                  137
 :arith-nla-add-bounds            3961
 :arith-nla-lemmas                631
 :arith-nla-propagate-bounds      522
 :arith-nla-propagate-eq          680
 :arith-nra-calls                 2562
 :arith-offset-eqs                1044
 :arith-patches                   68336
 :arith-patches-success           649
 :arith-upper                     213840
 :conflicts                       33798
 :datatype-accessor-ax            1867
 :datatype-constructor-ax         4560
 :datatype-splits                 754
 :decisions                       210636
 :del-clause                      157970
 :final-checks                    78847
 :interface-eqs                   743
 :max-memory                      154.42
 :memory                          154.42
 :minimized-lits                  20067
 :mk-bool-var                     540036
 :mk-clause                       157983
 :num-allocs                      8658824892310.00
 :num-checks                      20382
 :propagations                    133688
 :recfun-macro-expansion          10347
 :rlimit-count                    160430103)