unsatisfiable
(:added-eqs                       458937
 :arith-eq-adapter                84732
 :arith-assume-eqs                1500
 :arith-bound-propagations-lp     14712
 :arith-branch                    54420
 :arith-conflicts                 29530
 :arith-cube-calls                17091
 :arith-cube-success              14
 :arith-diseq                     10383
 :arith-fixed-eqs                 79128
 :arith-gcd-calls                 68948
 :arith-gomory-cuts               22522
 :arith-grobner-calls             872
 :arith-grobner-conflicts         19
 :arith-hnf-calls                 3
 :arith-horner-calls              1136
 :arith-horner-cross-nested-forms 8578
 :arith-lower                     238066
 :arith-make-feasible             252303
 :arith-max-columns               239
 :arith-max-rows                  137
 :arith-nla-add-bounds            4030
 :arith-nla-lemmas                631
 :arith-nla-propagate-bounds      523
 :arith-nla-propagate-eq          689
 :arith-nra-calls                 2599
 :arith-offset-eqs                1044
 :arith-patches                   68948
 :arith-patches-success           672
 :arith-upper                     215723
 :conflicts                       34282
 :datatype-accessor-ax            1915
 :datatype-constructor-ax         4674
 :datatype-splits                 772
 :decisions                       212567
 :del-clause                      159596
 :final-checks                    79653
 :interface-eqs                   750
 :max-memory                      155.79
 :memory                          155.79
 :minimized-lits                  20263
 :mk-bool-var                     546050
 :mk-clause                       159608
 :num-allocs                      8915780694556.00
 :num-checks                      20888
 :propagations                    134627
 :recfun-macro-expansion          10550
 :rlimit-count                    163748682)