unsatisfiable
(:added-eqs                       460372
 :arith-eq-adapter                84971
 :arith-assume-eqs                1504
 :arith-bound-propagations-lp     14740
 :arith-branch                    54564
 :arith-conflicts                 29608
 :arith-cube-calls                17138
 :arith-cube-success              14
 :arith-diseq                     10417
 :arith-fixed-eqs                 79344
 :arith-gcd-calls                 69143
 :arith-gomory-cuts               22589
 :arith-grobner-calls             872
 :arith-grobner-conflicts         19
 :arith-hnf-calls                 3
 :arith-horner-calls              1140
 :arith-horner-cross-nested-forms 8590
 :arith-lower                     238738
 :arith-make-feasible             253093
 :arith-max-columns               239
 :arith-max-rows                  137
 :arith-nla-add-bounds            4048
 :arith-nla-lemmas                631
 :arith-nla-propagate-bounds      523
 :arith-nla-propagate-eq          692
 :arith-nra-calls                 2611
 :arith-offset-eqs                1044
 :arith-patches                   69143
 :arith-patches-success           677
 :arith-upper                     216291
 :conflicts                       34419
 :datatype-accessor-ax            1931
 :datatype-constructor-ax         4716
 :datatype-splits                 781
 :decisions                       213108
 :del-clause                      160064
 :final-checks                    79906
 :interface-eqs                   752
 :max-memory                      156.29
 :memory                          156.19
 :minimized-lits                  20338
 :mk-bool-var                     547771
 :mk-clause                       160079
 :num-allocs                      8989703133344.00
 :num-checks                      21083
 :propagations                    134896
 :recfun-macro-expansion          10607
 :rlimit-count                    164670889)