unsatisfiable
(:added-eqs                       459968
 :arith-eq-adapter                84905
 :arith-assume-eqs                1504
 :arith-bound-propagations-lp     14732
 :arith-branch                    54517
 :arith-conflicts                 29587
 :arith-cube-calls                17122
 :arith-cube-success              14
 :arith-diseq                     10407
 :arith-fixed-eqs                 79283
 :arith-gcd-calls                 69079
 :arith-gomory-cuts               22565
 :arith-grobner-calls             872
 :arith-grobner-conflicts         19
 :arith-hnf-calls                 3
 :arith-horner-calls              1138
 :arith-horner-cross-nested-forms 8590
 :arith-lower                     238551
 :arith-make-feasible             252870
 :arith-max-columns               239
 :arith-max-rows                  137
 :arith-nla-add-bounds            4043
 :arith-nla-lemmas                631
 :arith-nla-propagate-bounds      523
 :arith-nla-propagate-eq          692
 :arith-nra-calls                 2607
 :arith-offset-eqs                1044
 :arith-patches                   69079
 :arith-patches-success           677
 :arith-upper                     216125
 :conflicts                       34379
 :datatype-accessor-ax            1925
 :datatype-constructor-ax         4701
 :datatype-splits                 777
 :decisions                       212946
 :del-clause                      159950
 :final-checks                    79828
 :interface-eqs                   752
 :max-memory                      156.16
 :memory                          156.06
 :minimized-lits                  20318
 :mk-bool-var                     547303
 :mk-clause                       159962
 :num-allocs                      8963870897468.00
 :num-checks                      21040
 :propagations                    134826
 :recfun-macro-expansion          10594
 :rlimit-count                    164464136)