unsatisfiable
(:added-eqs                       460834
 :arith-eq-adapter                85053
 :arith-assume-eqs                1506
 :arith-bound-propagations-lp     14752
 :arith-branch                    54614
 :arith-conflicts                 29636
 :arith-cube-calls                17154
 :arith-cube-success              14
 :arith-diseq                     10438
 :arith-fixed-eqs                 79412
 :arith-gcd-calls                 69211
 :arith-gomory-cuts               22608
 :arith-grobner-calls             879
 :arith-grobner-conflicts         19
 :arith-hnf-calls                 3
 :arith-horner-calls              1143
 :arith-horner-cross-nested-forms 8635
 :arith-lower                     238965
 :arith-make-feasible             253376
 :arith-max-columns               239
 :arith-max-rows                  137
 :arith-nla-add-bounds            4058
 :arith-nla-lemmas                632
 :arith-nla-propagate-bounds      523
 :arith-nla-propagate-eq          693
 :arith-nra-calls                 2618
 :arith-offset-eqs                1044
 :arith-patches                   69211
 :arith-patches-success           681
 :arith-upper                     216483
 :conflicts                       34467
 :datatype-accessor-ax            1933
 :datatype-constructor-ax         4722
 :datatype-splits                 781
 :decisions                       213308
 :del-clause                      160244
 :final-checks                    80000
 :interface-eqs                   753
 :max-memory                      156.41
 :memory                          156.31
 :minimized-lits                  20346
 :mk-bool-var                     548380
 :mk-clause                       160254
 :num-allocs                      9039733552821.00
 :num-checks                      21161
 :propagations                    134995
 :recfun-macro-expansion          10632
 :rlimit-count                    165094794)