satisfiable
(:added-eqs                       462613
 :arith-eq-adapter                85363
 :arith-assume-eqs                1518
 :arith-bound-propagations-lp     14793
 :arith-branch                    54795
 :arith-conflicts                 29748
 :arith-cube-calls                17213
 :arith-cube-success              14
 :arith-diseq                     10498
 :arith-fixed-eqs                 79673
 :arith-gcd-calls                 69454
 :arith-gomory-cuts               22694
 :arith-grobner-calls             881
 :arith-grobner-conflicts         19
 :arith-hnf-calls                 3
 :arith-horner-calls              1149
 :arith-horner-cross-nested-forms 8639
 :arith-lower                     239847
 :arith-make-feasible             254429
 :arith-max-columns               239
 :arith-max-rows                  137
 :arith-nla-add-bounds            4087
 :arith-nla-lemmas                632
 :arith-nla-propagate-bounds      523
 :arith-nla-propagate-eq          701
 :arith-nra-calls                 2624
 :arith-offset-eqs                1044
 :arith-patches                   69454
 :arith-patches-success           688
 :arith-upper                     217186
 :conflicts                       34637
 :datatype-accessor-ax            1955
 :datatype-constructor-ax         4773
 :datatype-splits                 789
 :decisions                       213996
 :del-clause                      160887
 :final-checks                    80324
 :interface-eqs                   759
 :max-memory                      156.95
 :memory                          156.85
 :minimized-lits                  20441
 :mk-bool-var                     550601
 :mk-clause                       160907
 :num-allocs                      9093581482669.00
 :num-checks                      21342
 :propagations                    135367
 :recfun-macro-expansion          10703
 :rlimit-count                    166167042)