satisfiable
(:added-eqs                       463562
 :arith-eq-adapter                85523
 :arith-assume-eqs                1520
 :arith-bound-propagations-lp     14817
 :arith-branch                    54909
 :arith-conflicts                 29827
 :arith-cube-calls                17252
 :arith-cube-success              14
 :arith-diseq                     10528
 :arith-fixed-eqs                 79811
 :arith-gcd-calls                 69609
 :arith-gomory-cuts               22744
 :arith-grobner-calls             881
 :arith-grobner-conflicts         19
 :arith-hnf-calls                 3
 :arith-horner-calls              1154
 :arith-horner-cross-nested-forms 8640
 :arith-lower                     240321
 :arith-make-feasible             255039
 :arith-max-columns               239
 :arith-max-rows                  137
 :arith-nla-add-bounds            4100
 :arith-nla-lemmas                633
 :arith-nla-propagate-bounds      523
 :arith-nla-propagate-eq          703
 :arith-nra-calls                 2636
 :arith-offset-eqs                1044
 :arith-patches                   69609
 :arith-patches-success           693
 :arith-upper                     217587
 :conflicts                       34745
 :datatype-accessor-ax            1966
 :datatype-constructor-ax         4797
 :datatype-splits                 793
 :decisions                       214408
 :del-clause                      161212
 :final-checks                    80522
 :interface-eqs                   760
 :max-memory                      157.25
 :memory                          157.15
 :minimized-lits                  20466
 :mk-bool-var                     551840
 :mk-clause                       161241
 :num-allocs                      9158303084711.00
 :num-checks                      21444
 :propagations                    135549
 :recfun-macro-expansion          10753
 :rlimit-count                    166951784
 :time                            0.00)