unsatisfiable
(:added-eqs                       464870
 :arith-eq-adapter                85755
 :arith-assume-eqs                1522
 :arith-bound-propagations-lp     14853
 :arith-branch                    55061
 :arith-conflicts                 29910
 :arith-cube-calls                17300
 :arith-cube-success              14
 :arith-diseq                     10566
 :arith-fixed-eqs                 80007
 :arith-gcd-calls                 69812
 :arith-gomory-cuts               22803
 :arith-grobner-calls             881
 :arith-grobner-conflicts         19
 :arith-hnf-calls                 3
 :arith-horner-calls              1159
 :arith-horner-cross-nested-forms 8667
 :arith-lower                     240984
 :arith-make-feasible             255812
 :arith-max-columns               239
 :arith-max-rows                  137
 :arith-nla-add-bounds            4120
 :arith-nla-lemmas                633
 :arith-nla-propagate-bounds      523
 :arith-nla-propagate-eq          705
 :arith-nra-calls                 2648
 :arith-offset-eqs                1044
 :arith-patches                   69812
 :arith-patches-success           701
 :arith-upper                     218142
 :conflicts                       34869
 :datatype-accessor-ax            1975
 :datatype-constructor-ax         4818
 :datatype-splits                 798
 :decisions                       214961
 :del-clause                      161656
 :final-checks                    80772
 :interface-eqs                   761
 :max-memory                      157.66
 :memory                          157.56
 :minimized-lits                  20517
 :mk-bool-var                     553497
 :mk-clause                       161671
 :num-allocs                      9242701320809.00
 :num-checks                      21595
 :propagations                    135813
 :recfun-macro-expansion          10804
 :rlimit-count                    167880380)