unsatisfiable
(:added-eqs                       465726
 :arith-eq-adapter                85902
 :arith-assume-eqs                1524
 :arith-bound-propagations-lp     14871
 :arith-branch                    55129
 :arith-conflicts                 29956
 :arith-cube-calls                17322
 :arith-cube-success              14
 :arith-diseq                     10591
 :arith-fixed-eqs                 80138
 :arith-gcd-calls                 69903
 :arith-gomory-cuts               22836
 :arith-grobner-calls             883
 :arith-grobner-conflicts         19
 :arith-hnf-calls                 3
 :arith-horner-calls              1161
 :arith-horner-cross-nested-forms 8683
 :arith-lower                     241398
 :arith-make-feasible             256234
 :arith-max-columns               239
 :arith-max-rows                  137
 :arith-nla-add-bounds            4131
 :arith-nla-lemmas                633
 :arith-nla-propagate-bounds      523
 :arith-nla-propagate-eq          706
 :arith-nra-calls                 2653
 :arith-offset-eqs                1044
 :arith-patches                   69903
 :arith-patches-success           702
 :arith-upper                     218461
 :conflicts                       34941
 :datatype-accessor-ax            1982
 :datatype-constructor-ax         4839
 :datatype-splits                 799
 :decisions                       215279
 :del-clause                      161925
 :final-checks                    80893
 :interface-eqs                   762
 :max-memory                      157.86
 :memory                          157.86
 :minimized-lits                  20551
 :mk-bool-var                     554481
 :mk-clause                       161940
 :num-allocs                      9279814198164.00
 :num-checks                      21681
 :propagations                    135992
 :recfun-macro-expansion          10832
 :rlimit-count                    168335454)