unsatisfiable
(:added-eqs                       467199
 :arith-eq-adapter                86145
 :arith-assume-eqs                1524
 :arith-bound-propagations-lp     14907
 :arith-branch                    55306
 :arith-conflicts                 30058
 :arith-cube-calls                17379
 :arith-cube-success              14
 :arith-diseq                     10637
 :arith-fixed-eqs                 80353
 :arith-gcd-calls                 70134
 :arith-gomory-cuts               22895
 :arith-grobner-calls             890
 :arith-grobner-conflicts         19
 :arith-hnf-calls                 3
 :arith-horner-calls              1168
 :arith-horner-cross-nested-forms 8742
 :arith-lower                     242123
 :arith-make-feasible             257136
 :arith-max-columns               239
 :arith-max-rows                  137
 :arith-nla-add-bounds            4155
 :arith-nla-lemmas                633
 :arith-nla-propagate-bounds      523
 :arith-nla-propagate-eq          708
 :arith-nra-calls                 2668
 :arith-offset-eqs                1054
 :arith-patches                   70134
 :arith-patches-success           712
 :arith-upper                     219066
 :conflicts                       35103
 :datatype-accessor-ax            1996
 :datatype-constructor-ax         4875
 :datatype-splits                 807
 :decisions                       215960
 :del-clause                      162404
 :final-checks                    81182
 :interface-eqs                   762
 :max-memory                      158.29
 :memory                          158.28
 :minimized-lits                  20616
 :mk-bool-var                     556329
 :mk-clause                       162421
 :num-allocs                      9382788859472.00
 :num-checks                      21867
 :propagations                    136266
 :recfun-macro-expansion          10899
 :rlimit-count                    169438204)