unsatisfiable
(:added-eqs                       467362
 :arith-eq-adapter                86173
 :arith-assume-eqs                1524
 :arith-bound-propagations-lp     14909
 :arith-branch                    55321
 :arith-conflicts                 30071
 :arith-cube-calls                17383
 :arith-cube-success              14
 :arith-diseq                     10640
 :arith-fixed-eqs                 80375
 :arith-gcd-calls                 70150
 :arith-gomory-cuts               22896
 :arith-grobner-calls             890
 :arith-grobner-conflicts         19
 :arith-hnf-calls                 3
 :arith-horner-calls              1168
 :arith-horner-cross-nested-forms 8742
 :arith-lower                     242208
 :arith-make-feasible             257221
 :arith-max-columns               239
 :arith-max-rows                  137
 :arith-nla-add-bounds            4155
 :arith-nla-lemmas                633
 :arith-nla-propagate-bounds      523
 :arith-nla-propagate-eq          708
 :arith-nra-calls                 2668
 :arith-offset-eqs                1054
 :arith-patches                   70150
 :arith-patches-success           712
 :arith-upper                     219119
 :conflicts                       35121
 :datatype-accessor-ax            1999
 :datatype-constructor-ax         4881
 :datatype-splits                 807
 :decisions                       215999
 :del-clause                      162465
 :final-checks                    81201
 :interface-eqs                   762
 :max-memory                      158.29
 :memory                          158.28
 :minimized-lits                  20626
 :mk-bool-var                     556530
 :mk-clause                       162482
 :num-allocs                      9382788859472.00
 :num-checks                      21880
 :propagations                    136303
 :recfun-macro-expansion          10906
 :rlimit-count                    169490005)