unsatisfiable
(:added-eqs                       470979
 :arith-eq-adapter                86807
 :arith-assume-eqs                1528
 :arith-bound-propagations-lp     14983
 :arith-branch                    55688
 :arith-conflicts                 30303
 :arith-cube-calls                17500
 :arith-cube-success              14
 :arith-diseq                     10756
 :arith-fixed-eqs                 80916
 :arith-gcd-calls                 70647
 :arith-gomory-cuts               23052
 :arith-grobner-calls             895
 :arith-grobner-conflicts         19
 :arith-hnf-calls                 3
 :arith-horner-calls              1182
 :arith-horner-cross-nested-forms 8853
 :arith-lower                     243984
 :arith-make-feasible             259283
 :arith-max-columns               239
 :arith-max-rows                  137
 :arith-nla-add-bounds            4213
 :arith-nla-lemmas                633
 :arith-nla-propagate-bounds      523
 :arith-nla-propagate-eq          720
 :arith-nra-calls                 2700
 :arith-offset-eqs                1067
 :arith-patches                   70647
 :arith-patches-success           729
 :arith-upper                     220576
 :conflicts                       35446
 :datatype-accessor-ax            2032
 :datatype-constructor-ax         4956
 :datatype-splits                 820
 :decisions                       217478
 :del-clause                      163728
 :final-checks                    81849
 :interface-eqs                   764
 :max-memory                      159.49
 :memory                          159.39
 :minimized-lits                  20763
 :mk-bool-var                     561021
 :mk-clause                       163746
 :num-allocs                      9572115181777.00
 :num-checks                      22227
 :propagations                    137049
 :recfun-macro-expansion          11054
 :rlimit-count                    171948321)