unsatisfiable
(:added-eqs                       475336
 :arith-eq-adapter                87557
 :arith-assume-eqs                1528
 :arith-bound-propagations-lp     15073
 :arith-branch                    56176
 :arith-conflicts                 30637
 :arith-cube-calls                17662
 :arith-cube-success              14
 :arith-diseq                     10908
 :arith-fixed-eqs                 81532
 :arith-gcd-calls                 71310
 :arith-gomory-cuts               23250
 :arith-grobner-calls             899
 :arith-grobner-conflicts         19
 :arith-hnf-calls                 3
 :arith-horner-calls              1198
 :arith-horner-cross-nested-forms 8921
 :arith-lower                     246216
 :arith-make-feasible             261993
 :arith-max-columns               239
 :arith-max-rows                  137
 :arith-nla-add-bounds            4284
 :arith-nla-lemmas                633
 :arith-nla-propagate-bounds      523
 :arith-nla-propagate-eq          734
 :arith-nra-calls                 2736
 :arith-offset-eqs                1081
 :arith-patches                   71310
 :arith-patches-success           756
 :arith-upper                     222321
 :conflicts                       35923
 :datatype-accessor-ax            2080
 :datatype-constructor-ax         5070
 :datatype-splits                 838
 :decisions                       219438
 :del-clause                      165303
 :final-checks                    82699
 :interface-eqs                   764
 :max-memory                      160.89
 :memory                          160.80
 :minimized-lits                  20916
 :mk-bool-var                     566661
 :mk-clause                       165320
 :num-allocs                      9801498513618.00
 :num-checks                      22724
 :propagations                    137978
 :recfun-macro-expansion          11254
 :rlimit-count                    175241040)