satisfiable
(:added-eqs                       475671
 :arith-eq-adapter                87605
 :arith-assume-eqs                1530
 :arith-bound-propagations-lp     15078
 :arith-branch                    56196
 :arith-conflicts                 30654
 :arith-cube-calls                17667
 :arith-cube-success              14
 :arith-diseq                     10911
 :arith-fixed-eqs                 81575
 :arith-gcd-calls                 71333
 :arith-gomory-cuts               23252
 :arith-grobner-calls             899
 :arith-grobner-conflicts         19
 :arith-hnf-calls                 3
 :arith-horner-calls              1198
 :arith-horner-cross-nested-forms 8921
 :arith-lower                     246361
 :arith-make-feasible             262156
 :arith-max-columns               239
 :arith-max-rows                  137
 :arith-nla-add-bounds            4284
 :arith-nla-lemmas                633
 :arith-nla-propagate-bounds      523
 :arith-nla-propagate-eq          734
 :arith-nra-calls                 2736
 :arith-offset-eqs                1081
 :arith-patches                   71333
 :arith-patches-success           757
 :arith-upper                     222437
 :conflicts                       35962
 :datatype-accessor-ax            2091
 :datatype-constructor-ax         5094
 :datatype-splits                 842
 :decisions                       219495
 :del-clause                      165415
 :final-checks                    82737
 :interface-eqs                   765
 :max-memory                      160.89
 :memory                          160.80
 :minimized-lits                  20926
 :mk-bool-var                     567049
 :mk-clause                       165436
 :num-allocs                      9801498513618.00
 :num-checks                      22816
 :propagations                    138046
 :recfun-macro-expansion          11272
 :rlimit-count                    175493768)