satisfiable
(:added-eqs                       481687
 :arith-eq-adapter                88665
 :arith-assume-eqs                1538
 :arith-bound-propagations-lp     15215
 :arith-branch                    56838
 :arith-conflicts                 31105
 :arith-cube-calls                17888
 :arith-cube-success              14
 :arith-diseq                     11147
 :arith-fixed-eqs                 82445
 :arith-gcd-calls                 72248
 :arith-gomory-cuts               23578
 :arith-grobner-calls             917
 :arith-grobner-conflicts         19
 :arith-hnf-calls                 3
 :arith-horner-calls              1225
 :arith-horner-cross-nested-forms 9057
 :arith-lower                     249465
 :arith-make-feasible             265826
 :arith-max-columns               239
 :arith-max-rows                  137
 :arith-nla-add-bounds            4388
 :arith-nla-lemmas                634
 :arith-nla-propagate-bounds      524
 :arith-nla-propagate-eq          750
 :arith-nra-calls                 2794
 :arith-offset-eqs                1115
 :arith-patches                   72248
 :arith-patches-success           788
 :arith-upper                     224843
 :conflicts                       36585
 :datatype-accessor-ax            2142
 :datatype-constructor-ax         5220
 :datatype-splits                 864
 :decisions                       222252
 :del-clause                      167537
 :final-checks                    83903
 :interface-eqs                   769
 :max-memory                      162.96
 :memory                          162.86
 :minimized-lits                  21152
 :mk-bool-var                     574765
 :mk-clause                       167560
 :num-allocs                      10192612569064.00
 :num-checks                      23466
 :propagations                    139335
 :recfun-macro-expansion          11536
 :rlimit-count                    179808993)