satisfiable
(:added-eqs                       482927
 :arith-eq-adapter                88878
 :arith-assume-eqs                1540
 :arith-bound-propagations-lp     15239
 :arith-branch                    56952
 :arith-conflicts                 31182
 :arith-cube-calls                17932
 :arith-cube-success              14
 :arith-diseq                     11178
 :arith-fixed-eqs                 82632
 :arith-gcd-calls                 72429
 :arith-gomory-cuts               23656
 :arith-grobner-calls             917
 :arith-grobner-conflicts         19
 :arith-hnf-calls                 3
 :arith-horner-calls              1230
 :arith-horner-cross-nested-forms 9063
 :arith-lower                     250071
 :arith-make-feasible             266545
 :arith-max-columns               239
 :arith-max-rows                  137
 :arith-nla-add-bounds            4406
 :arith-nla-lemmas                634
 :arith-nla-propagate-bounds      524
 :arith-nla-propagate-eq          755
 :arith-nra-calls                 2803
 :arith-offset-eqs                1123
 :arith-patches                   72429
 :arith-patches-success           795
 :arith-upper                     225326
 :conflicts                       36710
 :datatype-accessor-ax            2153
 :datatype-constructor-ax         5250
 :datatype-splits                 869
 :decisions                       222778
 :del-clause                      167954
 :final-checks                    84126
 :interface-eqs                   770
 :max-memory                      163.34
 :memory                          163.25
 :minimized-lits                  21193
 :mk-bool-var                     576265
 :mk-clause                       167974
 :num-allocs                      10246309914289.00
 :num-checks                      23603
 :propagations                    139574
 :recfun-macro-expansion          11584
 :rlimit-count                    180558121)