unsatisfiable
(:added-eqs                       485449
 :arith-eq-adapter                89293
 :arith-assume-eqs                1550
 :arith-bound-propagations-lp     15287
 :arith-branch                    57194
 :arith-conflicts                 31339
 :arith-cube-calls                18015
 :arith-cube-success              14
 :arith-diseq                     11237
 :arith-fixed-eqs                 83001
 :arith-gcd-calls                 72777
 :arith-gomory-cuts               23781
 :arith-grobner-calls             917
 :arith-grobner-conflicts         19
 :arith-hnf-calls                 3
 :arith-horner-calls              1237
 :arith-horner-cross-nested-forms 9095
 :arith-lower                     251289
 :arith-make-feasible             267984
 :arith-max-columns               239
 :arith-max-rows                  137
 :arith-nla-add-bounds            4432
 :arith-nla-lemmas                635
 :arith-nla-propagate-bounds      524
 :arith-nla-propagate-eq          759
 :arith-nra-calls                 2821
 :arith-offset-eqs                1133
 :arith-patches                   72777
 :arith-patches-success           806
 :arith-upper                     226296
 :conflicts                       36952
 :datatype-accessor-ax            2183
 :datatype-constructor-ax         5319
 :datatype-splits                 881
 :decisions                       223682
 :del-clause                      168788
 :final-checks                    84578
 :interface-eqs                   775
 :max-memory                      164.12
 :memory                          164.11
 :minimized-lits                  21284
 :mk-bool-var                     579365
 :mk-clause                       168809
 :num-allocs                      10400933726040.00
 :num-checks                      23891
 :propagations                    140045
 :recfun-macro-expansion          11702
 :rlimit-count                    182365003)