unsatisfiable
(:added-eqs                       487018
 :arith-eq-adapter                89579
 :arith-assume-eqs                1550
 :arith-bound-propagations-lp     15320
 :arith-branch                    57374
 :arith-conflicts                 31479
 :arith-cube-calls                18078
 :arith-cube-success              14
 :arith-diseq                     11286
 :arith-fixed-eqs                 83230
 :arith-gcd-calls                 73042
 :arith-gomory-cuts               23873
 :arith-grobner-calls             921
 :arith-grobner-conflicts         19
 :arith-hnf-calls                 3
 :arith-horner-calls              1246
 :arith-horner-cross-nested-forms 9160
 :arith-lower                     252140
 :arith-make-feasible             269015
 :arith-max-columns               239
 :arith-max-rows                  137
 :arith-nla-add-bounds            4459
 :arith-nla-lemmas                635
 :arith-nla-propagate-bounds      524
 :arith-nla-propagate-eq          766
 :arith-nra-calls                 2837
 :arith-offset-eqs                1137
 :arith-patches                   73042
 :arith-patches-success           817
 :arith-upper                     226937
 :conflicts                       37127
 :datatype-accessor-ax            2195
 :datatype-constructor-ax         5346
 :datatype-splits                 886
 :decisions                       224542
 :del-clause                      169343
 :final-checks                    84906
 :interface-eqs                   775
 :max-memory                      164.67
 :memory                          164.57
 :minimized-lits                  21320
 :mk-bool-var                     581404
 :mk-clause                       169368
 :num-allocs                      10521946837764.00
 :num-checks                      24053
 :propagations                    140420
 :recfun-macro-expansion          11768
 :rlimit-count                    183518138)