unsatisfiable
(:added-eqs                       486994
 :arith-eq-adapter                89576
 :arith-assume-eqs                1550
 :arith-bound-propagations-lp     15320
 :arith-branch                    57372
 :arith-conflicts                 31478
 :arith-cube-calls                18078
 :arith-cube-success              14
 :arith-diseq                     11286
 :arith-fixed-eqs                 83227
 :arith-gcd-calls                 73039
 :arith-gomory-cuts               23873
 :arith-grobner-calls             921
 :arith-grobner-conflicts         19
 :arith-hnf-calls                 3
 :arith-horner-calls              1246
 :arith-horner-cross-nested-forms 9160
 :arith-lower                     252129
 :arith-make-feasible             268998
 :arith-max-columns               239
 :arith-max-rows                  137
 :arith-nla-add-bounds            4459
 :arith-nla-lemmas                635
 :arith-nla-propagate-bounds      524
 :arith-nla-propagate-eq          766
 :arith-nra-calls                 2837
 :arith-offset-eqs                1137
 :arith-patches                   73039
 :arith-patches-success           816
 :arith-upper                     226927
 :conflicts                       37126
 :datatype-accessor-ax            2195
 :datatype-constructor-ax         5346
 :datatype-splits                 886
 :decisions                       224533
 :del-clause                      169334
 :final-checks                    84901
 :interface-eqs                   775
 :max-memory                      164.67
 :memory                          164.57
 :minimized-lits                  21320
 :mk-bool-var                     581372
 :mk-clause                       169361
 :num-allocs                      10521946837764.00
 :num-checks                      24039
 :propagations                    140415
 :recfun-macro-expansion          11766
 :rlimit-count                    183448102)