unsatisfiable
(:added-eqs                       489781
 :arith-eq-adapter                90075
 :arith-assume-eqs                1558
 :arith-bound-propagations-lp     15389
 :arith-branch                    57668
 :arith-conflicts                 31685
 :arith-cube-calls                18177
 :arith-cube-success              14
 :arith-diseq                     11405
 :arith-fixed-eqs                 83658
 :arith-gcd-calls                 73452
 :arith-gomory-cuts               24002
 :arith-grobner-calls             926
 :arith-grobner-conflicts         19
 :arith-hnf-calls                 3
 :arith-horner-calls              1257
 :arith-horner-cross-nested-forms 9223
 :arith-lower                     253557
 :arith-make-feasible             270688
 :arith-max-columns               239
 :arith-max-rows                  137
 :arith-nla-add-bounds            4510
 :arith-nla-lemmas                635
 :arith-nla-propagate-bounds      524
 :arith-nla-propagate-eq          776
 :arith-nra-calls                 2860
 :arith-offset-eqs                1152
 :arith-patches                   73452
 :arith-patches-success           833
 :arith-upper                     228097
 :conflicts                       37414
 :datatype-accessor-ax            2211
 :datatype-constructor-ax         5391
 :datatype-splits                 892
 :decisions                       225958
 :del-clause                      170326
 :final-checks                    85422
 :interface-eqs                   779
 :max-memory                      165.42
 :memory                          165.41
 :minimized-lits                  21416
 :mk-bool-var                     584846
 :mk-clause                       170351
 :num-allocs                      10683449262390.00
 :num-checks                      24310
 :propagations                    141040
 :recfun-macro-expansion          11870
 :rlimit-count                    185158269)