unsatisfiable
(:added-eqs                       492318
 :arith-eq-adapter                90497
 :arith-assume-eqs                1564
 :arith-bound-propagations-lp     15433
 :arith-branch                    57915
 :arith-conflicts                 31850
 :arith-cube-calls                18257
 :arith-cube-success              14
 :arith-diseq                     11488
 :arith-fixed-eqs                 84014
 :arith-gcd-calls                 73790
 :arith-gomory-cuts               24100
 :arith-grobner-calls             926
 :arith-grobner-conflicts         19
 :arith-hnf-calls                 3
 :arith-horner-calls              1269
 :arith-horner-cross-nested-forms 9286
 :arith-lower                     254800
 :arith-make-feasible             272162
 :arith-max-columns               239
 :arith-max-rows                  137
 :arith-nla-add-bounds            4546
 :arith-nla-lemmas                635
 :arith-nla-propagate-bounds      524
 :arith-nla-propagate-eq          783
 :arith-nra-calls                 2877
 :arith-offset-eqs                1158
 :arith-patches                   73790
 :arith-patches-success           846
 :arith-upper                     229065
 :conflicts                       37665
 :datatype-accessor-ax            2250
 :datatype-constructor-ax         5478
 :datatype-splits                 908
 :decisions                       226980
 :del-clause                      171204
 :final-checks                    85870
 :interface-eqs                   782
 :max-memory                      166.24
 :memory                          166.14
 :minimized-lits                  21486
 :mk-bool-var                     588005
 :mk-clause                       171230
 :num-allocs                      10781257383078.00
 :num-checks                      24641
 :propagations                    141554
 :recfun-macro-expansion          11990
 :rlimit-count                    187083743)