unsatisfiable
(:added-eqs                       494355
 :arith-eq-adapter                90882
 :arith-assume-eqs                1568
 :arith-bound-propagations-lp     15483
 :arith-branch                    58144
 :arith-conflicts                 32027
 :arith-cube-calls                18329
 :arith-cube-success              14
 :arith-diseq                     11571
 :arith-fixed-eqs                 84316
 :arith-gcd-calls                 74106
 :arith-gomory-cuts               24202
 :arith-grobner-calls             935
 :arith-grobner-conflicts         19
 :arith-hnf-calls                 3
 :arith-horner-calls              1277
 :arith-horner-cross-nested-forms 9361
 :arith-lower                     255913
 :arith-make-feasible             273412
 :arith-max-columns               239
 :arith-max-rows                  137
 :arith-nla-add-bounds            4585
 :arith-nla-lemmas                636
 :arith-nla-propagate-bounds      524
 :arith-nla-propagate-eq          792
 :arith-nra-calls                 2899
 :arith-offset-eqs                1167
 :arith-patches                   74106
 :arith-patches-success           860
 :arith-upper                     229872
 :conflicts                       37894
 :datatype-accessor-ax            2261
 :datatype-constructor-ax         5508
 :datatype-splits                 913
 :decisions                       228029
 :del-clause                      171972
 :final-checks                    86270
 :interface-eqs                   784
 :max-memory                      166.92
 :memory                          166.83
 :minimized-lits                  21591
 :mk-bool-var                     590699
 :mk-clause                       171998
 :num-allocs                      10946168841824.00
 :num-checks                      24827
 :propagations                    142009
 :recfun-macro-expansion          12072
 :rlimit-count                    188395451)