unsatisfiable
(:added-eqs                       495159
 :arith-eq-adapter                91023
 :arith-assume-eqs                1570
 :arith-bound-propagations-lp     15498
 :arith-branch                    58239
 :arith-conflicts                 32092
 :arith-cube-calls                18357
 :arith-cube-success              14
 :arith-diseq                     11608
 :arith-fixed-eqs                 84434
 :arith-gcd-calls                 74231
 :arith-gomory-cuts               24233
 :arith-grobner-calls             935
 :arith-grobner-conflicts         19
 :arith-hnf-calls                 3
 :arith-horner-calls              1282
 :arith-horner-cross-nested-forms 9384
 :arith-lower                     256330
 :arith-make-feasible             273918
 :arith-max-columns               239
 :arith-max-rows                  137
 :arith-nla-add-bounds            4604
 :arith-nla-lemmas                636
 :arith-nla-propagate-bounds      524
 :arith-nla-propagate-eq          793
 :arith-nra-calls                 2909
 :arith-offset-eqs                1169
 :arith-patches                   74231
 :arith-patches-success           865
 :arith-upper                     230206
 :conflicts                       37987
 :datatype-accessor-ax            2266
 :datatype-constructor-ax         5523
 :datatype-splits                 914
 :decisions                       228445
 :del-clause                      172252
 :final-checks                    86433
 :interface-eqs                   785
 :max-memory                      167.19
 :memory                          167.09
 :minimized-lits                  21606
 :mk-bool-var                     591752
 :mk-clause                       172284
 :num-allocs                      11041241781805.00
 :num-checks                      24913
 :propagations                    142170
 :recfun-macro-expansion          12110
 :rlimit-count                    188973984)