unsatisfiable
(:added-eqs                       495178
 :arith-eq-adapter                91025
 :arith-assume-eqs                1570
 :arith-bound-propagations-lp     15498
 :arith-branch                    58239
 :arith-conflicts                 32092
 :arith-cube-calls                18357
 :arith-cube-success              14
 :arith-diseq                     11608
 :arith-fixed-eqs                 84436
 :arith-gcd-calls                 74232
 :arith-gomory-cuts               24233
 :arith-grobner-calls             935
 :arith-grobner-conflicts         19
 :arith-hnf-calls                 3
 :arith-horner-calls              1282
 :arith-horner-cross-nested-forms 9384
 :arith-lower                     256337
 :arith-make-feasible             273928
 :arith-max-columns               239
 :arith-max-rows                  137
 :arith-nla-add-bounds            4604
 :arith-nla-lemmas                636
 :arith-nla-propagate-bounds      524
 :arith-nla-propagate-eq          793
 :arith-nra-calls                 2909
 :arith-offset-eqs                1169
 :arith-patches                   74232
 :arith-patches-success           866
 :arith-upper                     230213
 :conflicts                       37989
 :datatype-accessor-ax            2266
 :datatype-constructor-ax         5523
 :datatype-splits                 914
 :decisions                       228452
 :del-clause                      172264
 :final-checks                    86436
 :interface-eqs                   785
 :max-memory                      167.19
 :memory                          167.09
 :minimized-lits                  21606
 :mk-bool-var                     591777
 :mk-clause                       172290
 :num-allocs                      11041241781805.00
 :num-checks                      24929
 :propagations                    142172
 :recfun-macro-expansion          12112
 :rlimit-count                    189043047)