unsatisfiable
(:added-eqs                       497601
 :arith-eq-adapter                91430
 :arith-assume-eqs                1580
 :arith-bound-propagations-lp     15540
 :arith-branch                    58447
 :arith-conflicts                 32241
 :arith-cube-calls                18420
 :arith-cube-success              14
 :arith-diseq                     11671
 :arith-fixed-eqs                 84790
 :arith-gcd-calls                 74492
 :arith-gomory-cuts               24282
 :arith-grobner-calls             940
 :arith-grobner-conflicts         19
 :arith-hnf-calls                 3
 :arith-horner-calls              1287
 :arith-horner-cross-nested-forms 9433
 :arith-lower                     257519
 :arith-make-feasible             275209
 :arith-max-columns               239
 :arith-max-rows                  137
 :arith-nla-add-bounds            4629
 :arith-nla-lemmas                636
 :arith-nla-propagate-bounds      524
 :arith-nla-propagate-eq          798
 :arith-nra-calls                 2922
 :arith-offset-eqs                1169
 :arith-patches                   74492
 :arith-patches-success           875
 :arith-upper                     231113
 :conflicts                       38211
 :datatype-accessor-ax            2300
 :datatype-constructor-ax         5598
 :datatype-splits                 926
 :decisions                       229351
 :del-clause                      173059
 :final-checks                    86789
 :interface-eqs                   790
 :max-memory                      167.81
 :memory                          167.81
 :minimized-lits                  21672
 :mk-bool-var                     594670
 :mk-clause                       173088
 :num-allocs                      11145329364807.00
 :num-checks                      25181
 :propagations                    142661
 :recfun-macro-expansion          12217
 :rlimit-count                    190653062)