satisfiable
(:added-eqs                       496737
 :arith-eq-adapter                91275
 :arith-assume-eqs                1578
 :arith-bound-propagations-lp     15520
 :arith-branch                    58354
 :arith-conflicts                 32179
 :arith-cube-calls                18390
 :arith-cube-success              14
 :arith-diseq                     11641
 :arith-fixed-eqs                 84655
 :arith-gcd-calls                 74374
 :arith-gomory-cuts               24256
 :arith-grobner-calls             935
 :arith-grobner-conflicts         19
 :arith-hnf-calls                 3
 :arith-horner-calls              1285
 :arith-horner-cross-nested-forms 9416
 :arith-lower                     257073
 :arith-make-feasible             274701
 :arith-max-columns               239
 :arith-max-rows                  137
 :arith-nla-add-bounds            4616
 :arith-nla-lemmas                636
 :arith-nla-propagate-bounds      524
 :arith-nla-propagate-eq          793
 :arith-nra-calls                 2917
 :arith-offset-eqs                1169
 :arith-patches                   74374
 :arith-patches-success           872
 :arith-upper                     230756
 :conflicts                       38133
 :datatype-accessor-ax            2293
 :datatype-constructor-ax         5583
 :datatype-splits                 925
 :decisions                       228924
 :del-clause                      172770
 :final-checks                    86638
 :interface-eqs                   789
 :max-memory                      167.62
 :memory                          167.52
 :minimized-lits                  21639
 :mk-bool-var                     593629
 :mk-clause                       172800
 :num-allocs                      11106468791900.00
 :num-checks                      25113
 :propagations                    142467
 :recfun-macro-expansion          12186
 :rlimit-count                    190092767)