satisfiable
(:added-eqs                       499301
 :arith-eq-adapter                91706
 :arith-assume-eqs                1590
 :arith-bound-propagations-lp     15572
 :arith-branch                    58599
 :arith-conflicts                 32337
 :arith-cube-calls                18465
 :arith-cube-success              14
 :arith-diseq                     11702
 :arith-fixed-eqs                 85035
 :arith-gcd-calls                 74682
 :arith-gomory-cuts               24317
 :arith-grobner-calls             944
 :arith-grobner-conflicts         19
 :arith-hnf-calls                 3
 :arith-horner-calls              1290
 :arith-horner-cross-nested-forms 9465
 :arith-lower                     258314
 :arith-make-feasible             276123
 :arith-max-columns               239
 :arith-max-rows                  137
 :arith-nla-add-bounds            4644
 :arith-nla-lemmas                636
 :arith-nla-propagate-bounds      524
 :arith-nla-propagate-eq          800
 :arith-nra-calls                 2928
 :arith-offset-eqs                1174
 :arith-patches                   74682
 :arith-patches-success           883
 :arith-upper                     231775
 :conflicts                       38364
 :datatype-accessor-ax            2326
 :datatype-constructor-ax         5655
 :datatype-splits                 937
 :decisions                       229949
 :del-clause                      173593
 :final-checks                    87044
 :interface-eqs                   795
 :max-memory                      168.36
 :memory                          168.26
 :minimized-lits                  21706
 :mk-bool-var                     596671
 :mk-clause                       173635
 :num-allocs                      11194628880361.00
 :num-checks                      25385
 :propagations                    143005
 :recfun-macro-expansion          12293
 :rlimit-count                    191722193
 :time                            0.00)