unsatisfiable
(:added-eqs                       498367
 :arith-eq-adapter                91557
 :arith-assume-eqs                1582
 :arith-bound-propagations-lp     15558
 :arith-branch                    58531
 :arith-conflicts                 32293
 :arith-cube-calls                18444
 :arith-cube-success              14
 :arith-diseq                     11693
 :arith-fixed-eqs                 84898
 :arith-gcd-calls                 74596
 :arith-gomory-cuts               24302
 :arith-grobner-calls             944
 :arith-grobner-conflicts         19
 :arith-hnf-calls                 3
 :arith-horner-calls              1289
 :arith-horner-cross-nested-forms 9459
 :arith-lower                     257889
 :arith-make-feasible             275681
 :arith-max-columns               239
 :arith-max-rows                  137
 :arith-nla-add-bounds            4638
 :arith-nla-lemmas                636
 :arith-nla-propagate-bounds      524
 :arith-nla-propagate-eq          799
 :arith-nra-calls                 2926
 :arith-offset-eqs                1172
 :arith-patches                   74596
 :arith-patches-success           879
 :arith-upper                     231445
 :conflicts                       38291
 :datatype-accessor-ax            2311
 :datatype-constructor-ax         5622
 :datatype-splits                 930
 :decisions                       229655
 :del-clause                      173326
 :final-checks                    86927
 :interface-eqs                   791
 :max-memory                      167.95
 :memory                          167.95
 :minimized-lits                  21689
 :mk-bool-var                     595631
 :mk-clause                       173359
 :num-allocs                      11180186994644.00
 :num-checks                      25304
 :propagations                    142833
 :recfun-macro-expansion          12254
 :rlimit-count                    191217549)