satisfiable
(:added-eqs                       500229
 :arith-eq-adapter                91867
 :arith-assume-eqs                1594
 :arith-bound-propagations-lp     15597
 :arith-branch                    58706
 :arith-conflicts                 32407
 :arith-cube-calls                18499
 :arith-cube-success              14
 :arith-diseq                     11740
 :arith-fixed-eqs                 85179
 :arith-gcd-calls                 74824
 :arith-gomory-cuts               24350
 :arith-grobner-calls             944
 :arith-grobner-conflicts         19
 :arith-hnf-calls                 3
 :arith-horner-calls              1294
 :arith-horner-cross-nested-forms 9489
 :arith-lower                     258784
 :arith-make-feasible             276708
 :arith-max-columns               239
 :arith-max-rows                  137
 :arith-nla-add-bounds            4662
 :arith-nla-lemmas                637
 :arith-nla-propagate-bounds      524
 :arith-nla-propagate-eq          804
 :arith-nra-calls                 2937
 :arith-offset-eqs                1179
 :arith-patches                   74824
 :arith-patches-success           890
 :arith-upper                     232159
 :conflicts                       38453
 :datatype-accessor-ax            2333
 :datatype-constructor-ax         5670
 :datatype-splits                 938
 :decisions                       230402
 :del-clause                      173902
 :final-checks                    87227
 :interface-eqs                   797
 :max-memory                      168.59
 :memory                          168.49
 :minimized-lits                  21733
 :mk-bool-var                     597853
 :mk-clause                       173950
 :num-allocs                      11260828563516.00
 :num-checks                      25470
 :propagations                    143184
 :recfun-macro-expansion          12337
 :rlimit-count                    192468808
 :time                            0.00)