unsatisfiable
(:added-eqs                       500911
 :arith-eq-adapter                91988
 :arith-assume-eqs                1596
 :arith-bound-propagations-lp     15614
 :arith-branch                    58804
 :arith-conflicts                 32463
 :arith-cube-calls                18529
 :arith-cube-success              15
 :arith-diseq                     11767
 :arith-fixed-eqs                 85272
 :arith-gcd-calls                 74948
 :arith-gomory-cuts               24379
 :arith-grobner-calls             944
 :arith-grobner-conflicts         19
 :arith-hnf-calls                 3
 :arith-horner-calls              1299
 :arith-horner-cross-nested-forms 9497
 :arith-lower                     259156
 :arith-make-feasible             277182
 :arith-max-columns               239
 :arith-max-rows                  137
 :arith-nla-add-bounds            4674
 :arith-nla-lemmas                637
 :arith-nla-propagate-bounds      524
 :arith-nla-propagate-eq          805
 :arith-nra-calls                 2946
 :arith-offset-eqs                1182
 :arith-patches                   74948
 :arith-patches-success           895
 :arith-upper                     232444
 :conflicts                       38532
 :datatype-accessor-ax            2340
 :datatype-constructor-ax         5688
 :datatype-splits                 942
 :decisions                       230721
 :del-clause                      174153
 :final-checks                    87381
 :interface-eqs                   798
 :max-memory                      168.88
 :memory                          168.78
 :minimized-lits                  21742
 :mk-bool-var                     598788
 :mk-clause                       174193
 :num-allocs                      11373032657795.00
 :num-checks                      25584
 :propagations                    143345
 :recfun-macro-expansion          12370
 :rlimit-count                    193083371)