unsatisfiable
(:added-eqs                       500340
 :arith-eq-adapter                91885
 :arith-assume-eqs                1594
 :arith-bound-propagations-lp     15599
 :arith-branch                    58722
 :arith-conflicts                 32416
 :arith-cube-calls                18503
 :arith-cube-success              14
 :arith-diseq                     11746
 :arith-fixed-eqs                 85193
 :arith-gcd-calls                 74845
 :arith-gomory-cuts               24351
 :arith-grobner-calls             944
 :arith-grobner-conflicts         19
 :arith-hnf-calls                 3
 :arith-horner-calls              1295
 :arith-horner-cross-nested-forms 9489
 :arith-lower                     258835
 :arith-make-feasible             276785
 :arith-max-columns               239
 :arith-max-rows                  137
 :arith-nla-add-bounds            4666
 :arith-nla-lemmas                637
 :arith-nla-propagate-bounds      524
 :arith-nla-propagate-eq          804
 :arith-nra-calls                 2940
 :arith-offset-eqs                1179
 :arith-patches                   74845
 :arith-patches-success           894
 :arith-upper                     232210
 :conflicts                       38468
 :datatype-accessor-ax            2335
 :datatype-constructor-ax         5676
 :datatype-splits                 938
 :decisions                       230469
 :del-clause                      173960
 :final-checks                    87255
 :interface-eqs                   797
 :max-memory                      168.71
 :memory                          168.61
 :minimized-lits                  21733
 :mk-bool-var                     598011
 :mk-clause                       173991
 :num-allocs                      11291949749722.00
 :num-checks                      25524
 :propagations                    143207
 :recfun-macro-expansion          12344
 :rlimit-count                    192690417)