unsatisfiable
(:added-eqs                       500847
 :arith-eq-adapter                91978
 :arith-assume-eqs                1596
 :arith-bound-propagations-lp     15614
 :arith-branch                    58804
 :arith-conflicts                 32460
 :arith-cube-calls                18528
 :arith-cube-success              14
 :arith-diseq                     11766
 :arith-fixed-eqs                 85265
 :arith-gcd-calls                 74947
 :arith-gomory-cuts               24379
 :arith-grobner-calls             944
 :arith-grobner-conflicts         19
 :arith-hnf-calls                 3
 :arith-horner-calls              1299
 :arith-horner-cross-nested-forms 9497
 :arith-lower                     259127
 :arith-make-feasible             277162
 :arith-max-columns               239
 :arith-max-rows                  137
 :arith-nla-add-bounds            4674
 :arith-nla-lemmas                637
 :arith-nla-propagate-bounds      524
 :arith-nla-propagate-eq          805
 :arith-nra-calls                 2946
 :arith-offset-eqs                1182
 :arith-patches                   74947
 :arith-patches-success           895
 :arith-upper                     232430
 :conflicts                       38524
 :datatype-accessor-ax            2338
 :datatype-constructor-ax         5682
 :datatype-splits                 942
 :decisions                       230716
 :del-clause                      174142
 :final-checks                    87380
 :interface-eqs                   798
 :max-memory                      168.88
 :memory                          168.78
 :minimized-lits                  21742
 :mk-bool-var                     598715
 :mk-clause                       174173
 :num-allocs                      11373032657795.00
 :num-checks                      25572
 :propagations                    143333
 :recfun-macro-expansion          12366
 :rlimit-count                    193062152)