unsatisfiable
(:added-eqs                       500983
 :arith-eq-adapter                92004
 :arith-assume-eqs                1596
 :arith-bound-propagations-lp     15617
 :arith-branch                    58822
 :arith-conflicts                 32477
 :arith-cube-calls                18532
 :arith-cube-success              15
 :arith-diseq                     11776
 :arith-fixed-eqs                 85284
 :arith-gcd-calls                 74970
 :arith-gomory-cuts               24379
 :arith-grobner-calls             944
 :arith-grobner-conflicts         19
 :arith-hnf-calls                 3
 :arith-horner-calls              1300
 :arith-horner-cross-nested-forms 9497
 :arith-lower                     259206
 :arith-make-feasible             277257
 :arith-max-columns               239
 :arith-max-rows                  137
 :arith-nla-add-bounds            4677
 :arith-nla-lemmas                637
 :arith-nla-propagate-bounds      524
 :arith-nla-propagate-eq          806
 :arith-nra-calls                 2948
 :arith-offset-eqs                1182
 :arith-patches                   74970
 :arith-patches-success           899
 :arith-upper                     232485
 :conflicts                       38546
 :datatype-accessor-ax            2340
 :datatype-constructor-ax         5688
 :datatype-splits                 942
 :decisions                       230811
 :del-clause                      174194
 :final-checks                    87405
 :interface-eqs                   798
 :max-memory                      168.89
 :memory                          168.89
 :minimized-lits                  21743
 :mk-bool-var                     598908
 :mk-clause                       174230
 :num-allocs                      11387601923908.00
 :num-checks                      25588
 :propagations                    143363
 :recfun-macro-expansion          12372
 :rlimit-count                    193147990)