unsatisfiable
(:added-eqs                       504006
 :arith-eq-adapter                92549
 :arith-assume-eqs                1614
 :arith-bound-propagations-lp     15676
 :arith-branch                    59155
 :arith-conflicts                 32688
 :arith-cube-calls                18640
 :arith-cube-success              15
 :arith-diseq                     11877
 :arith-fixed-eqs                 85743
 :arith-gcd-calls                 75416
 :arith-gomory-cuts               24510
 :arith-grobner-calls             953
 :arith-grobner-conflicts         19
 :arith-hnf-calls                 3
 :arith-horner-calls              1308
 :arith-horner-cross-nested-forms 9563
 :arith-lower                     260729
 :arith-make-feasible             279044
 :arith-max-columns               239
 :arith-max-rows                  137
 :arith-nla-add-bounds            4724
 :arith-nla-lemmas                637
 :arith-nla-propagate-bounds      524
 :arith-nla-propagate-eq          819
 :arith-nra-calls                 2975
 :arith-offset-eqs                1194
 :arith-patches                   75416
 :arith-patches-success           917
 :arith-upper                     233715
 :conflicts                       38857
 :datatype-accessor-ax            2362
 :datatype-constructor-ax         5748
 :datatype-splits                 952
 :decisions                       232233
 :del-clause                      175276
 :final-checks                    87978
 :interface-eqs                   807
 :max-memory                      169.77
 :memory                          169.77
 :minimized-lits                  21854
 :mk-bool-var                     602728
 :mk-clause                       175306
 :num-allocs                      11632542519357.00
 :num-checks                      25919
 :propagations                    144039
 :recfun-macro-expansion          12492
 :rlimit-count                    195141008)