satisfiable
(:added-eqs                       504305
 :arith-eq-adapter                92606
 :arith-assume-eqs                1616
 :arith-bound-propagations-lp     15681
 :arith-branch                    59193
 :arith-conflicts                 32713
 :arith-cube-calls                18652
 :arith-cube-success              15
 :arith-diseq                     11888
 :arith-fixed-eqs                 85790
 :arith-gcd-calls                 75464
 :arith-gomory-cuts               24520
 :arith-grobner-calls             953
 :arith-grobner-conflicts         19
 :arith-hnf-calls                 3
 :arith-horner-calls              1310
 :arith-horner-cross-nested-forms 9583
 :arith-lower                     260888
 :arith-make-feasible             279244
 :arith-max-columns               239
 :arith-max-rows                  137
 :arith-nla-add-bounds            4730
 :arith-nla-lemmas                637
 :arith-nla-propagate-bounds      524
 :arith-nla-propagate-eq          820
 :arith-nra-calls                 2979
 :arith-offset-eqs                1195
 :arith-patches                   75464
 :arith-patches-success           918
 :arith-upper                     233847
 :conflicts                       38886
 :datatype-accessor-ax            2362
 :datatype-constructor-ax         5748
 :datatype-splits                 952
 :decisions                       232384
 :del-clause                      175388
 :final-checks                    88041
 :interface-eqs                   808
 :max-memory                      169.89
 :memory                          169.79
 :minimized-lits                  21857
 :mk-bool-var                     603136
 :mk-clause                       175430
 :num-allocs                      11662026791990.00
 :num-checks                      25937
 :propagations                    144104
 :recfun-macro-expansion          12507
 :rlimit-count                    195338682)