unsatisfiable
(:added-eqs                       505732
 :arith-eq-adapter                92851
 :arith-assume-eqs                1620
 :arith-bound-propagations-lp     15716
 :arith-branch                    59356
 :arith-conflicts                 32810
 :arith-cube-calls                18703
 :arith-cube-success              15
 :arith-diseq                     11933
 :arith-fixed-eqs                 86008
 :arith-gcd-calls                 75682
 :arith-gomory-cuts               24579
 :arith-grobner-calls             953
 :arith-grobner-conflicts         19
 :arith-hnf-calls                 3
 :arith-horner-calls              1317
 :arith-horner-cross-nested-forms 9623
 :arith-lower                     261592
 :arith-make-feasible             280109
 :arith-max-columns               239
 :arith-max-rows                  137
 :arith-nla-add-bounds            4753
 :arith-nla-lemmas                637
 :arith-nla-propagate-bounds      524
 :arith-nla-propagate-eq          824
 :arith-nra-calls                 2992
 :arith-offset-eqs                1205
 :arith-patches                   75682
 :arith-patches-success           927
 :arith-upper                     234435
 :conflicts                       39031
 :datatype-accessor-ax            2373
 :datatype-constructor-ax         5778
 :datatype-splits                 957
 :decisions                       233018
 :del-clause                      175867
 :final-checks                    88309
 :interface-eqs                   810
 :max-memory                      170.29
 :memory                          170.29
 :minimized-lits                  21915
 :mk-bool-var                     604928
 :mk-clause                       175899
 :num-allocs                      11731769255370.00
 :num-checks                      26094
 :propagations                    144378
 :recfun-macro-expansion          12565
 :rlimit-count                    196294924)