unsatisfiable
(:added-eqs                       505399
 :arith-eq-adapter                92792
 :arith-assume-eqs                1620
 :arith-bound-propagations-lp     15711
 :arith-branch                    59333
 :arith-conflicts                 32789
 :arith-cube-calls                18694
 :arith-cube-success              15
 :arith-diseq                     11920
 :arith-fixed-eqs                 85959
 :arith-gcd-calls                 75646
 :arith-gomory-cuts               24568
 :arith-grobner-calls             953
 :arith-grobner-conflicts         19
 :arith-hnf-calls                 3
 :arith-horner-calls              1315
 :arith-horner-cross-nested-forms 9615
 :arith-lower                     261428
 :arith-make-feasible             279942
 :arith-max-columns               239
 :arith-max-rows                  137
 :arith-nla-add-bounds            4747
 :arith-nla-lemmas                637
 :arith-nla-propagate-bounds      524
 :arith-nla-propagate-eq          824
 :arith-nra-calls                 2988
 :arith-offset-eqs                1204
 :arith-patches                   75646
 :arith-patches-success           925
 :arith-upper                     234309
 :conflicts                       39002
 :datatype-accessor-ax            2371
 :datatype-constructor-ax         5772
 :datatype-splits                 957
 :decisions                       232864
 :del-clause                      175765
 :final-checks                    88260
 :interface-eqs                   810
 :max-memory                      170.18
 :memory                          170.18
 :minimized-lits                  21910
 :mk-bool-var                     604531
 :mk-clause                       175795
 :num-allocs                      11708474775132.00
 :num-checks                      26061
 :propagations                    144313
 :recfun-macro-expansion          12552
 :rlimit-count                    196059891)