unsatisfiable
(:added-eqs                       519110
 :arith-eq-adapter                95418
 :arith-assume-eqs                1644
 :arith-bound-propagations-lp     16459
 :arith-branch                    60898
 :arith-conflicts                 33735
 :arith-cube-calls                19168
 :arith-cube-success              15
 :arith-diseq                     12284
 :arith-fixed-eqs                 88330
 :arith-gcd-calls                 77570
 :arith-gomory-cuts               25105
 :arith-grobner-calls             971
 :arith-grobner-conflicts         19
 :arith-hnf-calls                 3
 :arith-horner-calls              1355
 :arith-horner-cross-nested-forms 9971
 :arith-lower                     268461
 :arith-make-feasible             287472
 :arith-max-columns               239
 :arith-max-rows                  137
 :arith-nla-add-bounds            4879
 :arith-nla-lemmas                677
 :arith-nla-propagate-bounds      545
 :arith-nla-propagate-eq          846
 :arith-nra-calls                 3095
 :arith-offset-eqs                1226
 :arith-patches                   77570
 :arith-patches-success           958
 :arith-upper                     241897
 :conflicts                       40093
 :datatype-accessor-ax            2436
 :datatype-constructor-ax         5919
 :datatype-splits                 981
 :decisions                       239390
 :del-clause                      181454
 :final-checks                    90516
 :interface-eqs                   822
 :max-memory                      174.37
 :memory                          174.27
 :minimized-lits                  22389
 :mk-bool-var                     621274
 :mk-clause                       181494
 :num-allocs                      12466019636072.00
 :num-checks                      26631
 :propagations                    149471
 :recfun-macro-expansion          12903
 :rlimit-count                    200848477)