unsatisfiable
(:added-eqs                       523107
 :arith-eq-adapter                96172
 :arith-assume-eqs                1646
 :arith-bound-propagations-lp     16661
 :arith-branch                    61219
 :arith-conflicts                 33936
 :arith-cube-calls                19254
 :arith-cube-success              15
 :arith-diseq                     12388
 :arith-fixed-eqs                 89094
 :arith-gcd-calls                 77920
 :arith-gomory-cuts               25149
 :arith-grobner-calls             971
 :arith-grobner-conflicts         19
 :arith-hnf-calls                 3
 :arith-horner-calls              1368
 :arith-horner-cross-nested-forms 10000
 :arith-lower                     270388
 :arith-make-feasible             289105
 :arith-max-columns               239
 :arith-max-rows                  137
 :arith-nla-add-bounds            4914
 :arith-nla-lemmas                686
 :arith-nla-propagate-bounds      557
 :arith-nla-propagate-eq          854
 :arith-nra-calls                 3119
 :arith-offset-eqs                1229
 :arith-patches                   77920
 :arith-patches-success           963
 :arith-upper                     244171
 :conflicts                       40304
 :datatype-accessor-ax            2439
 :datatype-constructor-ax         5925
 :datatype-splits                 981
 :decisions                       241177
 :del-clause                      182878
 :final-checks                    90935
 :interface-eqs                   823
 :max-memory                      175.21
 :memory                          175.21
 :minimized-lits                  22571
 :mk-bool-var                     625526
 :mk-clause                       182937
 :num-allocs                      12671906952637.00
 :num-checks                      26681
 :propagations                    151054
 :recfun-macro-expansion          12964
 :rlimit-count                    201812088)