unsatisfiable
(:added-eqs                       532932
 :arith-eq-adapter                98048
 :arith-assume-eqs                1650
 :arith-bound-propagations-lp     17147
 :arith-branch                    62829
 :arith-conflicts                 34674
 :arith-cube-calls                19737
 :arith-cube-success              15
 :arith-diseq                     12611
 :arith-fixed-eqs                 90910
 :arith-gcd-calls                 79853
 :arith-gomory-cuts               25759
 :arith-grobner-calls             991
 :arith-grobner-conflicts         22
 :arith-hnf-calls                 3
 :arith-horner-calls              1397
 :arith-horner-cross-nested-forms 10189
 :arith-lower                     275686
 :arith-make-feasible             295205
 :arith-max-columns               239
 :arith-max-rows                  137
 :arith-nla-add-bounds            4996
 :arith-nla-lemmas                729
 :arith-nla-propagate-bounds      594
 :arith-nla-propagate-eq          868
 :arith-nra-calls                 3194
 :arith-offset-eqs                1266
 :arith-patches                   79853
 :arith-patches-success           967
 :arith-upper                     250105
 :conflicts                       41060
 :datatype-accessor-ax            2450
 :datatype-constructor-ax         5952
 :datatype-splits                 986
 :decisions                       247218
 :del-clause                      186663
 :final-checks                    93061
 :interface-eqs                   825
 :max-memory                      178.19
 :memory                          177.89
 :minimized-lits                  23114
 :mk-bool-var                     637715
 :mk-clause                       186704
 :num-allocs                      13386089775892.00
 :num-checks                      26843
 :propagations                    155024
 :recfun-macro-expansion          13105
 :rlimit-count                    204561855)