unsatisfiable
(:added-eqs                       543147
 :arith-eq-adapter                99984
 :arith-assume-eqs                1656
 :arith-bound-propagations-lp     17624
 :arith-branch                    64444
 :arith-conflicts                 35378
 :arith-cube-calls                20228
 :arith-cube-success              16
 :arith-diseq                     12852
 :arith-fixed-eqs                 92804
 :arith-gcd-calls                 81828
 :arith-gomory-cuts               26416
 :arith-grobner-calls             1004
 :arith-grobner-conflicts         25
 :arith-hnf-calls                 3
 :arith-horner-calls              1433
 :arith-horner-cross-nested-forms 10363
 :arith-lower                     281137
 :arith-make-feasible             301289
 :arith-max-columns               239
 :arith-max-rows                  137
 :arith-nla-add-bounds            5097
 :arith-nla-lemmas                774
 :arith-nla-propagate-bounds      626
 :arith-nla-propagate-eq          902
 :arith-nra-calls                 3270
 :arith-offset-eqs                1333
 :arith-patches                   81828
 :arith-patches-success           979
 :arith-upper                     256147
 :conflicts                       41788
 :datatype-accessor-ax            2459
 :datatype-constructor-ax         5976
 :datatype-splits                 991
 :decisions                       253739
 :del-clause                      190673
 :final-checks                    95234
 :interface-eqs                   828
 :max-memory                      180.99
 :memory                          180.89
 :minimized-lits                  23708
 :mk-bool-var                     650235
 :mk-clause                       190705
 :num-allocs                      14036266081000.00
 :num-checks                      26986
 :propagations                    159580
 :recfun-macro-expansion          13232
 :rlimit-count                    207135168)