unsatisfiable
(:added-eqs                       545137
 :arith-eq-adapter                100367
 :arith-assume-eqs                1658
 :arith-bound-propagations-lp     17696
 :arith-branch                    64671
 :arith-conflicts                 35477
 :arith-cube-calls                20297
 :arith-cube-success              16
 :arith-diseq                     12911
 :arith-fixed-eqs                 93172
 :arith-gcd-calls                 82109
 :arith-gomory-cuts               26518
 :arith-grobner-calls             1004
 :arith-grobner-conflicts         25
 :arith-hnf-calls                 3
 :arith-horner-calls              1439
 :arith-horner-cross-nested-forms 10363
 :arith-lower                     282087
 :arith-make-feasible             302296
 :arith-max-columns               239
 :arith-max-rows                  137
 :arith-nla-add-bounds            5116
 :arith-nla-lemmas                777
 :arith-nla-propagate-bounds      629
 :arith-nla-propagate-eq          907
 :arith-nra-calls                 3286
 :arith-offset-eqs                1334
 :arith-patches                   82109
 :arith-patches-success           980
 :arith-upper                     257302
 :conflicts                       41893
 :datatype-accessor-ax            2461
 :datatype-constructor-ax         5982
 :datatype-splits                 991
 :decisions                       254674
 :del-clause                      191376
 :final-checks                    95553
 :interface-eqs                   829
 :max-memory                      181.55
 :memory                          181.55
 :minimized-lits                  23759
 :mk-bool-var                     652509
 :mk-clause                       191433
 :num-allocs                      14205451402443.00
 :num-checks                      27021
 :propagations                    160340
 :recfun-macro-expansion          13276
 :rlimit-count                    207877848)