unsatisfiable
(:added-eqs                       549356
 :arith-eq-adapter                101173
 :arith-assume-eqs                1662
 :arith-bound-propagations-lp     17964
 :arith-branch                    65049
 :arith-conflicts                 35719
 :arith-cube-calls                20404
 :arith-cube-success              17
 :arith-diseq                     13010
 :arith-fixed-eqs                 93974
 :arith-gcd-calls                 82537
 :arith-gomory-cuts               26601
 :arith-grobner-calls             1013
 :arith-grobner-conflicts         25
 :arith-hnf-calls                 3
 :arith-horner-calls              1448
 :arith-horner-cross-nested-forms 10438
 :arith-lower                     284220
 :arith-make-feasible             304123
 :arith-max-columns               239
 :arith-max-rows                  137
 :arith-nla-add-bounds            5142
 :arith-nla-lemmas                792
 :arith-nla-propagate-bounds      644
 :arith-nla-propagate-eq          911
 :arith-nra-calls                 3318
 :arith-offset-eqs                1345
 :arith-patches                   82537
 :arith-patches-success           981
 :arith-upper                     259690
 :conflicts                       42180
 :datatype-accessor-ax            2472
 :datatype-constructor-ax         6009
 :datatype-splits                 995
 :decisions                       256400
 :del-clause                      193044
 :final-checks                    96054
 :interface-eqs                   831
 :max-memory                      182.53
 :memory                          182.42
 :minimized-lits                  23978
 :mk-bool-var                     657217
 :mk-clause                       193084
 :num-allocs                      14449900269582.00
 :num-checks                      27127
 :propagations                    162048
 :recfun-macro-expansion          13355
 :rlimit-count                    208833838)