unsatisfiable
(:added-eqs                       550866
 :arith-eq-adapter                101469
 :arith-assume-eqs                1664
 :arith-bound-propagations-lp     18090
 :arith-branch                    65124
 :arith-conflicts                 35798
 :arith-cube-calls                20423
 :arith-cube-success              17
 :arith-diseq                     13044
 :arith-fixed-eqs                 94253
 :arith-gcd-calls                 82615
 :arith-gomory-cuts               26606
 :arith-grobner-calls             1013
 :arith-grobner-conflicts         25
 :arith-hnf-calls                 3
 :arith-horner-calls              1451
 :arith-horner-cross-nested-forms 10450
 :arith-lower                     284940
 :arith-make-feasible             304674
 :arith-max-columns               239
 :arith-max-rows                  137
 :arith-nla-add-bounds            5150
 :arith-nla-lemmas                797
 :arith-nla-propagate-bounds      645
 :arith-nla-propagate-eq          912
 :arith-nra-calls                 3330
 :arith-offset-eqs                1345
 :arith-patches                   82615
 :arith-patches-success           981
 :arith-upper                     260612
 :conflicts                       42274
 :datatype-accessor-ax            2480
 :datatype-constructor-ax         6027
 :datatype-splits                 999
 :decisions                       256799
 :del-clause                      193686
 :final-checks                    96157
 :interface-eqs                   832
 :max-memory                      182.90
 :memory                          182.78
 :minimized-lits                  24015
 :mk-bool-var                     658912
 :mk-clause                       193755
 :num-allocs                      14516113661533.00
 :num-checks                      27163
 :propagations                    162702
 :recfun-macro-expansion          13400
 :rlimit-count                    209145211)