unsatisfiable
(:added-eqs                       573694
 :arith-eq-adapter                105815
 :arith-assume-eqs                1680
 :arith-bound-propagations-lp     19271
 :arith-branch                    67922
 :arith-conflicts                 37257
 :arith-cube-calls                21264
 :arith-cube-success              17
 :arith-diseq                     13573
 :arith-fixed-eqs                 98479
 :arith-gcd-calls                 86011
 :arith-gomory-cuts               27689
 :arith-grobner-calls             1042
 :arith-grobner-conflicts         27
 :arith-hnf-calls                 3
 :arith-horner-calls              1514
 :arith-horner-cross-nested-forms 10989
 :arith-lower                     296591
 :arith-make-feasible             316663
 :arith-max-columns               239
 :arith-max-rows                  137
 :arith-nla-add-bounds            5335
 :arith-nla-lemmas                878
 :arith-nla-propagate-bounds      719
 :arith-nla-propagate-eq          940
 :arith-nra-calls                 3491
 :arith-offset-eqs                1418
 :arith-patches                   86011
 :arith-patches-success           1006
 :arith-upper                     274093
 :conflicts                       43789
 :datatype-accessor-ax            2508
 :datatype-constructor-ax         6093
 :datatype-splits                 1009
 :decisions                       269581
 :del-clause                      202467
 :final-checks                    99958
 :interface-eqs                   840
 :max-memory                      189.22
 :memory                          189.02
 :minimized-lits                  24912
 :mk-bool-var                     685396
 :mk-clause                       202559
 :num-allocs                      16081081317150.00
 :num-checks                      27512
 :propagations                    172631
 :recfun-macro-expansion          13756
 :rlimit-count                    215255203
 :time                            0.00)