unsatisfiable
(:added-eqs                       587292
 :arith-eq-adapter                108391
 :arith-assume-eqs                1686
 :arith-bound-propagations-lp     19869
 :arith-branch                    69572
 :arith-conflicts                 38087
 :arith-cube-calls                21769
 :arith-cube-success              18
 :arith-diseq                     13882
 :arith-fixed-eqs                 101016
 :arith-gcd-calls                 88035
 :arith-gomory-cuts               28372
 :arith-grobner-calls             1054
 :arith-grobner-conflicts         30
 :arith-hnf-calls                 3
 :arith-horner-calls              1547
 :arith-horner-cross-nested-forms 11433
 :arith-lower                     303574
 :arith-make-feasible             323687
 :arith-max-columns               239
 :arith-max-rows                  137
 :arith-nla-add-bounds            5450
 :arith-nla-lemmas                926
 :arith-nla-propagate-bounds      761
 :arith-nla-propagate-eq          970
 :arith-nra-calls                 3585
 :arith-offset-eqs                1460
 :arith-patches                   88035
 :arith-patches-success           1019
 :arith-upper                     281534
 :conflicts                       44683
 :datatype-accessor-ax            2525
 :datatype-constructor-ax         6138
 :datatype-splits                 1018
 :decisions                       276839
 :del-clause                      207597
 :final-checks                    102226
 :interface-eqs                   843
 :max-memory                      192.86
 :memory                          192.86
 :minimized-lits                  25657
 :mk-bool-var                     701113
 :mk-clause                       207603
 :num-allocs                      16994579899596.00
 :num-checks                      27764
 :propagations                    178002
 :recfun-macro-expansion          13954
 :rlimit-count                    218748599)