satisfiable
(:added-eqs                       587850
 :arith-eq-adapter                108487
 :arith-assume-eqs                1688
 :arith-bound-propagations-lp     19881
 :arith-branch                    69643
 :arith-conflicts                 38132
 :arith-cube-calls                21793
 :arith-cube-success              18
 :arith-diseq                     13904
 :arith-fixed-eqs                 101102
 :arith-gcd-calls                 88131
 :arith-gomory-cuts               28411
 :arith-grobner-calls             1058
 :arith-grobner-conflicts         30
 :arith-hnf-calls                 3
 :arith-horner-calls              1549
 :arith-horner-cross-nested-forms 11459
 :arith-lower                     303854
 :arith-make-feasible             324048
 :arith-max-columns               239
 :arith-max-rows                  137
 :arith-nla-add-bounds            5457
 :arith-nla-lemmas                926
 :arith-nla-propagate-bounds      761
 :arith-nla-propagate-eq          973
 :arith-nra-calls                 3588
 :arith-offset-eqs                1464
 :arith-patches                   88131
 :arith-patches-success           1019
 :arith-upper                     281779
 :conflicts                       44746
 :datatype-accessor-ax            2530
 :datatype-constructor-ax         6153
 :datatype-splits                 1019
 :decisions                       277117
 :del-clause                      207788
 :final-checks                    102345
 :interface-eqs                   844
 :max-memory                      192.98
 :memory                          192.89
 :minimized-lits                  25698
 :mk-bool-var                     701814
 :mk-clause                       207807
 :num-allocs                      17035301561556.00
 :num-checks                      27819
 :propagations                    178128
 :recfun-macro-expansion          13974
 :rlimit-count                    219047085)