satisfiable
(:added-eqs                       589001
 :arith-eq-adapter                108680
 :arith-assume-eqs                1694
 :arith-bound-propagations-lp     19900
 :arith-branch                    69732
 :arith-conflicts                 38184
 :arith-cube-calls                21825
 :arith-cube-success              18
 :arith-diseq                     13930
 :arith-fixed-eqs                 101276
 :arith-gcd-calls                 88257
 :arith-gomory-cuts               28452
 :arith-grobner-calls             1063
 :arith-grobner-conflicts         30
 :arith-hnf-calls                 3
 :arith-horner-calls              1554
 :arith-horner-cross-nested-forms 11507
 :arith-lower                     304387
 :arith-make-feasible             324611
 :arith-max-columns               239
 :arith-max-rows                  137
 :arith-nla-add-bounds            5471
 :arith-nla-lemmas                926
 :arith-nla-propagate-bounds      761
 :arith-nla-propagate-eq          976
 :arith-nra-calls                 3596
 :arith-offset-eqs                1467
 :arith-patches                   88257
 :arith-patches-success           1026
 :arith-upper                     282198
 :conflicts                       44841
 :datatype-accessor-ax            2541
 :datatype-constructor-ax         6183
 :datatype-splits                 1024
 :decisions                       277513
 :del-clause                      208141
 :final-checks                    102512
 :interface-eqs                   847
 :max-memory                      193.27
 :memory                          193.17
 :minimized-lits                  25736
 :mk-bool-var                     703126
 :mk-clause                       208159
 :num-allocs                      17166914935749.00
 :num-checks                      27957
 :propagations                    178356
 :recfun-macro-expansion          14018
 :rlimit-count                    219764874)