satisfiable
(:added-eqs                       592963
 :arith-eq-adapter                109356
 :arith-assume-eqs                1698
 :arith-bound-propagations-lp     19995
 :arith-branch                    70144
 :arith-conflicts                 38449
 :arith-cube-calls                21956
 :arith-cube-success              18
 :arith-diseq                     14035
 :arith-fixed-eqs                 101852
 :arith-gcd-calls                 88804
 :arith-gomory-cuts               28626
 :arith-grobner-calls             1063
 :arith-grobner-conflicts         30
 :arith-hnf-calls                 3
 :arith-horner-calls              1568
 :arith-horner-cross-nested-forms 11565
 :arith-lower                     306365
 :arith-make-feasible             326867
 :arith-max-columns               239
 :arith-max-rows                  137
 :arith-nla-add-bounds            5519
 :arith-nla-lemmas                926
 :arith-nla-propagate-bounds      761
 :arith-nla-propagate-eq          987
 :arith-nra-calls                 3625
 :arith-offset-eqs                1480
 :arith-patches                   88804
 :arith-patches-success           1047
 :arith-upper                     283732
 :conflicts                       45224
 :datatype-accessor-ax            2586
 :datatype-constructor-ax         6282
 :datatype-splits                 1040
 :decisions                       278920
 :del-clause                      209490
 :final-checks                    103212
 :interface-eqs                   849
 :max-memory                      194.49
 :memory                          194.39
 :minimized-lits                  25975
 :mk-bool-var                     708033
 :mk-clause                       209497
 :num-allocs                      17593153931063.00
 :num-checks                      28383
 :propagations                    179169
 :recfun-macro-expansion          14186
 :rlimit-count                    222499360)