unsatisfiable
(:added-eqs                       592692
 :arith-eq-adapter                109311
 :arith-assume-eqs                1696
 :arith-bound-propagations-lp     19989
 :arith-branch                    70121
 :arith-conflicts                 38439
 :arith-cube-calls                21948
 :arith-cube-success              18
 :arith-diseq                     14032
 :arith-fixed-eqs                 101811
 :arith-gcd-calls                 88773
 :arith-gomory-cuts               28614
 :arith-grobner-calls             1063
 :arith-grobner-conflicts         30
 :arith-hnf-calls                 3
 :arith-horner-calls              1567
 :arith-horner-cross-nested-forms 11565
 :arith-lower                     306242
 :arith-make-feasible             326732
 :arith-max-columns               239
 :arith-max-rows                  137
 :arith-nla-add-bounds            5517
 :arith-nla-lemmas                926
 :arith-nla-propagate-bounds      761
 :arith-nla-propagate-eq          986
 :arith-nra-calls                 3624
 :arith-offset-eqs                1480
 :arith-patches                   88773
 :arith-patches-success           1047
 :arith-upper                     283634
 :conflicts                       45206
 :datatype-accessor-ax            2582
 :datatype-constructor-ax         6273
 :datatype-splits                 1039
 :decisions                       278850
 :del-clause                      209409
 :final-checks                    103171
 :interface-eqs                   848
 :max-memory                      194.45
 :memory                          194.35
 :minimized-lits                  25967
 :mk-bool-var                     707734
 :mk-clause                       209418
 :num-allocs                      17565447062230.00
 :num-checks                      28360
 :propagations                    179119
 :recfun-macro-expansion          14176
 :rlimit-count                    222380485)