unsatisfiable
(:added-eqs                       593721
 :arith-eq-adapter                109488
 :arith-assume-eqs                1702
 :arith-bound-propagations-lp     20008
 :arith-branch                    70223
 :arith-conflicts                 38494
 :arith-cube-calls                21980
 :arith-cube-success              18
 :arith-diseq                     14056
 :arith-fixed-eqs                 101971
 :arith-gcd-calls                 88905
 :arith-gomory-cuts               28653
 :arith-grobner-calls             1063
 :arith-grobner-conflicts         30
 :arith-hnf-calls                 3
 :arith-horner-calls              1570
 :arith-horner-cross-nested-forms 11577
 :arith-lower                     306733
 :arith-make-feasible             327282
 :arith-max-columns               239
 :arith-max-rows                  137
 :arith-nla-add-bounds            5527
 :arith-nla-lemmas                926
 :arith-nla-propagate-bounds      761
 :arith-nla-propagate-eq          989
 :arith-nra-calls                 3630
 :arith-offset-eqs                1482
 :arith-patches                   88905
 :arith-patches-success           1050
 :arith-upper                     284048
 :conflicts                       45284
 :datatype-accessor-ax            2590
 :datatype-constructor-ax         6291
 :datatype-splits                 1043
 :decisions                       279182
 :del-clause                      209744
 :final-checks                    103341
 :interface-eqs                   851
 :max-memory                      194.69
 :memory                          194.69
 :minimized-lits                  26016
 :mk-bool-var                     708945
 :mk-clause                       209752
 :num-allocs                      17662541534523.00
 :num-checks                      28438
 :propagations                    179332
 :recfun-macro-expansion          14214
 :rlimit-count                    222939170)