satisfiable
(:added-eqs                       596258
 :arith-eq-adapter                109921
 :arith-assume-eqs                1704
 :arith-bound-propagations-lp     20057
 :arith-branch                    70471
 :arith-conflicts                 38640
 :arith-cube-calls                22064
 :arith-cube-success              18
 :arith-diseq                     14123
 :arith-fixed-eqs                 102361
 :arith-gcd-calls                 89250
 :arith-gomory-cuts               28772
 :arith-grobner-calls             1072
 :arith-grobner-conflicts         30
 :arith-hnf-calls                 3
 :arith-horner-calls              1577
 :arith-horner-cross-nested-forms 11638
 :arith-lower                     307975
 :arith-make-feasible             328655
 :arith-max-columns               239
 :arith-max-rows                  137
 :arith-nla-add-bounds            5561
 :arith-nla-lemmas                926
 :arith-nla-propagate-bounds      761
 :arith-nla-propagate-eq          994
 :arith-nra-calls                 3648
 :arith-offset-eqs                1486
 :arith-patches                   89250
 :arith-patches-success           1063
 :arith-upper                     285044
 :conflicts                       45484
 :datatype-accessor-ax            2613
 :datatype-constructor-ax         6342
 :datatype-splits                 1052
 :decisions                       280198
 :del-clause                      210501
 :final-checks                    103769
 :interface-eqs                   852
 :max-memory                      195.49
 :memory                          195.39
 :minimized-lits                  26143
 :mk-bool-var                     711911
 :mk-clause                       210526
 :num-allocs                      17895163642145.00
 :num-checks                      28665
 :propagations                    179838
 :recfun-macro-expansion          14306
 :rlimit-count                    224485973
 :time                            0.00)