unsatisfiable
(:added-eqs                       598365
 :arith-eq-adapter                110279
 :arith-assume-eqs                1704
 :arith-bound-propagations-lp     20092
 :arith-branch                    70689
 :arith-conflicts                 38765
 :arith-cube-calls                22133
 :arith-cube-success              18
 :arith-diseq                     14179
 :arith-fixed-eqs                 102679
 :arith-gcd-calls                 89539
 :arith-gomory-cuts               28870
 :arith-grobner-calls             1072
 :arith-grobner-conflicts         30
 :arith-hnf-calls                 3
 :arith-horner-calls              1584
 :arith-horner-cross-nested-forms 11665
 :arith-lower                     309003
 :arith-make-feasible             329815
 :arith-max-columns               239
 :arith-max-rows                  137
 :arith-nla-add-bounds            5588
 :arith-nla-lemmas                927
 :arith-nla-propagate-bounds      761
 :arith-nla-propagate-eq          996
 :arith-nra-calls                 3664
 :arith-offset-eqs                1494
 :arith-patches                   89539
 :arith-patches-success           1067
 :arith-upper                     285880
 :conflicts                       45682
 :datatype-accessor-ax            2629
 :datatype-constructor-ax         6387
 :datatype-splits                 1058
 :decisions                       281055
 :del-clause                      211178
 :final-checks                    104135
 :interface-eqs                   852
 :max-memory                      196.00
 :memory                          195.90
 :minimized-lits                  26265
 :mk-bool-var                     714425
 :mk-clause                       211192
 :num-allocs                      18082570043604.00
 :num-checks                      28880
 :propagations                    180239
 :recfun-macro-expansion          14381
 :rlimit-count                    225697381)