satisfiable
(:added-eqs                       601593
 :arith-eq-adapter                110850
 :arith-assume-eqs                1704
 :arith-bound-propagations-lp     20165
 :arith-branch                    71046
 :arith-conflicts                 38996
 :arith-cube-calls                22243
 :arith-cube-success              18
 :arith-diseq                     14273
 :arith-fixed-eqs                 103162
 :arith-gcd-calls                 89996
 :arith-gomory-cuts               28989
 :arith-grobner-calls             1072
 :arith-grobner-conflicts         30
 :arith-hnf-calls                 3
 :arith-horner-calls              1593
 :arith-horner-cross-nested-forms 11701
 :arith-lower                     310636
 :arith-make-feasible             331712
 :arith-max-columns               239
 :arith-max-rows                  137
 :arith-nla-add-bounds            5632
 :arith-nla-lemmas                927
 :arith-nla-propagate-bounds      761
 :arith-nla-propagate-eq          1009
 :arith-nra-calls                 3686
 :arith-offset-eqs                1500
 :arith-patches                   89996
 :arith-patches-success           1081
 :arith-upper                     287190
 :conflicts                       46000
 :datatype-accessor-ax            2655
 :datatype-constructor-ax         6458
 :datatype-splits                 1070
 :decisions                       282405
 :del-clause                      212270
 :final-checks                    104720
 :interface-eqs                   852
 :max-memory                      197.03
 :memory                          196.94
 :minimized-lits                  26402
 :mk-bool-var                     718416
 :mk-clause                       212285
 :num-allocs                      18377986322293.00
 :num-checks                      29187
 :propagations                    180910
 :recfun-macro-expansion          14498
 :rlimit-count                    227411688)