satisfiable
(:added-eqs                       600571
 :arith-eq-adapter                110672
 :arith-assume-eqs                1704
 :arith-bound-propagations-lp     20148
 :arith-branch                    70933
 :arith-conflicts                 38930
 :arith-cube-calls                22208
 :arith-cube-success              18
 :arith-diseq                     14245
 :arith-fixed-eqs                 103007
 :arith-gcd-calls                 89854
 :arith-gomory-cuts               28950
 :arith-grobner-calls             1072
 :arith-grobner-conflicts         30
 :arith-hnf-calls                 3
 :arith-horner-calls              1592
 :arith-horner-cross-nested-forms 11701
 :arith-lower                     310140
 :arith-make-feasible             331120
 :arith-max-columns               239
 :arith-max-rows                  137
 :arith-nla-add-bounds            5622
 :arith-nla-lemmas                927
 :arith-nla-propagate-bounds      761
 :arith-nla-propagate-eq          1006
 :arith-nra-calls                 3680
 :arith-offset-eqs                1500
 :arith-patches                   89854
 :arith-patches-success           1078
 :arith-upper                     286765
 :conflicts                       45911
 :datatype-accessor-ax            2647
 :datatype-constructor-ax         6434
 :datatype-splits                 1066
 :decisions                       282019
 :del-clause                      211921
 :final-checks                    104541
 :interface-eqs                   852
 :max-memory                      196.66
 :memory                          196.66
 :minimized-lits                  26351
 :mk-bool-var                     717157
 :mk-clause                       211936
 :num-allocs                      18302074852180.00
 :num-checks                      29111
 :propagations                    180706
 :recfun-macro-expansion          14461
 :rlimit-count                    226879329)