unsatisfiable
(:added-eqs                       600911
 :arith-eq-adapter                110729
 :arith-assume-eqs                1704
 :arith-bound-propagations-lp     20154
 :arith-branch                    70966
 :arith-conflicts                 38955
 :arith-cube-calls                22219
 :arith-cube-success              18
 :arith-diseq                     14252
 :arith-fixed-eqs                 103058
 :arith-gcd-calls                 89897
 :arith-gomory-cuts               28963
 :arith-grobner-calls             1072
 :arith-grobner-conflicts         30
 :arith-hnf-calls                 3
 :arith-horner-calls              1592
 :arith-horner-cross-nested-forms 11701
 :arith-lower                     310310
 :arith-make-feasible             331300
 :arith-max-columns               239
 :arith-max-rows                  137
 :arith-nla-add-bounds            5624
 :arith-nla-lemmas                927
 :arith-nla-propagate-bounds      761
 :arith-nla-propagate-eq          1006
 :arith-nra-calls                 3682
 :arith-offset-eqs                1500
 :arith-patches                   89897
 :arith-patches-success           1079
 :arith-upper                     286894
 :conflicts                       45944
 :datatype-accessor-ax            2650
 :datatype-constructor-ax         6443
 :datatype-splits                 1067
 :decisions                       282130
 :del-clause                      212044
 :final-checks                    104595
 :interface-eqs                   852
 :max-memory                      196.81
 :memory                          196.71
 :minimized-lits                  26373
 :mk-bool-var                     717576
 :mk-clause                       212048
 :num-allocs                      18325770873111.00
 :num-checks                      29141
 :propagations                    180765
 :recfun-macro-expansion          14474
 :rlimit-count                    227074276)