unsatisfiable
(:added-eqs                       602813
 :arith-eq-adapter                111072
 :arith-assume-eqs                1704
 :arith-bound-propagations-lp     20196
 :arith-branch                    71183
 :arith-conflicts                 39076
 :arith-cube-calls                22286
 :arith-cube-success              18
 :arith-diseq                     14316
 :arith-fixed-eqs                 103354
 :arith-gcd-calls                 90171
 :arith-gomory-cuts               29039
 :arith-grobner-calls             1081
 :arith-grobner-conflicts         30
 :arith-hnf-calls                 3
 :arith-horner-calls              1598
 :arith-horner-cross-nested-forms 11748
 :arith-lower                     311240
 :arith-make-feasible             332416
 :arith-max-columns               239
 :arith-max-rows                  137
 :arith-nla-add-bounds            5652
 :arith-nla-lemmas                927
 :arith-nla-propagate-bounds      761
 :arith-nla-propagate-eq          1014
 :arith-nra-calls                 3695
 :arith-offset-eqs                1502
 :arith-patches                   90171
 :arith-patches-success           1085
 :arith-upper                     287715
 :conflicts                       46103
 :datatype-accessor-ax            2662
 :datatype-constructor-ax         6477
 :datatype-splits                 1074
 :decisions                       282900
 :del-clause                      212731
 :final-checks                    104940
 :interface-eqs                   852
 :max-memory                      197.30
 :memory                          197.20
 :minimized-lits                  26469
 :mk-bool-var                     719916
 :mk-clause                       212738
 :num-allocs                      18482672126423.00
 :num-checks                      29248
 :propagations                    181170
 :recfun-macro-expansion          14535
 :rlimit-count                    227961064)