unsatisfiable
(:added-eqs                       603619
 :arith-eq-adapter                111213
 :arith-assume-eqs                1704
 :arith-bound-propagations-lp     20209
 :arith-branch                    71266
 :arith-conflicts                 39124
 :arith-cube-calls                22312
 :arith-cube-success              18
 :arith-diseq                     14346
 :arith-fixed-eqs                 103476
 :arith-gcd-calls                 90278
 :arith-gomory-cuts               29068
 :arith-grobner-calls             1081
 :arith-grobner-conflicts         30
 :arith-hnf-calls                 3
 :arith-horner-calls              1601
 :arith-horner-cross-nested-forms 11772
 :arith-lower                     311627
 :arith-make-feasible             332877
 :arith-max-columns               239
 :arith-max-rows                  137
 :arith-nla-add-bounds            5665
 :arith-nla-lemmas                927
 :arith-nla-propagate-bounds      761
 :arith-nla-propagate-eq          1017
 :arith-nra-calls                 3703
 :arith-offset-eqs                1502
 :arith-patches                   90278
 :arith-patches-success           1089
 :arith-upper                     288039
 :conflicts                       46169
 :datatype-accessor-ax            2667
 :datatype-constructor-ax         6492
 :datatype-splits                 1075
 :decisions                       283249
 :del-clause                      213026
 :final-checks                    105084
 :interface-eqs                   852
 :max-memory                      197.55
 :memory                          197.46
 :minimized-lits                  26504
 :mk-bool-var                     720919
 :mk-clause                       213031
 :num-allocs                      18578183039479.00
 :num-checks                      29329
 :propagations                    181336
 :recfun-macro-expansion          14570
 :rlimit-count                    228509647)