unsatisfiable
(:added-eqs                       603666
 :arith-eq-adapter                111216
 :arith-assume-eqs                1704
 :arith-bound-propagations-lp     20209
 :arith-branch                    71272
 :arith-conflicts                 39127
 :arith-cube-calls                22314
 :arith-cube-success              18
 :arith-diseq                     14346
 :arith-fixed-eqs                 103479
 :arith-gcd-calls                 90284
 :arith-gomory-cuts               29068
 :arith-grobner-calls             1081
 :arith-grobner-conflicts         30
 :arith-hnf-calls                 3
 :arith-horner-calls              1601
 :arith-horner-cross-nested-forms 11772
 :arith-lower                     311645
 :arith-make-feasible             332907
 :arith-max-columns               239
 :arith-max-rows                  137
 :arith-nla-add-bounds            5665
 :arith-nla-lemmas                927
 :arith-nla-propagate-bounds      761
 :arith-nla-propagate-eq          1017
 :arith-nra-calls                 3703
 :arith-offset-eqs                1502
 :arith-patches                   90284
 :arith-patches-success           1089
 :arith-upper                     288051
 :conflicts                       46184
 :datatype-accessor-ax            2672
 :datatype-constructor-ax         6503
 :datatype-splits                 1078
 :decisions                       283265
 :del-clause                      213037
 :final-checks                    105093
 :interface-eqs                   852
 :max-memory                      197.55
 :memory                          197.46
 :minimized-lits                  26506
 :mk-bool-var                     720972
 :mk-clause                       213040
 :num-allocs                      18578183039479.00
 :num-checks                      29372
 :propagations                    181342
 :recfun-macro-expansion          14572
 :rlimit-count                    228556010)