unsatisfiable
(:added-eqs                       603587
 :arith-eq-adapter                111208
 :arith-assume-eqs                1704
 :arith-bound-propagations-lp     20209
 :arith-branch                    71266
 :arith-conflicts                 39122
 :arith-cube-calls                22312
 :arith-cube-success              18
 :arith-diseq                     14345
 :arith-fixed-eqs                 103473
 :arith-gcd-calls                 90277
 :arith-gomory-cuts               29068
 :arith-grobner-calls             1081
 :arith-grobner-conflicts         30
 :arith-hnf-calls                 3
 :arith-horner-calls              1601
 :arith-horner-cross-nested-forms 11772
 :arith-lower                     311612
 :arith-make-feasible             332862
 :arith-max-columns               239
 :arith-max-rows                  137
 :arith-nla-add-bounds            5665
 :arith-nla-lemmas                927
 :arith-nla-propagate-bounds      761
 :arith-nla-propagate-eq          1017
 :arith-nra-calls                 3703
 :arith-offset-eqs                1502
 :arith-patches                   90277
 :arith-patches-success           1088
 :arith-upper                     288029
 :conflicts                       46167
 :datatype-accessor-ax            2667
 :datatype-constructor-ax         6492
 :datatype-splits                 1075
 :decisions                       283240
 :del-clause                      213010
 :final-checks                    105081
 :interface-eqs                   852
 :max-memory                      197.55
 :memory                          197.55
 :minimized-lits                  26504
 :mk-bool-var                     720873
 :mk-clause                       213017
 :num-allocs                      18575792483701.00
 :num-checks                      29315
 :propagations                    181330
 :recfun-macro-expansion          14567
 :rlimit-count                    228458781)