unsatisfiable
(:added-eqs                       605045
 :arith-eq-adapter                111454
 :arith-assume-eqs                1704
 :arith-bound-propagations-lp     20246
 :arith-branch                    71433
 :arith-conflicts                 39218
 :arith-cube-calls                22365
 :arith-cube-success              18
 :arith-diseq                     14380
 :arith-fixed-eqs                 103691
 :arith-gcd-calls                 90492
 :arith-gomory-cuts               29130
 :arith-grobner-calls             1081
 :arith-grobner-conflicts         30
 :arith-hnf-calls                 3
 :arith-horner-calls              1604
 :arith-horner-cross-nested-forms 11780
 :arith-lower                     312346
 :arith-make-feasible             333723
 :arith-max-columns               239
 :arith-max-rows                  137
 :arith-nla-add-bounds            5681
 :arith-nla-lemmas                928
 :arith-nla-propagate-bounds      761
 :arith-nla-propagate-eq          1018
 :arith-nra-calls                 3713
 :arith-offset-eqs                1507
 :arith-patches                   90492
 :arith-patches-success           1093
 :arith-upper                     288628
 :conflicts                       46310
 :datatype-accessor-ax            2681
 :datatype-constructor-ax         6528
 :datatype-splits                 1082
 :decisions                       283856
 :del-clause                      213448
 :final-checks                    105350
 :interface-eqs                   852
 :max-memory                      197.89
 :memory                          197.89
 :minimized-lits                  26578
 :mk-bool-var                     722645
 :mk-clause                       213456
 :num-allocs                      18690784360068.00
 :num-checks                      29502
 :propagations                    181619
 :recfun-macro-expansion          14618
 :rlimit-count                    229202324)