satisfiable
(:added-eqs                       605181
 :arith-eq-adapter                111481
 :arith-assume-eqs                1704
 :arith-bound-propagations-lp     20249
 :arith-branch                    71449
 :arith-conflicts                 39228
 :arith-cube-calls                22370
 :arith-cube-success              18
 :arith-diseq                     14386
 :arith-fixed-eqs                 103712
 :arith-gcd-calls                 90515
 :arith-gomory-cuts               29141
 :arith-grobner-calls             1081
 :arith-grobner-conflicts         30
 :arith-hnf-calls                 3
 :arith-horner-calls              1605
 :arith-horner-cross-nested-forms 11782
 :arith-lower                     312416
 :arith-make-feasible             333813
 :arith-max-columns               239
 :arith-max-rows                  137
 :arith-nla-add-bounds            5684
 :arith-nla-lemmas                928
 :arith-nla-propagate-bounds      761
 :arith-nla-propagate-eq          1019
 :arith-nra-calls                 3715
 :arith-offset-eqs                1507
 :arith-patches                   90515
 :arith-patches-success           1093
 :arith-upper                     288691
 :conflicts                       46322
 :datatype-accessor-ax            2681
 :datatype-constructor-ax         6528
 :datatype-splits                 1082
 :decisions                       283917
 :del-clause                      213495
 :final-checks                    105380
 :interface-eqs                   852
 :max-memory                      198.00
 :memory                          197.90
 :minimized-lits                  26589
 :mk-bool-var                     722827
 :mk-clause                       213515
 :num-allocs                      18700393826730.00
 :num-checks                      29506
 :propagations                    181647
 :recfun-macro-expansion          14623
 :rlimit-count                    229253816
 :time                            0.00)