satisfiable
(:added-eqs                       608804
 :arith-eq-adapter                112118
 :arith-assume-eqs                1708
 :arith-bound-propagations-lp     20324
 :arith-branch                    71859
 :arith-conflicts                 39491
 :arith-cube-calls                22498
 :arith-cube-success              18
 :arith-diseq                     14517
 :arith-fixed-eqs                 104256
 :arith-gcd-calls                 91053
 :arith-gomory-cuts               29308
 :arith-grobner-calls             1090
 :arith-grobner-conflicts         30
 :arith-hnf-calls                 3
 :arith-horner-calls              1617
 :arith-horner-cross-nested-forms 11841
 :arith-lower                     314242
 :arith-make-feasible             335993
 :arith-max-columns               239
 :arith-max-rows                  137
 :arith-nla-add-bounds            5747
 :arith-nla-lemmas                928
 :arith-nla-propagate-bounds      761
 :arith-nla-propagate-eq          1030
 :arith-nra-calls                 3748
 :arith-offset-eqs                1523
 :arith-patches                   91053
 :arith-patches-success           1110
 :arith-upper                     290180
 :conflicts                       46673
 :datatype-accessor-ax            2710
 :datatype-constructor-ax         6608
 :datatype-splits                 1095
 :decisions                       285447
 :del-clause                      214776
 :final-checks                    106074
 :interface-eqs                   854
 :max-memory                      199.06
 :memory                          199.06
 :minimized-lits                  26783
 :mk-bool-var                     727349
 :mk-clause                       214800
 :num-allocs                      19021901819480.00
 :num-checks                      29805
 :propagations                    182421
 :recfun-macro-expansion          14760
 :rlimit-count                    231293939
 :time                            0.00)