satisfiable
(:added-eqs                       609335
 :arith-eq-adapter                112201
 :arith-assume-eqs                1708
 :arith-bound-propagations-lp     20335
 :arith-branch                    71913
 :arith-conflicts                 39522
 :arith-cube-calls                22514
 :arith-cube-success              18
 :arith-diseq                     14527
 :arith-fixed-eqs                 104330
 :arith-gcd-calls                 91123
 :arith-gomory-cuts               29322
 :arith-grobner-calls             1090
 :arith-grobner-conflicts         30
 :arith-hnf-calls                 3
 :arith-horner-calls              1618
 :arith-horner-cross-nested-forms 11842
 :arith-lower                     314499
 :arith-make-feasible             336296
 :arith-max-columns               239
 :arith-max-rows                  137
 :arith-nla-add-bounds            5752
 :arith-nla-lemmas                928
 :arith-nla-propagate-bounds      761
 :arith-nla-propagate-eq          1031
 :arith-nra-calls                 3750
 :arith-offset-eqs                1525
 :arith-patches                   91123
 :arith-patches-success           1115
 :arith-upper                     290381
 :conflicts                       46725
 :datatype-accessor-ax            2715
 :datatype-constructor-ax         6623
 :datatype-splits                 1096
 :decisions                       285614
 :del-clause                      214955
 :final-checks                    106165
 :interface-eqs                   854
 :max-memory                      199.16
 :memory                          199.16
 :minimized-lits                  26802
 :mk-bool-var                     728021
 :mk-clause                       214971
 :num-allocs                      19034076312798.00
 :num-checks                      29859
 :propagations                    182515
 :recfun-macro-expansion          14787
 :rlimit-count                    231647824)