satisfiable
(:added-eqs                       612468
 :arith-eq-adapter                112745
 :arith-assume-eqs                1708
 :arith-bound-propagations-lp     20400
 :arith-branch                    72244
 :arith-conflicts                 39730
 :arith-cube-calls                22620
 :arith-cube-success              18
 :arith-diseq                     14624
 :arith-fixed-eqs                 104800
 :arith-gcd-calls                 91564
 :arith-gomory-cuts               29468
 :arith-grobner-calls             1090
 :arith-grobner-conflicts         30
 :arith-hnf-calls                 3
 :arith-horner-calls              1633
 :arith-horner-cross-nested-forms 11872
 :arith-lower                     316016
 :arith-make-feasible             338106
 :arith-max-columns               239
 :arith-max-rows                  137
 :arith-nla-add-bounds            5798
 :arith-nla-lemmas                928
 :arith-nla-propagate-bounds      762
 :arith-nla-propagate-eq          1043
 :arith-nra-calls                 3773
 :arith-offset-eqs                1539
 :arith-patches                   91564
 :arith-patches-success           1128
 :arith-upper                     291670
 :conflicts                       47019
 :datatype-accessor-ax            2742
 :datatype-constructor-ax         6692
 :datatype-splits                 1107
 :decisions                       286916
 :del-clause                      216046
 :final-checks                    106734
 :interface-eqs                   854
 :max-memory                      200.10
 :memory                          200.10
 :minimized-lits                  26957
 :mk-bool-var                     731867
 :mk-clause                       216069
 :num-allocs                      19166411846374.00
 :num-checks                      30136
 :propagations                    183161
 :recfun-macro-expansion          14907
 :rlimit-count                    233362967
 :time                            0.00)