satisfiable
(:added-eqs                       614579
 :arith-eq-adapter                113109
 :arith-assume-eqs                1718
 :arith-bound-propagations-lp     20448
 :arith-branch                    72423
 :arith-conflicts                 39857
 :arith-cube-calls                22674
 :arith-cube-success              18
 :arith-diseq                     14684
 :arith-fixed-eqs                 105106
 :arith-gcd-calls                 91799
 :arith-gomory-cuts               29530
 :arith-grobner-calls             1099
 :arith-grobner-conflicts         30
 :arith-hnf-calls                 3
 :arith-horner-calls              1639
 :arith-horner-cross-nested-forms 11900
 :arith-lower                     317054
 :arith-make-feasible             339228
 :arith-max-columns               239
 :arith-max-rows                  137
 :arith-nla-add-bounds            5826
 :arith-nla-lemmas                928
 :arith-nla-propagate-bounds      762
 :arith-nla-propagate-eq          1052
 :arith-nra-calls                 3789
 :arith-offset-eqs                1540
 :arith-patches                   91799
 :arith-patches-success           1139
 :arith-upper                     292447
 :conflicts                       47236
 :datatype-accessor-ax            2767
 :datatype-constructor-ax         6755
 :datatype-splits                 1116
 :decisions                       287744
 :del-clause                      216782
 :final-checks                    107055
 :interface-eqs                   859
 :max-memory                      200.67
 :memory                          200.67
 :minimized-lits                  27037
 :mk-bool-var                     734421
 :mk-clause                       216798
 :num-allocs                      19240576973833.00
 :num-checks                      30395
 :propagations                    183588
 :recfun-macro-expansion          14993
 :rlimit-count                    234558697)