unsatisfiable
(:added-eqs                       617222
 :arith-eq-adapter                113568
 :arith-assume-eqs                1722
 :arith-bound-propagations-lp     20501
 :arith-branch                    72672
 :arith-conflicts                 40026
 :arith-cube-calls                22758
 :arith-cube-success              18
 :arith-diseq                     14758
 :arith-fixed-eqs                 105502
 :arith-gcd-calls                 92137
 :arith-gomory-cuts               29641
 :arith-grobner-calls             1099
 :arith-grobner-conflicts         30
 :arith-hnf-calls                 3
 :arith-horner-calls              1647
 :arith-horner-cross-nested-forms 11955
 :arith-lower                     318365
 :arith-make-feasible             340659
 :arith-max-columns               239
 :arith-max-rows                  137
 :arith-nla-add-bounds            5862
 :arith-nla-lemmas                928
 :arith-nla-propagate-bounds      762
 :arith-nla-propagate-eq          1057
 :arith-nra-calls                 3810
 :arith-offset-eqs                1543
 :arith-patches                   92137
 :arith-patches-success           1152
 :arith-upper                     293466
 :conflicts                       47470
 :datatype-accessor-ax            2789
 :datatype-constructor-ax         6813
 :datatype-splits                 1124
 :decisions                       288729
 :del-clause                      217679
 :final-checks                    107494
 :interface-eqs                   861
 :max-memory                      201.51
 :memory                          201.50
 :minimized-lits                  27172
 :mk-bool-var                     737612
 :mk-clause                       217684
 :num-allocs                      19362642098551.00
 :num-checks                      30602
 :propagations                    184116
 :recfun-macro-expansion          15090
 :rlimit-count                    236022828)