unsatisfiable
(:added-eqs                       618726
 :arith-eq-adapter                113837
 :arith-assume-eqs                1730
 :arith-bound-propagations-lp     20520
 :arith-branch                    72813
 :arith-conflicts                 40105
 :arith-cube-calls                22803
 :arith-cube-success              18
 :arith-diseq                     14783
 :arith-fixed-eqs                 105750
 :arith-gcd-calls                 92316
 :arith-gomory-cuts               29699
 :arith-grobner-calls             1099
 :arith-grobner-conflicts         30
 :arith-hnf-calls                 3
 :arith-horner-calls              1651
 :arith-horner-cross-nested-forms 11964
 :arith-lower                     319110
 :arith-make-feasible             341428
 :arith-max-columns               239
 :arith-max-rows                  137
 :arith-nla-add-bounds            5876
 :arith-nla-lemmas                928
 :arith-nla-propagate-bounds      762
 :arith-nla-propagate-eq          1058
 :arith-nra-calls                 3818
 :arith-offset-eqs                1543
 :arith-patches                   92316
 :arith-patches-success           1154
 :arith-upper                     294029
 :conflicts                       47570
 :datatype-accessor-ax            2798
 :datatype-constructor-ax         6837
 :datatype-splits                 1129
 :decisions                       289268
 :del-clause                      218133
 :final-checks                    107715
 :interface-eqs                   865
 :max-memory                      201.89
 :memory                          201.89
 :minimized-lits                  27220
 :mk-bool-var                     739339
 :mk-clause                       218148
 :num-allocs                      19402732875198.00
 :num-checks                      30694
 :propagations                    184386
 :recfun-macro-expansion          15131
 :rlimit-count                    236605341)