unsatisfiable
(:added-eqs                       621621
 :arith-eq-adapter                114356
 :arith-assume-eqs                1746
 :arith-bound-propagations-lp     20569
 :arith-branch                    73110
 :arith-conflicts                 40264
 :arith-cube-calls                22896
 :arith-cube-success              18
 :arith-diseq                     14841
 :arith-fixed-eqs                 106230
 :arith-gcd-calls                 92693
 :arith-gomory-cuts               29815
 :arith-grobner-calls             1101
 :arith-grobner-conflicts         30
 :arith-hnf-calls                 3
 :arith-horner-calls              1658
 :arith-horner-cross-nested-forms 11976
 :arith-lower                     320564
 :arith-make-feasible             342946
 :arith-max-columns               239
 :arith-max-rows                  137
 :arith-nla-add-bounds            5900
 :arith-nla-lemmas                928
 :arith-nla-propagate-bounds      762
 :arith-nla-propagate-eq          1062
 :arith-nra-calls                 3832
 :arith-offset-eqs                1551
 :arith-patches                   92693
 :arith-patches-success           1162
 :arith-upper                     295137
 :conflicts                       47753
 :datatype-accessor-ax            2810
 :datatype-constructor-ax         6871
 :datatype-splits                 1136
 :decisions                       290348
 :del-clause                      219020
 :final-checks                    108166
 :interface-eqs                   873
 :max-memory                      202.74
 :memory                          202.74
 :minimized-lits                  27298
 :mk-bool-var                     742691
 :mk-clause                       219025
 :num-allocs                      19485815471853.00
 :num-checks                      30837
 :propagations                    184953
 :recfun-macro-expansion          15212
 :rlimit-count                    237766901)