unsatisfiable
(:added-eqs                       624475
 :arith-eq-adapter                114875
 :arith-assume-eqs                1766
 :arith-bound-propagations-lp     20627
 :arith-branch                    73466
 :arith-conflicts                 40482
 :arith-cube-calls                23008
 :arith-cube-success              18
 :arith-diseq                     14893
 :arith-fixed-eqs                 106704
 :arith-gcd-calls                 93148
 :arith-gomory-cuts               29962
 :arith-grobner-calls             1108
 :arith-grobner-conflicts         30
 :arith-hnf-calls                 3
 :arith-horner-calls              1664
 :arith-horner-cross-nested-forms 12020
 :arith-lower                     322092
 :arith-make-feasible             344677
 :arith-max-columns               239
 :arith-max-rows                  137
 :arith-nla-add-bounds            5927
 :arith-nla-lemmas                928
 :arith-nla-propagate-bounds      762
 :arith-nla-propagate-eq          1067
 :arith-nra-calls                 3846
 :arith-offset-eqs                1557
 :arith-patches                   93148
 :arith-patches-success           1167
 :arith-upper                     296268
 :conflicts                       48005
 :datatype-accessor-ax            2825
 :datatype-constructor-ax         6912
 :datatype-splits                 1141
 :decisions                       291689
 :del-clause                      219955
 :final-checks                    108700
 :interface-eqs                   883
 :max-memory                      203.60
 :memory                          203.51
 :minimized-lits                  27414
 :mk-bool-var                     746206
 :mk-clause                       219961
 :num-allocs                      19576990258789.00
 :num-checks                      31036
 :propagations                    185529
 :recfun-macro-expansion          15287
 :rlimit-count                    238891683)