unsatisfiable
(:added-eqs                       625499
 :arith-eq-adapter                115079
 :arith-assume-eqs                1770
 :arith-bound-propagations-lp     20649
 :arith-branch                    73664
 :arith-conflicts                 40583
 :arith-cube-calls                23069
 :arith-cube-success              18
 :arith-diseq                     14930
 :arith-fixed-eqs                 106880
 :arith-gcd-calls                 93395
 :arith-gomory-cuts               30036
 :arith-grobner-calls             1108
 :arith-grobner-conflicts         30
 :arith-hnf-calls                 3
 :arith-horner-calls              1666
 :arith-horner-cross-nested-forms 12040
 :arith-lower                     322678
 :arith-make-feasible             345468
 :arith-max-columns               239
 :arith-max-rows                  137
 :arith-nla-add-bounds            5944
 :arith-nla-lemmas                928
 :arith-nla-propagate-bounds      762
 :arith-nla-propagate-eq          1072
 :arith-nra-calls                 3852
 :arith-offset-eqs                1557
 :arith-patches                   93395
 :arith-patches-success           1168
 :arith-upper                     296765
 :conflicts                       48119
 :datatype-accessor-ax            2830
 :datatype-constructor-ax         6923
 :datatype-splits                 1144
 :decisions                       292342
 :del-clause                      220366
 :final-checks                    108979
 :interface-eqs                   885
 :max-memory                      203.90
 :memory                          203.90
 :minimized-lits                  27453
 :mk-bool-var                     747621
 :mk-clause                       220379
 :num-allocs                      19617695724013.00
 :num-checks                      31093
 :propagations                    185777
 :recfun-macro-expansion          15312
 :rlimit-count                    239253542)