satisfiable
(:added-eqs                       626210
 :arith-eq-adapter                115209
 :arith-assume-eqs                1770
 :arith-bound-propagations-lp     20657
 :arith-branch                    73753
 :arith-conflicts                 40630
 :arith-cube-calls                23099
 :arith-cube-success              18
 :arith-diseq                     14950
 :arith-fixed-eqs                 106999
 :arith-gcd-calls                 93514
 :arith-gomory-cuts               30078
 :arith-grobner-calls             1108
 :arith-grobner-conflicts         30
 :arith-hnf-calls                 3
 :arith-horner-calls              1668
 :arith-horner-cross-nested-forms 12046
 :arith-lower                     323063
 :arith-make-feasible             345878
 :arith-max-columns               239
 :arith-max-rows                  137
 :arith-nla-add-bounds            5953
 :arith-nla-lemmas                928
 :arith-nla-propagate-bounds      762
 :arith-nla-propagate-eq          1073
 :arith-nra-calls                 3856
 :arith-offset-eqs                1557
 :arith-patches                   93514
 :arith-patches-success           1168
 :arith-upper                     297050
 :conflicts                       48173
 :datatype-accessor-ax            2832
 :datatype-constructor-ax         6929
 :datatype-splits                 1144
 :decisions                       292674
 :del-clause                      220574
 :final-checks                    109117
 :interface-eqs                   885
 :max-memory                      205.40
 :memory                          205.40
 :minimized-lits                  27473
 :mk-bool-var                     748461
 :mk-clause                       220603
 :num-allocs                      19640630121283.00
 :num-checks                      31139
 :propagations                    185947
 :recfun-macro-expansion          15330
 :rlimit-count                    239492011
 :time                            0.00)