unsatisfiable
(:added-eqs                       632442
 :arith-eq-adapter                116333
 :arith-assume-eqs                1816
 :arith-bound-propagations-lp     20789
 :arith-branch                    74502
 :arith-conflicts                 41037
 :arith-cube-calls                23323
 :arith-cube-success              18
 :arith-diseq                     15064
 :arith-fixed-eqs                 108032
 :arith-gcd-calls                 94435
 :arith-gomory-cuts               30319
 :arith-grobner-calls             1117
 :arith-grobner-conflicts         30
 :arith-hnf-calls                 3
 :arith-horner-calls              1679
 :arith-horner-cross-nested-forms 12090
 :arith-lower                     326303
 :arith-make-feasible             349446
 :arith-max-columns               239
 :arith-max-rows                  137
 :arith-nla-add-bounds            6011
 :arith-nla-lemmas                928
 :arith-nla-propagate-bounds      763
 :arith-nla-propagate-eq          1082
 :arith-nra-calls                 3886
 :arith-offset-eqs                1570
 :arith-patches                   94435
 :arith-patches-success           1183
 :arith-upper                     299494
 :conflicts                       48654
 :datatype-accessor-ax            2864
 :datatype-constructor-ax         7019
 :datatype-splits                 1157
 :decisions                       295191
 :del-clause                      222628
 :final-checks                    110218
 :interface-eqs                   908
 :max-memory                      207.17
 :memory                          207.16
 :minimized-lits                  27712
 :mk-bool-var                     755999
 :mk-clause                       222632
 :num-allocs                      19838192060432.00
 :num-checks                      31520
 :propagations                    187183
 :recfun-macro-expansion          15506
 :rlimit-count                    242008122)