unsatisfiable
(:added-eqs                       635651
 :arith-eq-adapter                116912
 :arith-assume-eqs                1856
 :arith-bound-propagations-lp     20846
 :arith-branch                    74813
 :arith-conflicts                 41225
 :arith-cube-calls                23421
 :arith-cube-success              18
 :arith-diseq                     15129
 :arith-fixed-eqs                 108568
 :arith-gcd-calls                 94829
 :arith-gomory-cuts               30438
 :arith-grobner-calls             1117
 :arith-grobner-conflicts         30
 :arith-hnf-calls                 3
 :arith-horner-calls              1685
 :arith-horner-cross-nested-forms 12121
 :arith-lower                     327919
 :arith-make-feasible             351156
 :arith-max-columns               239
 :arith-max-rows                  137
 :arith-nla-add-bounds            6039
 :arith-nla-lemmas                928
 :arith-nla-propagate-bounds      763
 :arith-nla-propagate-eq          1087
 :arith-nra-calls                 3899
 :arith-offset-eqs                1571
 :arith-patches                   94829
 :arith-patches-success           1189
 :arith-upper                     300710
 :conflicts                       48892
 :datatype-accessor-ax            2885
 :datatype-constructor-ax         7071
 :datatype-splits                 1166
 :decisions                       296461
 :del-clause                      223684
 :final-checks                    110707
 :interface-eqs                   928
 :max-memory                      208.09
 :memory                          207.99
 :minimized-lits                  27809
 :mk-bool-var                     759761
 :mk-clause                       223690
 :num-allocs                      19975564687800.00
 :num-checks                      31727
 :propagations                    187785
 :recfun-macro-expansion          15598
 :rlimit-count                    243185186)