unsatisfiable
(:added-eqs                       637936
 :arith-eq-adapter                117321
 :arith-assume-eqs                1878
 :arith-bound-propagations-lp     20890
 :arith-branch                    75043
 :arith-conflicts                 41351
 :arith-cube-calls                23494
 :arith-cube-success              18
 :arith-diseq                     15172
 :arith-fixed-eqs                 108952
 :arith-gcd-calls                 95121
 :arith-gomory-cuts               30525
 :arith-grobner-calls             1117
 :arith-grobner-conflicts         30
 :arith-hnf-calls                 3
 :arith-horner-calls              1692
 :arith-horner-cross-nested-forms 12152
 :arith-lower                     329045
 :arith-make-feasible             352350
 :arith-max-columns               239
 :arith-max-rows                  137
 :arith-nla-add-bounds            6056
 :arith-nla-lemmas                928
 :arith-nla-propagate-bounds      763
 :arith-nla-propagate-eq          1090
 :arith-nra-calls                 3908
 :arith-offset-eqs                1578
 :arith-patches                   95121
 :arith-patches-success           1193
 :arith-upper                     301591
 :conflicts                       49042
 :datatype-accessor-ax            2898
 :datatype-constructor-ax         7106
 :datatype-splits                 1173
 :decisions                       297294
 :del-clause                      224416
 :final-checks                    111064
 :interface-eqs                   939
 :max-memory                      208.72
 :memory                          208.62
 :minimized-lits                  27887
 :mk-bool-var                     762409
 :mk-clause                       224421
 :num-allocs                      20100671619613.00
 :num-checks                      31849
 :propagations                    188238
 :recfun-macro-expansion          15662
 :rlimit-count                    244052809)