unsatisfiable
(:added-eqs                       639183
 :arith-eq-adapter                117547
 :arith-assume-eqs                1890
 :arith-bound-propagations-lp     20912
 :arith-branch                    75209
 :arith-conflicts                 41446
 :arith-cube-calls                23544
 :arith-cube-success              18
 :arith-diseq                     15193
 :arith-fixed-eqs                 109160
 :arith-gcd-calls                 95326
 :arith-gomory-cuts               30583
 :arith-grobner-calls             1117
 :arith-grobner-conflicts         30
 :arith-hnf-calls                 3
 :arith-horner-calls              1697
 :arith-horner-cross-nested-forms 12191
 :arith-lower                     329702
 :arith-make-feasible             353115
 :arith-max-columns               239
 :arith-max-rows                  137
 :arith-nla-add-bounds            6067
 :arith-nla-lemmas                928
 :arith-nla-propagate-bounds      763
 :arith-nla-propagate-eq          1092
 :arith-nra-calls                 3916
 :arith-offset-eqs                1578
 :arith-patches                   95326
 :arith-patches-success           1196
 :arith-upper                     302099
 :conflicts                       49153
 :datatype-accessor-ax            2907
 :datatype-constructor-ax         7129
 :datatype-splits                 1174
 :decisions                       297824
 :del-clause                      224844
 :final-checks                    111308
 :interface-eqs                   945
 :max-memory                      209.12
 :memory                          209.03
 :minimized-lits                  27942
 :mk-bool-var                     763964
 :mk-clause                       224849
 :num-allocs                      20200121473321.00
 :num-checks                      31929
 :propagations                    188500
 :recfun-macro-expansion          15698
 :rlimit-count                    244592409)