unsatisfiable
(:added-eqs                       642151
 :arith-eq-adapter                118092
 :arith-assume-eqs                1928
 :arith-bound-propagations-lp     20970
 :arith-branch                    75552
 :arith-conflicts                 41649
 :arith-cube-calls                23654
 :arith-cube-success              18
 :arith-diseq                     15271
 :arith-fixed-eqs                 109650
 :arith-gcd-calls                 95778
 :arith-gomory-cuts               30737
 :arith-grobner-calls             1126
 :arith-grobner-conflicts         30
 :arith-hnf-calls                 3
 :arith-horner-calls              1705
 :arith-horner-cross-nested-forms 12238
 :arith-lower                     331223
 :arith-make-feasible             354903
 :arith-max-columns               239
 :arith-max-rows                  137
 :arith-nla-add-bounds            6098
 :arith-nla-lemmas                928
 :arith-nla-propagate-bounds      763
 :arith-nla-propagate-eq          1100
 :arith-nra-calls                 3930
 :arith-offset-eqs                1581
 :arith-patches                   95778
 :arith-patches-success           1206
 :arith-upper                     303275
 :conflicts                       49409
 :datatype-accessor-ax            2928
 :datatype-constructor-ax         7184
 :datatype-splits                 1185
 :decisions                       299002
 :del-clause                      225896
 :final-checks                    111860
 :interface-eqs                   964
 :max-memory                      210.03
 :memory                          209.93
 :minimized-lits                  28034
 :mk-bool-var                     767658
 :mk-clause                       225911
 :num-allocs                      20420926841604.00
 :num-checks                      32160
 :propagations                    189093
 :recfun-macro-expansion          15797
 :rlimit-count                    245848235)