unsatisfiable
(:added-eqs                       643446
 :arith-eq-adapter                118337
 :arith-assume-eqs                1950
 :arith-bound-propagations-lp     20992
 :arith-branch                    75697
 :arith-conflicts                 41719
 :arith-cube-calls                23700
 :arith-cube-success              18
 :arith-diseq                     15297
 :arith-fixed-eqs                 109874
 :arith-gcd-calls                 95964
 :arith-gomory-cuts               30792
 :arith-grobner-calls             1126
 :arith-grobner-conflicts         30
 :arith-hnf-calls                 3
 :arith-horner-calls              1708
 :arith-horner-cross-nested-forms 12251
 :arith-lower                     331868
 :arith-make-feasible             355614
 :arith-max-columns               239
 :arith-max-rows                  137
 :arith-nla-add-bounds            6108
 :arith-nla-lemmas                928
 :arith-nla-propagate-bounds      763
 :arith-nla-propagate-eq          1102
 :arith-nra-calls                 3936
 :arith-offset-eqs                1581
 :arith-patches                   95964
 :arith-patches-success           1209
 :arith-upper                     303785
 :conflicts                       49491
 :datatype-accessor-ax            2933
 :datatype-constructor-ax         7199
 :datatype-splits                 1186
 :decisions                       299459
 :del-clause                      226344
 :final-checks                    112089
 :interface-eqs                   975
 :max-memory                      210.38
 :memory                          210.28
 :minimized-lits                  28072
 :mk-bool-var                     769177
 :mk-clause                       226353
 :num-allocs                      20497545362326.00
 :num-checks                      32224
 :propagations                    189341
 :recfun-macro-expansion          15832
 :rlimit-count                    246337009)