satisfiable
(:added-eqs                       645713
 :arith-eq-adapter                118757
 :arith-assume-eqs                1974
 :arith-bound-propagations-lp     21032
 :arith-branch                    75960
 :arith-conflicts                 41872
 :arith-cube-calls                23782
 :arith-cube-success              18
 :arith-diseq                     15357
 :arith-fixed-eqs                 110265
 :arith-gcd-calls                 96297
 :arith-gomory-cuts               30890
 :arith-grobner-calls             1126
 :arith-grobner-conflicts         30
 :arith-hnf-calls                 3
 :arith-horner-calls              1714
 :arith-horner-cross-nested-forms 12272
 :arith-lower                     333037
 :arith-make-feasible             356912
 :arith-max-columns               239
 :arith-max-rows                  137
 :arith-nla-add-bounds            6129
 :arith-nla-lemmas                928
 :arith-nla-propagate-bounds      763
 :arith-nla-propagate-eq          1105
 :arith-nra-calls                 3949
 :arith-offset-eqs                1583
 :arith-patches                   96297
 :arith-patches-success           1214
 :arith-upper                     304702
 :conflicts                       49660
 :datatype-accessor-ax            2943
 :datatype-constructor-ax         7225
 :datatype-splits                 1190
 :decisions                       300484
 :del-clause                      227115
 :final-checks                    112490
 :interface-eqs                   987
 :max-memory                      210.92
 :memory                          210.83
 :minimized-lits                  28163
 :mk-bool-var                     771887
 :mk-clause                       227126
 :num-allocs                      20638079220069.00
 :num-checks                      32330
 :propagations                    189802
 :recfun-macro-expansion          15890
 :rlimit-count                    247221801)