unsatisfiable
(:added-eqs                       645652
 :arith-eq-adapter                118748
 :arith-assume-eqs                1974
 :arith-bound-propagations-lp     21031
 :arith-branch                    75960
 :arith-conflicts                 41870
 :arith-cube-calls                23781
 :arith-cube-success              18
 :arith-diseq                     15356
 :arith-fixed-eqs                 110257
 :arith-gcd-calls                 96295
 :arith-gomory-cuts               30889
 :arith-grobner-calls             1126
 :arith-grobner-conflicts         30
 :arith-hnf-calls                 3
 :arith-horner-calls              1714
 :arith-horner-cross-nested-forms 12272
 :arith-lower                     333009
 :arith-make-feasible             356887
 :arith-max-columns               239
 :arith-max-rows                  137
 :arith-nla-add-bounds            6129
 :arith-nla-lemmas                928
 :arith-nla-propagate-bounds      763
 :arith-nla-propagate-eq          1105
 :arith-nra-calls                 3949
 :arith-offset-eqs                1583
 :arith-patches                   96295
 :arith-patches-success           1213
 :arith-upper                     304683
 :conflicts                       49658
 :datatype-accessor-ax            2943
 :datatype-constructor-ax         7225
 :datatype-splits                 1190
 :decisions                       300470
 :del-clause                      227093
 :final-checks                    112487
 :interface-eqs                   987
 :max-memory                      210.92
 :memory                          210.92
 :minimized-lits                  28163
 :mk-bool-var                     771817
 :mk-clause                       227106
 :num-allocs                      20635422644695.00
 :num-checks                      32323
 :propagations                    189791
 :recfun-macro-expansion          15886
 :rlimit-count                    247186134)