unsatisfiable
(:added-eqs                       646062
 :arith-eq-adapter                118818
 :arith-assume-eqs                1974
 :arith-bound-propagations-lp     21037
 :arith-branch                    76006
 :arith-conflicts                 41892
 :arith-cube-calls                23797
 :arith-cube-success              18
 :arith-diseq                     15362
 :arith-fixed-eqs                 110321
 :arith-gcd-calls                 96356
 :arith-gomory-cuts               30912
 :arith-grobner-calls             1126
 :arith-grobner-conflicts         30
 :arith-hnf-calls                 3
 :arith-horner-calls              1714
 :arith-horner-cross-nested-forms 12272
 :arith-lower                     333210
 :arith-make-feasible             357111
 :arith-max-columns               239
 :arith-max-rows                  137
 :arith-nla-add-bounds            6133
 :arith-nla-lemmas                928
 :arith-nla-propagate-bounds      763
 :arith-nla-propagate-eq          1106
 :arith-nra-calls                 3950
 :arith-offset-eqs                1583
 :arith-patches                   96356
 :arith-patches-success           1214
 :arith-upper                     304841
 :conflicts                       49695
 :datatype-accessor-ax            2951
 :datatype-constructor-ax         7242
 :datatype-splits                 1194
 :decisions                       300623
 :del-clause                      227220
 :final-checks                    112554
 :interface-eqs                   987
 :max-memory                      211.03
 :memory                          211.03
 :minimized-lits                  28180
 :mk-bool-var                     772295
 :mk-clause                       227234
 :num-allocs                      20654027872103.00
 :num-checks                      32380
 :propagations                    189884
 :recfun-macro-expansion          15897
 :rlimit-count                    247322615)