unsatisfiable
(:added-eqs                       647186
 :arith-eq-adapter                119028
 :arith-assume-eqs                1984
 :arith-bound-propagations-lp     21057
 :arith-branch                    76104
 :arith-conflicts                 41956
 :arith-cube-calls                23828
 :arith-cube-success              18
 :arith-diseq                     15380
 :arith-fixed-eqs                 110512
 :arith-gcd-calls                 96484
 :arith-gomory-cuts               30950
 :arith-grobner-calls             1126
 :arith-grobner-conflicts         30
 :arith-hnf-calls                 3
 :arith-horner-calls              1717
 :arith-horner-cross-nested-forms 12286
 :arith-lower                     333785
 :arith-make-feasible             357684
 :arith-max-columns               239
 :arith-max-rows                  137
 :arith-nla-add-bounds            6141
 :arith-nla-lemmas                928
 :arith-nla-propagate-bounds      763
 :arith-nla-propagate-eq          1107
 :arith-nra-calls                 3956
 :arith-offset-eqs                1585
 :arith-patches                   96484
 :arith-patches-success           1216
 :arith-upper                     305256
 :conflicts                       49772
 :datatype-accessor-ax            2953
 :datatype-constructor-ax         7248
 :datatype-splits                 1194
 :decisions                       301060
 :del-clause                      227579
 :final-checks                    112711
 :interface-eqs                   992
 :max-memory                      211.28
 :memory                          211.28
 :minimized-lits                  28214
 :mk-bool-var                     773586
 :mk-clause                       227586
 :num-allocs                      20813708778909.00
 :num-checks                      32455
 :propagations                    190095
 :recfun-macro-expansion          15926
 :rlimit-count                    247819007)