unsatisfiable
(:added-eqs                       649533
 :arith-eq-adapter                119470
 :arith-assume-eqs                2008
 :arith-bound-propagations-lp     21100
 :arith-branch                    76341
 :arith-conflicts                 42110
 :arith-cube-calls                23901
 :arith-cube-success              18
 :arith-diseq                     15424
 :arith-fixed-eqs                 110894
 :arith-gcd-calls                 96783
 :arith-gomory-cuts               31040
 :arith-grobner-calls             1126
 :arith-grobner-conflicts         30
 :arith-hnf-calls                 3
 :arith-horner-calls              1722
 :arith-horner-cross-nested-forms 12316
 :arith-lower                     335026
 :arith-make-feasible             358946
 :arith-max-columns               239
 :arith-max-rows                  137
 :arith-nla-add-bounds            6162
 :arith-nla-lemmas                928
 :arith-nla-propagate-bounds      763
 :arith-nla-propagate-eq          1112
 :arith-nra-calls                 3964
 :arith-offset-eqs                1588
 :arith-patches                   96783
 :arith-patches-success           1221
 :arith-upper                     306110
 :conflicts                       49970
 :datatype-accessor-ax            2967
 :datatype-constructor-ax         7287
 :datatype-splits                 1200
 :decisions                       301971
 :del-clause                      228364
 :final-checks                    113080
 :interface-eqs                   1004
 :max-memory                      212.04
 :memory                          211.94
 :minimized-lits                  28288
 :mk-bool-var                     776399
 :mk-clause                       228371
 :num-allocs                      21115429619906.00
 :num-checks                      32641
 :propagations                    190579
 :recfun-macro-expansion          15990
 :rlimit-count                    248799533)