unsatisfiable
(:added-eqs                       655525
 :arith-eq-adapter                120557
 :arith-assume-eqs                2040
 :arith-bound-propagations-lp     21231
 :arith-branch                    77010
 :arith-conflicts                 42460
 :arith-cube-calls                24107
 :arith-cube-success              18
 :arith-diseq                     15556
 :arith-fixed-eqs                 111900
 :arith-gcd-calls                 97613
 :arith-gomory-cuts               31271
 :arith-grobner-calls             1135
 :arith-grobner-conflicts         30
 :arith-hnf-calls                 3
 :arith-horner-calls              1739
 :arith-horner-cross-nested-forms 12373
 :arith-lower                     338102
 :arith-make-feasible             362224
 :arith-max-columns               239
 :arith-max-rows                  137
 :arith-nla-add-bounds            6216
 :arith-nla-lemmas                928
 :arith-nla-propagate-bounds      763
 :arith-nla-propagate-eq          1120
 :arith-nra-calls                 3991
 :arith-offset-eqs                1602
 :arith-patches                   97613
 :arith-patches-success           1230
 :arith-upper                     308461
 :conflicts                       50379
 :datatype-accessor-ax            3003
 :datatype-constructor-ax         7368
 :datatype-splits                 1212
 :decisions                       304252
 :del-clause                      230291
 :final-checks                    114065
 :interface-eqs                   1020
 :max-memory                      213.72
 :memory                          213.62
 :minimized-lits                  28492
 :mk-bool-var                     783496
 :mk-clause                       230298
 :num-allocs                      21678128609033.00
 :num-checks                      32978
 :propagations                    191754
 :recfun-macro-expansion          16144
 :rlimit-count                    251235522)