unsatisfiable
(:added-eqs                       656154
 :arith-eq-adapter                120671
 :arith-assume-eqs                2044
 :arith-bound-propagations-lp     21242
 :arith-branch                    77096
 :arith-conflicts                 42512
 :arith-cube-calls                24133
 :arith-cube-success              18
 :arith-diseq                     15570
 :arith-fixed-eqs                 112003
 :arith-gcd-calls                 97718
 :arith-gomory-cuts               31297
 :arith-grobner-calls             1135
 :arith-grobner-conflicts         30
 :arith-hnf-calls                 3
 :arith-horner-calls              1740
 :arith-horner-cross-nested-forms 12375
 :arith-lower                     338463
 :arith-make-feasible             362641
 :arith-max-columns               239
 :arith-max-rows                  137
 :arith-nla-add-bounds            6222
 :arith-nla-lemmas                928
 :arith-nla-propagate-bounds      763
 :arith-nla-propagate-eq          1121
 :arith-nra-calls                 3995
 :arith-offset-eqs                1602
 :arith-patches                   97718
 :arith-patches-success           1230
 :arith-upper                     308707
 :conflicts                       50439
 :datatype-accessor-ax            3006
 :datatype-constructor-ax         7374
 :datatype-splits                 1216
 :decisions                       304565
 :del-clause                      230493
 :final-checks                    114189
 :interface-eqs                   1022
 :max-memory                      213.91
 :memory                          213.81
 :minimized-lits                  28509
 :mk-bool-var                     784296
 :mk-clause                       230500
 :num-allocs                      21827086144634.00
 :num-checks                      33026
 :propagations                    191878
 :recfun-macro-expansion          16162
 :rlimit-count                    251531059)