satisfiable
(:added-eqs                       659032
 :arith-eq-adapter                121196
 :arith-assume-eqs                2066
 :arith-bound-propagations-lp     21297
 :arith-branch                    77409
 :arith-conflicts                 42712
 :arith-cube-calls                24233
 :arith-cube-success              18
 :arith-diseq                     15639
 :arith-fixed-eqs                 112469
 :arith-gcd-calls                 98120
 :arith-gomory-cuts               31423
 :arith-grobner-calls             1135
 :arith-grobner-conflicts         30
 :arith-hnf-calls                 3
 :arith-horner-calls              1749
 :arith-horner-cross-nested-forms 12411
 :arith-lower                     339985
 :arith-make-feasible             364245
 :arith-max-columns               239
 :arith-max-rows                  137
 :arith-nla-add-bounds            6253
 :arith-nla-lemmas                928
 :arith-nla-propagate-bounds      763
 :arith-nla-propagate-eq          1123
 :arith-nra-calls                 4012
 :arith-offset-eqs                1605
 :arith-patches                   98120
 :arith-patches-success           1236
 :arith-upper                     309809
 :conflicts                       50684
 :datatype-accessor-ax            3022
 :datatype-constructor-ax         7419
 :datatype-splits                 1222
 :decisions                       305872
 :del-clause                      231429
 :final-checks                    114675
 :interface-eqs                   1033
 :max-memory                      214.76
 :memory                          214.66
 :minimized-lits                  28619
 :mk-bool-var                     787803
 :mk-clause                       231457
 :num-allocs                      22093451164196.00
 :num-checks                      33238
 :propagations                    192488
 :recfun-macro-expansion          16243
 :rlimit-count                    252818672
 :time                            0.00)