unsatisfiable
(:added-eqs                       659652
 :arith-eq-adapter                121309
 :arith-assume-eqs                2068
 :arith-bound-propagations-lp     21309
 :arith-branch                    77490
 :arith-conflicts                 42764
 :arith-cube-calls                24259
 :arith-cube-success              18
 :arith-diseq                     15653
 :arith-fixed-eqs                 112568
 :arith-gcd-calls                 98225
 :arith-gomory-cuts               31457
 :arith-grobner-calls             1135
 :arith-grobner-conflicts         30
 :arith-hnf-calls                 3
 :arith-horner-calls              1750
 :arith-horner-cross-nested-forms 12413
 :arith-lower                     340327
 :arith-make-feasible             364634
 :arith-max-columns               239
 :arith-max-rows                  137
 :arith-nla-add-bounds            6259
 :arith-nla-lemmas                929
 :arith-nla-propagate-bounds      763
 :arith-nla-propagate-eq          1124
 :arith-nra-calls                 4015
 :arith-offset-eqs                1608
 :arith-patches                   98225
 :arith-patches-success           1237
 :arith-upper                     310062
 :conflicts                       50748
 :datatype-accessor-ax            3027
 :datatype-constructor-ax         7431
 :datatype-splits                 1225
 :decisions                       306160
 :del-clause                      231679
 :final-checks                    114795
 :interface-eqs                   1034
 :max-memory                      214.90
 :memory                          214.81
 :minimized-lits                  28649
 :mk-bool-var                     788594
 :mk-clause                       231688
 :num-allocs                      22145264091473.00
 :num-checks                      33286
 :propagations                    192659
 :recfun-macro-expansion          16258
 :rlimit-count                    253049262)