unsatisfiable
(:added-eqs                       660985
 :arith-eq-adapter                121542
 :arith-assume-eqs                2074
 :arith-bound-propagations-lp     21337
 :arith-branch                    77607
 :arith-conflicts                 42833
 :arith-cube-calls                24297
 :arith-cube-success              18
 :arith-diseq                     15683
 :arith-fixed-eqs                 112786
 :arith-gcd-calls                 98377
 :arith-gomory-cuts               31506
 :arith-grobner-calls             1135
 :arith-grobner-conflicts         30
 :arith-hnf-calls                 3
 :arith-horner-calls              1754
 :arith-horner-cross-nested-forms 12417
 :arith-lower                     340974
 :arith-make-feasible             365311
 :arith-max-columns               239
 :arith-max-rows                  137
 :arith-nla-add-bounds            6270
 :arith-nla-lemmas                929
 :arith-nla-propagate-bounds      764
 :arith-nla-propagate-eq          1126
 :arith-nra-calls                 4020
 :arith-offset-eqs                1618
 :arith-patches                   98377
 :arith-patches-success           1241
 :arith-upper                     310547
 :conflicts                       50831
 :datatype-accessor-ax            3038
 :datatype-constructor-ax         7455
 :datatype-splits                 1229
 :decisions                       306570
 :del-clause                      232111
 :final-checks                    114984
 :interface-eqs                   1037
 :max-memory                      215.30
 :memory                          215.20
 :minimized-lits                  28678
 :mk-bool-var                     790147
 :mk-clause                       232121
 :num-allocs                      22262726490672.00
 :num-checks                      33377
 :propagations                    192891
 :recfun-macro-expansion          16304
 :rlimit-count                    253699191)