unsatisfiable
(:added-eqs                       667312
 :arith-eq-adapter                122689
 :arith-assume-eqs                2106
 :arith-bound-propagations-lp     21449
 :arith-branch                    78312
 :arith-conflicts                 43250
 :arith-cube-calls                24517
 :arith-cube-success              18
 :arith-diseq                     15816
 :arith-fixed-eqs                 113836
 :arith-gcd-calls                 99263
 :arith-gomory-cuts               31791
 :arith-grobner-calls             1144
 :arith-grobner-conflicts         30
 :arith-hnf-calls                 3
 :arith-horner-calls              1770
 :arith-horner-cross-nested-forms 12513
 :arith-lower                     344303
 :arith-make-feasible             368860
 :arith-max-columns               239
 :arith-max-rows                  137
 :arith-nla-add-bounds            6329
 :arith-nla-lemmas                929
 :arith-nla-propagate-bounds      764
 :arith-nla-propagate-eq          1130
 :arith-nra-calls                 4053
 :arith-offset-eqs                1629
 :arith-patches                   99263
 :arith-patches-success           1250
 :arith-upper                     312993
 :conflicts                       51318
 :datatype-accessor-ax            3072
 :datatype-constructor-ax         7536
 :datatype-splits                 1243
 :decisions                       309341
 :del-clause                      234116
 :final-checks                    116032
 :interface-eqs                   1053
 :max-memory                      217.07
 :memory                          217.07
 :minimized-lits                  28892
 :mk-bool-var                     797715
 :mk-clause                       234127
 :num-allocs                      22860258537940.00
 :num-checks                      33783
 :propagations                    194176
 :recfun-macro-expansion          16472
 :rlimit-count                    256446242)