unsatisfiable
(:added-eqs                       668108
 :arith-eq-adapter                122834
 :arith-assume-eqs                2108
 :arith-bound-propagations-lp     21463
 :arith-branch                    78402
 :arith-conflicts                 43299
 :arith-cube-calls                24547
 :arith-cube-success              18
 :arith-diseq                     15829
 :arith-fixed-eqs                 113970
 :arith-gcd-calls                 99381
 :arith-gomory-cuts               31836
 :arith-grobner-calls             1144
 :arith-grobner-conflicts         30
 :arith-hnf-calls                 3
 :arith-horner-calls              1772
 :arith-horner-cross-nested-forms 12530
 :arith-lower                     344722
 :arith-make-feasible             369315
 :arith-max-columns               239
 :arith-max-rows                  137
 :arith-nla-add-bounds            6335
 :arith-nla-lemmas                929
 :arith-nla-propagate-bounds      764
 :arith-nla-propagate-eq          1131
 :arith-nra-calls                 4057
 :arith-offset-eqs                1629
 :arith-patches                   99381
 :arith-patches-success           1250
 :arith-upper                     313308
 :conflicts                       51378
 :datatype-accessor-ax            3074
 :datatype-constructor-ax         7542
 :datatype-splits                 1243
 :decisions                       309673
 :del-clause                      234359
 :final-checks                    116168
 :interface-eqs                   1054
 :max-memory                      217.32
 :memory                          217.23
 :minimized-lits                  28928
 :mk-bool-var                     798640
 :mk-clause                       234370
 :num-allocs                      22929531960194.00
 :num-checks                      33832
 :propagations                    194341
 :recfun-macro-expansion          16490
 :rlimit-count                    256748421)