unsatisfiable
(:added-eqs                       670830
 :arith-eq-adapter                123329
 :arith-assume-eqs                2140
 :arith-bound-propagations-lp     21522
 :arith-branch                    78713
 :arith-conflicts                 43474
 :arith-cube-calls                24647
 :arith-cube-success              18
 :arith-diseq                     15893
 :arith-fixed-eqs                 114418
 :arith-gcd-calls                 99781
 :arith-gomory-cuts               31971
 :arith-grobner-calls             1144
 :arith-grobner-conflicts         30
 :arith-hnf-calls                 3
 :arith-horner-calls              1776
 :arith-horner-cross-nested-forms 12542
 :arith-lower                     346118
 :arith-make-feasible             370882
 :arith-max-columns               239
 :arith-max-rows                  137
 :arith-nla-add-bounds            6360
 :arith-nla-lemmas                929
 :arith-nla-propagate-bounds      764
 :arith-nla-propagate-eq          1135
 :arith-nra-calls                 4067
 :arith-offset-eqs                1630
 :arith-patches                   99781
 :arith-patches-success           1257
 :arith-upper                     314375
 :conflicts                       51592
 :datatype-accessor-ax            3096
 :datatype-constructor-ax         7593
 :datatype-splits                 1251
 :decisions                       310658
 :del-clause                      235325
 :final-checks                    116653
 :interface-eqs                   1070
 :max-memory                      218.09
 :memory                          217.99
 :minimized-lits                  29036
 :mk-bool-var                     801987
 :mk-clause                       235341
 :num-allocs                      23218764624344.00
 :num-checks                      34021
 :propagations                    194898
 :recfun-macro-expansion          16573
 :rlimit-count                    257942248)