satisfiable
(:added-eqs                       678786
 :arith-eq-adapter                124795
 :arith-assume-eqs                2190
 :arith-bound-propagations-lp     21663
 :arith-branch                    79666
 :arith-conflicts                 44020
 :arith-cube-calls                24947
 :arith-cube-success              18
 :arith-diseq                     16059
 :arith-fixed-eqs                 115764
 :arith-gcd-calls                 100998
 :arith-gomory-cuts               32382
 :arith-grobner-calls             1153
 :arith-grobner-conflicts         30
 :arith-hnf-calls                 3
 :arith-horner-calls              1794
 :arith-horner-cross-nested-forms 12646
 :arith-lower                     350352
 :arith-make-feasible             375477
 :arith-max-columns               239
 :arith-max-rows                  137
 :arith-nla-add-bounds            6433
 :arith-nla-lemmas                930
 :arith-nla-propagate-bounds      766
 :arith-nla-propagate-eq          1148
 :arith-nra-calls                 4107
 :arith-offset-eqs                1633
 :arith-patches                   100998
 :arith-patches-success           1268
 :arith-upper                     317514
 :conflicts                       52232
 :datatype-accessor-ax            3137
 :datatype-constructor-ax         7695
 :datatype-splits                 1269
 :decisions                       314086
 :del-clause                      237960
 :final-checks                    118079
 :interface-eqs                   1095
 :max-memory                      220.35
 :memory                          220.26
 :minimized-lits                  29370
 :mk-bool-var                     811671
 :mk-clause                       237986
 :num-allocs                      24226797752221.00
 :num-checks                      34534
 :propagations                    196477
 :recfun-macro-expansion          16779
 :rlimit-count                    261273477)