unsatisfiable
(:added-eqs                       680013
 :arith-eq-adapter                125022
 :arith-assume-eqs                2202
 :arith-bound-propagations-lp     21686
 :arith-branch                    79785
 :arith-conflicts                 44100
 :arith-cube-calls                24984
 :arith-cube-success              18
 :arith-diseq                     16088
 :arith-fixed-eqs                 115970
 :arith-gcd-calls                 101147
 :arith-gomory-cuts               32422
 :arith-grobner-calls             1153
 :arith-grobner-conflicts         30
 :arith-hnf-calls                 3
 :arith-horner-calls              1797
 :arith-horner-cross-nested-forms 12666
 :arith-lower                     350978
 :arith-make-feasible             376132
 :arith-max-columns               239
 :arith-max-rows                  137
 :arith-nla-add-bounds            6444
 :arith-nla-lemmas                930
 :arith-nla-propagate-bounds      766
 :arith-nla-propagate-eq          1152
 :arith-nra-calls                 4109
 :arith-offset-eqs                1633
 :arith-patches                   101147
 :arith-patches-success           1270
 :arith-upper                     317968
 :conflicts                       52327
 :datatype-accessor-ax            3148
 :datatype-constructor-ax         7719
 :datatype-splits                 1273
 :decisions                       314526
 :del-clause                      238396
 :final-checks                    118264
 :interface-eqs                   1101
 :max-memory                      220.60
 :memory                          220.60
 :minimized-lits                  29412
 :mk-bool-var                     813134
 :mk-clause                       238418
 :num-allocs                      24297571011942.00
 :num-checks                      34603
 :propagations                    196714
 :recfun-macro-expansion          16816
 :rlimit-count                    261751547)