satisfiable
(:added-eqs                       684725
 :arith-eq-adapter                125894
 :arith-assume-eqs                2236
 :arith-bound-propagations-lp     21787
 :arith-branch                    80283
 :arith-conflicts                 44411
 :arith-cube-calls                25143
 :arith-cube-success              18
 :arith-diseq                     16202
 :arith-fixed-eqs                 116751
 :arith-gcd-calls                 101784
 :arith-gomory-cuts               32633
 :arith-grobner-calls             1162
 :arith-grobner-conflicts         30
 :arith-hnf-calls                 3
 :arith-horner-calls              1811
 :arith-horner-cross-nested-forms 12756
 :arith-lower                     353465
 :arith-make-feasible             378765
 :arith-max-columns               239
 :arith-max-rows                  137
 :arith-nla-add-bounds            6489
 :arith-nla-lemmas                930
 :arith-nla-propagate-bounds      766
 :arith-nla-propagate-eq          1158
 :arith-nra-calls                 4132
 :arith-offset-eqs                1636
 :arith-patches                   101784
 :arith-patches-success           1277
 :arith-upper                     319807
 :conflicts                       52681
 :datatype-accessor-ax            3177
 :datatype-constructor-ax         7782
 :datatype-splits                 1282
 :decisions                       316364
 :del-clause                      240006
 :final-checks                    119032
 :interface-eqs                   1118
 :max-memory                      221.94
 :memory                          221.94
 :minimized-lits                  29588
 :mk-bool-var                     818844
 :mk-clause                       240028
 :num-allocs                      24792577187039.00
 :num-checks                      34900
 :propagations                    197702
 :recfun-macro-expansion          16948
 :rlimit-count                    263857151)