unsatisfiable
(:added-eqs                       686750
 :arith-eq-adapter                126263
 :arith-assume-eqs                2266
 :arith-bound-propagations-lp     21822
 :arith-branch                    80467
 :arith-conflicts                 44536
 :arith-cube-calls                25200
 :arith-cube-success              18
 :arith-diseq                     16256
 :arith-fixed-eqs                 117090
 :arith-gcd-calls                 102019
 :arith-gomory-cuts               32715
 :arith-grobner-calls             1162
 :arith-grobner-conflicts         30
 :arith-hnf-calls                 3
 :arith-horner-calls              1813
 :arith-horner-cross-nested-forms 12770
 :arith-lower                     354512
 :arith-make-feasible             379859
 :arith-max-columns               239
 :arith-max-rows                  137
 :arith-nla-add-bounds            6506
 :arith-nla-lemmas                930
 :arith-nla-propagate-bounds      767
 :arith-nla-propagate-eq          1160
 :arith-nra-calls                 4139
 :arith-offset-eqs                1646
 :arith-patches                   102019
 :arith-patches-success           1280
 :arith-upper                     320548
 :conflicts                       52827
 :datatype-accessor-ax            3192
 :datatype-constructor-ax         7815
 :datatype-splits                 1289
 :decisions                       317106
 :del-clause                      240704
 :final-checks                    119328
 :interface-eqs                   1133
 :max-memory                      222.62
 :memory                          222.52
 :minimized-lits                  29660
 :mk-bool-var                     821234
 :mk-clause                       240725
 :num-allocs                      24921654452249.00
 :num-checks                      35015
 :propagations                    198128
 :recfun-macro-expansion          17008
 :rlimit-count                    264702612)