unsatisfiable
(:added-eqs                       689165
 :arith-eq-adapter                126717
 :arith-assume-eqs                2272
 :arith-bound-propagations-lp     21870
 :arith-branch                    80786
 :arith-conflicts                 44742
 :arith-cube-calls                25303
 :arith-cube-success              18
 :arith-diseq                     16327
 :arith-fixed-eqs                 117483
 :arith-gcd-calls                 102432
 :arith-gomory-cuts               32861
 :arith-grobner-calls             1162
 :arith-grobner-conflicts         30
 :arith-hnf-calls                 3
 :arith-horner-calls              1821
 :arith-horner-cross-nested-forms 12816
 :arith-lower                     355903
 :arith-make-feasible             381325
 :arith-max-columns               239
 :arith-max-rows                  137
 :arith-nla-add-bounds            6536
 :arith-nla-lemmas                930
 :arith-nla-propagate-bounds      767
 :arith-nla-propagate-eq          1163
 :arith-nra-calls                 4154
 :arith-offset-eqs                1658
 :arith-patches                   102432
 :arith-patches-success           1284
 :arith-upper                     321502
 :conflicts                       53047
 :datatype-accessor-ax            3199
 :datatype-constructor-ax         7830
 :datatype-splits                 1290
 :decisions                       318368
 :del-clause                      241522
 :final-checks                    119802
 :interface-eqs                   1136
 :max-memory                      223.39
 :memory                          223.29
 :minimized-lits                  29774
 :mk-bool-var                     824304
 :mk-clause                       241539
 :num-allocs                      25298460708800.00
 :num-checks                      35134
 :propagations                    198678
 :recfun-macro-expansion          17070
 :rlimit-count                    265832797)