unsatisfiable
(:added-eqs                       690282
 :arith-eq-adapter                126924
 :arith-assume-eqs                2278
 :arith-bound-propagations-lp     21891
 :arith-branch                    80882
 :arith-conflicts                 44813
 :arith-cube-calls                25334
 :arith-cube-success              18
 :arith-diseq                     16350
 :arith-fixed-eqs                 117669
 :arith-gcd-calls                 102557
 :arith-gomory-cuts               32910
 :arith-grobner-calls             1162
 :arith-grobner-conflicts         30
 :arith-hnf-calls                 3
 :arith-horner-calls              1823
 :arith-horner-cross-nested-forms 12830
 :arith-lower                     356495
 :arith-make-feasible             381867
 :arith-max-columns               239
 :arith-max-rows                  137
 :arith-nla-add-bounds            6546
 :arith-nla-lemmas                930
 :arith-nla-propagate-bounds      767
 :arith-nla-propagate-eq          1163
 :arith-nra-calls                 4160
 :arith-offset-eqs                1660
 :arith-patches                   102557
 :arith-patches-success           1284
 :arith-upper                     321910
 :conflicts                       53126
 :datatype-accessor-ax            3204
 :datatype-constructor-ax         7842
 :datatype-splits                 1294
 :decisions                       318813
 :del-clause                      241857
 :final-checks                    119955
 :interface-eqs                   1139
 :max-memory                      223.72
 :memory                          223.62
 :minimized-lits                  29815
 :mk-bool-var                     825603
 :mk-clause                       241875
 :num-allocs                      25488965220500.00
 :num-checks                      35207
 :propagations                    198900
 :recfun-macro-expansion          17094
 :rlimit-count                    266233055)