unsatisfiable
(:added-eqs                       701242
 :arith-eq-adapter                128946
 :arith-assume-eqs                2384
 :arith-bound-propagations-lp     22100
 :arith-branch                    82129
 :arith-conflicts                 45565
 :arith-cube-calls                25729
 :arith-cube-success              18
 :arith-diseq                     16613
 :arith-fixed-eqs                 119503
 :arith-gcd-calls                 104146
 :arith-gomory-cuts               33410
 :arith-grobner-calls             1171
 :arith-grobner-conflicts         30
 :arith-hnf-calls                 3
 :arith-horner-calls              1845
 :arith-horner-cross-nested-forms 12991
 :arith-lower                     362272
 :arith-make-feasible             388163
 :arith-max-columns               239
 :arith-max-rows                  137
 :arith-nla-add-bounds            6651
 :arith-nla-lemmas                930
 :arith-nla-propagate-bounds      767
 :arith-nla-propagate-eq          1184
 :arith-nra-calls                 4210
 :arith-offset-eqs                1703
 :arith-patches                   104146
 :arith-patches-success           1300
 :arith-upper                     326147
 :conflicts                       54036
 :datatype-accessor-ax            3269
 :datatype-constructor-ax         8007
 :datatype-splits                 1321
 :decisions                       323690
 :del-clause                      245621
 :final-checks                    121854
 :interface-eqs                   1192
 :max-memory                      226.80
 :memory                          226.80
 :minimized-lits                  30243
 :mk-bool-var                     838886
 :mk-clause                       245645
 :num-allocs                      26557979134552.00
 :num-checks                      35944
 :propagations                    201138
 :recfun-macro-expansion          17392
 :rlimit-count                    270785076)