unsatisfiable
(:added-eqs                       704138
 :arith-eq-adapter                129507
 :arith-assume-eqs                2400
 :arith-bound-propagations-lp     22160
 :arith-branch                    82582
 :arith-conflicts                 45802
 :arith-cube-calls                25870
 :arith-cube-success              18
 :arith-diseq                     16689
 :arith-fixed-eqs                 119991
 :arith-gcd-calls                 104715
 :arith-gomory-cuts               33586
 :arith-grobner-calls             1173
 :arith-grobner-conflicts         30
 :arith-hnf-calls                 3
 :arith-horner-calls              1852
 :arith-horner-cross-nested-forms 13042
 :arith-lower                     363910
 :arith-make-feasible             390086
 :arith-max-columns               239
 :arith-max-rows                  137
 :arith-nla-add-bounds            6682
 :arith-nla-lemmas                930
 :arith-nla-propagate-bounds      767
 :arith-nla-propagate-eq          1192
 :arith-nra-calls                 4227
 :arith-offset-eqs                1714
 :arith-patches                   104715
 :arith-patches-success           1303
 :arith-upper                     327390
 :conflicts                       54290
 :datatype-accessor-ax            3277
 :datatype-constructor-ax         8025
 :datatype-splits                 1322
 :decisions                       325290
 :del-clause                      246639
 :final-checks                    122498
 :interface-eqs                   1200
 :max-memory                      227.69
 :memory                          227.62
 :minimized-lits                  30393
 :mk-bool-var                     842595
 :mk-clause                       246656
 :num-allocs                      26941344315713.00
 :num-checks                      36070
 :propagations                    201860
 :recfun-macro-expansion          17454
 :rlimit-count                    271955278)