satisfiable
(:added-eqs                       713339
 :arith-eq-adapter                131182
 :arith-assume-eqs                2474
 :arith-bound-propagations-lp     22331
 :arith-branch                    83478
 :arith-conflicts                 46364
 :arith-cube-calls                26160
 :arith-cube-success              18
 :arith-diseq                     16882
 :arith-fixed-eqs                 121497
 :arith-gcd-calls                 105886
 :arith-gomory-cuts               33982
 :arith-grobner-calls             1180
 :arith-grobner-conflicts         30
 :arith-hnf-calls                 3
 :arith-horner-calls              1874
 :arith-horner-cross-nested-forms 13163
 :arith-lower                     368709
 :arith-make-feasible             394978
 :arith-max-columns               239
 :arith-max-rows                  137
 :arith-nla-add-bounds            6765
 :arith-nla-lemmas                930
 :arith-nla-propagate-bounds      768
 :arith-nla-propagate-eq          1201
 :arith-nra-calls                 4270
 :arith-offset-eqs                1750
 :arith-patches                   105886
 :arith-patches-success           1324
 :arith-upper                     330748
 :conflicts                       54960
 :datatype-accessor-ax            3331
 :datatype-constructor-ax         8154
 :datatype-splits                 1344
 :decisions                       328801
 :del-clause                      249582
 :final-checks                    123901
 :interface-eqs                   1237
 :max-memory                      230.34
 :memory                          230.24
 :minimized-lits                  30720
 :mk-bool-var                     853473
 :mk-clause                       249621
 :num-allocs                      27941478880064.00
 :num-checks                      36679
 :propagations                    203655
 :recfun-macro-expansion          17722
 :rlimit-count                    276018732
 :time                            0.00)