unsatisfiable
(:added-eqs                       716232
 :arith-eq-adapter                131705
 :arith-assume-eqs                2482
 :arith-bound-propagations-lp     22390
 :arith-branch                    83844
 :arith-conflicts                 46562
 :arith-cube-calls                26276
 :arith-cube-success              18
 :arith-diseq                     16950
 :arith-fixed-eqs                 121967
 :arith-gcd-calls                 106350
 :arith-gomory-cuts               34138
 :arith-grobner-calls             1189
 :arith-grobner-conflicts         30
 :arith-hnf-calls                 3
 :arith-horner-calls              1884
 :arith-horner-cross-nested-forms 13246
 :arith-lower                     370272
 :arith-make-feasible             396704
 :arith-max-columns               239
 :arith-max-rows                  137
 :arith-nla-add-bounds            6797
 :arith-nla-lemmas                931
 :arith-nla-propagate-bounds      768
 :arith-nla-propagate-eq          1204
 :arith-nra-calls                 4291
 :arith-offset-eqs                1764
 :arith-patches                   106350
 :arith-patches-success           1325
 :arith-upper                     331878
 :conflicts                       55201
 :datatype-accessor-ax            3347
 :datatype-constructor-ax         8196
 :datatype-splits                 1353
 :decisions                       330060
 :del-clause                      250540
 :final-checks                    124449
 :interface-eqs                   1241
 :max-memory                      231.17
 :memory                          231.17
 :minimized-lits                  30817
 :mk-bool-var                     857046
 :mk-clause                       250569
 :num-allocs                      28327173641992.00
 :num-checks                      36912
 :propagations                    204188
 :recfun-macro-expansion          17808
 :rlimit-count                    277457355)