unsatisfiable
(:added-eqs                       717711
 :arith-eq-adapter                131980
 :arith-assume-eqs                2486
 :arith-bound-propagations-lp     22420
 :arith-branch                    83992
 :arith-conflicts                 46652
 :arith-cube-calls                26320
 :arith-cube-success              18
 :arith-diseq                     16985
 :arith-fixed-eqs                 122216
 :arith-gcd-calls                 106532
 :arith-gomory-cuts               34188
 :arith-grobner-calls             1189
 :arith-grobner-conflicts         30
 :arith-hnf-calls                 3
 :arith-horner-calls              1887
 :arith-horner-cross-nested-forms 13272
 :arith-lower                     371064
 :arith-make-feasible             397475
 :arith-max-columns               239
 :arith-max-rows                  137
 :arith-nla-add-bounds            6811
 :arith-nla-lemmas                931
 :arith-nla-propagate-bounds      768
 :arith-nla-propagate-eq          1207
 :arith-nra-calls                 4299
 :arith-offset-eqs                1772
 :arith-patches                   106532
 :arith-patches-success           1328
 :arith-upper                     332438
 :conflicts                       55306
 :datatype-accessor-ax            3349
 :datatype-constructor-ax         8202
 :datatype-splits                 1353
 :decisions                       330632
 :del-clause                      251030
 :final-checks                    124668
 :interface-eqs                   1243
 :max-memory                      231.57
 :memory                          231.57
 :minimized-lits                  30864
 :mk-bool-var                     858803
 :mk-clause                       251051
 :num-allocs                      28517686881336.00
 :num-checks                      37006
 :propagations                    204492
 :recfun-macro-expansion          17846
 :rlimit-count                    278107381)