unsatisfiable
(:added-eqs                       724564
 :arith-eq-adapter                133232
 :arith-assume-eqs                2546
 :arith-bound-propagations-lp     22557
 :arith-branch                    84655
 :arith-conflicts                 47077
 :arith-cube-calls                26535
 :arith-cube-success              18
 :arith-diseq                     17126
 :arith-fixed-eqs                 123332
 :arith-gcd-calls                 107400
 :arith-gomory-cuts               34488
 :arith-grobner-calls             1189
 :arith-grobner-conflicts         30
 :arith-hnf-calls                 3
 :arith-horner-calls              1900
 :arith-horner-cross-nested-forms 13314
 :arith-lower                     374689
 :arith-make-feasible             401061
 :arith-max-columns               239
 :arith-max-rows                  137
 :arith-nla-add-bounds            6868
 :arith-nla-lemmas                932
 :arith-nla-propagate-bounds      768
 :arith-nla-propagate-eq          1214
 :arith-nra-calls                 4332
 :arith-offset-eqs                1810
 :arith-patches                   107400
 :arith-patches-success           1343
 :arith-upper                     334942
 :conflicts                       55800
 :datatype-accessor-ax            3393
 :datatype-constructor-ax         8304
 :datatype-splits                 1370
 :decisions                       333274
 :del-clause                      253232
 :final-checks                    125701
 :interface-eqs                   1273
 :max-memory                      233.61
 :memory                          233.51
 :minimized-lits                  31085
 :mk-bool-var                     866847
 :mk-clause                       253260
 :num-allocs                      29411411891278.00
 :num-checks                      37436
 :propagations                    205890
 :recfun-macro-expansion          18033
 :rlimit-count                    280988339)