unsatisfiable
(:added-eqs                       729115
 :arith-eq-adapter                134094
 :arith-assume-eqs                2576
 :arith-bound-propagations-lp     22639
 :arith-branch                    85144
 :arith-conflicts                 47375
 :arith-cube-calls                26690
 :arith-cube-success              18
 :arith-diseq                     17226
 :arith-fixed-eqs                 124109
 :arith-gcd-calls                 108025
 :arith-gomory-cuts               34707
 :arith-grobner-calls             1198
 :arith-grobner-conflicts         30
 :arith-hnf-calls                 3
 :arith-horner-calls              1909
 :arith-horner-cross-nested-forms 13399
 :arith-lower                     377079
 :arith-make-feasible             403562
 :arith-max-columns               239
 :arith-max-rows                  137
 :arith-nla-add-bounds            6913
 :arith-nla-lemmas                932
 :arith-nla-propagate-bounds      768
 :arith-nla-propagate-eq          1225
 :arith-nra-calls                 4357
 :arith-offset-eqs                1827
 :arith-patches                   108025
 :arith-patches-success           1348
 :arith-upper                     336745
 :conflicts                       56140
 :datatype-accessor-ax            3407
 :datatype-constructor-ax         8343
 :datatype-splits                 1376
 :decisions                       335233
 :del-clause                      254769
 :final-checks                    126443
 :interface-eqs                   1288
 :max-memory                      234.98
 :memory                          234.88
 :minimized-lits                  31287
 :mk-bool-var                     872334
 :mk-clause                       254800
 :num-allocs                      29863202579412.00
 :num-checks                      37680
 :propagations                    206799
 :recfun-macro-expansion          18142
 :rlimit-count                    282736252)