unsatisfiable
(:added-eqs                       740144
 :arith-eq-adapter                136103
 :arith-assume-eqs                2666
 :arith-bound-propagations-lp     22826
 :arith-branch                    86287
 :arith-conflicts                 48093
 :arith-cube-calls                27044
 :arith-cube-success              18
 :arith-diseq                     17438
 :arith-fixed-eqs                 125909
 :arith-gcd-calls                 109459
 :arith-gomory-cuts               35138
 :arith-grobner-calls             1207
 :arith-grobner-conflicts         30
 :arith-hnf-calls                 3
 :arith-horner-calls              1933
 :arith-horner-cross-nested-forms 13508
 :arith-lower                     382881
 :arith-make-feasible             409638
 :arith-max-columns               239
 :arith-max-rows                  137
 :arith-nla-add-bounds            7002
 :arith-nla-lemmas                932
 :arith-nla-propagate-bounds      770
 :arith-nla-propagate-eq          1241
 :arith-nra-calls                 4403
 :arith-offset-eqs                1851
 :arith-patches                   109459
 :arith-patches-success           1368
 :arith-upper                     340833
 :conflicts                       56973
 :datatype-accessor-ax            3484
 :datatype-constructor-ax         8517
 :datatype-splits                 1405
 :decisions                       339553
 :del-clause                      258397
 :final-checks                    128177
 :interface-eqs                   1333
 :max-memory                      238.05
 :memory                          238.05
 :minimized-lits                  31655
 :mk-bool-var                     885483
 :mk-clause                       258430
 :num-allocs                      30870750202436.00
 :num-checks                      38427
 :propagations                    209024
 :recfun-macro-expansion          18470
 :rlimit-count                    287681173)