satisfiable
(:added-eqs                       746378
 :arith-eq-adapter                137251
 :arith-assume-eqs                2692
 :arith-bound-propagations-lp     22942
 :arith-branch                    87019
 :arith-conflicts                 48514
 :arith-cube-calls                27274
 :arith-cube-success              18
 :arith-diseq                     17586
 :arith-fixed-eqs                 126958
 :arith-gcd-calls                 110385
 :arith-gomory-cuts               35427
 :arith-grobner-calls             1207
 :arith-grobner-conflicts         30
 :arith-hnf-calls                 3
 :arith-horner-calls              1951
 :arith-horner-cross-nested-forms 13594
 :arith-lower                     386146
 :arith-make-feasible             413214
 :arith-max-columns               239
 :arith-max-rows                  137
 :arith-nla-add-bounds            7069
 :arith-nla-lemmas                933
 :arith-nla-propagate-bounds      770
 :arith-nla-propagate-eq          1252
 :arith-nra-calls                 4443
 :arith-offset-eqs                1864
 :arith-patches                   110385
 :arith-patches-success           1379
 :arith-upper                     343340
 :conflicts                       57478
 :datatype-accessor-ax            3512
 :datatype-constructor-ax         8592
 :datatype-splits                 1419
 :decisions                       342380
 :del-clause                      260409
 :final-checks                    129268
 :interface-eqs                   1346
 :max-memory                      239.89
 :memory                          239.79
 :minimized-lits                  31885
 :mk-bool-var                     893022
 :mk-clause                       260446
 :num-allocs                      31850349061770.00
 :num-checks                      38834
 :propagations                    210294
 :recfun-macro-expansion          18642
 :rlimit-count                    290428002)