satisfiable
(:added-eqs                       747026
 :arith-eq-adapter                137368
 :arith-assume-eqs                2698
 :arith-bound-propagations-lp     22958
 :arith-branch                    87105
 :arith-conflicts                 48571
 :arith-cube-calls                27301
 :arith-cube-success              19
 :arith-diseq                     17606
 :arith-fixed-eqs                 127061
 :arith-gcd-calls                 110492
 :arith-gomory-cuts               35456
 :arith-grobner-calls             1210
 :arith-grobner-conflicts         30
 :arith-hnf-calls                 3
 :arith-horner-calls              1954
 :arith-horner-cross-nested-forms 13607
 :arith-lower                     386504
 :arith-make-feasible             413647
 :arith-max-columns               239
 :arith-max-rows                  137
 :arith-nla-add-bounds            7081
 :arith-nla-lemmas                933
 :arith-nla-propagate-bounds      770
 :arith-nla-propagate-eq          1254
 :arith-nra-calls                 4447
 :arith-offset-eqs                1864
 :arith-patches                   110492
 :arith-patches-success           1381
 :arith-upper                     343589
 :conflicts                       57553
 :datatype-accessor-ax            3517
 :datatype-constructor-ax         8607
 :datatype-splits                 1420
 :decisions                       342730
 :del-clause                      260631
 :final-checks                    129402
 :interface-eqs                   1349
 :max-memory                      240.13
 :memory                          240.04
 :minimized-lits                  31898
 :mk-bool-var                     893851
 :mk-clause                       260662
 :num-allocs                      32047326544544.00
 :num-checks                      38911
 :propagations                    210436
 :recfun-macro-expansion          18666
 :rlimit-count                    290833594)