unsatisfiable
(:added-eqs                       749219
 :arith-eq-adapter                137752
 :arith-assume-eqs                2714
 :arith-bound-propagations-lp     23003
 :arith-branch                    87318
 :arith-conflicts                 48698
 :arith-cube-calls                27367
 :arith-cube-success              19
 :arith-diseq                     17634
 :arith-fixed-eqs                 127411
 :arith-gcd-calls                 110759
 :arith-gomory-cuts               35536
 :arith-grobner-calls             1216
 :arith-grobner-conflicts         30
 :arith-hnf-calls                 3
 :arith-horner-calls              1955
 :arith-horner-cross-nested-forms 13624
 :arith-lower                     387640
 :arith-make-feasible             414807
 :arith-max-columns               239
 :arith-max-rows                  137
 :arith-nla-add-bounds            7088
 :arith-nla-lemmas                933
 :arith-nla-propagate-bounds      770
 :arith-nla-propagate-eq          1256
 :arith-nra-calls                 4450
 :arith-offset-eqs                1870
 :arith-patches                   110759
 :arith-patches-success           1383
 :arith-upper                     344372
 :conflicts                       57707
 :datatype-accessor-ax            3536
 :datatype-constructor-ax         8649
 :datatype-splits                 1427
 :decisions                       343471
 :del-clause                      261337
 :final-checks                    129720
 :interface-eqs                   1357
 :max-memory                      240.62
 :memory                          240.62
 :minimized-lits                  31967
 :mk-bool-var                     896433
 :mk-clause                       261373
 :num-allocs                      32130091166778.00
 :num-checks                      39067
 :propagations                    210850
 :recfun-macro-expansion          18735
 :rlimit-count                    291676841)