satisfiable
(:added-eqs                       753393
 :arith-eq-adapter                138525
 :arith-assume-eqs                2734
 :arith-bound-propagations-lp     23095
 :arith-branch                    87899
 :arith-conflicts                 49030
 :arith-cube-calls                27545
 :arith-cube-success              20
 :arith-diseq                     17741
 :arith-fixed-eqs                 128100
 :arith-gcd-calls                 111482
 :arith-gomory-cuts               35746
 :arith-grobner-calls             1216
 :arith-grobner-conflicts         30
 :arith-hnf-calls                 3
 :arith-horner-calls              1966
 :arith-horner-cross-nested-forms 13705
 :arith-lower                     389907
 :arith-make-feasible             417471
 :arith-max-columns               239
 :arith-max-rows                  137
 :arith-nla-add-bounds            7135
 :arith-nla-lemmas                933
 :arith-nla-propagate-bounds      771
 :arith-nla-propagate-eq          1271
 :arith-nra-calls                 4471
 :arith-offset-eqs                1885
 :arith-patches                   111482
 :arith-patches-success           1390
 :arith-upper                     346131
 :conflicts                       58078
 :datatype-accessor-ax            3558
 :datatype-constructor-ax         8700
 :datatype-splits                 1436
 :decisions                       345566
 :del-clause                      262795
 :final-checks                    130562
 :interface-eqs                   1367
 :max-memory                      241.88
 :memory                          241.87
 :minimized-lits                  32147
 :mk-bool-var                     901764
 :mk-clause                       262853
 :num-allocs                      32684718491146.00
 :num-checks                      39324
 :propagations                    211754
 :recfun-macro-expansion          18852
 :rlimit-count                    293533187
 :time                            0.00)