unsatisfiable
(:added-eqs                       761722
 :arith-eq-adapter                140052
 :arith-assume-eqs                2778
 :arith-bound-propagations-lp     23245
 :arith-branch                    88901
 :arith-conflicts                 49619
 :arith-cube-calls                27855
 :arith-cube-success              20
 :arith-diseq                     17932
 :arith-fixed-eqs                 129451
 :arith-gcd-calls                 112725
 :arith-gomory-cuts               36125
 :arith-grobner-calls             1225
 :arith-grobner-conflicts         30
 :arith-hnf-calls                 3
 :arith-horner-calls              1984
 :arith-horner-cross-nested-forms 13818
 :arith-lower                     394403
 :arith-make-feasible             422318
 :arith-max-columns               239
 :arith-max-rows                  137
 :arith-nla-add-bounds            7212
 :arith-nla-lemmas                933
 :arith-nla-propagate-bounds      771
 :arith-nla-propagate-eq          1282
 :arith-nra-calls                 4512
 :arith-offset-eqs                1904
 :arith-patches                   112725
 :arith-patches-success           1401
 :arith-upper                     349372
 :conflicts                       58765
 :datatype-accessor-ax            3608
 :datatype-constructor-ax         8820
 :datatype-splits                 1454
 :decisions                       349313
 :del-clause                      265604
 :final-checks                    132027
 :interface-eqs                   1389
 :max-memory                      244.43
 :memory                          244.33
 :minimized-lits                  32440
 :mk-bool-var                     912041
 :mk-clause                       265635
 :num-allocs                      33399528365958.00
 :num-checks                      39878
 :propagations                    213399
 :recfun-macro-expansion          19086
 :rlimit-count                    297194135)