satisfiable
(:added-eqs                       778654
 :arith-eq-adapter                143240
 :arith-assume-eqs                2796
 :arith-bound-propagations-lp     23976
 :arith-branch                    91506
 :arith-conflicts                 50736
 :arith-cube-calls                28679
 :arith-cube-success              20
 :arith-diseq                     18314
 :arith-fixed-eqs                 132620
 :arith-gcd-calls                 116024
 :arith-gomory-cuts               37316
 :arith-grobner-calls             1242
 :arith-grobner-conflicts         31
 :arith-hnf-calls                 3
 :arith-horner-calls              2030
 :arith-horner-cross-nested-forms 14263
 :arith-lower                     403173
 :arith-make-feasible             432032
 :arith-max-columns               239
 :arith-max-rows                  137
 :arith-nla-add-bounds            7343
 :arith-nla-lemmas                1011
 :arith-nla-propagate-bounds      816
 :arith-nla-propagate-eq          1313
 :arith-nra-calls                 4638
 :arith-offset-eqs                1970
 :arith-patches                   116024
 :arith-patches-success           1409
 :arith-upper                     359138
 :conflicts                       59920
 :datatype-accessor-ax            3622
 :datatype-constructor-ax         8856
 :datatype-splits                 1463
 :decisions                       359686
 :del-clause                      271709
 :final-checks                    135616
 :interface-eqs                   1398
 :max-memory                      249.44
 :memory                          249.43
 :minimized-lits                  33589
 :mk-bool-var                     932069
 :mk-clause                       271905
 :num-allocs                      35307556826254.00
 :num-checks                      40068
 :propagations                    220411
 :recfun-macro-expansion          19270
 :rlimit-count                    301412281
 :time                            0.03)