unsatisfiable
(:added-eqs                       777591
 :arith-eq-adapter                143048
 :arith-assume-eqs                2794
 :arith-bound-propagations-lp     23946
 :arith-branch                    91390
 :arith-conflicts                 50686
 :arith-cube-calls                28638
 :arith-cube-success              20
 :arith-diseq                     18288
 :arith-fixed-eqs                 132425
 :arith-gcd-calls                 115860
 :arith-gomory-cuts               37237
 :arith-grobner-calls             1235
 :arith-grobner-conflicts         31
 :arith-hnf-calls                 3
 :arith-horner-calls              2028
 :arith-horner-cross-nested-forms 14004
 :arith-lower                     402676
 :arith-make-feasible             431552
 :arith-max-columns               239
 :arith-max-rows                  137
 :arith-nla-add-bounds            7335
 :arith-nla-lemmas                1010
 :arith-nla-propagate-bounds      813
 :arith-nla-propagate-eq          1311
 :arith-nra-calls                 4635
 :arith-offset-eqs                1967
 :arith-patches                   115860
 :arith-patches-success           1408
 :arith-upper                     358561
 :conflicts                       59856
 :datatype-accessor-ax            3616
 :datatype-constructor-ax         8841
 :datatype-splits                 1459
 :decisions                       359204
 :del-clause                      271464
 :final-checks                    135438
 :interface-eqs                   1397
 :max-memory                      249.17
 :memory                          248.97
 :minimized-lits                  33531
 :mk-bool-var                     931001
 :mk-clause                       271513
 :num-allocs                      35251877501771.00
 :num-checks                      40039
 :propagations                    219885
 :recfun-macro-expansion          19254
 :rlimit-count                    301270871)