satisfiable
(:added-eqs                       786398
 :arith-eq-adapter                144676
 :arith-assume-eqs                2796
 :arith-bound-propagations-lp     24277
 :arith-branch                    92392
 :arith-conflicts                 51112
 :arith-cube-calls                28953
 :arith-cube-success              20
 :arith-diseq                     18436
 :arith-fixed-eqs                 134061
 :arith-gcd-calls                 117121
 :arith-gomory-cuts               37674
 :arith-grobner-calls             1244
 :arith-grobner-conflicts         31
 :arith-hnf-calls                 3
 :arith-horner-calls              2039
 :arith-horner-cross-nested-forms 14305
 :arith-lower                     407087
 :arith-make-feasible             435623
 :arith-max-columns               239
 :arith-max-rows                  137
 :arith-nla-add-bounds            7378
 :arith-nla-lemmas                1025
 :arith-nla-propagate-bounds      828
 :arith-nla-propagate-eq          1316
 :arith-nra-calls                 4666
 :arith-offset-eqs                1993
 :arith-patches                   117121
 :arith-patches-success           1409
 :arith-upper                     363106
 :conflicts                       60313
 :datatype-accessor-ax            3624
 :datatype-constructor-ax         8862
 :datatype-splits                 1463
 :decisions                       363651
 :del-clause                      274252
 :final-checks                    136791
 :interface-eqs                   1398
 :max-memory                      251.43
 :memory                          251.43
 :minimized-lits                  34035
 :mk-bool-var                     940490
 :mk-clause                       274348
 :num-allocs                      35877905924265.00
 :num-checks                      40133
 :propagations                    223004
 :recfun-macro-expansion          19340
 :rlimit-count                    302571441
 :time                            0.01)