satisfiable
(:added-eqs                       795680
 :arith-eq-adapter                146474
 :arith-assume-eqs                2802
 :arith-bound-propagations-lp     24743
 :arith-branch                    93624
 :arith-conflicts                 51715
 :arith-cube-calls                29333
 :arith-cube-success              20
 :arith-diseq                     18640
 :arith-fixed-eqs                 135770
 :arith-gcd-calls                 118647
 :arith-gomory-cuts               38164
 :arith-grobner-calls             1253
 :arith-grobner-conflicts         31
 :arith-hnf-calls                 3
 :arith-horner-calls              2067
 :arith-horner-cross-nested-forms 14432
 :arith-lower                     411977
 :arith-make-feasible             440680
 :arith-max-columns               239
 :arith-max-rows                  137
 :arith-nla-add-bounds            7446
 :arith-nla-lemmas                1057
 :arith-nla-propagate-bounds      857
 :arith-nla-propagate-eq          1326
 :arith-nra-calls                 4731
 :arith-offset-eqs                1999
 :arith-patches                   118647
 :arith-patches-success           1411
 :arith-upper                     368753
 :conflicts                       60954
 :datatype-accessor-ax            3639
 :datatype-constructor-ax         8898
 :datatype-splits                 1468
 :decisions                       368207
 :del-clause                      277848
 :final-checks                    138477
 :interface-eqs                   1401
 :max-memory                      253.95
 :memory                          253.94
 :minimized-lits                  34423
 :mk-bool-var                     951509
 :mk-clause                       277945
 :num-allocs                      36689574420538.00
 :num-checks                      40282
 :propagations                    226908
 :recfun-macro-expansion          19482
 :rlimit-count                    304637962
 :time                            0.01)