unsatisfiable
(:added-eqs                       796613
 :arith-eq-adapter                146649
 :arith-assume-eqs                2802
 :arith-bound-propagations-lp     24792
 :arith-branch                    93708
 :arith-conflicts                 51768
 :arith-cube-calls                29357
 :arith-cube-success              20
 :arith-diseq                     18655
 :arith-fixed-eqs                 135935
 :arith-gcd-calls                 118744
 :arith-gomory-cuts               38183
 :arith-grobner-calls             1253
 :arith-grobner-conflicts         31
 :arith-hnf-calls                 3
 :arith-horner-calls              2070
 :arith-horner-cross-nested-forms 14437
 :arith-lower                     412460
 :arith-make-feasible             441118
 :arith-max-columns               239
 :arith-max-rows                  137
 :arith-nla-add-bounds            7450
 :arith-nla-lemmas                1060
 :arith-nla-propagate-bounds      858
 :arith-nla-propagate-eq          1326
 :arith-nra-calls                 4736
 :arith-offset-eqs                1999
 :arith-patches                   118744
 :arith-patches-success           1412
 :arith-upper                     369255
 :conflicts                       61012
 :datatype-accessor-ax            3643
 :datatype-constructor-ax         8907
 :datatype-splits                 1471
 :decisions                       368745
 :del-clause                      278208
 :final-checks                    138584
 :interface-eqs                   1401
 :max-memory                      254.22
 :memory                          254.22
 :minimized-lits                  34448
 :mk-bool-var                     952546
 :mk-clause                       278273
 :num-allocs                      36752156125864.00
 :num-checks                      40296
 :propagations                    227214
 :recfun-macro-expansion          19498
 :rlimit-count                    304811861)