unsatisfiable
(:added-eqs                       791827
 :arith-eq-adapter                145717
 :arith-assume-eqs                2802
 :arith-bound-propagations-lp     24521
 :arith-branch                    93301
 :arith-conflicts                 51508
 :arith-cube-calls                29239
 :arith-cube-success              20
 :arith-diseq                     18554
 :arith-fixed-eqs                 135074
 :arith-gcd-calls                 118270
 :arith-gomory-cuts               38089
 :arith-grobner-calls             1253
 :arith-grobner-conflicts         31
 :arith-hnf-calls                 3
 :arith-horner-calls              2056
 :arith-horner-cross-nested-forms 14381
 :arith-lower                     410008
 :arith-make-feasible             438980
 :arith-max-columns               239
 :arith-max-rows                  137
 :arith-nla-add-bounds            7420
 :arith-nla-lemmas                1050
 :arith-nla-propagate-bounds      845
 :arith-nla-propagate-eq          1325
 :arith-nra-calls                 4712
 :arith-offset-eqs                1999
 :arith-patches                   118270
 :arith-patches-success           1411
 :arith-upper                     366395
 :conflicts                       60737
 :datatype-accessor-ax            3630
 :datatype-constructor-ax         8880
 :datatype-splits                 1464
 :decisions                       366846
 :del-clause                      276414
 :final-checks                    138041
 :interface-eqs                   1401
 :max-memory                      253.03
 :memory                          252.85
 :minimized-lits                  34288
 :mk-bool-var                     947223
 :mk-clause                       276447
 :num-allocs                      36459221506814.00
 :num-checks                      40227
 :propagations                    225242
 :recfun-macro-expansion          19408
 :rlimit-count                    303997204)