satisfiable
(:added-eqs                       813862
 :arith-eq-adapter                149940
 :arith-assume-eqs                2814
 :arith-bound-propagations-lp     25727
 :arith-branch                    96083
 :arith-conflicts                 52886
 :arith-cube-calls                30115
 :arith-cube-success              20
 :arith-diseq                     19061
 :arith-fixed-eqs                 139130
 :arith-gcd-calls                 121781
 :arith-gomory-cuts               39275
 :arith-grobner-calls             1273
 :arith-grobner-conflicts         32
 :arith-hnf-calls                 3
 :arith-horner-calls              2115
 :arith-horner-cross-nested-forms 14740
 :arith-lower                     421369
 :arith-make-feasible             450624
 :arith-max-columns               239
 :arith-max-rows                  137
 :arith-nla-add-bounds            7573
 :arith-nla-lemmas                1124
 :arith-nla-propagate-bounds      910
 :arith-nla-propagate-eq          1346
 :arith-nra-calls                 4854
 :arith-offset-eqs                2022
 :arith-patches                   121781
 :arith-patches-success           1416
 :arith-upper                     379927
 :conflicts                       62162
 :datatype-accessor-ax            3665
 :datatype-constructor-ax         8955
 :datatype-splits                 1479
 :decisions                       377907
 :del-clause                      285135
 :final-checks                    141907
 :interface-eqs                   1407
 :max-memory                      258.90
 :memory                          258.89
 :minimized-lits                  35390
 :mk-bool-var                     972918
 :mk-clause                       285220
 :num-allocs                      38391031207790.00
 :num-checks                      40537
 :propagations                    235283
 :recfun-macro-expansion          19741
 :rlimit-count                    308804908
 :time                            0.00)