unsatisfiable
(:added-eqs                       813281
 :arith-eq-adapter                149829
 :arith-assume-eqs                2812
 :arith-bound-propagations-lp     25704
 :arith-branch                    96043
 :arith-conflicts                 52866
 :arith-cube-calls                30104
 :arith-cube-success              20
 :arith-diseq                     19055
 :arith-fixed-eqs                 139025
 :arith-gcd-calls                 121739
 :arith-gomory-cuts               39272
 :arith-grobner-calls             1273
 :arith-grobner-conflicts         32
 :arith-hnf-calls                 3
 :arith-horner-calls              2113
 :arith-horner-cross-nested-forms 14715
 :arith-lower                     421093
 :arith-make-feasible             450391
 :arith-max-columns               239
 :arith-max-rows                  137
 :arith-nla-add-bounds            7570
 :arith-nla-lemmas                1124
 :arith-nla-propagate-bounds      910
 :arith-nla-propagate-eq          1345
 :arith-nra-calls                 4851
 :arith-offset-eqs                2022
 :arith-patches                   121739
 :arith-patches-success           1416
 :arith-upper                     379642
 :conflicts                       62142
 :datatype-accessor-ax            3663
 :datatype-constructor-ax         8952
 :datatype-splits                 1476
 :decisions                       377692
 :del-clause                      284993
 :final-checks                    141858
 :interface-eqs                   1406
 :max-memory                      258.71
 :memory                          258.60
 :minimized-lits                  35373
 :mk-bool-var                     972310
 :mk-clause                       285026
 :num-allocs                      38354545977166.00
 :num-checks                      40529
 :propagations                    235111
 :recfun-macro-expansion          19732
 :rlimit-count                    308713886)