satisfiable
(:added-eqs                       828611
 :arith-eq-adapter                152759
 :arith-assume-eqs                2816
 :arith-bound-propagations-lp     26607
 :arith-branch                    97586
 :arith-conflicts                 53668
 :arith-cube-calls                30576
 :arith-cube-success              20
 :arith-diseq                     19356
 :arith-fixed-eqs                 141832
 :arith-gcd-calls                 123630
 :arith-gomory-cuts               39814
 :arith-grobner-calls             1282
 :arith-grobner-conflicts         32
 :arith-hnf-calls                 3
 :arith-horner-calls              2139
 :arith-horner-cross-nested-forms 14980
 :arith-lower                     428800
 :arith-make-feasible             457429
 :arith-max-columns               239
 :arith-max-rows                  137
 :arith-nla-add-bounds            7644
 :arith-nla-lemmas                1161
 :arith-nla-propagate-bounds      933
 :arith-nla-propagate-eq          1350
 :arith-nra-calls                 4929
 :arith-offset-eqs                2027
 :arith-patches                   123630
 :arith-patches-success           1418
 :arith-upper                     388476
 :conflicts                       63003
 :datatype-accessor-ax            3690
 :datatype-constructor-ax         9009
 :datatype-splits                 1487
 :decisions                       384457
 :del-clause                      290755
 :final-checks                    143929
 :interface-eqs                   1408
 :max-memory                      262.96
 :memory                          262.73
 :minimized-lits                  36039
 :mk-bool-var                     989337
 :mk-clause                       290798
 :num-allocs                      39472849590629.00
 :num-checks                      40733
 :propagations                    241517
 :recfun-macro-expansion          19978
 :rlimit-count                    311573266)