unsatisfiable
(:added-eqs                       844273
 :arith-eq-adapter                155785
 :arith-assume-eqs                2822
 :arith-bound-propagations-lp     27224
 :arith-branch                    100074
 :arith-conflicts                 54700
 :arith-cube-calls                31369
 :arith-cube-success              20
 :arith-diseq                     19730
 :arith-fixed-eqs                 144749
 :arith-gcd-calls                 126809
 :arith-gomory-cuts               41046
 :arith-grobner-calls             1291
 :arith-grobner-conflicts         32
 :arith-hnf-calls                 3
 :arith-horner-calls              2183
 :arith-horner-cross-nested-forms 15248
 :arith-lower                     436934
 :arith-make-feasible             466820
 :arith-max-columns               239
 :arith-max-rows                  137
 :arith-nla-add-bounds            7791
 :arith-nla-lemmas                1217
 :arith-nla-propagate-bounds      986
 :arith-nla-propagate-eq          1378
 :arith-nra-calls                 5038
 :arith-offset-eqs                2079
 :arith-patches                   126809
 :arith-patches-success           1425
 :arith-upper                     398001
 :conflicts                       64056
 :datatype-accessor-ax            3701
 :datatype-constructor-ax         9036
 :datatype-splits                 1492
 :decisions                       394101
 :del-clause                      296616
 :final-checks                    147402
 :interface-eqs                   1411
 :max-memory                      267.41
 :memory                          267.40
 :minimized-lits                  36870
 :mk-bool-var                     1008230
 :mk-clause                       296664
 :num-allocs                      41215675870789.00
 :num-checks                      40924
 :propagations                    248540
 :recfun-macro-expansion          20159
 :rlimit-count                    315610509)