unsatisfiable
(:added-eqs                       857429
 :arith-eq-adapter                158283
 :arith-assume-eqs                2826
 :arith-bound-propagations-lp     27846
 :arith-branch                    101853
 :arith-conflicts                 55526
 :arith-cube-calls                31930
 :arith-cube-success              20
 :arith-diseq                     20011
 :arith-fixed-eqs                 147222
 :arith-gcd-calls                 129064
 :arith-gomory-cuts               41865
 :arith-grobner-calls             1309
 :arith-grobner-conflicts         32
 :arith-hnf-calls                 3
 :arith-horner-calls              2208
 :arith-horner-cross-nested-forms 15508
 :arith-lower                     443730
 :arith-make-feasible             473949
 :arith-max-columns               239
 :arith-max-rows                  137
 :arith-nla-add-bounds            7891
 :arith-nla-lemmas                1265
 :arith-nla-propagate-bounds      1008
 :arith-nla-propagate-eq          1398
 :arith-nra-calls                 5125
 :arith-offset-eqs                2113
 :arith-patches                   129064
 :arith-patches-success           1428
 :arith-upper                     405612
 :conflicts                       64950
 :datatype-accessor-ax            3712
 :datatype-constructor-ax         9066
 :datatype-splits                 1497
 :decisions                       401371
 :del-clause                      301501
 :final-checks                    149864
 :interface-eqs                   1413
 :max-memory                      271.20
 :memory                          271.01
 :minimized-lits                  37550
 :mk-bool-var                     1023664
 :mk-clause                       301534
 :num-allocs                      42590963639094.00
 :num-checks                      41113
 :propagations                    254096
 :recfun-macro-expansion          20334
 :rlimit-count                    318776073)