unsatisfiable
(:added-eqs                       859970
 :arith-eq-adapter                158776
 :arith-assume-eqs                2828
 :arith-bound-propagations-lp     27932
 :arith-branch                    102220
 :arith-conflicts                 55687
 :arith-cube-calls                32041
 :arith-cube-success              20
 :arith-diseq                     20081
 :arith-fixed-eqs                 147692
 :arith-gcd-calls                 129518
 :arith-gomory-cuts               42012
 :arith-grobner-calls             1309
 :arith-grobner-conflicts         32
 :arith-hnf-calls                 3
 :arith-horner-calls              2220
 :arith-horner-cross-nested-forms 15517
 :arith-lower                     445067
 :arith-make-feasible             475438
 :arith-max-columns               239
 :arith-max-rows                  137
 :arith-nla-add-bounds            7920
 :arith-nla-lemmas                1283
 :arith-nla-propagate-bounds      1016
 :arith-nla-propagate-eq          1405
 :arith-nra-calls                 5151
 :arith-offset-eqs                2113
 :arith-patches                   129518
 :arith-patches-success           1430
 :arith-upper                     407082
 :conflicts                       65115
 :datatype-accessor-ax            3715
 :datatype-constructor-ax         9075
 :datatype-splits                 1498
 :decisions                       402806
 :del-clause                      302438
 :final-checks                    150379
 :interface-eqs                   1414
 :max-memory                      271.65
 :memory                          271.56
 :minimized-lits                  37690
 :mk-bool-var                     1026741
 :mk-clause                       302511
 :num-allocs                      42901103157112.00
 :num-checks                      41140
 :propagations                    255171
 :recfun-macro-expansion          20371
 :rlimit-count                    319465536)