unsatisfiable
(:added-eqs                       864043
 :arith-eq-adapter                159493
 :arith-assume-eqs                2836
 :arith-bound-propagations-lp     28062
 :arith-branch                    102617
 :arith-conflicts                 55931
 :arith-cube-calls                32171
 :arith-cube-success              20
 :arith-diseq                     20187
 :arith-fixed-eqs                 148349
 :arith-gcd-calls                 130050
 :arith-gomory-cuts               42178
 :arith-grobner-calls             1309
 :arith-grobner-conflicts         32
 :arith-hnf-calls                 3
 :arith-horner-calls              2227
 :arith-horner-cross-nested-forms 15530
 :arith-lower                     447082
 :arith-make-feasible             477580
 :arith-max-columns               239
 :arith-max-rows                  137
 :arith-nla-add-bounds            7965
 :arith-nla-lemmas                1287
 :arith-nla-propagate-bounds      1021
 :arith-nla-propagate-eq          1411
 :arith-nra-calls                 5179
 :arith-offset-eqs                2113
 :arith-patches                   130050
 :arith-patches-success           1451
 :arith-upper                     408811
 :conflicts                       65475
 :datatype-accessor-ax            3746
 :datatype-constructor-ax         9156
 :datatype-splits                 1511
 :decisions                       404518
 :del-clause                      303840
 :final-checks                    151034
 :interface-eqs                   1418
 :max-memory                      272.77
 :memory                          272.67
 :minimized-lits                  37888
 :mk-bool-var                     1031519
 :mk-clause                       303851
 :num-allocs                      43912774159275.00
 :num-checks                      41523
 :propagations                    256168
 :recfun-macro-expansion          20496
 :rlimit-count                    321588415)