unsatisfiable
(:added-eqs                       865093
 :arith-eq-adapter                159673
 :arith-assume-eqs                2844
 :arith-bound-propagations-lp     28087
 :arith-branch                    102731
 :arith-conflicts                 56004
 :arith-cube-calls                32207
 :arith-cube-success              20
 :arith-diseq                     20215
 :arith-fixed-eqs                 148501
 :arith-gcd-calls                 130197
 :arith-gomory-cuts               42225
 :arith-grobner-calls             1318
 :arith-grobner-conflicts         33
 :arith-hnf-calls                 3
 :arith-horner-calls              2230
 :arith-horner-cross-nested-forms 15571
 :arith-lower                     447601
 :arith-make-feasible             478210
 :arith-max-columns               239
 :arith-max-rows                  137
 :arith-nla-add-bounds            7978
 :arith-nla-lemmas                1287
 :arith-nla-propagate-bounds      1022
 :arith-nla-propagate-eq          1415
 :arith-nra-calls                 5183
 :arith-offset-eqs                2118
 :arith-patches                   130197
 :arith-patches-success           1457
 :arith-upper                     409232
 :conflicts                       65575
 :datatype-accessor-ax            3760
 :datatype-constructor-ax         9186
 :datatype-splits                 1516
 :decisions                       404886
 :del-clause                      304220
 :final-checks                    151227
 :interface-eqs                   1422
 :max-memory                      273.02
 :memory                          272.96
 :minimized-lits                  37921
 :mk-bool-var                     1032851
 :mk-clause                       304234
 :num-allocs                      44147560546207.00
 :num-checks                      41618
 :propagations                    256373
 :recfun-macro-expansion          20541
 :rlimit-count                    322257187)