unsatisfiable
(:added-eqs                       866717
 :arith-eq-adapter                159961
 :arith-assume-eqs                2850
 :arith-bound-propagations-lp     28137
 :arith-branch                    102921
 :arith-conflicts                 56115
 :arith-cube-calls                32267
 :arith-cube-success              20
 :arith-diseq                     20271
 :arith-fixed-eqs                 148759
 :arith-gcd-calls                 130445
 :arith-gomory-cuts               42306
 :arith-grobner-calls             1319
 :arith-grobner-conflicts         33
 :arith-hnf-calls                 3
 :arith-horner-calls              2236
 :arith-horner-cross-nested-forms 15590
 :arith-lower                     448412
 :arith-make-feasible             479173
 :arith-max-columns               239
 :arith-max-rows                  137
 :arith-nla-add-bounds            8002
 :arith-nla-lemmas                1287
 :arith-nla-propagate-bounds      1022
 :arith-nla-propagate-eq          1419
 :arith-nra-calls                 5197
 :arith-offset-eqs                2118
 :arith-patches                   130445
 :arith-patches-success           1464
 :arith-upper                     409931
 :conflicts                       65719
 :datatype-accessor-ax            3771
 :datatype-constructor-ax         9210
 :datatype-splits                 1520
 :decisions                       405620
 :del-clause                      304789
 :final-checks                    151536
 :interface-eqs                   1425
 :max-memory                      273.52
 :memory                          273.42
 :minimized-lits                  37989
 :mk-bool-var                     1034881
 :mk-clause                       304803
 :num-allocs                      44649447559161.00
 :num-checks                      41745
 :propagations                    256712
 :recfun-macro-expansion          20601
 :rlimit-count                    323313961)