unsatisfiable
(:added-eqs                       867713
 :arith-eq-adapter                160130
 :arith-assume-eqs                2856
 :arith-bound-propagations-lp     28157
 :arith-branch                    103021
 :arith-conflicts                 56170
 :arith-cube-calls                32301
 :arith-cube-success              20
 :arith-diseq                     20294
 :arith-fixed-eqs                 148912
 :arith-gcd-calls                 130585
 :arith-gomory-cuts               42352
 :arith-grobner-calls             1319
 :arith-grobner-conflicts         33
 :arith-hnf-calls                 3
 :arith-horner-calls              2241
 :arith-horner-cross-nested-forms 15596
 :arith-lower                     448883
 :arith-make-feasible             479755
 :arith-max-columns               239
 :arith-max-rows                  137
 :arith-nla-add-bounds            8017
 :arith-nla-lemmas                1287
 :arith-nla-propagate-bounds      1022
 :arith-nla-propagate-eq          1423
 :arith-nra-calls                 5205
 :arith-offset-eqs                2118
 :arith-patches                   130585
 :arith-patches-success           1471
 :arith-upper                     410329
 :conflicts                       65808
 :datatype-accessor-ax            3779
 :datatype-constructor-ax         9231
 :datatype-splits                 1524
 :decisions                       406059
 :del-clause                      305123
 :final-checks                    151718
 :interface-eqs                   1428
 :max-memory                      273.82
 :memory                          273.71
 :minimized-lits                  38026
 :mk-bool-var                     1036089
 :mk-clause                       305134
 :num-allocs                      44968059265020.00
 :num-checks                      41895
 :propagations                    256903
 :recfun-macro-expansion          20642
 :rlimit-count                    324019607)