unsatisfiable
(:added-eqs                       869379
 :arith-eq-adapter                160419
 :arith-assume-eqs                2862
 :arith-bound-propagations-lp     28189
 :arith-branch                    103175
 :arith-conflicts                 56271
 :arith-cube-calls                32354
 :arith-cube-success              20
 :arith-diseq                     20342
 :arith-fixed-eqs                 149164
 :arith-gcd-calls                 130801
 :arith-gomory-cuts               42439
 :arith-grobner-calls             1319
 :arith-grobner-conflicts         33
 :arith-hnf-calls                 3
 :arith-horner-calls              2246
 :arith-horner-cross-nested-forms 15620
 :arith-lower                     449690
 :arith-make-feasible             480661
 :arith-max-columns               239
 :arith-max-rows                  137
 :arith-nla-add-bounds            8041
 :arith-nla-lemmas                1287
 :arith-nla-propagate-bounds      1022
 :arith-nla-propagate-eq          1427
 :arith-nra-calls                 5219
 :arith-offset-eqs                2118
 :arith-patches                   130801
 :arith-patches-success           1477
 :arith-upper                     410991
 :conflicts                       65966
 :datatype-accessor-ax            3793
 :datatype-constructor-ax         9270
 :datatype-splits                 1530
 :decisions                       406780
 :del-clause                      305690
 :final-checks                    152001
 :interface-eqs                   1431
 :max-memory                      274.30
 :memory                          274.20
 :minimized-lits                  38132
 :mk-bool-var                     1038085
 :mk-clause                       305701
 :num-allocs                      45521273031162.00
 :num-checks                      42084
 :propagations                    257203
 :recfun-macro-expansion          20704
 :rlimit-count                    325052364)