satisfiable
(:added-eqs                       871930
 :arith-eq-adapter                160863
 :arith-assume-eqs                2870
 :arith-bound-propagations-lp     28259
 :arith-branch                    103452
 :arith-conflicts                 56449
 :arith-cube-calls                32446
 :arith-cube-success              20
 :arith-diseq                     20421
 :arith-fixed-eqs                 149544
 :arith-gcd-calls                 131179
 :arith-gomory-cuts               42579
 :arith-grobner-calls             1322
 :arith-grobner-conflicts         33
 :arith-hnf-calls                 4
 :arith-horner-calls              2257
 :arith-horner-cross-nested-forms 15689
 :arith-lower                     450998
 :arith-make-feasible             482212
 :arith-max-columns               239
 :arith-max-rows                  137
 :arith-nla-add-bounds            8078
 :arith-nla-lemmas                1287
 :arith-nla-propagate-bounds      1023
 :arith-nla-propagate-eq          1439
 :arith-nra-calls                 5239
 :arith-offset-eqs                2118
 :arith-patches                   131179
 :arith-patches-success           1487
 :arith-upper                     411992
 :conflicts                       66215
 :datatype-accessor-ax            3819
 :datatype-constructor-ax         9327
 :datatype-splits                 1541
 :decisions                       407788
 :del-clause                      306552
 :final-checks                    152492
 :interface-eqs                   1435
 :max-memory                      275.12
 :memory                          274.98
 :minimized-lits                  38244
 :mk-bool-var                     1041306
 :mk-clause                       306573
 :num-allocs                      46253871621854.00
 :num-checks                      42345
 :propagations                    257729
 :recfun-macro-expansion          20817
 :rlimit-count                    326925642)