unsatisfiable
(:added-eqs                       875193
 :arith-eq-adapter                161401
 :arith-assume-eqs                2876
 :arith-bound-propagations-lp     28320
 :arith-branch                    103786
 :arith-conflicts                 56661
 :arith-cube-calls                32560
 :arith-cube-success              20
 :arith-diseq                     20514
 :arith-fixed-eqs                 150012
 :arith-gcd-calls                 131650
 :arith-gomory-cuts               42744
 :arith-grobner-calls             1328
 :arith-grobner-conflicts         33
 :arith-hnf-calls                 4
 :arith-horner-calls              2269
 :arith-horner-cross-nested-forms 15731
 :arith-lower                     452585
 :arith-make-feasible             484142
 :arith-max-columns               239
 :arith-max-rows                  137
 :arith-nla-add-bounds            8120
 :arith-nla-lemmas                1287
 :arith-nla-propagate-bounds      1023
 :arith-nla-propagate-eq          1443
 :arith-nra-calls                 5266
 :arith-offset-eqs                2124
 :arith-patches                   131650
 :arith-patches-success           1508
 :arith-upper                     413286
 :conflicts                       66523
 :datatype-accessor-ax            3859
 :datatype-constructor-ax         9414
 :datatype-splits                 1554
 :decisions                       409019
 :del-clause                      307639
 :final-checks                    153098
 :interface-eqs                   1438
 :max-memory                      276.15
 :memory                          276.01
 :minimized-lits                  38373
 :mk-bool-var                     1045360
 :mk-clause                       307656
 :num-allocs                      47128710115475.00
 :num-checks                      42716
 :propagations                    258377
 :recfun-macro-expansion          20972
 :rlimit-count                    329461117)