unsatisfiable
(:added-eqs                       877896
 :arith-eq-adapter                161860
 :arith-assume-eqs                2882
 :arith-bound-propagations-lp     28378
 :arith-branch                    104030
 :arith-conflicts                 56831
 :arith-cube-calls                32645
 :arith-cube-success              20
 :arith-diseq                     20590
 :arith-fixed-eqs                 150416
 :arith-gcd-calls                 132000
 :arith-gomory-cuts               42862
 :arith-grobner-calls             1328
 :arith-grobner-conflicts         33
 :arith-hnf-calls                 4
 :arith-horner-calls              2278
 :arith-horner-cross-nested-forms 15733
 :arith-lower                     453918
 :arith-make-feasible             485588
 :arith-max-columns               239
 :arith-max-rows                  137
 :arith-nla-add-bounds            8154
 :arith-nla-lemmas                1287
 :arith-nla-propagate-bounds      1024
 :arith-nla-propagate-eq          1444
 :arith-nra-calls                 5290
 :arith-offset-eqs                2129
 :arith-patches                   132000
 :arith-patches-success           1524
 :arith-upper                     414322
 :conflicts                       66777
 :datatype-accessor-ax            3880
 :datatype-constructor-ax         9471
 :datatype-splits                 1564
 :decisions                       410106
 :del-clause                      308485
 :final-checks                    153542
 :interface-eqs                   1441
 :max-memory                      276.98
 :memory                          276.81
 :minimized-lits                  38485
 :mk-bool-var                     1048579
 :mk-clause                       308501
 :num-allocs                      48045204913831.00
 :num-checks                      43024
 :propagations                    258889
 :recfun-macro-expansion          21078
 :rlimit-count                    331219472)