unsatisfiable
(:added-eqs                       878999
 :arith-eq-adapter                162049
 :arith-assume-eqs                2882
 :arith-bound-propagations-lp     28404
 :arith-branch                    104156
 :arith-conflicts                 56914
 :arith-cube-calls                32684
 :arith-cube-success              20
 :arith-diseq                     20626
 :arith-fixed-eqs                 150570
 :arith-gcd-calls                 132175
 :arith-gomory-cuts               42924
 :arith-grobner-calls             1329
 :arith-grobner-conflicts         33
 :arith-hnf-calls                 4
 :arith-horner-calls              2284
 :arith-horner-cross-nested-forms 15737
 :arith-lower                     454484
 :arith-make-feasible             486262
 :arith-max-columns               239
 :arith-max-rows                  137
 :arith-nla-add-bounds            8173
 :arith-nla-lemmas                1287
 :arith-nla-propagate-bounds      1024
 :arith-nla-propagate-eq          1446
 :arith-nra-calls                 5301
 :arith-offset-eqs                2131
 :arith-patches                   132175
 :arith-patches-success           1531
 :arith-upper                     414755
 :conflicts                       66907
 :datatype-accessor-ax            3891
 :datatype-constructor-ax         9501
 :datatype-splits                 1569
 :decisions                       410601
 :del-clause                      308849
 :final-checks                    153762
 :interface-eqs                   1441
 :max-memory                      277.28
 :memory                          277.20
 :minimized-lits                  38540
 :mk-bool-var                     1049984
 :mk-clause                       308865
 :num-allocs                      48535381764614.00
 :num-checks                      43184
 :propagations                    259118
 :recfun-macro-expansion          21128
 :rlimit-count                    332054734)