unsatisfiable
(:added-eqs                       881473
 :arith-eq-adapter                162450
 :arith-assume-eqs                2886
 :arith-bound-propagations-lp     28454
 :arith-branch                    104447
 :arith-conflicts                 57091
 :arith-cube-calls                32778
 :arith-cube-success              20
 :arith-diseq                     20692
 :arith-fixed-eqs                 150916
 :arith-gcd-calls                 132571
 :arith-gomory-cuts               43043
 :arith-grobner-calls             1337
 :arith-grobner-conflicts         33
 :arith-hnf-calls                 4
 :arith-horner-calls              2293
 :arith-horner-cross-nested-forms 15779
 :arith-lower                     455691
 :arith-make-feasible             487790
 :arith-max-columns               239
 :arith-max-rows                  137
 :arith-nla-add-bounds            8203
 :arith-nla-lemmas                1288
 :arith-nla-propagate-bounds      1024
 :arith-nla-propagate-eq          1451
 :arith-nra-calls                 5319
 :arith-offset-eqs                2144
 :arith-patches                   132571
 :arith-patches-success           1552
 :arith-upper                     415735
 :conflicts                       67178
 :datatype-accessor-ax            3927
 :datatype-constructor-ax         9588
 :datatype-splits                 1582
 :decisions                       411578
 :del-clause                      309670
 :final-checks                    154255
 :interface-eqs                   1443
 :max-memory                      278.14
 :memory                          277.98
 :minimized-lits                  38628
 :mk-bool-var                     1053105
 :mk-clause                       309687
 :num-allocs                      49272316220229.00
 :num-checks                      43513
 :propagations                    259568
 :recfun-macro-expansion          21248
 :rlimit-count                    333914576)