unsatisfiable
(:added-eqs                       881944
 :arith-eq-adapter                162532
 :arith-assume-eqs                2886
 :arith-bound-propagations-lp     28468
 :arith-branch                    104520
 :arith-conflicts                 57134
 :arith-cube-calls                32803
 :arith-cube-success              20
 :arith-diseq                     20708
 :arith-fixed-eqs                 150987
 :arith-gcd-calls                 132673
 :arith-gomory-cuts               43077
 :arith-grobner-calls             1337
 :arith-grobner-conflicts         33
 :arith-hnf-calls                 4
 :arith-horner-calls              2295
 :arith-horner-cross-nested-forms 15780
 :arith-lower                     455947
 :arith-make-feasible             488148
 :arith-max-columns               239
 :arith-max-rows                  137
 :arith-nla-add-bounds            8214
 :arith-nla-lemmas                1288
 :arith-nla-propagate-bounds      1025
 :arith-nla-propagate-eq          1452
 :arith-nra-calls                 5323
 :arith-offset-eqs                2145
 :arith-patches                   132673
 :arith-patches-success           1557
 :arith-upper                     415948
 :conflicts                       67227
 :datatype-accessor-ax            3929
 :datatype-constructor-ax         9591
 :datatype-splits                 1585
 :decisions                       411865
 :del-clause                      309841
 :final-checks                    154379
 :interface-eqs                   1443
 :max-memory                      278.31
 :memory                          278.13
 :minimized-lits                  38634
 :mk-bool-var                     1053745
 :mk-clause                       309858
 :num-allocs                      49468179447567.00
 :num-checks                      43554
 :propagations                    259666
 :recfun-macro-expansion          21270
 :rlimit-count                    334305682)