satisfiable
(:added-eqs                       881966
 :arith-eq-adapter                162533
 :arith-assume-eqs                2886
 :arith-bound-propagations-lp     28468
 :arith-branch                    104523
 :arith-conflicts                 57135
 :arith-cube-calls                32804
 :arith-cube-success              20
 :arith-diseq                     20708
 :arith-fixed-eqs                 150988
 :arith-gcd-calls                 132676
 :arith-gomory-cuts               43077
 :arith-grobner-calls             1337
 :arith-grobner-conflicts         33
 :arith-hnf-calls                 4
 :arith-horner-calls              2295
 :arith-horner-cross-nested-forms 15780
 :arith-lower                     455952
 :arith-make-feasible             488164
 :arith-max-columns               239
 :arith-max-rows                  137
 :arith-nla-add-bounds            8214
 :arith-nla-lemmas                1288
 :arith-nla-propagate-bounds      1025
 :arith-nla-propagate-eq          1452
 :arith-nra-calls                 5323
 :arith-offset-eqs                2145
 :arith-patches                   132676
 :arith-patches-success           1557
 :arith-upper                     415955
 :conflicts                       67231
 :datatype-accessor-ax            3932
 :datatype-constructor-ax         9597
 :datatype-splits                 1585
 :decisions                       411873
 :del-clause                      309841
 :final-checks                    154384
 :interface-eqs                   1443
 :max-memory                      278.31
 :memory                          278.13
 :minimized-lits                  38635
 :mk-bool-var                     1053763
 :mk-clause                       309862
 :num-allocs                      49468179447567.00
 :num-checks                      43562
 :propagations                    259668
 :recfun-macro-expansion          21271
 :rlimit-count                    334330916)