unsatisfiable
(:added-eqs                       881714
 :arith-eq-adapter                162492
 :arith-assume-eqs                2886
 :arith-bound-propagations-lp     28465
 :arith-branch                    104480
 :arith-conflicts                 57106
 :arith-cube-calls                32790
 :arith-cube-success              20
 :arith-diseq                     20698
 :arith-fixed-eqs                 150954
 :arith-gcd-calls                 132616
 :arith-gomory-cuts               43061
 :arith-grobner-calls             1337
 :arith-grobner-conflicts         33
 :arith-hnf-calls                 4
 :arith-horner-calls              2294
 :arith-horner-cross-nested-forms 15779
 :arith-lower                     455818
 :arith-make-feasible             487955
 :arith-max-columns               239
 :arith-max-rows                  137
 :arith-nla-add-bounds            8207
 :arith-nla-lemmas                1288
 :arith-nla-propagate-bounds      1025
 :arith-nla-propagate-eq          1452
 :arith-nra-calls                 5319
 :arith-offset-eqs                2145
 :arith-patches                   132616
 :arith-patches-success           1553
 :arith-upper                     415835
 :conflicts                       67197
 :datatype-accessor-ax            3929
 :datatype-constructor-ax         9591
 :datatype-splits                 1585
 :decisions                       411679
 :del-clause                      309754
 :final-checks                    154310
 :interface-eqs                   1443
 :max-memory                      278.19
 :memory                          278.04
 :minimized-lits                  38634
 :mk-bool-var                     1053413
 :mk-clause                       309773
 :num-allocs                      49311466117677.00
 :num-checks                      43526
 :propagations                    259618
 :recfun-macro-expansion          21257
 :rlimit-count                    334044408)