unsatisfiable
(:added-eqs                       883059
 :arith-eq-adapter                162730
 :arith-assume-eqs                2886
 :arith-bound-propagations-lp     28493
 :arith-branch                    104675
 :arith-conflicts                 57233
 :arith-cube-calls                32853
 :arith-cube-success              20
 :arith-diseq                     20757
 :arith-fixed-eqs                 151154
 :arith-gcd-calls                 132884
 :arith-gomory-cuts               43146
 :arith-grobner-calls             1337
 :arith-grobner-conflicts         33
 :arith-hnf-calls                 4
 :arith-horner-calls              2299
 :arith-horner-cross-nested-forms 15781
 :arith-lower                     456536
 :arith-make-feasible             488910
 :arith-max-columns               239
 :arith-max-rows                  137
 :arith-nla-add-bounds            8234
 :arith-nla-lemmas                1288
 :arith-nla-propagate-bounds      1025
 :arith-nla-propagate-eq          1454
 :arith-nra-calls                 5335
 :arith-offset-eqs                2153
 :arith-patches                   132884
 :arith-patches-success           1563
 :arith-upper                     416449
 :conflicts                       67345
 :datatype-accessor-ax            3936
 :datatype-constructor-ax         9606
 :datatype-splits                 1586
 :decisions                       412451
 :del-clause                      310258
 :final-checks                    154636
 :interface-eqs                   1443
 :max-memory                      278.62
 :memory                          278.48
 :minimized-lits                  38662
 :mk-bool-var                     1055230
 :mk-clause                       310275
 :num-allocs                      49839206821542.00
 :num-checks                      43646
 :propagations                    259931
 :recfun-macro-expansion          21314
 :rlimit-count                    335099679)