satisfiable
(:added-eqs                       883468
 :arith-eq-adapter                162790
 :arith-assume-eqs                2890
 :arith-bound-propagations-lp     28501
 :arith-branch                    104695
 :arith-conflicts                 57250
 :arith-cube-calls                32857
 :arith-cube-success              20
 :arith-diseq                     20760
 :arith-fixed-eqs                 151208
 :arith-gcd-calls                 132907
 :arith-gomory-cuts               43146
 :arith-grobner-calls             1337
 :arith-grobner-conflicts         33
 :arith-hnf-calls                 4
 :arith-horner-calls              2299
 :arith-horner-cross-nested-forms 15781
 :arith-lower                     456710
 :arith-make-feasible             489096
 :arith-max-columns               239
 :arith-max-rows                  137
 :arith-nla-add-bounds            8234
 :arith-nla-lemmas                1288
 :arith-nla-propagate-bounds      1025
 :arith-nla-propagate-eq          1454
 :arith-nra-calls                 5335
 :arith-offset-eqs                2156
 :arith-patches                   132907
 :arith-patches-success           1566
 :arith-upper                     416589
 :conflicts                       67384
 :datatype-accessor-ax            3947
 :datatype-constructor-ax         9630
 :datatype-splits                 1590
 :decisions                       412529
 :del-clause                      310374
 :final-checks                    154675
 :interface-eqs                   1445
 :max-memory                      278.62
 :memory                          278.57
 :minimized-lits                  38671
 :mk-bool-var                     1055694
 :mk-clause                       310413
 :num-allocs                      49842781967961.00
 :num-checks                      43736
 :propagations                    260011
 :recfun-macro-expansion          21336
 :rlimit-count                    335375146)