unsatisfiable
(:added-eqs                       884751
 :arith-eq-adapter                163007
 :arith-assume-eqs                2894
 :arith-bound-propagations-lp     28524
 :arith-branch                    104790
 :arith-conflicts                 57315
 :arith-cube-calls                32888
 :arith-cube-success              20
 :arith-diseq                     20800
 :arith-fixed-eqs                 151394
 :arith-gcd-calls                 133039
 :arith-gomory-cuts               43181
 :arith-grobner-calls             1337
 :arith-grobner-conflicts         33
 :arith-hnf-calls                 4
 :arith-horner-calls              2302
 :arith-horner-cross-nested-forms 15800
 :arith-lower                     457320
 :arith-make-feasible             489733
 :arith-max-columns               239
 :arith-max-rows                  137
 :arith-nla-add-bounds            8250
 :arith-nla-lemmas                1288
 :arith-nla-propagate-bounds      1025
 :arith-nla-propagate-eq          1457
 :arith-nra-calls                 5342
 :arith-offset-eqs                2159
 :arith-patches                   133039
 :arith-patches-success           1574
 :arith-upper                     417053
 :conflicts                       67485
 :datatype-accessor-ax            3962
 :datatype-constructor-ax         9663
 :datatype-splits                 1597
 :decisions                       412948
 :del-clause                      310813
 :final-checks                    154852
 :interface-eqs                   1447
 :max-memory                      279.08
 :memory                          278.98
 :minimized-lits                  38698
 :mk-bool-var                     1057213
 :mk-clause                       310835
 :num-allocs                      50108039484242.00
 :num-checks                      43867
 :propagations                    260254
 :recfun-macro-expansion          21392
 :rlimit-count                    336267852)