unsatisfiable
(:added-eqs                       885611
 :arith-eq-adapter                163156
 :arith-assume-eqs                2896
 :arith-bound-propagations-lp     28540
 :arith-branch                    104863
 :arith-conflicts                 57366
 :arith-cube-calls                32914
 :arith-cube-success              20
 :arith-diseq                     20827
 :arith-fixed-eqs                 151518
 :arith-gcd-calls                 133146
 :arith-gomory-cuts               43217
 :arith-grobner-calls             1337
 :arith-grobner-conflicts         33
 :arith-hnf-calls                 4
 :arith-horner-calls              2307
 :arith-horner-cross-nested-forms 15809
 :arith-lower                     457749
 :arith-make-feasible             490195
 :arith-max-columns               239
 :arith-max-rows                  137
 :arith-nla-add-bounds            8262
 :arith-nla-lemmas                1288
 :arith-nla-propagate-bounds      1025
 :arith-nla-propagate-eq          1458
 :arith-nra-calls                 5350
 :arith-offset-eqs                2167
 :arith-patches                   133146
 :arith-patches-success           1580
 :arith-upper                     417372
 :conflicts                       67553
 :datatype-accessor-ax            3969
 :datatype-constructor-ax         9678
 :datatype-splits                 1598
 :decisions                       413309
 :del-clause                      311081
 :final-checks                    154989
 :interface-eqs                   1448
 :max-memory                      279.34
 :memory                          279.34
 :minimized-lits                  38712
 :mk-bool-var                     1058257
 :mk-clause                       311109
 :num-allocs                      50312851293329.00
 :num-checks                      43932
 :propagations                    260413
 :recfun-macro-expansion          21429
 :rlimit-count                    336886599)