unsatisfiable
(:added-eqs                       886225
 :arith-eq-adapter                163264
 :arith-assume-eqs                2896
 :arith-bound-propagations-lp     28556
 :arith-branch                    104937
 :arith-conflicts                 57427
 :arith-cube-calls                32940
 :arith-cube-success              20
 :arith-diseq                     20851
 :arith-fixed-eqs                 151606
 :arith-gcd-calls                 133249
 :arith-gomory-cuts               43254
 :arith-grobner-calls             1337
 :arith-grobner-conflicts         33
 :arith-hnf-calls                 4
 :arith-horner-calls              2311
 :arith-horner-cross-nested-forms 15821
 :arith-lower                     458086
 :arith-make-feasible             490618
 :arith-max-columns               239
 :arith-max-rows                  137
 :arith-nla-add-bounds            8274
 :arith-nla-lemmas                1288
 :arith-nla-propagate-bounds      1025
 :arith-nla-propagate-eq          1461
 :arith-nra-calls                 5357
 :arith-offset-eqs                2169
 :arith-patches                   133249
 :arith-patches-success           1584
 :arith-upper                     417621
 :conflicts                       67629
 :datatype-accessor-ax            3974
 :datatype-constructor-ax         9690
 :datatype-splits                 1602
 :decisions                       413661
 :del-clause                      311303
 :final-checks                    155121
 :interface-eqs                   1448
 :max-memory                      279.59
 :memory                          279.48
 :minimized-lits                  38725
 :mk-bool-var                     1059068
 :mk-clause                       311324
 :num-allocs                      50640566394346.00
 :num-checks                      44033
 :propagations                    260548
 :recfun-macro-expansion          21458
 :rlimit-count                    337419682)