unsatisfiable
(:added-eqs                       886756
 :arith-eq-adapter                163364
 :arith-assume-eqs                2898
 :arith-bound-propagations-lp     28574
 :arith-branch                    105008
 :arith-conflicts                 57481
 :arith-cube-calls                32964
 :arith-cube-success              20
 :arith-diseq                     20869
 :arith-fixed-eqs                 151679
 :arith-gcd-calls                 133348
 :arith-gomory-cuts               43288
 :arith-grobner-calls             1339
 :arith-grobner-conflicts         33
 :arith-hnf-calls                 4
 :arith-horner-calls              2315
 :arith-horner-cross-nested-forms 15838
 :arith-lower                     458392
 :arith-make-feasible             490981
 :arith-max-columns               239
 :arith-max-rows                  137
 :arith-nla-add-bounds            8284
 :arith-nla-lemmas                1288
 :arith-nla-propagate-bounds      1025
 :arith-nla-propagate-eq          1461
 :arith-nra-calls                 5363
 :arith-offset-eqs                2171
 :arith-patches                   133348
 :arith-patches-success           1589
 :arith-upper                     417843
 :conflicts                       67692
 :datatype-accessor-ax            3976
 :datatype-constructor-ax         9696
 :datatype-splits                 1602
 :decisions                       413954
 :del-clause                      311499
 :final-checks                    155241
 :interface-eqs                   1449
 :max-memory                      279.77
 :memory                          279.64
 :minimized-lits                  38737
 :mk-bool-var                     1059805
 :mk-clause                       311520
 :num-allocs                      50813667347239.00
 :num-checks                      44072
 :propagations                    260680
 :recfun-macro-expansion          21480
 :rlimit-count                    337789746)