unsatisfiable
(:added-eqs                       886061
 :arith-eq-adapter                163235
 :arith-assume-eqs                2896
 :arith-bound-propagations-lp     28549
 :arith-branch                    104922
 :arith-conflicts                 57414
 :arith-cube-calls                32934
 :arith-cube-success              20
 :arith-diseq                     20849
 :arith-fixed-eqs                 151581
 :arith-gcd-calls                 133225
 :arith-gomory-cuts               43243
 :arith-grobner-calls             1337
 :arith-grobner-conflicts         33
 :arith-hnf-calls                 4
 :arith-horner-calls              2311
 :arith-horner-cross-nested-forms 15821
 :arith-lower                     457998
 :arith-make-feasible             490522
 :arith-max-columns               239
 :arith-max-rows                  137
 :arith-nla-add-bounds            8272
 :arith-nla-lemmas                1288
 :arith-nla-propagate-bounds      1025
 :arith-nla-propagate-eq          1460
 :arith-nra-calls                 5356
 :arith-offset-eqs                2167
 :arith-patches                   133225
 :arith-patches-success           1583
 :arith-upper                     417559
 :conflicts                       67610
 :datatype-accessor-ax            3974
 :datatype-constructor-ax         9690
 :datatype-splits                 1602
 :decisions                       413594
 :del-clause                      311249
 :final-checks                    155092
 :interface-eqs                   1448
 :max-memory                      279.56
 :memory                          279.42
 :minimized-lits                  38715
 :mk-bool-var                     1058875
 :mk-clause                       311277
 :num-allocs                      50546887602528.00
 :num-checks                      44013
 :propagations                    260516
 :recfun-macro-expansion          21453
 :rlimit-count                    337317774)