unsatisfiable
(:added-eqs                       887807
 :arith-eq-adapter                163547
 :arith-assume-eqs                2900
 :arith-bound-propagations-lp     28603
 :arith-branch                    105103
 :arith-conflicts                 57546
 :arith-cube-calls                32996
 :arith-cube-success              20
 :arith-diseq                     20902
 :arith-fixed-eqs                 151837
 :arith-gcd-calls                 133481
 :arith-gomory-cuts               43331
 :arith-grobner-calls             1346
 :arith-grobner-conflicts         33
 :arith-hnf-calls                 4
 :arith-horner-calls              2316
 :arith-horner-cross-nested-forms 15873
 :arith-lower                     458905
 :arith-make-feasible             491545
 :arith-max-columns               239
 :arith-max-rows                  137
 :arith-nla-add-bounds            8302
 :arith-nla-lemmas                1288
 :arith-nla-propagate-bounds      1025
 :arith-nla-propagate-eq          1464
 :arith-nra-calls                 5371
 :arith-offset-eqs                2176
 :arith-patches                   133481
 :arith-patches-success           1594
 :arith-upper                     418251
 :conflicts                       67789
 :datatype-accessor-ax            3985
 :datatype-constructor-ax         9720
 :datatype-splits                 1607
 :decisions                       414411
 :del-clause                      311826
 :final-checks                    155413
 :interface-eqs                   1450
 :max-memory                      280.09
 :memory                          279.96
 :minimized-lits                  38760
 :mk-bool-var                     1061049
 :mk-clause                       311847
 :num-allocs                      51182083058745.00
 :num-checks                      44177
 :propagations                    260887
 :recfun-macro-expansion          21518
 :rlimit-count                    338361781)