unsatisfiable
(:added-eqs                       888719
 :arith-eq-adapter                163708
 :arith-assume-eqs                2904
 :arith-bound-propagations-lp     28620
 :arith-branch                    105180
 :arith-conflicts                 57610
 :arith-cube-calls                33023
 :arith-cube-success              20
 :arith-diseq                     20933
 :arith-fixed-eqs                 151972
 :arith-gcd-calls                 133592
 :arith-gomory-cuts               43371
 :arith-grobner-calls             1346
 :arith-grobner-conflicts         33
 :arith-hnf-calls                 4
 :arith-horner-calls              2319
 :arith-horner-cross-nested-forms 15881
 :arith-lower                     459357
 :arith-make-feasible             492037
 :arith-max-columns               239
 :arith-max-rows                  137
 :arith-nla-add-bounds            8318
 :arith-nla-lemmas                1288
 :arith-nla-propagate-bounds      1025
 :arith-nla-propagate-eq          1468
 :arith-nra-calls                 5379
 :arith-offset-eqs                2181
 :arith-patches                   133592
 :arith-patches-success           1600
 :arith-upper                     418600
 :conflicts                       67879
 :datatype-accessor-ax            3990
 :datatype-constructor-ax         9735
 :datatype-splits                 1608
 :decisions                       414799
 :del-clause                      312148
 :final-checks                    155562
 :interface-eqs                   1452
 :max-memory                      280.41
 :memory                          280.27
 :minimized-lits                  38779
 :mk-bool-var                     1062174
 :mk-clause                       312177
 :num-allocs                      51511293602049.00
 :num-checks                      44274
 :propagations                    261090
 :recfun-macro-expansion          21557
 :rlimit-count                    338990850)