unsatisfiable
(:added-eqs                       890155
 :arith-eq-adapter                163956
 :arith-assume-eqs                2910
 :arith-bound-propagations-lp     28655
 :arith-branch                    105328
 :arith-conflicts                 57700
 :arith-cube-calls                33072
 :arith-cube-success              20
 :arith-diseq                     20978
 :arith-fixed-eqs                 152186
 :arith-gcd-calls                 133794
 :arith-gomory-cuts               43440
 :arith-grobner-calls             1346
 :arith-grobner-conflicts         33
 :arith-hnf-calls                 4
 :arith-horner-calls              2324
 :arith-horner-cross-nested-forms 15900
 :arith-lower                     460067
 :arith-make-feasible             492847
 :arith-max-columns               239
 :arith-max-rows                  137
 :arith-nla-add-bounds            8340
 :arith-nla-lemmas                1288
 :arith-nla-propagate-bounds      1025
 :arith-nla-propagate-eq          1470
 :arith-nra-calls                 5391
 :arith-offset-eqs                2190
 :arith-patches                   133794
 :arith-patches-success           1604
 :arith-upper                     419163
 :conflicts                       68017
 :datatype-accessor-ax            4001
 :datatype-constructor-ax         9765
 :datatype-splits                 1613
 :decisions                       415384
 :del-clause                      312636
 :final-checks                    155823
 :interface-eqs                   1455
 :max-memory                      280.81
 :memory                          280.67
 :minimized-lits                  38823
 :mk-bool-var                     1063955
 :mk-clause                       312665
 :num-allocs                      52099011760758.00
 :num-checks                      44440
 :propagations                    261376
 :recfun-macro-expansion          21617
 :rlimit-count                    339928944)