unsatisfiable
(:added-eqs                       892008
 :arith-eq-adapter                164262
 :arith-assume-eqs                2916
 :arith-bound-propagations-lp     28698
 :arith-branch                    105460
 :arith-conflicts                 57812
 :arith-cube-calls                33113
 :arith-cube-success              20
 :arith-diseq                     21039
 :arith-fixed-eqs                 152452
 :arith-gcd-calls                 133975
 :arith-gomory-cuts               43497
 :arith-grobner-calls             1346
 :arith-grobner-conflicts         33
 :arith-hnf-calls                 4
 :arith-horner-calls              2330
 :arith-horner-cross-nested-forms 15921
 :arith-lower                     460953
 :arith-make-feasible             493779
 :arith-max-columns               239
 :arith-max-rows                  137
 :arith-nla-add-bounds            8364
 :arith-nla-lemmas                1288
 :arith-nla-propagate-bounds      1025
 :arith-nla-propagate-eq          1473
 :arith-nra-calls                 5407
 :arith-offset-eqs                2197
 :arith-patches                   133975
 :arith-patches-success           1615
 :arith-upper                     419847
 :conflicts                       68202
 :datatype-accessor-ax            4024
 :datatype-constructor-ax         9822
 :datatype-splits                 1622
 :decisions                       416052
 :del-clause                      313257
 :final-checks                    156082
 :interface-eqs                   1458
 :max-memory                      281.25
 :memory                          281.24
 :minimized-lits                  38864
 :mk-bool-var                     1066169
 :mk-clause                       313280
 :num-allocs                      52768720495482.00
 :num-checks                      44693
 :propagations                    261741
 :recfun-macro-expansion          21702
 :rlimit-count                    341326404)