satisfiable
(:added-eqs                       893187
 :arith-eq-adapter                164453
 :arith-assume-eqs                2920
 :arith-bound-propagations-lp     28725
 :arith-branch                    105583
 :arith-conflicts                 57888
 :arith-cube-calls                33151
 :arith-cube-success              20
 :arith-diseq                     21072
 :arith-fixed-eqs                 152619
 :arith-gcd-calls                 134138
 :arith-gomory-cuts               43537
 :arith-grobner-calls             1346
 :arith-grobner-conflicts         33
 :arith-hnf-calls                 4
 :arith-horner-calls              2333
 :arith-horner-cross-nested-forms 15942
 :arith-lower                     461515
 :arith-make-feasible             494475
 :arith-max-columns               239
 :arith-max-rows                  137
 :arith-nla-add-bounds            8377
 :arith-nla-lemmas                1288
 :arith-nla-propagate-bounds      1025
 :arith-nla-propagate-eq          1475
 :arith-nra-calls                 5415
 :arith-offset-eqs                2205
 :arith-patches                   134138
 :arith-patches-success           1626
 :arith-upper                     420308
 :conflicts                       68318
 :datatype-accessor-ax            4042
 :datatype-constructor-ax         9861
 :datatype-splits                 1629
 :decisions                       416471
 :del-clause                      313677
 :final-checks                    156291
 :interface-eqs                   1460
 :max-memory                      281.75
 :memory                          281.61
 :minimized-lits                  38889
 :mk-bool-var                     1067667
 :mk-clause                       313699
 :num-allocs                      53087064238019.00
 :num-checks                      44835
 :propagations                    261981
 :recfun-macro-expansion          21762
 :rlimit-count                    342247055)