unsatisfiable
(:added-eqs                       895569
 :arith-eq-adapter                164884
 :arith-assume-eqs                2930
 :arith-bound-propagations-lp     28782
 :arith-branch                    105849
 :arith-conflicts                 58068
 :arith-cube-calls                33236
 :arith-cube-success              20
 :arith-diseq                     21145
 :arith-fixed-eqs                 152962
 :arith-gcd-calls                 134501
 :arith-gomory-cuts               43649
 :arith-grobner-calls             1356
 :arith-grobner-conflicts         34
 :arith-hnf-calls                 4
 :arith-horner-calls              2342
 :arith-horner-cross-nested-forms 15998
 :arith-lower                     462776
 :arith-make-feasible             495886
 :arith-max-columns               239
 :arith-max-rows                  137
 :arith-nla-add-bounds            8416
 :arith-nla-lemmas                1288
 :arith-nla-propagate-bounds      1027
 :arith-nla-propagate-eq          1483
 :arith-nra-calls                 5438
 :arith-offset-eqs                2219
 :arith-patches                   134501
 :arith-patches-success           1641
 :arith-upper                     421240
 :conflicts                       68550
 :datatype-accessor-ax            4056
 :datatype-constructor-ax         9897
 :datatype-splits                 1635
 :decisions                       417506
 :del-clause                      314496
 :final-checks                    156751
 :interface-eqs                   1465
 :max-memory                      282.47
 :memory                          282.45
 :minimized-lits                  38970
 :mk-bool-var                     1070729
 :mk-clause                       314530
 :num-allocs                      53961777738271.00
 :num-checks                      45081
 :propagations                    262519
 :recfun-macro-expansion          21865
 :rlimit-count                    343960251)