unsatisfiable
(:added-eqs                       896735
 :arith-eq-adapter                165093
 :arith-assume-eqs                2936
 :arith-bound-propagations-lp     28804
 :arith-branch                    105947
 :arith-conflicts                 58144
 :arith-cube-calls                33272
 :arith-cube-success              20
 :arith-diseq                     21181
 :arith-fixed-eqs                 153134
 :arith-gcd-calls                 134647
 :arith-gomory-cuts               43704
 :arith-grobner-calls             1356
 :arith-grobner-conflicts         34
 :arith-hnf-calls                 4
 :arith-horner-calls              2347
 :arith-horner-cross-nested-forms 16011
 :arith-lower                     463354
 :arith-make-feasible             496502
 :arith-max-columns               239
 :arith-max-rows                  137
 :arith-nla-add-bounds            8431
 :arith-nla-lemmas                1288
 :arith-nla-propagate-bounds      1028
 :arith-nla-propagate-eq          1487
 :arith-nra-calls                 5448
 :arith-offset-eqs                2225
 :arith-patches                   134647
 :arith-patches-success           1648
 :arith-upper                     421684
 :conflicts                       68660
 :datatype-accessor-ax            4064
 :datatype-constructor-ax         9918
 :datatype-splits                 1639
 :decisions                       417986
 :del-clause                      314904
 :final-checks                    156945
 :interface-eqs                   1468
 :max-memory                      282.78
 :memory                          282.78
 :minimized-lits                  39001
 :mk-bool-var                     1072165
 :mk-clause                       314932
 :num-allocs                      54430355427774.00
 :num-checks                      45214
 :propagations                    262758
 :recfun-macro-expansion          21912
 :rlimit-count                    344759330)