unsatisfiable
(:added-eqs                       898967
 :arith-eq-adapter                165450
 :arith-assume-eqs                2946
 :arith-bound-propagations-lp     28852
 :arith-branch                    106147
 :arith-conflicts                 58275
 :arith-cube-calls                33336
 :arith-cube-success              20
 :arith-diseq                     21225
 :arith-fixed-eqs                 153449
 :arith-gcd-calls                 134915
 :arith-gomory-cuts               43776
 :arith-grobner-calls             1356
 :arith-grobner-conflicts         34
 :arith-hnf-calls                 4
 :arith-horner-calls              2354
 :arith-horner-cross-nested-forms 16035
 :arith-lower                     464413
 :arith-make-feasible             497728
 :arith-max-columns               239
 :arith-max-rows                  137
 :arith-nla-add-bounds            8451
 :arith-nla-lemmas                1288
 :arith-nla-propagate-bounds      1028
 :arith-nla-propagate-eq          1490
 :arith-nra-calls                 5460
 :arith-offset-eqs                2229
 :arith-patches                   134915
 :arith-patches-success           1661
 :arith-upper                     422504
 :conflicts                       68873
 :datatype-accessor-ax            4097
 :datatype-constructor-ax         9993
 :datatype-splits                 1651
 :decisions                       418756
 :del-clause                      315625
 :final-checks                    157300
 :interface-eqs                   1473
 :max-memory                      283.51
 :memory                          283.40
 :minimized-lits                  39065
 :mk-bool-var                     1074854
 :mk-clause                       315657
 :num-allocs                      54960906019118.00
 :num-checks                      45497
 :propagations                    263169
 :recfun-macro-expansion          22021
 :rlimit-count                    346441282)