unsatisfiable
(:added-eqs                       901078
 :arith-eq-adapter                165831
 :arith-assume-eqs                2954
 :arith-bound-propagations-lp     28905
 :arith-branch                    106394
 :arith-conflicts                 58435
 :arith-cube-calls                33417
 :arith-cube-success              20
 :arith-diseq                     21313
 :arith-fixed-eqs                 153768
 :arith-gcd-calls                 135249
 :arith-gomory-cuts               43879
 :arith-grobner-calls             1356
 :arith-grobner-conflicts         34
 :arith-hnf-calls                 4
 :arith-horner-calls              2363
 :arith-horner-cross-nested-forms 16050
 :arith-lower                     465495
 :arith-make-feasible             499053
 :arith-max-columns               239
 :arith-max-rows                  137
 :arith-nla-add-bounds            8492
 :arith-nla-lemmas                1288
 :arith-nla-propagate-bounds      1028
 :arith-nla-propagate-eq          1497
 :arith-nra-calls                 5482
 :arith-offset-eqs                2236
 :arith-patches                   135249
 :arith-patches-success           1669
 :arith-upper                     423399
 :conflicts                       69085
 :datatype-accessor-ax            4111
 :datatype-constructor-ax         10029
 :datatype-splits                 1657
 :decisions                       419788
 :del-clause                      316398
 :final-checks                    157727
 :interface-eqs                   1477
 :max-memory                      284.21
 :memory                          284.03
 :minimized-lits                  39120
 :mk-bool-var                     1077593
 :mk-clause                       316431
 :num-allocs                      55699096060052.00
 :num-checks                      45721
 :propagations                    263635
 :recfun-macro-expansion          22108
 :rlimit-count                    347900149)