unsatisfiable
(:added-eqs                       902605
 :arith-eq-adapter                166112
 :arith-assume-eqs                2960
 :arith-bound-propagations-lp     28942
 :arith-branch                    106563
 :arith-conflicts                 58578
 :arith-cube-calls                33476
 :arith-cube-success              20
 :arith-diseq                     21361
 :arith-fixed-eqs                 153984
 :arith-gcd-calls                 135501
 :arith-gomory-cuts               43984
 :arith-grobner-calls             1365
 :arith-grobner-conflicts         34
 :arith-hnf-calls                 4
 :arith-horner-calls              2368
 :arith-horner-cross-nested-forms 16119
 :arith-lower                     466332
 :arith-make-feasible             500014
 :arith-max-columns               239
 :arith-max-rows                  137
 :arith-nla-add-bounds            8522
 :arith-nla-lemmas                1288
 :arith-nla-propagate-bounds      1028
 :arith-nla-propagate-eq          1503
 :arith-nra-calls                 5498
 :arith-offset-eqs                2242
 :arith-patches                   135501
 :arith-patches-success           1680
 :arith-upper                     423987
 :conflicts                       69270
 :datatype-accessor-ax            4122
 :datatype-constructor-ax         10059
 :datatype-splits                 1662
 :decisions                       420599
 :del-clause                      316953
 :final-checks                    158039
 :interface-eqs                   1480
 :max-memory                      284.68
 :memory                          284.67
 :minimized-lits                  39202
 :mk-bool-var                     1079585
 :mk-clause                       316981
 :num-allocs                      56226576994440.00
 :num-checks                      45880
 :propagations                    263957
 :recfun-macro-expansion          22170
 :rlimit-count                    348904001)