unsatisfiable
(:added-eqs                       901912
 :arith-eq-adapter                165982
 :arith-assume-eqs                2956
 :arith-bound-propagations-lp     28928
 :arith-branch                    106504
 :arith-conflicts                 58518
 :arith-cube-calls                33456
 :arith-cube-success              20
 :arith-diseq                     21343
 :arith-fixed-eqs                 153882
 :arith-gcd-calls                 135412
 :arith-gomory-cuts               43943
 :arith-grobner-calls             1365
 :arith-grobner-conflicts         34
 :arith-hnf-calls                 4
 :arith-horner-calls              2366
 :arith-horner-cross-nested-forms 16111
 :arith-lower                     465946
 :arith-make-feasible             499620
 :arith-max-columns               239
 :arith-max-rows                  137
 :arith-nla-add-bounds            8512
 :arith-nla-lemmas                1288
 :arith-nla-propagate-bounds      1028
 :arith-nla-propagate-eq          1500
 :arith-nra-calls                 5493
 :arith-offset-eqs                2240
 :arith-patches                   135412
 :arith-patches-success           1678
 :arith-upper                     423738
 :conflicts                       69192
 :datatype-accessor-ax            4119
 :datatype-constructor-ax         10050
 :datatype-splits                 1661
 :decisions                       420243
 :del-clause                      316699
 :final-checks                    157926
 :interface-eqs                   1478
 :max-memory                      284.52
 :memory                          284.42
 :minimized-lits                  39157
 :mk-bool-var                     1078706
 :mk-clause                       316732
 :num-allocs                      56129187017769.00
 :num-checks                      45828
 :propagations                    263817
 :recfun-macro-expansion          22144
 :rlimit-count                    348562011)