unsatisfiable
(:added-eqs                       903823
 :arith-eq-adapter                166300
 :arith-assume-eqs                2970
 :arith-bound-propagations-lp     28963
 :arith-branch                    106645
 :arith-conflicts                 58639
 :arith-cube-calls                33501
 :arith-cube-success              20
 :arith-diseq                     21375
 :arith-fixed-eqs                 154154
 :arith-gcd-calls                 135604
 :arith-gomory-cuts               44007
 :arith-grobner-calls             1365
 :arith-grobner-conflicts         34
 :arith-hnf-calls                 4
 :arith-horner-calls              2370
 :arith-horner-cross-nested-forms 16127
 :arith-lower                     466887
 :arith-make-feasible             500608
 :arith-max-columns               239
 :arith-max-rows                  137
 :arith-nla-add-bounds            8525
 :arith-nla-lemmas                1288
 :arith-nla-propagate-bounds      1028
 :arith-nla-propagate-eq          1503
 :arith-nra-calls                 5500
 :arith-offset-eqs                2243
 :arith-patches                   135604
 :arith-patches-success           1685
 :arith-upper                     424393
 :conflicts                       69381
 :datatype-accessor-ax            4149
 :datatype-constructor-ax         10119
 :datatype-splits                 1673
 :decisions                       420892
 :del-clause                      317337
 :final-checks                    158187
 :interface-eqs                   1485
 :max-memory                      284.93
 :memory                          284.93
 :minimized-lits                  39242
 :mk-bool-var                     1080987
 :mk-clause                       317371
 :num-allocs                      56346672447273.00
 :num-checks                      46053
 :propagations                    264176
 :recfun-macro-expansion          22228
 :rlimit-count                    349741036)