unsatisfiable
(:added-eqs                       905359
 :arith-eq-adapter                166582
 :arith-assume-eqs                2972
 :arith-bound-propagations-lp     29003
 :arith-branch                    106843
 :arith-conflicts                 58764
 :arith-cube-calls                33562
 :arith-cube-success              20
 :arith-diseq                     21453
 :arith-fixed-eqs                 154386
 :arith-gcd-calls                 135864
 :arith-gomory-cuts               44086
 :arith-grobner-calls             1365
 :arith-grobner-conflicts         34
 :arith-hnf-calls                 4
 :arith-horner-calls              2377
 :arith-horner-cross-nested-forms 16145
 :arith-lower                     467708
 :arith-make-feasible             501602
 :arith-max-columns               239
 :arith-max-rows                  137
 :arith-nla-add-bounds            8562
 :arith-nla-lemmas                1289
 :arith-nla-propagate-bounds      1029
 :arith-nla-propagate-eq          1506
 :arith-nra-calls                 5517
 :arith-offset-eqs                2250
 :arith-patches                   135864
 :arith-patches-success           1691
 :arith-upper                     425074
 :conflicts                       69531
 :datatype-accessor-ax            4156
 :datatype-constructor-ax         10134
 :datatype-splits                 1674
 :decisions                       421702
 :del-clause                      317901
 :final-checks                    158518
 :interface-eqs                   1486
 :max-memory                      285.55
 :memory                          285.45
 :minimized-lits                  39298
 :mk-bool-var                     1083028
 :mk-clause                       317935
 :num-allocs                      56746001005957.00
 :num-checks                      46164
 :propagations                    264502
 :recfun-macro-expansion          22287
 :rlimit-count                    350797818)