unsatisfiable
(:added-eqs                       906714
 :arith-eq-adapter                166794
 :arith-assume-eqs                2974
 :arith-bound-propagations-lp     29033
 :arith-branch                    106968
 :arith-conflicts                 58838
 :arith-cube-calls                33598
 :arith-cube-success              20
 :arith-diseq                     21477
 :arith-fixed-eqs                 154571
 :arith-gcd-calls                 136011
 :arith-gomory-cuts               44103
 :arith-grobner-calls             1365
 :arith-grobner-conflicts         34
 :arith-hnf-calls                 4
 :arith-horner-calls              2380
 :arith-horner-cross-nested-forms 16155
 :arith-lower                     468337
 :arith-make-feasible             502335
 :arith-max-columns               239
 :arith-max-rows                  137
 :arith-nla-add-bounds            8571
 :arith-nla-lemmas                1289
 :arith-nla-propagate-bounds      1029
 :arith-nla-propagate-eq          1507
 :arith-nra-calls                 5522
 :arith-offset-eqs                2252
 :arith-patches                   136011
 :arith-patches-success           1699
 :arith-upper                     425586
 :conflicts                       69658
 :datatype-accessor-ax            4182
 :datatype-constructor-ax         10191
 :datatype-splits                 1685
 :decisions                       422099
 :del-clause                      318345
 :final-checks                    158715
 :interface-eqs                   1487
 :max-memory                      286.00
 :memory                          285.86
 :minimized-lits                  39324
 :mk-bool-var                     1084685
 :mk-clause                       318383
 :num-allocs                      56939042584956.00
 :num-checks                      46371
 :propagations                    264772
 :recfun-macro-expansion          22358
 :rlimit-count                    351818781)