satisfiable
(:added-eqs                       906593
 :arith-eq-adapter                166772
 :arith-assume-eqs                2974
 :arith-bound-propagations-lp     29032
 :arith-branch                    106951
 :arith-conflicts                 58827
 :arith-cube-calls                33593
 :arith-cube-success              20
 :arith-diseq                     21473
 :arith-fixed-eqs                 154553
 :arith-gcd-calls                 135990
 :arith-gomory-cuts               44100
 :arith-grobner-calls             1365
 :arith-grobner-conflicts         34
 :arith-hnf-calls                 4
 :arith-horner-calls              2378
 :arith-horner-cross-nested-forms 16145
 :arith-lower                     468272
 :arith-make-feasible             502253
 :arith-max-columns               239
 :arith-max-rows                  137
 :arith-nla-add-bounds            8567
 :arith-nla-lemmas                1289
 :arith-nla-propagate-bounds      1029
 :arith-nla-propagate-eq          1507
 :arith-nra-calls                 5520
 :arith-offset-eqs                2252
 :arith-patches                   135990
 :arith-patches-success           1698
 :arith-upper                     425531
 :conflicts                       69645
 :datatype-accessor-ax            4182
 :datatype-constructor-ax         10191
 :datatype-splits                 1685
 :decisions                       422017
 :del-clause                      318303
 :final-checks                    158689
 :interface-eqs                   1487
 :max-memory                      285.97
 :memory                          285.83
 :minimized-lits                  39324
 :mk-bool-var                     1084529
 :mk-clause                       318341
 :num-allocs                      56878425865532.00
 :num-checks                      46365
 :propagations                    264740
 :recfun-macro-expansion          22353
 :rlimit-count                    351728012)