unsatisfiable
(:added-eqs                       907217
 :arith-eq-adapter                166880
 :arith-assume-eqs                2974
 :arith-bound-propagations-lp     29042
 :arith-branch                    107014
 :arith-conflicts                 58865
 :arith-cube-calls                33614
 :arith-cube-success              20
 :arith-diseq                     21496
 :arith-fixed-eqs                 154645
 :arith-gcd-calls                 136077
 :arith-gomory-cuts               44121
 :arith-grobner-calls             1365
 :arith-grobner-conflicts         34
 :arith-hnf-calls                 4
 :arith-horner-calls              2382
 :arith-horner-cross-nested-forms 16155
 :arith-lower                     468583
 :arith-make-feasible             502609
 :arith-max-columns               239
 :arith-max-rows                  137
 :arith-nla-add-bounds            8581
 :arith-nla-lemmas                1289
 :arith-nla-propagate-bounds      1029
 :arith-nla-propagate-eq          1508
 :arith-nra-calls                 5527
 :arith-offset-eqs                2252
 :arith-patches                   136077
 :arith-patches-success           1704
 :arith-upper                     425782
 :conflicts                       69697
 :datatype-accessor-ax            4186
 :datatype-constructor-ax         10200
 :datatype-splits                 1685
 :decisions                       422304
 :del-clause                      318513
 :final-checks                    158804
 :interface-eqs                   1487
 :max-memory                      286.15
 :memory                          285.99
 :minimized-lits                  39328
 :mk-bool-var                     1085299
 :mk-clause                       318545
 :num-allocs                      57196882224620.00
 :num-checks                      46438
 :propagations                    264875
 :recfun-macro-expansion          22382
 :rlimit-count                    352286447)