unsatisfiable
(:added-eqs                       910140
 :arith-eq-adapter                167390
 :arith-assume-eqs                2982
 :arith-bound-propagations-lp     29113
 :arith-branch                    107312
 :arith-conflicts                 59086
 :arith-cube-calls                33707
 :arith-cube-success              20
 :arith-diseq                     21574
 :arith-fixed-eqs                 155068
 :arith-gcd-calls                 136481
 :arith-gomory-cuts               44240
 :arith-grobner-calls             1374
 :arith-grobner-conflicts         34
 :arith-hnf-calls                 4
 :arith-horner-calls              2394
 :arith-horner-cross-nested-forms 16219
 :arith-lower                     470104
 :arith-make-feasible             504309
 :arith-max-columns               239
 :arith-max-rows                  137
 :arith-nla-add-bounds            8624
 :arith-nla-lemmas                1289
 :arith-nla-propagate-bounds      1029
 :arith-nla-propagate-eq          1517
 :arith-nra-calls                 5552
 :arith-offset-eqs                2263
 :arith-patches                   136481
 :arith-patches-success           1728
 :arith-upper                     426907
 :conflicts                       69995
 :datatype-accessor-ax            4207
 :datatype-constructor-ax         10254
 :datatype-splits                 1695
 :decisions                       423636
 :del-clause                      319477
 :final-checks                    159312
 :interface-eqs                   1491
 :max-memory                      287.05
 :memory                          286.90
 :minimized-lits                  39432
 :mk-bool-var                     1088999
 :mk-clause                       319508
 :num-allocs                      58579310873584.00
 :num-checks                      46779
 :propagations                    265473
 :recfun-macro-expansion          22510
 :rlimit-count                    354407759)