unsatisfiable
(:added-eqs                       910524
 :arith-eq-adapter                167457
 :arith-assume-eqs                2984
 :arith-bound-propagations-lp     29122
 :arith-branch                    107349
 :arith-conflicts                 59115
 :arith-cube-calls                33721
 :arith-cube-success              20
 :arith-diseq                     21586
 :arith-fixed-eqs                 155124
 :arith-gcd-calls                 136536
 :arith-gomory-cuts               44259
 :arith-grobner-calls             1374
 :arith-grobner-conflicts         34
 :arith-hnf-calls                 4
 :arith-horner-calls              2396
 :arith-horner-cross-nested-forms 16231
 :arith-lower                     470299
 :arith-make-feasible             504537
 :arith-max-columns               239
 :arith-max-rows                  137
 :arith-nla-add-bounds            8630
 :arith-nla-lemmas                1289
 :arith-nla-propagate-bounds      1029
 :arith-nla-propagate-eq          1518
 :arith-nra-calls                 5556
 :arith-offset-eqs                2264
 :arith-patches                   136536
 :arith-patches-success           1730
 :arith-upper                     427060
 :conflicts                       70033
 :datatype-accessor-ax            4210
 :datatype-constructor-ax         10263
 :datatype-splits                 1696
 :decisions                       423818
 :del-clause                      319611
 :final-checks                    159384
 :interface-eqs                   1492
 :max-memory                      287.18
 :memory                          287.00
 :minimized-lits                  39445
 :mk-bool-var                     1089487
 :mk-clause                       319642
 :num-allocs                      58724572257320.00
 :num-checks                      46810
 :propagations                    265547
 :recfun-macro-expansion          22528
 :rlimit-count                    354698048)