unsatisfiable
(:added-eqs                       912442
 :arith-eq-adapter                167786
 :arith-assume-eqs                2996
 :arith-bound-propagations-lp     29165
 :arith-branch                    107553
 :arith-conflicts                 59234
 :arith-cube-calls                33792
 :arith-cube-success              20
 :arith-diseq                     21647
 :arith-fixed-eqs                 155410
 :arith-gcd-calls                 136825
 :arith-gomory-cuts               44369
 :arith-grobner-calls             1374
 :arith-grobner-conflicts         34
 :arith-hnf-calls                 4
 :arith-horner-calls              2400
 :arith-horner-cross-nested-forms 16232
 :arith-lower                     471228
 :arith-make-feasible             505668
 :arith-max-columns               239
 :arith-max-rows                  137
 :arith-nla-add-bounds            8659
 :arith-nla-lemmas                1289
 :arith-nla-propagate-bounds      1029
 :arith-nla-propagate-eq          1525
 :arith-nra-calls                 5572
 :arith-offset-eqs                2277
 :arith-patches                   136825
 :arith-patches-success           1742
 :arith-upper                     427824
 :conflicts                       70226
 :datatype-accessor-ax            4227
 :datatype-constructor-ax         10308
 :datatype-splits                 1705
 :decisions                       424630
 :del-clause                      320279
 :final-checks                    159752
 :interface-eqs                   1498
 :max-memory                      287.79
 :memory                          287.61
 :minimized-lits                  39531
 :mk-bool-var                     1091896
 :mk-clause                       320310
 :num-allocs                      59694129725923.00
 :num-checks                      47052
 :propagations                    265941
 :recfun-macro-expansion          22612
 :rlimit-count                    356049335)