unsatisfiable
(:added-eqs                       911969
 :arith-eq-adapter                167704
 :arith-assume-eqs                2992
 :arith-bound-propagations-lp     29155
 :arith-branch                    107502
 :arith-conflicts                 59208
 :arith-cube-calls                33775
 :arith-cube-success              20
 :arith-diseq                     21630
 :arith-fixed-eqs                 155339
 :arith-gcd-calls                 136753
 :arith-gomory-cuts               44343
 :arith-grobner-calls             1374
 :arith-grobner-conflicts         34
 :arith-hnf-calls                 4
 :arith-horner-calls              2399
 :arith-horner-cross-nested-forms 16232
 :arith-lower                     471000
 :arith-make-feasible             505391
 :arith-max-columns               239
 :arith-max-rows                  137
 :arith-nla-add-bounds            8651
 :arith-nla-lemmas                1289
 :arith-nla-propagate-bounds      1029
 :arith-nla-propagate-eq          1524
 :arith-nra-calls                 5567
 :arith-offset-eqs                2276
 :arith-patches                   136753
 :arith-patches-success           1738
 :arith-upper                     427637
 :conflicts                       70187
 :datatype-accessor-ax            4223
 :datatype-constructor-ax         10299
 :datatype-splits                 1701
 :decisions                       424420
 :del-clause                      320112
 :final-checks                    159659
 :interface-eqs                   1496
 :max-memory                      287.57
 :memory                          287.46
 :minimized-lits                  39505
 :mk-bool-var                     1091294
 :mk-clause                       320143
 :num-allocs                      59371694465667.00
 :num-checks                      47006
 :propagations                    265848
 :recfun-macro-expansion          22590
 :rlimit-count                    355689707)