unsatisfiable
(:added-eqs                       914039
 :arith-eq-adapter                168036
 :arith-assume-eqs                3004
 :arith-bound-propagations-lp     29199
 :arith-branch                    107660
 :arith-conflicts                 59315
 :arith-cube-calls                33827
 :arith-cube-success              20
 :arith-diseq                     21669
 :arith-fixed-eqs                 155641
 :arith-gcd-calls                 136967
 :arith-gomory-cuts               44401
 :arith-grobner-calls             1374
 :arith-grobner-conflicts         34
 :arith-hnf-calls                 4
 :arith-horner-calls              2404
 :arith-horner-cross-nested-forms 16244
 :arith-lower                     471953
 :arith-make-feasible             506463
 :arith-max-columns               239
 :arith-max-rows                  137
 :arith-nla-add-bounds            8669
 :arith-nla-lemmas                1289
 :arith-nla-propagate-bounds      1029
 :arith-nla-propagate-eq          1528
 :arith-nra-calls                 5578
 :arith-offset-eqs                2282
 :arith-patches                   136967
 :arith-patches-success           1748
 :arith-upper                     428393
 :conflicts                       70372
 :datatype-accessor-ax            4251
 :datatype-constructor-ax         10365
 :datatype-splits                 1713
 :decisions                       425143
 :del-clause                      320760
 :final-checks                    159954
 :interface-eqs                   1502
 :max-memory                      288.08
 :memory                          288.08
 :minimized-lits                  39581
 :mk-bool-var                     1093715
 :mk-clause                       320792
 :num-allocs                      59997806258203.00
 :num-checks                      47263
 :propagations                    266226
 :recfun-macro-expansion          22686
 :rlimit-count                    357146277)