unsatisfiable
(:added-eqs                       930380
 :arith-eq-adapter                171160
 :arith-assume-eqs                3022
 :arith-bound-propagations-lp     30219
 :arith-branch                    109391
 :arith-conflicts                 60354
 :arith-cube-calls                34334
 :arith-cube-success              20
 :arith-diseq                     22091
 :arith-fixed-eqs                 158614
 :arith-gcd-calls                 139016
 :arith-gomory-cuts               44922
 :arith-grobner-calls             1392
 :arith-grobner-conflicts         34
 :arith-hnf-calls                 4
 :arith-horner-calls              2458
 :arith-horner-cross-nested-forms 16782
 :arith-lower                     480327
 :arith-make-feasible             514707
 :arith-max-columns               239
 :arith-max-rows                  137
 :arith-nla-add-bounds            8813
 :arith-nla-lemmas                1342
 :arith-nla-propagate-bounds      1074
 :arith-nla-propagate-eq          1545
 :arith-nra-calls                 5706
 :arith-offset-eqs                2297
 :arith-patches                   139016
 :arith-patches-success           1769
 :arith-upper                     438088
 :conflicts                       71516
 :datatype-accessor-ax            4299
 :datatype-constructor-ax         10470
 :datatype-splits                 1730
 :decisions                       432374
 :del-clause                      327426
 :final-checks                    162356
 :interface-eqs                   1511
 :max-memory                      292.88
 :memory                          292.55
 :minimized-lits                  40248
 :mk-bool-var                     1113061
 :mk-clause                       327508
 :num-allocs                      62071535029058.00
 :num-checks                      47713
 :propagations                    272844
 :recfun-macro-expansion          23047
 :rlimit-count                    362026318)