unsatisfiable
(:added-eqs                       932502
 :arith-eq-adapter                171573
 :arith-assume-eqs                3024
 :arith-bound-propagations-lp     30284
 :arith-branch                    109697
 :arith-conflicts                 60484
 :arith-cube-calls                34422
 :arith-cube-success              20
 :arith-diseq                     22153
 :arith-fixed-eqs                 159008
 :arith-gcd-calls                 139368
 :arith-gomory-cuts               45007
 :arith-grobner-calls             1392
 :arith-grobner-conflicts         34
 :arith-hnf-calls                 4
 :arith-horner-calls              2466
 :arith-horner-cross-nested-forms 16800
 :arith-lower                     481430
 :arith-make-feasible             516000
 :arith-max-columns               239
 :arith-max-rows                  137
 :arith-nla-add-bounds            8836
 :arith-nla-lemmas                1344
 :arith-nla-propagate-bounds      1082
 :arith-nla-propagate-eq          1545
 :arith-nra-calls                 5719
 :arith-offset-eqs                2298
 :arith-patches                   139368
 :arith-patches-success           1770
 :arith-upper                     439312
 :conflicts                       71651
 :datatype-accessor-ax            4301
 :datatype-constructor-ax         10476
 :datatype-splits                 1730
 :decisions                       433705
 :del-clause                      328202
 :final-checks                    162751
 :interface-eqs                   1512
 :max-memory                      293.33
 :memory                          293.14
 :minimized-lits                  40319
 :mk-bool-var                     1115561
 :mk-clause                       328235
 :num-allocs                      62348357748545.00
 :num-checks                      47763
 :propagations                    273650
 :recfun-macro-expansion          23072
 :rlimit-count                    362618374)