satisfiable
(:added-eqs                       942086
 :arith-eq-adapter                173399
 :arith-assume-eqs                3028
 :arith-bound-propagations-lp     30720
 :arith-branch                    110899
 :arith-conflicts                 61043
 :arith-cube-calls                34768
 :arith-cube-success              20
 :arith-diseq                     22356
 :arith-fixed-eqs                 160793
 :arith-gcd-calls                 140757
 :arith-gomory-cuts               45354
 :arith-grobner-calls             1403
 :arith-grobner-conflicts         35
 :arith-hnf-calls                 4
 :arith-horner-calls              2491
 :arith-horner-cross-nested-forms 16893
 :arith-lower                     486315
 :arith-make-feasible             520887
 :arith-max-columns               239
 :arith-max-rows                  137
 :arith-nla-add-bounds            8912
 :arith-nla-lemmas                1369
 :arith-nla-propagate-bounds      1114
 :arith-nla-propagate-eq          1564
 :arith-nra-calls                 5776
 :arith-offset-eqs                2324
 :arith-patches                   140757
 :arith-patches-success           1774
 :arith-upper                     444672
 :conflicts                       72218
 :datatype-accessor-ax            4309
 :datatype-constructor-ax         10497
 :datatype-splits                 1735
 :decisions                       439007
 :del-clause                      331510
 :final-checks                    164305
 :interface-eqs                   1514
 :max-memory                      297.96
 :memory                          297.85
 :minimized-lits                  40712
 :mk-bool-var                     1126492
 :mk-clause                       331581
 :num-allocs                      63586780028221.00
 :num-checks                      47893
 :propagations                    277172
 :recfun-macro-expansion          23198
 :rlimit-count                    364884853
 :time                            0.00)