satisfiable
(:added-eqs                       942622
 :arith-eq-adapter                173510
 :arith-assume-eqs                3028
 :arith-bound-propagations-lp     30736
 :arith-branch                    111010
 :arith-conflicts                 61094
 :arith-cube-calls                34801
 :arith-cube-success              20
 :arith-diseq                     22391
 :arith-fixed-eqs                 160898
 :arith-gcd-calls                 140896
 :arith-gomory-cuts               45400
 :arith-grobner-calls             1403
 :arith-grobner-conflicts         35
 :arith-hnf-calls                 4
 :arith-horner-calls              2496
 :arith-horner-cross-nested-forms 16893
 :arith-lower                     486597
 :arith-make-feasible             521314
 :arith-max-columns               239
 :arith-max-rows                  137
 :arith-nla-add-bounds            8933
 :arith-nla-lemmas                1378
 :arith-nla-propagate-bounds      1119
 :arith-nla-propagate-eq          1572
 :arith-nra-calls                 5787
 :arith-offset-eqs                2324
 :arith-patches                   140896
 :arith-patches-success           1778
 :arith-upper                     445061
 :conflicts                       72268
 :datatype-accessor-ax            4309
 :datatype-constructor-ax         10497
 :datatype-splits                 1735
 :decisions                       439458
 :del-clause                      331771
 :final-checks                    164477
 :interface-eqs                   1514
 :max-memory                      298.37
 :memory                          298.03
 :minimized-lits                  40733
 :mk-bool-var                     1127268
 :mk-clause                       331821
 :num-allocs                      63766804276067.00
 :num-checks                      47901
 :propagations                    277454
 :recfun-macro-expansion          23207
 :rlimit-count                    365214844)