unsatisfiable
(:added-eqs                       949816
 :arith-eq-adapter                174868
 :arith-assume-eqs                3028
 :arith-bound-propagations-lp     31086
 :arith-branch                    111952
 :arith-conflicts                 61550
 :arith-cube-calls                35073
 :arith-cube-success              20
 :arith-diseq                     22566
 :arith-fixed-eqs                 162232
 :arith-gcd-calls                 141984
 :arith-gomory-cuts               45676
 :arith-grobner-calls             1403
 :arith-grobner-conflicts         35
 :arith-hnf-calls                 4
 :arith-horner-calls              2510
 :arith-horner-cross-nested-forms 16909
 :arith-lower                     490256
 :arith-make-feasible             524970
 :arith-max-columns               239
 :arith-max-rows                  137
 :arith-nla-add-bounds            8991
 :arith-nla-lemmas                1397
 :arith-nla-propagate-bounds      1145
 :arith-nla-propagate-eq          1585
 :arith-nra-calls                 5824
 :arith-offset-eqs                2369
 :arith-patches                   141984
 :arith-patches-success           1778
 :arith-upper                     449212
 :conflicts                       72740
 :datatype-accessor-ax            4317
 :datatype-constructor-ax         10518
 :datatype-splits                 1739
 :decisions                       443480
 :del-clause                      334408
 :final-checks                    165684
 :interface-eqs                   1514
 :max-memory                      300.09
 :memory                          299.97
 :minimized-lits                  41124
 :mk-bool-var                     1135625
 :mk-clause                       334475
 :num-allocs                      64664117854903.00
 :num-checks                      48012
 :propagations                    280294
 :recfun-macro-expansion          23309
 :rlimit-count                    366776204)