unsatisfiable
(:added-eqs                       974305
 :arith-eq-adapter                179503
 :arith-assume-eqs                3042
 :arith-bound-propagations-lp     32185
 :arith-branch                    115373
 :arith-conflicts                 63061
 :arith-cube-calls                36097
 :arith-cube-success              21
 :arith-diseq                     23168
 :arith-fixed-eqs                 166821
 :arith-gcd-calls                 146111
 :arith-gomory-cuts               46971
 :arith-grobner-calls             1433
 :arith-grobner-conflicts         38
 :arith-hnf-calls                 4
 :arith-horner-calls              2575
 :arith-horner-cross-nested-forms 17505
 :arith-lower                     502781
 :arith-make-feasible             538169
 :arith-max-columns               239
 :arith-max-rows                  137
 :arith-nla-add-bounds            9195
 :arith-nla-lemmas                1489
 :arith-nla-propagate-bounds      1201
 :arith-nla-propagate-eq          1618
 :arith-nra-calls                 5996
 :arith-offset-eqs                2453
 :arith-patches                   146111
 :arith-patches-success           1797
 :arith-upper                     463412
 :conflicts                       74332
 :datatype-accessor-ax            4339
 :datatype-constructor-ax         10578
 :datatype-splits                 1749
 :decisions                       456950
 :del-clause                      343378
 :final-checks                    170231
 :interface-eqs                   1521
 :max-memory                      306.90
 :memory                          306.76
 :minimized-lits                  42420
 :mk-bool-var                     1164212
 :mk-clause                       343450
 :num-allocs                      68315031118528.00
 :num-checks                      48371
 :propagations                    290389
 :recfun-macro-expansion          23643
 :rlimit-count                    373174468)