satisfiable
(:added-eqs                       990038
 :arith-eq-adapter                182541
 :arith-assume-eqs                3064
 :arith-bound-propagations-lp     33196
 :arith-branch                    116893
 :arith-conflicts                 64031
 :arith-cube-calls                36533
 :arith-cube-success              21
 :arith-diseq                     23543
 :arith-fixed-eqs                 169759
 :arith-gcd-calls                 147856
 :arith-gomory-cuts               47372
 :arith-grobner-calls             1444
 :arith-grobner-conflicts         39
 :arith-hnf-calls                 4
 :arith-horner-calls              2622
 :arith-horner-cross-nested-forms 17678
 :arith-lower                     510707
 :arith-make-feasible             545576
 :arith-max-columns               239
 :arith-max-rows                  137
 :arith-nla-add-bounds            9303
 :arith-nla-lemmas                1551
 :arith-nla-propagate-bounds      1241
 :arith-nla-propagate-eq          1630
 :arith-nra-calls                 6113
 :arith-offset-eqs                2470
 :arith-patches                   147856
 :arith-patches-success           1803
 :arith-upper                     472941
 :conflicts                       75357
 :datatype-accessor-ax            4372
 :datatype-constructor-ax         10653
 :datatype-splits                 1761
 :decisions                       463994
 :del-clause                      349714
 :final-checks                    172254
 :interface-eqs                   1532
 :max-memory                      311.02
 :memory                          310.68
 :minimized-lits                  43047
 :mk-bool-var                     1182029
 :mk-clause                       349778
 :num-allocs                      70286804312269.00
 :num-checks                      48668
 :propagations                    296965
 :recfun-macro-expansion          23944
 :rlimit-count                    377234170
 :time                            0.00)