satisfiable
(:added-eqs                       997089
 :arith-eq-adapter                183809
 :arith-assume-eqs                3082
 :arith-bound-propagations-lp     33415
 :arith-branch                    117677
 :arith-conflicts                 64514
 :arith-cube-calls                36777
 :arith-cube-success              21
 :arith-diseq                     23771
 :arith-fixed-eqs                 170899
 :arith-gcd-calls                 148847
 :arith-gomory-cuts               47669
 :arith-grobner-calls             1454
 :arith-grobner-conflicts         40
 :arith-hnf-calls                 4
 :arith-horner-calls              2652
 :arith-horner-cross-nested-forms 17771
 :arith-lower                     514255
 :arith-make-feasible             549586
 :arith-max-columns               239
 :arith-max-rows                  137
 :arith-nla-add-bounds            9397
 :arith-nla-lemmas                1576
 :arith-nla-propagate-bounds      1248
 :arith-nla-propagate-eq          1640
 :arith-nra-calls                 6184
 :arith-offset-eqs                2489
 :arith-patches                   148847
 :arith-patches-success           1820
 :arith-upper                     476246
 :conflicts                       75985
 :datatype-accessor-ax            4424
 :datatype-constructor-ax         10779
 :datatype-splits                 1783
 :decisions                       467167
 :del-clause                      352403
 :final-checks                    173505
 :interface-eqs                   1541
 :max-memory                      312.87
 :memory                          312.74
 :minimized-lits                  43374
 :mk-bool-var                     1190745
 :mk-clause                       352423
 :num-allocs                      72641621275854.00
 :num-checks                      49231
 :propagations                    299040
 :recfun-macro-expansion          24181
 :rlimit-count                    381445718
 :time                            0.00)