unsatisfiable
(:added-eqs                       1000340
 :arith-eq-adapter                184379
 :arith-assume-eqs                3084
 :arith-bound-propagations-lp     33483
 :arith-branch                    118017
 :arith-conflicts                 64711
 :arith-cube-calls                36888
 :arith-cube-success              21
 :arith-diseq                     23874
 :arith-fixed-eqs                 171398
 :arith-gcd-calls                 149300
 :arith-gomory-cuts               47812
 :arith-grobner-calls             1454
 :arith-grobner-conflicts         40
 :arith-hnf-calls                 4
 :arith-horner-calls              2665
 :arith-horner-cross-nested-forms 17803
 :arith-lower                     515828
 :arith-make-feasible             551426
 :arith-max-columns               239
 :arith-max-rows                  137
 :arith-nla-add-bounds            9445
 :arith-nla-lemmas                1576
 :arith-nla-propagate-bounds      1248
 :arith-nla-propagate-eq          1650
 :arith-nra-calls                 6209
 :arith-offset-eqs                2494
 :arith-patches                   149300
 :arith-patches-success           1830
 :arith-upper                     477589
 :conflicts                       76275
 :datatype-accessor-ax            4449
 :datatype-constructor-ax         10842
 :datatype-splits                 1793
 :decisions                       468556
 :del-clause                      353526
 :final-checks                    174086
 :interface-eqs                   1542
 :max-memory                      313.77
 :memory                          313.60
 :minimized-lits                  43532
 :mk-bool-var                     1194686
 :mk-clause                       353533
 :num-allocs                      74022481278538.00
 :num-checks                      49591
 :propagations                    299685
 :recfun-macro-expansion          24298
 :rlimit-count                    383504398)