satisfiable
(:added-eqs                       1002724
 :arith-eq-adapter                184768
 :arith-assume-eqs                3088
 :arith-bound-propagations-lp     33539
 :arith-branch                    118290
 :arith-conflicts                 64860
 :arith-cube-calls                36974
 :arith-cube-success              21
 :arith-diseq                     23929
 :arith-fixed-eqs                 171742
 :arith-gcd-calls                 149656
 :arith-gomory-cuts               47919
 :arith-grobner-calls             1463
 :arith-grobner-conflicts         40
 :arith-hnf-calls                 4
 :arith-horner-calls              2673
 :arith-horner-cross-nested-forms 17856
 :arith-lower                     516959
 :arith-make-feasible             552838
 :arith-max-columns               239
 :arith-max-rows                  137
 :arith-nla-add-bounds            9472
 :arith-nla-lemmas                1576
 :arith-nla-propagate-bounds      1248
 :arith-nla-propagate-eq          1654
 :arith-nra-calls                 6228
 :arith-offset-eqs                2501
 :arith-patches                   149656
 :arith-patches-success           1842
 :arith-upper                     478553
 :conflicts                       76503
 :datatype-accessor-ax            4479
 :datatype-constructor-ax         10911
 :datatype-splits                 1805
 :decisions                       469365
 :del-clause                      354307
 :final-checks                    174537
 :interface-eqs                   1544
 :max-memory                      314.54
 :memory                          314.37
 :minimized-lits                  43617
 :mk-bool-var                     1197654
 :mk-clause                       354318
 :num-allocs                      74932592049317.00
 :num-checks                      49854
 :propagations                    300122
 :recfun-macro-expansion          24408
 :rlimit-count                    385262620)