unsatisfiable
(:added-eqs                       1002908
 :arith-eq-adapter                184801
 :arith-assume-eqs                3088
 :arith-bound-propagations-lp     33546
 :arith-branch                    118305
 :arith-conflicts                 64874
 :arith-cube-calls                36979
 :arith-cube-success              21
 :arith-diseq                     23938
 :arith-fixed-eqs                 171770
 :arith-gcd-calls                 149676
 :arith-gomory-cuts               47925
 :arith-grobner-calls             1463
 :arith-grobner-conflicts         40
 :arith-hnf-calls                 4
 :arith-horner-calls              2674
 :arith-horner-cross-nested-forms 17868
 :arith-lower                     517055
 :arith-make-feasible             552944
 :arith-max-columns               239
 :arith-max-rows                  137
 :arith-nla-add-bounds            9475
 :arith-nla-lemmas                1576
 :arith-nla-propagate-bounds      1248
 :arith-nla-propagate-eq          1655
 :arith-nra-calls                 6230
 :arith-offset-eqs                2501
 :arith-patches                   149676
 :arith-patches-success           1842
 :arith-upper                     478621
 :conflicts                       76522
 :datatype-accessor-ax            4482
 :datatype-constructor-ax         10917
 :datatype-splits                 1805
 :decisions                       469426
 :del-clause                      354369
 :final-checks                    174566
 :interface-eqs                   1544
 :max-memory                      314.61
 :memory                          314.44
 :minimized-lits                  43619
 :mk-bool-var                     1197885
 :mk-clause                       354383
 :num-allocs                      75140450884123.00
 :num-checks                      49888
 :propagations                    300161
 :recfun-macro-expansion          24417
 :rlimit-count                    385455240)