unsatisfiable
(:added-eqs                       1003680
 :arith-eq-adapter                184950
 :arith-assume-eqs                3088
 :arith-bound-propagations-lp     33568
 :arith-branch                    118377
 :arith-conflicts                 64939
 :arith-cube-calls                37003
 :arith-cube-success              21
 :arith-diseq                     23961
 :arith-fixed-eqs                 171881
 :arith-gcd-calls                 149776
 :arith-gomory-cuts               47964
 :arith-grobner-calls             1463
 :arith-grobner-conflicts         40
 :arith-hnf-calls                 4
 :arith-horner-calls              2677
 :arith-horner-cross-nested-forms 17887
 :arith-lower                     517490
 :arith-make-feasible             553379
 :arith-max-columns               239
 :arith-max-rows                  137
 :arith-nla-add-bounds            9490
 :arith-nla-lemmas                1576
 :arith-nla-propagate-bounds      1248
 :arith-nla-propagate-eq          1660
 :arith-nra-calls                 6236
 :arith-offset-eqs                2503
 :arith-patches                   149776
 :arith-patches-success           1844
 :arith-upper                     478898
 :conflicts                       76602
 :datatype-accessor-ax            4486
 :datatype-constructor-ax         10926
 :datatype-splits                 1806
 :decisions                       469792
 :del-clause                      354666
 :final-checks                    174701
 :interface-eqs                   1544
 :max-memory                      314.77
 :memory                          314.66
 :minimized-lits                  43665
 :mk-bool-var                     1198896
 :mk-clause                       354674
 :num-allocs                      75352590671915.00
 :num-checks                      49940
 :propagations                    300347
 :recfun-macro-expansion          24446
 :rlimit-count                    385963573)