unsatisfiable
(:added-eqs                       1003643
 :arith-eq-adapter                184944
 :arith-assume-eqs                3088
 :arith-bound-propagations-lp     33568
 :arith-branch                    118371
 :arith-conflicts                 64936
 :arith-cube-calls                37001
 :arith-cube-success              21
 :arith-diseq                     23960
 :arith-fixed-eqs                 171877
 :arith-gcd-calls                 149769
 :arith-gomory-cuts               47964
 :arith-grobner-calls             1463
 :arith-grobner-conflicts         40
 :arith-hnf-calls                 4
 :arith-horner-calls              2677
 :arith-horner-cross-nested-forms 17887
 :arith-lower                     517469
 :arith-make-feasible             553348
 :arith-max-columns               239
 :arith-max-rows                  137
 :arith-nla-add-bounds            9490
 :arith-nla-lemmas                1576
 :arith-nla-propagate-bounds      1248
 :arith-nla-propagate-eq          1660
 :arith-nra-calls                 6236
 :arith-offset-eqs                2503
 :arith-patches                   149769
 :arith-patches-success           1843
 :arith-upper                     478884
 :conflicts                       76599
 :datatype-accessor-ax            4486
 :datatype-constructor-ax         10926
 :datatype-splits                 1806
 :decisions                       469779
 :del-clause                      354646
 :final-checks                    174692
 :interface-eqs                   1544
 :max-memory                      314.77
 :memory                          314.64
 :minimized-lits                  43665
 :mk-bool-var                     1198840
 :mk-clause                       354659
 :num-allocs                      75344425798583.00
 :num-checks                      49931
 :propagations                    300338
 :recfun-macro-expansion          24443
 :rlimit-count                    385891333)