unsatisfiable
(:added-eqs                       1004089
 :arith-eq-adapter                185019
 :arith-assume-eqs                3088
 :arith-bound-propagations-lp     33581
 :arith-branch                    118433
 :arith-conflicts                 64973
 :arith-cube-calls                37020
 :arith-cube-success              21
 :arith-diseq                     23978
 :arith-fixed-eqs                 171939
 :arith-gcd-calls                 149846
 :arith-gomory-cuts               47982
 :arith-grobner-calls             1463
 :arith-grobner-conflicts         40
 :arith-hnf-calls                 4
 :arith-horner-calls              2678
 :arith-horner-cross-nested-forms 17887
 :arith-lower                     517695
 :arith-make-feasible             553650
 :arith-max-columns               239
 :arith-max-rows                  137
 :arith-nla-add-bounds            9498
 :arith-nla-lemmas                1576
 :arith-nla-propagate-bounds      1248
 :arith-nla-propagate-eq          1660
 :arith-nra-calls                 6240
 :arith-offset-eqs                2507
 :arith-patches                   149846
 :arith-patches-success           1844
 :arith-upper                     479078
 :conflicts                       76652
 :datatype-accessor-ax            4492
 :datatype-constructor-ax         10939
 :datatype-splits                 1810
 :decisions                       469988
 :del-clause                      354806
 :final-checks                    174791
 :interface-eqs                   1544
 :max-memory                      314.94
 :memory                          314.76
 :minimized-lits                  43679
 :mk-bool-var                     1199430
 :mk-clause                       354810
 :num-allocs                      75458802973479.00
 :num-checks                      50028
 :propagations                    300425
 :recfun-macro-expansion          24462
 :rlimit-count                    386205970)