unsatisfiable
(:added-eqs                       1008977
 :arith-eq-adapter                185870
 :arith-assume-eqs                3094
 :arith-bound-propagations-lp     33701
 :arith-branch                    118947
 :arith-conflicts                 65275
 :arith-cube-calls                37183
 :arith-cube-success              21
 :arith-diseq                     24119
 :arith-fixed-eqs                 172694
 :arith-gcd-calls                 150516
 :arith-gomory-cuts               48173
 :arith-grobner-calls             1469
 :arith-grobner-conflicts         40
 :arith-hnf-calls                 4
 :arith-horner-calls              2699
 :arith-horner-cross-nested-forms 17952
 :arith-lower                     520087
 :arith-make-feasible             556438
 :arith-max-columns               239
 :arith-max-rows                  137
 :arith-nla-add-bounds            9569
 :arith-nla-lemmas                1576
 :arith-nla-propagate-bounds      1250
 :arith-nla-propagate-eq          1675
 :arith-nra-calls                 6275
 :arith-offset-eqs                2517
 :arith-patches                   150516
 :arith-patches-success           1861
 :arith-upper                     481074
 :conflicts                       77060
 :datatype-accessor-ax            4526
 :datatype-constructor-ax         11035
 :datatype-splits                 1823
 :decisions                       471934
 :del-clause                      356435
 :final-checks                    175653
 :interface-eqs                   1547
 :max-memory                      316.30
 :memory                          316.17
 :minimized-lits                  43929
 :mk-bool-var                     1205278
 :mk-clause                       356439
 :num-allocs                      76583703226916.00
 :num-checks                      50421
 :propagations                    301379
 :recfun-macro-expansion          24630
 :rlimit-count                    388721041)