satisfiable
(:added-eqs                       1010473
 :arith-eq-adapter                186134
 :arith-assume-eqs                3094
 :arith-bound-propagations-lp     33741
 :arith-branch                    119121
 :arith-conflicts                 65388
 :arith-cube-calls                37238
 :arith-cube-success              21
 :arith-diseq                     24166
 :arith-fixed-eqs                 172911
 :arith-gcd-calls                 150743
 :arith-gomory-cuts               48236
 :arith-grobner-calls             1472
 :arith-grobner-conflicts         40
 :arith-hnf-calls                 4
 :arith-horner-calls              2703
 :arith-horner-cross-nested-forms 17980
 :arith-lower                     520878
 :arith-make-feasible             557363
 :arith-max-columns               239
 :arith-max-rows                  137
 :arith-nla-add-bounds            9591
 :arith-nla-lemmas                1576
 :arith-nla-propagate-bounds      1250
 :arith-nla-propagate-eq          1679
 :arith-nra-calls                 6287
 :arith-offset-eqs                2525
 :arith-patches                   150743
 :arith-patches-success           1866
 :arith-upper                     481673
 :conflicts                       77213
 :datatype-accessor-ax            4537
 :datatype-constructor-ax         11064
 :datatype-splits                 1830
 :decisions                       472566
 :del-clause                      356924
 :final-checks                    175944
 :interface-eqs                   1547
 :max-memory                      316.78
 :memory                          316.64
 :minimized-lits                  44014
 :mk-bool-var                     1207177
 :mk-clause                       356932
 :num-allocs                      76963705291247.00
 :num-checks                      50585
 :propagations                    301687
 :recfun-macro-expansion          24689
 :rlimit-count                    389583011)