unsatisfiable
(:added-eqs                       1011643
 :arith-eq-adapter                186343
 :arith-assume-eqs                3094
 :arith-bound-propagations-lp     33765
 :arith-branch                    119255
 :arith-conflicts                 65489
 :arith-cube-calls                37281
 :arith-cube-success              21
 :arith-diseq                     24202
 :arith-fixed-eqs                 173078
 :arith-gcd-calls                 150918
 :arith-gomory-cuts               48294
 :arith-grobner-calls             1472
 :arith-grobner-conflicts         40
 :arith-hnf-calls                 4
 :arith-horner-calls              2707
 :arith-horner-cross-nested-forms 18006
 :arith-lower                     521499
 :arith-make-feasible             558099
 :arith-max-columns               239
 :arith-max-rows                  137
 :arith-nla-add-bounds            9609
 :arith-nla-lemmas                1576
 :arith-nla-propagate-bounds      1251
 :arith-nla-propagate-eq          1683
 :arith-nra-calls                 6297
 :arith-offset-eqs                2528
 :arith-patches                   150918
 :arith-patches-success           1869
 :arith-upper                     482146
 :conflicts                       77339
 :datatype-accessor-ax            4546
 :datatype-constructor-ax         11089
 :datatype-splits                 1834
 :decisions                       473065
 :del-clause                      357357
 :final-checks                    176172
 :interface-eqs                   1547
 :max-memory                      317.14
 :memory                          316.97
 :minimized-lits                  44081
 :mk-bool-var                     1208681
 :mk-clause                       357362
 :num-allocs                      77257756103491.00
 :num-checks                      50675
 :propagations                    301954
 :recfun-macro-expansion          24734
 :rlimit-count                    390271918)