satisfiable
(:added-eqs                       1013782
 :arith-eq-adapter                186721
 :arith-assume-eqs                3096
 :arith-bound-propagations-lp     33801
 :arith-branch                    119488
 :arith-conflicts                 65632
 :arith-cube-calls                37354
 :arith-cube-success              21
 :arith-diseq                     24264
 :arith-fixed-eqs                 173412
 :arith-gcd-calls                 151218
 :arith-gomory-cuts               48380
 :arith-grobner-calls             1472
 :arith-grobner-conflicts         40
 :arith-hnf-calls                 4
 :arith-horner-calls              2715
 :arith-horner-cross-nested-forms 18025
 :arith-lower                     522547
 :arith-make-feasible             559316
 :arith-max-columns               239
 :arith-max-rows                  137
 :arith-nla-add-bounds            9641
 :arith-nla-lemmas                1576
 :arith-nla-propagate-bounds      1251
 :arith-nla-propagate-eq          1688
 :arith-nra-calls                 6314
 :arith-offset-eqs                2534
 :arith-patches                   151218
 :arith-patches-success           1878
 :arith-upper                     483027
 :conflicts                       77528
 :datatype-accessor-ax            4560
 :datatype-constructor-ax         11129
 :datatype-splits                 1839
 :decisions                       473976
 :del-clause                      358070
 :final-checks                    176550
 :interface-eqs                   1548
 :max-memory                      317.72
 :memory                          317.59
 :minimized-lits                  44188
 :mk-bool-var                     1211267
 :mk-clause                       358093
 :num-allocs                      77756306372436.00
 :num-checks                      50834
 :propagations                    302386
 :recfun-macro-expansion          24807
 :rlimit-count                    391360969
 :time                            0.00)