unsatisfiable
(:added-eqs                       1014481
 :arith-eq-adapter                186835
 :arith-assume-eqs                3096
 :arith-bound-propagations-lp     33814
 :arith-branch                    119579
 :arith-conflicts                 65677
 :arith-cube-calls                37384
 :arith-cube-success              21
 :arith-diseq                     24287
 :arith-fixed-eqs                 173513
 :arith-gcd-calls                 151342
 :arith-gomory-cuts               48423
 :arith-grobner-calls             1472
 :arith-grobner-conflicts         40
 :arith-hnf-calls                 4
 :arith-horner-calls              2718
 :arith-horner-cross-nested-forms 18029
 :arith-lower                     522880
 :arith-make-feasible             559770
 :arith-max-columns               239
 :arith-max-rows                  137
 :arith-nla-add-bounds            9652
 :arith-nla-lemmas                1576
 :arith-nla-propagate-bounds      1251
 :arith-nla-propagate-eq          1689
 :arith-nra-calls                 6319
 :arith-offset-eqs                2540
 :arith-patches                   151342
 :arith-patches-success           1884
 :arith-upper                     483319
 :conflicts                       77599
 :datatype-accessor-ax            4568
 :datatype-constructor-ax         11150
 :datatype-splits                 1843
 :decisions                       474231
 :del-clause                      358321
 :final-checks                    176701
 :interface-eqs                   1548
 :max-memory                      317.95
 :memory                          317.79
 :minimized-lits                  44219
 :mk-bool-var                     1212156
 :mk-clause                       358325
 :num-allocs                      77956245221549.00
 :num-checks                      50928
 :propagations                    302519
 :recfun-macro-expansion          24838
 :rlimit-count                    391827588)