satisfiable
(:added-eqs                       1015958
 :arith-eq-adapter                187096
 :arith-assume-eqs                3104
 :arith-bound-propagations-lp     33846
 :arith-branch                    119723
 :arith-conflicts                 65760
 :arith-cube-calls                37426
 :arith-cube-success              21
 :arith-diseq                     24327
 :arith-fixed-eqs                 173742
 :arith-gcd-calls                 151521
 :arith-gomory-cuts               48467
 :arith-grobner-calls             1472
 :arith-grobner-conflicts         40
 :arith-hnf-calls                 4
 :arith-horner-calls              2721
 :arith-horner-cross-nested-forms 18065
 :arith-lower                     523586
 :arith-make-feasible             560551
 :arith-max-columns               239
 :arith-max-rows                  137
 :arith-nla-add-bounds            9670
 :arith-nla-lemmas                1576
 :arith-nla-propagate-bounds      1251
 :arith-nla-propagate-eq          1693
 :arith-nra-calls                 6328
 :arith-offset-eqs                2542
 :arith-patches                   151521
 :arith-patches-success           1890
 :arith-upper                     483916
 :conflicts                       77715
 :datatype-accessor-ax            4579
 :datatype-constructor-ax         11183
 :datatype-splits                 1848
 :decisions                       474717
 :del-clause                      358825
 :final-checks                    176937
 :interface-eqs                   1552
 :max-memory                      318.39
 :memory                          318.22
 :minimized-lits                  44287
 :mk-bool-var                     1213913
 :mk-clause                       358833
 :num-allocs                      78252660175455.00
 :num-checks                      51027
 :propagations                    302818
 :recfun-macro-expansion          24889
 :rlimit-count                    392534478)