unsatisfiable
(:added-eqs                       1017444
 :arith-eq-adapter                187347
 :arith-assume-eqs                3112
 :arith-bound-propagations-lp     33880
 :arith-branch                    119877
 :arith-conflicts                 65847
 :arith-cube-calls                37473
 :arith-cube-success              21
 :arith-diseq                     24380
 :arith-fixed-eqs                 173961
 :arith-gcd-calls                 151731
 :arith-gomory-cuts               48534
 :arith-grobner-calls             1481
 :arith-grobner-conflicts         40
 :arith-hnf-calls                 4
 :arith-horner-calls              2728
 :arith-horner-cross-nested-forms 18134
 :arith-lower                     524285
 :arith-make-feasible             561415
 :arith-max-columns               239
 :arith-max-rows                  137
 :arith-nla-add-bounds            9692
 :arith-nla-lemmas                1576
 :arith-nla-propagate-bounds      1251
 :arith-nla-propagate-eq          1695
 :arith-nra-calls                 6344
 :arith-offset-eqs                2543
 :arith-patches                   151731
 :arith-patches-success           1899
 :arith-upper                     484515
 :conflicts                       77848
 :datatype-accessor-ax            4596
 :datatype-constructor-ax         11222
 :datatype-splits                 1855
 :decisions                       475359
 :del-clause                      359339
 :final-checks                    177213
 :interface-eqs                   1556
 :max-memory                      318.79
 :memory                          318.65
 :minimized-lits                  44342
 :mk-bool-var                     1215740
 :mk-clause                       359343
 :num-allocs                      78709137456129.00
 :num-checks                      51199
 :propagations                    303107
 :recfun-macro-expansion          24954
 :rlimit-count                    393557792)