satisfiable
(:added-eqs                       1017041
 :arith-eq-adapter                187275
 :arith-assume-eqs                3110
 :arith-bound-propagations-lp     33872
 :arith-branch                    119838
 :arith-conflicts                 65824
 :arith-cube-calls                37461
 :arith-cube-success              21
 :arith-diseq                     24367
 :arith-fixed-eqs                 173899
 :arith-gcd-calls                 151680
 :arith-gomory-cuts               48519
 :arith-grobner-calls             1481
 :arith-grobner-conflicts         40
 :arith-hnf-calls                 4
 :arith-horner-calls              2726
 :arith-horner-cross-nested-forms 18110
 :arith-lower                     524087
 :arith-make-feasible             561191
 :arith-max-columns               239
 :arith-max-rows                  137
 :arith-nla-add-bounds            9686
 :arith-nla-lemmas                1576
 :arith-nla-propagate-bounds      1251
 :arith-nla-propagate-eq          1694
 :arith-nra-calls                 6340
 :arith-offset-eqs                2543
 :arith-patches                   151680
 :arith-patches-success           1898
 :arith-upper                     484357
 :conflicts                       77817
 :datatype-accessor-ax            4593
 :datatype-constructor-ax         11217
 :datatype-splits                 1852
 :decisions                       475174
 :del-clause                      359199
 :final-checks                    177145
 :interface-eqs                   1555
 :max-memory                      318.65
 :memory                          318.54
 :minimized-lits                  44324
 :mk-bool-var                     1215249
 :mk-clause                       359203
 :num-allocs                      78595907197341.00
 :num-checks                      51169
 :propagations                    303031
 :recfun-macro-expansion          24938
 :rlimit-count                    393331424)