unsatisfiable
(:added-eqs                       1017828
 :arith-eq-adapter                187413
 :arith-assume-eqs                3112
 :arith-bound-propagations-lp     33884
 :arith-branch                    119925
 :arith-conflicts                 65876
 :arith-cube-calls                37490
 :arith-cube-success              21
 :arith-diseq                     24397
 :arith-fixed-eqs                 174017
 :arith-gcd-calls                 151797
 :arith-gomory-cuts               48558
 :arith-grobner-calls             1481
 :arith-grobner-conflicts         40
 :arith-hnf-calls                 4
 :arith-horner-calls              2729
 :arith-horner-cross-nested-forms 18134
 :arith-lower                     524482
 :arith-make-feasible             561666
 :arith-max-columns               239
 :arith-max-rows                  137
 :arith-nla-add-bounds            9700
 :arith-nla-lemmas                1576
 :arith-nla-propagate-bounds      1251
 :arith-nla-propagate-eq          1695
 :arith-nra-calls                 6348
 :arith-offset-eqs                2545
 :arith-patches                   151797
 :arith-patches-success           1900
 :arith-upper                     484679
 :conflicts                       77890
 :datatype-accessor-ax            4598
 :datatype-constructor-ax         11228
 :datatype-splits                 1855
 :decisions                       475543
 :del-clause                      359470
 :final-checks                    177297
 :interface-eqs                   1556
 :max-memory                      318.93
 :memory                          318.80
 :minimized-lits                  44361
 :mk-bool-var                     1216233
 :mk-clause                       359474
 :num-allocs                      78826652901346.00
 :num-checks                      51243
 :propagations                    303195
 :recfun-macro-expansion          24970
 :rlimit-count                    393787488)