satisfiable
(:added-eqs                       1018524
 :arith-eq-adapter                187528
 :arith-assume-eqs                3114
 :arith-bound-propagations-lp     33896
 :arith-branch                    119983
 :arith-conflicts                 65924
 :arith-cube-calls                37510
 :arith-cube-success              21
 :arith-diseq                     24413
 :arith-fixed-eqs                 174109
 :arith-gcd-calls                 151876
 :arith-gomory-cuts               48587
 :arith-grobner-calls             1481
 :arith-grobner-conflicts         40
 :arith-hnf-calls                 4
 :arith-horner-calls              2732
 :arith-horner-cross-nested-forms 18144
 :arith-lower                     524836
 :arith-make-feasible             562042
 :arith-max-columns               239
 :arith-max-rows                  137
 :arith-nla-add-bounds            9709
 :arith-nla-lemmas                1576
 :arith-nla-propagate-bounds      1251
 :arith-nla-propagate-eq          1695
 :arith-nra-calls                 6354
 :arith-offset-eqs                2547
 :arith-patches                   151876
 :arith-patches-success           1902
 :arith-upper                     484912
 :conflicts                       77974
 :datatype-accessor-ax            4610
 :datatype-constructor-ax         11256
 :datatype-splits                 1859
 :decisions                       475815
 :del-clause                      359688
 :final-checks                    177408
 :interface-eqs                   1557
 :max-memory                      319.15
 :memory                          318.98
 :minimized-lits                  44396
 :mk-bool-var                     1217078
 :mk-clause                       359692
 :num-allocs                      78986326370573.00
 :num-checks                      51355
 :propagations                    303334
 :recfun-macro-expansion          25000
 :rlimit-count                    394228074)