satisfiable
(:added-eqs                       1021349
 :arith-eq-adapter                188014
 :arith-assume-eqs                3132
 :arith-bound-propagations-lp     33948
 :arith-branch                    120194
 :arith-conflicts                 66092
 :arith-cube-calls                37580
 :arith-cube-success              21
 :arith-diseq                     24491
 :arith-fixed-eqs                 174525
 :arith-gcd-calls                 152172
 :arith-gomory-cuts               48702
 :arith-grobner-calls             1481
 :arith-grobner-conflicts         40
 :arith-hnf-calls                 4
 :arith-horner-calls              2741
 :arith-horner-cross-nested-forms 18157
 :arith-lower                     526217
 :arith-make-feasible             563468
 :arith-max-columns               239
 :arith-max-rows                  137
 :arith-nla-add-bounds            9747
 :arith-nla-lemmas                1576
 :arith-nla-propagate-bounds      1251
 :arith-nla-propagate-eq          1699
 :arith-nra-calls                 6375
 :arith-offset-eqs                2552
 :arith-patches                   152172
 :arith-patches-success           1914
 :arith-upper                     485933
 :conflicts                       78225
 :datatype-accessor-ax            4636
 :datatype-constructor-ax         11326
 :datatype-splits                 1871
 :decisions                       476754
 :del-clause                      360585
 :final-checks                    177819
 :interface-eqs                   1566
 :max-memory                      319.96
 :memory                          319.83
 :minimized-lits                  44548
 :mk-bool-var                     1220416
 :mk-clause                       360612
 :num-allocs                      79639902946781.00
 :num-checks                      51600
 :propagations                    303896
 :recfun-macro-expansion          25112
 :rlimit-count                    395765933
 :time                            0.00)