unsatisfiable
(:added-eqs                       1021388
 :arith-eq-adapter                188021
 :arith-assume-eqs                3134
 :arith-bound-propagations-lp     33950
 :arith-branch                    120198
 :arith-conflicts                 66093
 :arith-cube-calls                37581
 :arith-cube-success              21
 :arith-diseq                     24491
 :arith-fixed-eqs                 174531
 :arith-gcd-calls                 152177
 :arith-gomory-cuts               48702
 :arith-grobner-calls             1481
 :arith-grobner-conflicts         40
 :arith-hnf-calls                 4
 :arith-horner-calls              2741
 :arith-horner-cross-nested-forms 18157
 :arith-lower                     526236
 :arith-make-feasible             563492
 :arith-max-columns               239
 :arith-max-rows                  137
 :arith-nla-add-bounds            9747
 :arith-nla-lemmas                1576
 :arith-nla-propagate-bounds      1251
 :arith-nla-propagate-eq          1699
 :arith-nra-calls                 6375
 :arith-offset-eqs                2552
 :arith-patches                   152177
 :arith-patches-success           1915
 :arith-upper                     485947
 :conflicts                       78228
 :datatype-accessor-ax            4636
 :datatype-constructor-ax         11326
 :datatype-splits                 1871
 :decisions                       476774
 :del-clause                      360622
 :final-checks                    177827
 :interface-eqs                   1567
 :max-memory                      320.03
 :memory                          319.86
 :minimized-lits                  44548
 :mk-bool-var                     1220476
 :mk-clause                       360629
 :num-allocs                      79669500171011.00
 :num-checks                      51608
 :propagations                    303903
 :recfun-macro-expansion          25115
 :rlimit-count                    395837299)