unsatisfiable
(:added-eqs                       1023330
 :arith-eq-adapter                188364
 :arith-assume-eqs                3140
 :arith-bound-propagations-lp     33987
 :arith-branch                    120444
 :arith-conflicts                 66220
 :arith-cube-calls                37659
 :arith-cube-success              21
 :arith-diseq                     24539
 :arith-fixed-eqs                 174841
 :arith-gcd-calls                 152493
 :arith-gomory-cuts               48805
 :arith-grobner-calls             1481
 :arith-grobner-conflicts         40
 :arith-hnf-calls                 4
 :arith-horner-calls              2748
 :arith-horner-cross-nested-forms 18195
 :arith-lower                     527189
 :arith-make-feasible             564645
 :arith-max-columns               239
 :arith-max-rows                  137
 :arith-nla-add-bounds            9769
 :arith-nla-lemmas                1577
 :arith-nla-propagate-bounds      1251
 :arith-nla-propagate-eq          1701
 :arith-nra-calls                 6388
 :arith-offset-eqs                2562
 :arith-patches                   152493
 :arith-patches-success           1918
 :arith-upper                     486774
 :conflicts                       78394
 :datatype-accessor-ax            4652
 :datatype-constructor-ax         11365
 :datatype-splits                 1876
 :decisions                       477675
 :del-clause                      361248
 :final-checks                    178209
 :interface-eqs                   1570
 :max-memory                      320.50
 :memory                          320.34
 :minimized-lits                  44640
 :mk-bool-var                     1222816
 :mk-clause                       361256
 :num-allocs                      80037994771402.00
 :num-checks                      51781
 :propagations                    304276
 :recfun-macro-expansion          25171
 :rlimit-count                    396713315)