unsatisfiable
(:added-eqs                       1022994
 :arith-eq-adapter                188308
 :arith-assume-eqs                3136
 :arith-bound-propagations-lp     33978
 :arith-branch                    120409
 :arith-conflicts                 66202
 :arith-cube-calls                37648
 :arith-cube-success              21
 :arith-diseq                     24538
 :arith-fixed-eqs                 174786
 :arith-gcd-calls                 152450
 :arith-gomory-cuts               48795
 :arith-grobner-calls             1481
 :arith-grobner-conflicts         40
 :arith-hnf-calls                 4
 :arith-horner-calls              2748
 :arith-horner-cross-nested-forms 18195
 :arith-lower                     527027
 :arith-make-feasible             564454
 :arith-max-columns               239
 :arith-max-rows                  137
 :arith-nla-add-bounds            9769
 :arith-nla-lemmas                1577
 :arith-nla-propagate-bounds      1251
 :arith-nla-propagate-eq          1701
 :arith-nra-calls                 6388
 :arith-offset-eqs                2562
 :arith-patches                   152450
 :arith-patches-success           1918
 :arith-upper                     486642
 :conflicts                       78369
 :datatype-accessor-ax            4650
 :datatype-constructor-ax         11359
 :datatype-splits                 1876
 :decisions                       477535
 :del-clause                      361146
 :final-checks                    178155
 :interface-eqs                   1568
 :max-memory                      320.50
 :memory                          320.34
 :minimized-lits                  44627
 :mk-bool-var                     1222432
 :mk-clause                       361157
 :num-allocs                      80029515840206.00
 :num-checks                      51741
 :propagations                    304221
 :recfun-macro-expansion          25161
 :rlimit-count                    396554622)