satisfiable
(:added-eqs                       1025635
 :arith-eq-adapter                188777
 :arith-assume-eqs                3144
 :arith-bound-propagations-lp     34036
 :arith-branch                    120752
 :arith-conflicts                 66376
 :arith-cube-calls                37757
 :arith-cube-success              21
 :arith-diseq                     24602
 :arith-fixed-eqs                 175232
 :arith-gcd-calls                 152887
 :arith-gomory-cuts               48936
 :arith-grobner-calls             1490
 :arith-grobner-conflicts         40
 :arith-hnf-calls                 4
 :arith-horner-calls              2755
 :arith-horner-cross-nested-forms 18252
 :arith-lower                     528410
 :arith-make-feasible             566050
 :arith-max-columns               239
 :arith-max-rows                  137
 :arith-nla-add-bounds            9795
 :arith-nla-lemmas                1577
 :arith-nla-propagate-bounds      1251
 :arith-nla-propagate-eq          1703
 :arith-nra-calls                 6401
 :arith-offset-eqs                2571
 :arith-patches                   152887
 :arith-patches-success           1919
 :arith-upper                     487718
 :conflicts                       78576
 :datatype-accessor-ax            4661
 :datatype-constructor-ax         11390
 :datatype-splits                 1880
 :decisions                       478700
 :del-clause                      361981
 :final-checks                    178663
 :interface-eqs                   1572
 :max-memory                      321.17
 :memory                          321.07
 :minimized-lits                  44737
 :mk-bool-var                     1225657
 :mk-clause                       362007
 :num-allocs                      80433046927092.00
 :num-checks                      51918
 :propagations                    304765
 :recfun-macro-expansion          25232
 :rlimit-count                    397561919
 :time                            0.00)