satisfiable
(:added-eqs                       1025409
 :arith-eq-adapter                188735
 :arith-assume-eqs                3144
 :arith-bound-propagations-lp     34033
 :arith-branch                    120717
 :arith-conflicts                 66364
 :arith-cube-calls                37746
 :arith-cube-success              21
 :arith-diseq                     24594
 :arith-fixed-eqs                 175194
 :arith-gcd-calls                 152840
 :arith-gomory-cuts               48916
 :arith-grobner-calls             1488
 :arith-grobner-conflicts         40
 :arith-hnf-calls                 4
 :arith-horner-calls              2753
 :arith-horner-cross-nested-forms 18242
 :arith-lower                     528288
 :arith-make-feasible             565916
 :arith-max-columns               239
 :arith-max-rows                  137
 :arith-nla-add-bounds            9791
 :arith-nla-lemmas                1577
 :arith-nla-propagate-bounds      1251
 :arith-nla-propagate-eq          1703
 :arith-nra-calls                 6399
 :arith-offset-eqs                2571
 :arith-patches                   152840
 :arith-patches-success           1919
 :arith-upper                     487618
 :conflicts                       78563
 :datatype-accessor-ax            4661
 :datatype-constructor-ax         11390
 :datatype-splits                 1880
 :decisions                       478576
 :del-clause                      361928
 :final-checks                    178611
 :interface-eqs                   1572
 :max-memory                      321.17
 :memory                          321.02
 :minimized-lits                  44728
 :mk-bool-var                     1225392
 :mk-clause                       361947
 :num-allocs                      80399020670462.00
 :num-checks                      51915
 :propagations                    304716
 :recfun-macro-expansion          25228
 :rlimit-count                    397499342)