satisfiable
(:added-eqs                       1029457
 :arith-eq-adapter                189482
 :arith-assume-eqs                3180
 :arith-bound-propagations-lp     34101
 :arith-branch                    121182
 :arith-conflicts                 66661
 :arith-cube-calls                37888
 :arith-cube-success              21
 :arith-diseq                     24665
 :arith-fixed-eqs                 175856
 :arith-gcd-calls                 153422
 :arith-gomory-cuts               49089
 :arith-grobner-calls             1490
 :arith-grobner-conflicts         40
 :arith-hnf-calls                 4
 :arith-horner-calls              2761
 :arith-horner-cross-nested-forms 18284
 :arith-lower                     530449
 :arith-make-feasible             568208
 :arith-max-columns               239
 :arith-max-rows                  137
 :arith-nla-add-bounds            9827
 :arith-nla-lemmas                1577
 :arith-nla-propagate-bounds      1252
 :arith-nla-propagate-eq          1712
 :arith-nra-calls                 6417
 :arith-offset-eqs                2572
 :arith-patches                   153422
 :arith-patches-success           1926
 :arith-upper                     489195
 :conflicts                       78894
 :datatype-accessor-ax            4679
 :datatype-constructor-ax         11440
 :datatype-splits                 1888
 :decisions                       480283
 :del-clause                      363264
 :final-checks                    179309
 :interface-eqs                   1590
 :max-memory                      322.30
 :memory                          322.17
 :minimized-lits                  44897
 :mk-bool-var                     1230299
 :mk-clause                       363299
 :num-allocs                      81051438341911.00
 :num-checks                      52133
 :propagations                    305529
 :recfun-macro-expansion          25339
 :rlimit-count                    399063392
 :time                            0.00)