unsatisfiable
(:added-eqs                       1031477
 :arith-eq-adapter                189850
 :arith-assume-eqs                3202
 :arith-bound-propagations-lp     34151
 :arith-branch                    121390
 :arith-conflicts                 66788
 :arith-cube-calls                37952
 :arith-cube-success              21
 :arith-diseq                     24705
 :arith-fixed-eqs                 176183
 :arith-gcd-calls                 153687
 :arith-gomory-cuts               49165
 :arith-grobner-calls             1490
 :arith-grobner-conflicts         40
 :arith-hnf-calls                 4
 :arith-horner-calls              2765
 :arith-horner-cross-nested-forms 18294
 :arith-lower                     531464
 :arith-make-feasible             569328
 :arith-max-columns               239
 :arith-max-rows                  137
 :arith-nla-add-bounds            9842
 :arith-nla-lemmas                1577
 :arith-nla-propagate-bounds      1252
 :arith-nla-propagate-eq          1717
 :arith-nra-calls                 6424
 :arith-offset-eqs                2575
 :arith-patches                   153687
 :arith-patches-success           1932
 :arith-upper                     489974
 :conflicts                       79049
 :datatype-accessor-ax            4693
 :datatype-constructor-ax         11479
 :datatype-splits                 1894
 :decisions                       481037
 :del-clause                      363995
 :final-checks                    179630
 :interface-eqs                   1601
 :max-memory                      322.85
 :memory                          322.69
 :minimized-lits                  44960
 :mk-bool-var                     1232733
 :mk-clause                       364001
 :num-allocs                      81372440139272.00
 :num-checks                      52270
 :propagations                    305899
 :recfun-macro-expansion          25400
 :rlimit-count                    399869900)