satisfiable
(:added-eqs                       1033814
 :arith-eq-adapter                190261
 :arith-assume-eqs                3220
 :arith-bound-propagations-lp     34206
 :arith-branch                    121651
 :arith-conflicts                 66965
 :arith-cube-calls                38032
 :arith-cube-success              21
 :arith-diseq                     24744
 :arith-fixed-eqs                 176555
 :arith-gcd-calls                 154011
 :arith-gomory-cuts               49252
 :arith-grobner-calls             1490
 :arith-grobner-conflicts         40
 :arith-hnf-calls                 4
 :arith-horner-calls              2769
 :arith-horner-cross-nested-forms 18298
 :arith-lower                     532690
 :arith-make-feasible             570683
 :arith-max-columns               239
 :arith-max-rows                  137
 :arith-nla-add-bounds            9857
 :arith-nla-lemmas                1577
 :arith-nla-propagate-bounds      1252
 :arith-nla-propagate-eq          1718
 :arith-nra-calls                 6435
 :arith-offset-eqs                2580
 :arith-patches                   154011
 :arith-patches-success           1938
 :arith-upper                     490885
 :conflicts                       79251
 :datatype-accessor-ax            4708
 :datatype-constructor-ax         11520
 :datatype-splits                 1901
 :decisions                       481978
 :del-clause                      364749
 :final-checks                    180016
 :interface-eqs                   1610
 :max-memory                      323.53
 :memory                          323.35
 :minimized-lits                  45063
 :mk-bool-var                     1235598
 :mk-clause                       364782
 :num-allocs                      81707329254241.00
 :num-checks                      52409
 :propagations                    306351
 :recfun-macro-expansion          25472
 :rlimit-count                    400827751)