unsatisfiable
(:added-eqs                       1037495
 :arith-eq-adapter                190920
 :arith-assume-eqs                3236
 :arith-bound-propagations-lp     34263
 :arith-branch                    122118
 :arith-conflicts                 67229
 :arith-cube-calls                38180
 :arith-cube-success              21
 :arith-diseq                     24806
 :arith-fixed-eqs                 177161
 :arith-gcd-calls                 154601
 :arith-gomory-cuts               49434
 :arith-grobner-calls             1490
 :arith-grobner-conflicts         40
 :arith-hnf-calls                 4
 :arith-horner-calls              2781
 :arith-horner-cross-nested-forms 18373
 :arith-lower                     534615
 :arith-make-feasible             572870
 :arith-max-columns               239
 :arith-max-rows                  137
 :arith-nla-add-bounds            9890
 :arith-nla-lemmas                1577
 :arith-nla-propagate-bounds      1252
 :arith-nla-propagate-eq          1721
 :arith-nra-calls                 6453
 :arith-offset-eqs                2591
 :arith-patches                   154601
 :arith-patches-success           1944
 :arith-upper                     492365
 :conflicts                       79575
 :datatype-accessor-ax            4731
 :datatype-constructor-ax         11574
 :datatype-splits                 1910
 :decisions                       483681
 :del-clause                      365926
 :final-checks                    180695
 :interface-eqs                   1618
 :max-memory                      324.65
 :memory                          324.48
 :minimized-lits                  45194
 :mk-bool-var                     1240056
 :mk-clause                       365933
 :num-allocs                      82582749964163.00
 :num-checks                      52676
 :propagations                    307030
 :recfun-macro-expansion          25568
 :rlimit-count                    402239466)