satisfiable
(:added-eqs                       1040162
 :arith-eq-adapter                191409
 :arith-assume-eqs                3254
 :arith-bound-propagations-lp     34309
 :arith-branch                    122443
 :arith-conflicts                 67399
 :arith-cube-calls                38282
 :arith-cube-success              21
 :arith-diseq                     24862
 :arith-fixed-eqs                 177604
 :arith-gcd-calls                 155008
 :arith-gomory-cuts               49559
 :arith-grobner-calls             1499
 :arith-grobner-conflicts         40
 :arith-hnf-calls                 4
 :arith-horner-calls              2787
 :arith-horner-cross-nested-forms 18418
 :arith-lower                     536006
 :arith-make-feasible             574399
 :arith-max-columns               239
 :arith-max-rows                  137
 :arith-nla-add-bounds            9916
 :arith-nla-lemmas                1577
 :arith-nla-propagate-bounds      1252
 :arith-nla-propagate-eq          1725
 :arith-nra-calls                 6466
 :arith-offset-eqs                2602
 :arith-patches                   155008
 :arith-patches-success           1945
 :arith-upper                     493414
 :conflicts                       79784
 :datatype-accessor-ax            4744
 :datatype-constructor-ax         11610
 :datatype-splits                 1915
 :decisions                       484866
 :del-clause                      366764
 :final-checks                    181177
 :interface-eqs                   1627
 :max-memory                      325.36
 :memory                          325.19
 :minimized-lits                  45294
 :mk-bool-var                     1243230
 :mk-clause                       366798
 :num-allocs                      83396222380269.00
 :num-checks                      52861
 :propagations                    307562
 :recfun-macro-expansion          25635
 :rlimit-count                    403288898)