unsatisfiable
(:added-eqs                       1039376
 :arith-eq-adapter                191262
 :arith-assume-eqs                3250
 :arith-bound-propagations-lp     34297
 :arith-branch                    122357
 :arith-conflicts                 67357
 :arith-cube-calls                38255
 :arith-cube-success              21
 :arith-diseq                     24841
 :arith-fixed-eqs                 177470
 :arith-gcd-calls                 154900
 :arith-gomory-cuts               49530
 :arith-grobner-calls             1492
 :arith-grobner-conflicts         40
 :arith-hnf-calls                 4
 :arith-horner-calls              2784
 :arith-horner-cross-nested-forms 18391
 :arith-lower                     535594
 :arith-make-feasible             573979
 :arith-max-columns               239
 :arith-max-rows                  137
 :arith-nla-add-bounds            9907
 :arith-nla-lemmas                1577
 :arith-nla-propagate-bounds      1252
 :arith-nla-propagate-eq          1724
 :arith-nra-calls                 6462
 :arith-offset-eqs                2598
 :arith-patches                   154900
 :arith-patches-success           1945
 :arith-upper                     493107
 :conflicts                       79734
 :datatype-accessor-ax            4742
 :datatype-constructor-ax         11604
 :datatype-splits                 1915
 :decisions                       484526
 :del-clause                      366546
 :final-checks                    181048
 :interface-eqs                   1625
 :max-memory                      325.15
 :memory                          325.01
 :minimized-lits                  45271
 :mk-bool-var                     1242335
 :mk-clause                       366553
 :num-allocs                      83222978702976.00
 :num-checks                      52824
 :propagations                    307405
 :recfun-macro-expansion          25618
 :rlimit-count                    403022444)