satisfiable
(:added-eqs                       1040697
 :arith-eq-adapter                191497
 :arith-assume-eqs                3256
 :arith-bound-propagations-lp     34320
 :arith-branch                    122493
 :arith-conflicts                 67427
 :arith-cube-calls                38297
 :arith-cube-success              21
 :arith-diseq                     24871
 :arith-fixed-eqs                 177683
 :arith-gcd-calls                 155072
 :arith-gomory-cuts               49578
 :arith-grobner-calls             1499
 :arith-grobner-conflicts         40
 :arith-hnf-calls                 4
 :arith-horner-calls              2788
 :arith-horner-cross-nested-forms 18419
 :arith-lower                     536261
 :arith-make-feasible             574662
 :arith-max-columns               239
 :arith-max-rows                  137
 :arith-nla-add-bounds            9920
 :arith-nla-lemmas                1577
 :arith-nla-propagate-bounds      1252
 :arith-nla-propagate-eq          1726
 :arith-nra-calls                 6466
 :arith-offset-eqs                2603
 :arith-patches                   155072
 :arith-patches-success           1947
 :arith-upper                     493603
 :conflicts                       79831
 :datatype-accessor-ax            4752
 :datatype-constructor-ax         11631
 :datatype-splits                 1919
 :decisions                       485047
 :del-clause                      366951
 :final-checks                    181255
 :interface-eqs                   1628
 :max-memory                      325.50
 :memory                          325.35
 :minimized-lits                  45304
 :mk-bool-var                     1243850
 :mk-clause                       366961
 :num-allocs                      83534950508776.00
 :num-checks                      52943
 :propagations                    307659
 :recfun-macro-expansion          25654
 :rlimit-count                    403578260)