unsatisfiable
(:added-eqs                       1042071
 :arith-eq-adapter                191753
 :arith-assume-eqs                3270
 :arith-bound-propagations-lp     34344
 :arith-branch                    122611
 :arith-conflicts                 67525
 :arith-cube-calls                38335
 :arith-cube-success              21
 :arith-diseq                     24894
 :arith-fixed-eqs                 177906
 :arith-gcd-calls                 155225
 :arith-gomory-cuts               49633
 :arith-grobner-calls             1499
 :arith-grobner-conflicts         40
 :arith-hnf-calls                 4
 :arith-horner-calls              2791
 :arith-horner-cross-nested-forms 18419
 :arith-lower                     537006
 :arith-make-feasible             575364
 :arith-max-columns               239
 :arith-max-rows                  137
 :arith-nla-add-bounds            9930
 :arith-nla-lemmas                1577
 :arith-nla-propagate-bounds      1252
 :arith-nla-propagate-eq          1727
 :arith-nra-calls                 6471
 :arith-offset-eqs                2609
 :arith-patches                   155225
 :arith-patches-success           1948
 :arith-upper                     494080
 :conflicts                       79938
 :datatype-accessor-ax            4759
 :datatype-constructor-ax         11646
 :datatype-splits                 1920
 :decisions                       485497
 :del-clause                      367399
 :final-checks                    181445
 :interface-eqs                   1635
 :max-memory                      325.88
 :memory                          325.71
 :minimized-lits                  45358
 :mk-bool-var                     1245478
 :mk-clause                       367406
 :num-allocs                      83795352874980.00
 :num-checks                      53014
 :propagations                    307947
 :recfun-macro-expansion          25692
 :rlimit-count                    404104538)