satisfiable
(:added-eqs                       1044011
 :arith-eq-adapter                192114
 :arith-assume-eqs                3276
 :arith-bound-propagations-lp     34379
 :arith-branch                    122835
 :arith-conflicts                 67668
 :arith-cube-calls                38405
 :arith-cube-success              21
 :arith-diseq                     24944
 :arith-fixed-eqs                 178235
 :arith-gcd-calls                 155505
 :arith-gomory-cuts               49723
 :arith-grobner-calls             1499
 :arith-grobner-conflicts         40
 :arith-hnf-calls                 4
 :arith-horner-calls              2798
 :arith-horner-cross-nested-forms 18461
 :arith-lower                     538043
 :arith-make-feasible             576491
 :arith-max-columns               239
 :arith-max-rows                  137
 :arith-nla-add-bounds            9954
 :arith-nla-lemmas                1577
 :arith-nla-propagate-bounds      1252
 :arith-nla-propagate-eq          1734
 :arith-nra-calls                 6482
 :arith-offset-eqs                2612
 :arith-patches                   155505
 :arith-patches-success           1949
 :arith-upper                     494853
 :conflicts                       80097
 :datatype-accessor-ax            4770
 :datatype-constructor-ax         11670
 :datatype-splits                 1924
 :decisions                       486377
 :del-clause                      368048
 :final-checks                    181784
 :interface-eqs                   1638
 :max-memory                      326.48
 :memory                          326.34
 :minimized-lits                  45447
 :mk-bool-var                     1247867
 :mk-clause                       368077
 :num-allocs                      84660610005237.00
 :num-checks                      53119
 :propagations                    308335
 :recfun-macro-expansion          25744
 :rlimit-count                    404976389)