unsatisfiable
(:added-eqs                       1044514
 :arith-eq-adapter                192204
 :arith-assume-eqs                3276
 :arith-bound-propagations-lp     34384
 :arith-branch                    122881
 :arith-conflicts                 67701
 :arith-cube-calls                38420
 :arith-cube-success              21
 :arith-diseq                     24956
 :arith-fixed-eqs                 178320
 :arith-gcd-calls                 155565
 :arith-gomory-cuts               49744
 :arith-grobner-calls             1499
 :arith-grobner-conflicts         40
 :arith-hnf-calls                 4
 :arith-horner-calls              2800
 :arith-horner-cross-nested-forms 18463
 :arith-lower                     538298
 :arith-make-feasible             576748
 :arith-max-columns               239
 :arith-max-rows                  137
 :arith-nla-add-bounds            9960
 :arith-nla-lemmas                1577
 :arith-nla-propagate-bounds      1252
 :arith-nla-propagate-eq          1735
 :arith-nra-calls                 6484
 :arith-offset-eqs                2612
 :arith-patches                   155565
 :arith-patches-success           1951
 :arith-upper                     495040
 :conflicts                       80136
 :datatype-accessor-ax            4772
 :datatype-constructor-ax         11676
 :datatype-splits                 1924
 :decisions                       486591
 :del-clause                      368219
 :final-checks                    181858
 :interface-eqs                   1638
 :max-memory                      326.59
 :memory                          326.45
 :minimized-lits                  45463
 :mk-bool-var                     1248455
 :mk-clause                       368227
 :num-allocs                      84821767314886.00
 :num-checks                      53159
 :propagations                    308426
 :recfun-macro-expansion          25758
 :rlimit-count                    405256840)