satisfiable
(:added-eqs                       1045581
 :arith-eq-adapter                192391
 :arith-assume-eqs                3282
 :arith-bound-propagations-lp     34404
 :arith-branch                    123009
 :arith-conflicts                 67762
 :arith-cube-calls                38456
 :arith-cube-success              21
 :arith-diseq                     24980
 :arith-fixed-eqs                 178493
 :arith-gcd-calls                 155719
 :arith-gomory-cuts               49780
 :arith-grobner-calls             1499
 :arith-grobner-conflicts         40
 :arith-hnf-calls                 4
 :arith-horner-calls              2804
 :arith-horner-cross-nested-forms 18473
 :arith-lower                     538838
 :arith-make-feasible             577361
 :arith-max-columns               239
 :arith-max-rows                  137
 :arith-nla-add-bounds            9969
 :arith-nla-lemmas                1578
 :arith-nla-propagate-bounds      1252
 :arith-nla-propagate-eq          1737
 :arith-nra-calls                 6490
 :arith-offset-eqs                2618
 :arith-patches                   155719
 :arith-patches-success           1953
 :arith-upper                     495444
 :conflicts                       80207
 :datatype-accessor-ax            4781
 :datatype-constructor-ax         11694
 :datatype-splits                 1928
 :decisions                       486958
 :del-clause                      368558
 :final-checks                    182047
 :interface-eqs                   1641
 :max-memory                      326.90
 :memory                          326.74
 :minimized-lits                  45497
 :mk-bool-var                     1249725
 :mk-clause                       368572
 :num-allocs                      85153180094017.00
 :num-checks                      53237
 :propagations                    308635
 :recfun-macro-expansion          25794
 :rlimit-count                    405795605)