satisfiable
(:added-eqs                       1047836
 :arith-eq-adapter                192793
 :arith-assume-eqs                3298
 :arith-bound-propagations-lp     34454
 :arith-branch                    123222
 :arith-conflicts                 67897
 :arith-cube-calls                38523
 :arith-cube-success              21
 :arith-diseq                     25021
 :arith-fixed-eqs                 178860
 :arith-gcd-calls                 155991
 :arith-gomory-cuts               49865
 :arith-grobner-calls             1499
 :arith-grobner-conflicts         40
 :arith-hnf-calls                 4
 :arith-horner-calls              2808
 :arith-horner-cross-nested-forms 18477
 :arith-lower                     539989
 :arith-make-feasible             578551
 :arith-max-columns               239
 :arith-max-rows                  137
 :arith-nla-add-bounds            9984
 :arith-nla-lemmas                1579
 :arith-nla-propagate-bounds      1252
 :arith-nla-propagate-eq          1743
 :arith-nra-calls                 6497
 :arith-offset-eqs                2628
 :arith-patches                   155991
 :arith-patches-success           1956
 :arith-upper                     496271
 :conflicts                       80374
 :datatype-accessor-ax            4799
 :datatype-constructor-ax         11733
 :datatype-splits                 1935
 :decisions                       487671
 :del-clause                      369296
 :final-checks                    182378
 :interface-eqs                   1649
 :max-memory                      327.53
 :memory                          327.39
 :minimized-lits                  45566
 :mk-bool-var                     1252399
 :mk-clause                       369314
 :num-allocs                      85612129386159.00
 :num-checks                      53392
 :propagations                    309059
 :recfun-macro-expansion          25862
 :rlimit-count                    406733080)