unsatisfiable
(:added-eqs                       1046796
 :arith-eq-adapter                192609
 :arith-assume-eqs                3290
 :arith-bound-propagations-lp     34434
 :arith-branch                    123143
 :arith-conflicts                 67844
 :arith-cube-calls                38499
 :arith-cube-success              21
 :arith-diseq                     25003
 :arith-fixed-eqs                 178693
 :arith-gcd-calls                 155890
 :arith-gomory-cuts               49837
 :arith-grobner-calls             1499
 :arith-grobner-conflicts         40
 :arith-hnf-calls                 4
 :arith-horner-calls              2807
 :arith-horner-cross-nested-forms 18477
 :arith-lower                     539470
 :arith-make-feasible             578069
 :arith-max-columns               239
 :arith-max-rows                  137
 :arith-nla-add-bounds            9977
 :arith-nla-lemmas                1579
 :arith-nla-propagate-bounds      1252
 :arith-nla-propagate-eq          1741
 :arith-nra-calls                 6495
 :arith-offset-eqs                2628
 :arith-patches                   155890
 :arith-patches-success           1954
 :arith-upper                     495916
 :conflicts                       80306
 :datatype-accessor-ax            4788
 :datatype-constructor-ax         11709
 :datatype-splits                 1931
 :decisions                       487360
 :del-clause                      368977
 :final-checks                    182250
 :interface-eqs                   1645
 :max-memory                      327.27
 :memory                          327.12
 :minimized-lits                  45541
 :mk-bool-var                     1251228
 :mk-clause                       368988
 :num-allocs                      85415285731034.00
 :num-checks                      53331
 :propagations                    308852
 :recfun-macro-expansion          25832
 :rlimit-count                    406325138)