unsatisfiable
(:added-eqs                       1051603
 :arith-eq-adapter                193497
 :arith-assume-eqs                3320
 :arith-bound-propagations-lp     34517
 :arith-branch                    123631
 :arith-conflicts                 68160
 :arith-cube-calls                38647
 :arith-cube-success              21
 :arith-diseq                     25095
 :arith-fixed-eqs                 179481
 :arith-gcd-calls                 156499
 :arith-gomory-cuts               50015
 :arith-grobner-calls             1499
 :arith-grobner-conflicts         40
 :arith-hnf-calls                 4
 :arith-horner-calls              2818
 :arith-horner-cross-nested-forms 18493
 :arith-lower                     542009
 :arith-make-feasible             580617
 :arith-max-columns               239
 :arith-max-rows                  137
 :arith-nla-add-bounds            10022
 :arith-nla-lemmas                1579
 :arith-nla-propagate-bounds      1253
 :arith-nla-propagate-eq          1748
 :arith-nra-calls                 6517
 :arith-offset-eqs                2631
 :arith-patches                   156499
 :arith-patches-success           1962
 :arith-upper                     497705
 :conflicts                       80664
 :datatype-accessor-ax            4816
 :datatype-constructor-ax         11772
 :datatype-splits                 1940
 :decisions                       489228
 :del-clause                      370515
 :final-checks                    182985
 :interface-eqs                   1660
 :max-memory                      328.64
 :memory                          328.47
 :minimized-lits                  45700
 :mk-bool-var                     1256939
 :mk-clause                       370526
 :num-allocs                      86866848376634.00
 :num-checks                      53608
 :propagations                    309806
 :recfun-macro-expansion          25960
 :rlimit-count                    408370656)