satisfiable
(:added-eqs                       1061862
 :arith-eq-adapter                195360
 :arith-assume-eqs                3364
 :arith-bound-propagations-lp     34688
 :arith-branch                    124785
 :arith-conflicts                 68826
 :arith-cube-calls                39000
 :arith-cube-success              21
 :arith-diseq                     25312
 :arith-fixed-eqs                 181164
 :arith-gcd-calls                 157927
 :arith-gomory-cuts               50431
 :arith-grobner-calls             1508
 :arith-grobner-conflicts         40
 :arith-hnf-calls                 4
 :arith-horner-calls              2836
 :arith-horner-cross-nested-forms 18569
 :arith-lower                     547381
 :arith-make-feasible             586250
 :arith-max-columns               239
 :arith-max-rows                  137
 :arith-nla-add-bounds            10112
 :arith-nla-lemmas                1579
 :arith-nla-propagate-bounds      1253
 :arith-nla-propagate-eq          1759
 :arith-nra-calls                 6564
 :arith-offset-eqs                2659
 :arith-patches                   157927
 :arith-patches-success           1976
 :arith-upper                     501671
 :conflicts                       81475
 :datatype-accessor-ax            4873
 :datatype-constructor-ax         11919
 :datatype-splits                 1967
 :decisions                       493484
 :del-clause                      373803
 :final-checks                    184672
 :interface-eqs                   1682
 :max-memory                      331.49
 :memory                          331.34
 :minimized-lits                  46084
 :mk-bool-var                     1269240
 :mk-clause                       373826
 :num-allocs                      90140880357496.00
 :num-checks                      54334
 :propagations                    311893
 :recfun-macro-expansion          26232
 :rlimit-count                    412556421)