unsatisfiable
(:added-eqs                       1064886
 :arith-eq-adapter                195906
 :arith-assume-eqs                3376
 :arith-bound-propagations-lp     34751
 :arith-branch                    125203
 :arith-conflicts                 69041
 :arith-cube-calls                39129
 :arith-cube-success              21
 :arith-diseq                     25388
 :arith-fixed-eqs                 181660
 :arith-gcd-calls                 158443
 :arith-gomory-cuts               50581
 :arith-grobner-calls             1508
 :arith-grobner-conflicts         40
 :arith-hnf-calls                 4
 :arith-horner-calls              2843
 :arith-horner-cross-nested-forms 18612
 :arith-lower                     549045
 :arith-make-feasible             588090
 :arith-max-columns               239
 :arith-max-rows                  137
 :arith-nla-add-bounds            10146
 :arith-nla-lemmas                1579
 :arith-nla-propagate-bounds      1253
 :arith-nla-propagate-eq          1762
 :arith-nra-calls                 6579
 :arith-offset-eqs                2678
 :arith-patches                   158443
 :arith-patches-success           1980
 :arith-upper                     502868
 :conflicts                       81715
 :datatype-accessor-ax            4891
 :datatype-constructor-ax         11958
 :datatype-splits                 1972
 :decisions                       494813
 :del-clause                      374804
 :final-checks                    185269
 :interface-eqs                   1688
 :max-memory                      332.38
 :memory                          332.24
 :minimized-lits                  46227
 :mk-bool-var                     1273067
 :mk-clause                       374829
 :num-allocs                      91286173921141.00
 :num-checks                      54510
 :propagations                    312498
 :recfun-macro-expansion          26318
 :rlimit-count                    413968741)