unsatisfiable
(:added-eqs                       1066721
 :arith-eq-adapter                196247
 :arith-assume-eqs                3384
 :arith-bound-propagations-lp     34800
 :arith-branch                    125436
 :arith-conflicts                 69179
 :arith-cube-calls                39206
 :arith-cube-success              21
 :arith-diseq                     25435
 :arith-fixed-eqs                 181963
 :arith-gcd-calls                 158750
 :arith-gomory-cuts               50689
 :arith-grobner-calls             1518
 :arith-grobner-conflicts         40
 :arith-hnf-calls                 4
 :arith-horner-calls              2848
 :arith-horner-cross-nested-forms 18646
 :arith-lower                     550051
 :arith-make-feasible             589225
 :arith-max-columns               239
 :arith-max-rows                  137
 :arith-nla-add-bounds            10169
 :arith-nla-lemmas                1579
 :arith-nla-propagate-bounds      1253
 :arith-nla-propagate-eq          1766
 :arith-nra-calls                 6589
 :arith-offset-eqs                2684
 :arith-patches                   158750
 :arith-patches-success           1983
 :arith-upper                     503606
 :conflicts                       81875
 :datatype-accessor-ax            4898
 :datatype-constructor-ax         11976
 :datatype-splits                 1976
 :decisions                       495744
 :del-clause                      375443
 :final-checks                    185625
 :interface-eqs                   1692
 :max-memory                      332.91
 :memory                          332.81
 :minimized-lits                  46332
 :mk-bool-var                     1275378
 :mk-clause                       375471
 :num-allocs                      92054949012447.00
 :num-checks                      54651
 :propagations                    312919
 :recfun-macro-expansion          26366
 :rlimit-count                    414813457)