unsatisfiable
(:added-eqs                       1067897
 :arith-eq-adapter                196472
 :arith-assume-eqs                3392
 :arith-bound-propagations-lp     34842
 :arith-branch                    125646
 :arith-conflicts                 69294
 :arith-cube-calls                39272
 :arith-cube-success              21
 :arith-diseq                     25472
 :arith-fixed-eqs                 182161
 :arith-gcd-calls                 159017
 :arith-gomory-cuts               50777
 :arith-grobner-calls             1518
 :arith-grobner-conflicts         40
 :arith-hnf-calls                 4
 :arith-horner-calls              2853
 :arith-horner-cross-nested-forms 18668
 :arith-lower                     550702
 :arith-make-feasible             590104
 :arith-max-columns               239
 :arith-max-rows                  137
 :arith-nla-add-bounds            10186
 :arith-nla-lemmas                1579
 :arith-nla-propagate-bounds      1253
 :arith-nla-propagate-eq          1773
 :arith-nra-calls                 6596
 :arith-offset-eqs                2695
 :arith-patches                   159017
 :arith-patches-success           1986
 :arith-upper                     504156
 :conflicts                       82004
 :datatype-accessor-ax            4901
 :datatype-constructor-ax         11985
 :datatype-splits                 1977
 :decisions                       496518
 :del-clause                      375913
 :final-checks                    185932
 :interface-eqs                   1696
 :max-memory                      333.32
 :memory                          333.21
 :minimized-lits                  46359
 :mk-bool-var                     1276978
 :mk-clause                       375936
 :num-allocs                      92225075629810.00
 :num-checks                      54717
 :propagations                    313188
 :recfun-macro-expansion          26400
 :rlimit-count                    415350105)