unsatisfiable
(:added-eqs                       1071087
 :arith-eq-adapter                197066
 :arith-assume-eqs                3412
 :arith-bound-propagations-lp     34908
 :arith-branch                    126040
 :arith-conflicts                 69521
 :arith-cube-calls                39398
 :arith-cube-success              21
 :arith-diseq                     25561
 :arith-fixed-eqs                 182694
 :arith-gcd-calls                 159522
 :arith-gomory-cuts               50948
 :arith-grobner-calls             1518
 :arith-grobner-conflicts         40
 :arith-hnf-calls                 4
 :arith-horner-calls              2862
 :arith-horner-cross-nested-forms 18697
 :arith-lower                     552406
 :arith-make-feasible             591956
 :arith-max-columns               239
 :arith-max-rows                  137
 :arith-nla-add-bounds            10217
 :arith-nla-lemmas                1579
 :arith-nla-propagate-bounds      1253
 :arith-nla-propagate-eq          1780
 :arith-nra-calls                 6612
 :arith-offset-eqs                2704
 :arith-patches                   159522
 :arith-patches-success           1991
 :arith-upper                     505459
 :conflicts                       82274
 :datatype-accessor-ax            4917
 :datatype-constructor-ax         12027
 :datatype-splits                 1985
 :decisions                       498067
 :del-clause                      377020
 :final-checks                    186518
 :interface-eqs                   1706
 :max-memory                      334.19
 :memory                          334.07
 :minimized-lits                  46498
 :mk-bool-var                     1280875
 :mk-clause                       377041
 :num-allocs                      93131086636356.00
 :num-checks                      54935
 :propagations                    313900
 :recfun-macro-expansion          26478
 :rlimit-count                    416581264)