unsatisfiable
(:added-eqs                       1076765
 :arith-eq-adapter                198120
 :arith-assume-eqs                3452
 :arith-bound-propagations-lp     35018
 :arith-branch                    126685
 :arith-conflicts                 69904
 :arith-cube-calls                39599
 :arith-cube-success              21
 :arith-diseq                     25694
 :arith-fixed-eqs                 183632
 :arith-gcd-calls                 160331
 :arith-gomory-cuts               51204
 :arith-grobner-calls             1518
 :arith-grobner-conflicts         40
 :arith-hnf-calls                 4
 :arith-horner-calls              2876
 :arith-horner-cross-nested-forms 18753
 :arith-lower                     555453
 :arith-make-feasible             595134
 :arith-max-columns               239
 :arith-max-rows                  137
 :arith-nla-add-bounds            10265
 :arith-nla-lemmas                1579
 :arith-nla-propagate-bounds      1254
 :arith-nla-propagate-eq          1787
 :arith-nra-calls                 6639
 :arith-offset-eqs                2714
 :arith-patches                   160331
 :arith-patches-success           2000
 :arith-upper                     507657
 :conflicts                       82707
 :datatype-accessor-ax            4951
 :datatype-constructor-ax         12102
 :datatype-splits                 1998
 :decisions                       500484
 :del-clause                      378903
 :final-checks                    187478
 :interface-eqs                   1726
 :max-memory                      335.84
 :memory                          335.70
 :minimized-lits                  46749
 :mk-bool-var                     1287768
 :mk-clause                       378929
 :num-allocs                      94787395909077.00
 :num-checks                      55287
 :propagations                    315047
 :recfun-macro-expansion          26632
 :rlimit-count                    418997174)