satisfiable
(:added-eqs                       1080415
 :arith-eq-adapter                198795
 :arith-assume-eqs                3466
 :arith-bound-propagations-lp     35085
 :arith-branch                    127160
 :arith-conflicts                 70189
 :arith-cube-calls                39744
 :arith-cube-success              21
 :arith-diseq                     25808
 :arith-fixed-eqs                 184252
 :arith-gcd-calls                 160918
 :arith-gomory-cuts               51376
 :arith-grobner-calls             1527
 :arith-grobner-conflicts         40
 :arith-hnf-calls                 4
 :arith-horner-calls              2888
 :arith-horner-cross-nested-forms 18852
 :arith-lower                     557449
 :arith-make-feasible             597402
 :arith-max-columns               239
 :arith-max-rows                  137
 :arith-nla-add-bounds            10303
 :arith-nla-lemmas                1579
 :arith-nla-propagate-bounds      1256
 :arith-nla-propagate-eq          1794
 :arith-nra-calls                 6661
 :arith-offset-eqs                2729
 :arith-patches                   160918
 :arith-patches-success           2005
 :arith-upper                     509178
 :conflicts                       83028
 :datatype-accessor-ax            4964
 :datatype-constructor-ax         12138
 :datatype-splits                 2003
 :decisions                       502389
 :del-clause                      380129
 :final-checks                    188167
 :interface-eqs                   1733
 :max-memory                      336.91
 :memory                          336.75
 :minimized-lits                  46905
 :mk-bool-var                     1292313
 :mk-clause                       380178
 :num-allocs                      96002197052182.00
 :num-checks                      55499
 :propagations                    315830
 :recfun-macro-expansion          26724
 :rlimit-count                    420474681)