satisfiable
(:added-eqs                       1082784
 :arith-eq-adapter                199218
 :arith-assume-eqs                3488
 :arith-bound-propagations-lp     35132
 :arith-branch                    127376
 :arith-conflicts                 70357
 :arith-cube-calls                39809
 :arith-cube-success              21
 :arith-diseq                     25844
 :arith-fixed-eqs                 184613
 :arith-gcd-calls                 161177
 :arith-gomory-cuts               51434
 :arith-grobner-calls             1527
 :arith-grobner-conflicts         40
 :arith-hnf-calls                 4
 :arith-horner-calls              2890
 :arith-horner-cross-nested-forms 18860
 :arith-lower                     558674
 :arith-make-feasible             598636
 :arith-max-columns               239
 :arith-max-rows                  137
 :arith-nla-add-bounds            10315
 :arith-nla-lemmas                1579
 :arith-nla-propagate-bounds      1256
 :arith-nla-propagate-eq          1799
 :arith-nra-calls                 6666
 :arith-offset-eqs                2731
 :arith-patches                   161177
 :arith-patches-success           2010
 :arith-upper                     510008
 :conflicts                       83238
 :datatype-accessor-ax            4992
 :datatype-constructor-ax         12204
 :datatype-splits                 2012
 :decisions                       503212
 :del-clause                      380982
 :final-checks                    188495
 :interface-eqs                   1744
 :max-memory                      337.43
 :memory                          337.39
 :minimized-lits                  46969
 :mk-bool-var                     1295176
 :mk-clause                       381009
 :num-allocs                      96261371790572.00
 :num-checks                      55718
 :propagations                    316305
 :recfun-macro-expansion          26808
 :rlimit-count                    421546810)