satisfiable
(:added-eqs                       1089437
 :arith-eq-adapter                200461
 :arith-assume-eqs                3502
 :arith-bound-propagations-lp     35274
 :arith-branch                    128377
 :arith-conflicts                 70888
 :arith-cube-calls                40120
 :arith-cube-success              21
 :arith-diseq                     26008
 :arith-fixed-eqs                 185713
 :arith-gcd-calls                 162437
 :arith-gomory-cuts               51830
 :arith-grobner-calls             1527
 :arith-grobner-conflicts         40
 :arith-hnf-calls                 4
 :arith-horner-calls              2910
 :arith-horner-cross-nested-forms 18967
 :arith-lower                     562341
 :arith-make-feasible             602970
 :arith-max-columns               239
 :arith-max-rows                  137
 :arith-nla-add-bounds            10393
 :arith-nla-lemmas                1582
 :arith-nla-propagate-bounds      1256
 :arith-nla-propagate-eq          1811
 :arith-nra-calls                 6704
 :arith-offset-eqs                2749
 :arith-patches                   162437
 :arith-patches-success           2022
 :arith-upper                     512879
 :conflicts                       83830
 :datatype-accessor-ax            5017
 :datatype-constructor-ax         12264
 :datatype-splits                 2025
 :decisions                       506641
 :del-clause                      383233
 :final-checks                    189919
 :interface-eqs                   1751
 :max-memory                      339.51
 :memory                          339.36
 :minimized-lits                  47271
 :mk-bool-var                     1303661
 :mk-clause                       383270
 :num-allocs                      98660963833792.00
 :num-checks                      56093
 :propagations                    317797
 :recfun-macro-expansion          26972
 :rlimit-count                    424295331)