unsatisfiable
(:added-eqs                       1089500
 :arith-eq-adapter                200468
 :arith-assume-eqs                3502
 :arith-bound-propagations-lp     35274
 :arith-branch                    128383
 :arith-conflicts                 70889
 :arith-cube-calls                40122
 :arith-cube-success              21
 :arith-diseq                     26008
 :arith-fixed-eqs                 185720
 :arith-gcd-calls                 162445
 :arith-gomory-cuts               51831
 :arith-grobner-calls             1527
 :arith-grobner-conflicts         40
 :arith-hnf-calls                 4
 :arith-horner-calls              2910
 :arith-horner-cross-nested-forms 18967
 :arith-lower                     562368
 :arith-make-feasible             603008
 :arith-max-columns               239
 :arith-max-rows                  137
 :arith-nla-add-bounds            10393
 :arith-nla-lemmas                1582
 :arith-nla-propagate-bounds      1256
 :arith-nla-propagate-eq          1811
 :arith-nra-calls                 6704
 :arith-offset-eqs                2749
 :arith-patches                   162445
 :arith-patches-success           2023
 :arith-upper                     512898
 :conflicts                       83838
 :datatype-accessor-ax            5019
 :datatype-constructor-ax         12270
 :datatype-splits                 2025
 :decisions                       506663
 :del-clause                      383250
 :final-checks                    189930
 :interface-eqs                   1751
 :max-memory                      339.53
 :memory                          339.39
 :minimized-lits                  47271
 :mk-bool-var                     1303726
 :mk-clause                       383283
 :num-allocs                      98844472126571.00
 :num-checks                      56131
 :propagations                    317806
 :recfun-macro-expansion          26975
 :rlimit-count                    424416829)