unsatisfiable
(:added-eqs                       1091752
 :arith-eq-adapter                200882
 :arith-assume-eqs                3522
 :arith-bound-propagations-lp     35318
 :arith-branch                    128611
 :arith-conflicts                 71034
 :arith-cube-calls                40192
 :arith-cube-success              21
 :arith-diseq                     26054
 :arith-fixed-eqs                 186094
 :arith-gcd-calls                 162727
 :arith-gomory-cuts               51909
 :arith-grobner-calls             1537
 :arith-grobner-conflicts         40
 :arith-hnf-calls                 4
 :arith-horner-calls              2915
 :arith-horner-cross-nested-forms 19016
 :arith-lower                     563552
 :arith-make-feasible             604196
 :arith-max-columns               239
 :arith-max-rows                  137
 :arith-nla-add-bounds            10410
 :arith-nla-lemmas                1582
 :arith-nla-propagate-bounds      1257
 :arith-nla-propagate-eq          1812
 :arith-nra-calls                 6713
 :arith-offset-eqs                2754
 :arith-patches                   162727
 :arith-patches-success           2028
 :arith-upper                     513748
 :conflicts                       84007
 :datatype-accessor-ax            5030
 :datatype-constructor-ax         12297
 :datatype-splits                 2029
 :decisions                       507542
 :del-clause                      383998
 :final-checks                    190267
 :interface-eqs                   1761
 :max-memory                      340.06
 :memory                          339.98
 :minimized-lits                  47368
 :mk-bool-var                     1306440
 :mk-clause                       384029
 :num-allocs                      99248590833172.00
 :num-checks                      56274
 :propagations                    318223
 :recfun-macro-expansion          27036
 :rlimit-count                    425272367)