unsatisfiable
(:added-eqs                       1092545
 :arith-eq-adapter                201017
 :arith-assume-eqs                3532
 :arith-bound-propagations-lp     35336
 :arith-branch                    128662
 :arith-conflicts                 71072
 :arith-cube-calls                40209
 :arith-cube-success              21
 :arith-diseq                     26063
 :arith-fixed-eqs                 186215
 :arith-gcd-calls                 162793
 :arith-gomory-cuts               51932
 :arith-grobner-calls             1537
 :arith-grobner-conflicts         40
 :arith-hnf-calls                 4
 :arith-horner-calls              2915
 :arith-horner-cross-nested-forms 19016
 :arith-lower                     563947
 :arith-make-feasible             604562
 :arith-max-columns               239
 :arith-max-rows                  137
 :arith-nla-add-bounds            10410
 :arith-nla-lemmas                1582
 :arith-nla-propagate-bounds      1257
 :arith-nla-propagate-eq          1812
 :arith-nra-calls                 6713
 :arith-offset-eqs                2754
 :arith-patches                   162793
 :arith-patches-success           2029
 :arith-upper                     513997
 :conflicts                       84058
 :datatype-accessor-ax            5041
 :datatype-constructor-ax         12321
 :datatype-splits                 2033
 :decisions                       507733
 :del-clause                      384262
 :final-checks                    190355
 :interface-eqs                   1766
 :max-memory                      340.27
 :memory                          340.27
 :minimized-lits                  47384
 :mk-bool-var                     1307353
 :mk-clause                       384294
 :num-allocs                      99262396385805.00
 :num-checks                      56340
 :propagations                    318377
 :recfun-macro-expansion          27066
 :rlimit-count                    425599208)