unsatisfiable
(:added-eqs                       1093951
 :arith-eq-adapter                201276
 :arith-assume-eqs                3540
 :arith-bound-propagations-lp     35360
 :arith-branch                    128871
 :arith-conflicts                 71164
 :arith-cube-calls                40272
 :arith-cube-success              21
 :arith-diseq                     26096
 :arith-fixed-eqs                 186453
 :arith-gcd-calls                 163044
 :arith-gomory-cuts               51998
 :arith-grobner-calls             1537
 :arith-grobner-conflicts         40
 :arith-hnf-calls                 4
 :arith-horner-calls              2919
 :arith-horner-cross-nested-forms 19032
 :arith-lower                     564703
 :arith-make-feasible             605408
 :arith-max-columns               239
 :arith-max-rows                  137
 :arith-nla-add-bounds            10423
 :arith-nla-lemmas                1582
 :arith-nla-propagate-bounds      1257
 :arith-nla-propagate-eq          1813
 :arith-nra-calls                 6719
 :arith-offset-eqs                2759
 :arith-patches                   163044
 :arith-patches-success           2030
 :arith-upper                     514583
 :conflicts                       84160
 :datatype-accessor-ax            5049
 :datatype-constructor-ax         12339
 :datatype-splits                 2037
 :decisions                       508353
 :del-clause                      384711
 :final-checks                    190642
 :interface-eqs                   1770
 :max-memory                      340.79
 :memory                          340.65
 :minimized-lits                  47426
 :mk-bool-var                     1309058
 :mk-clause                       384745
 :num-allocs                      99658780263632.00
 :num-checks                      56400
 :propagations                    318675
 :recfun-macro-expansion          27100
 :rlimit-count                    426153636)