satisfiable
(:added-eqs                       1095355
 :arith-eq-adapter                201535
 :arith-assume-eqs                3542
 :arith-bound-propagations-lp     35386
 :arith-branch                    129063
 :arith-conflicts                 71275
 :arith-cube-calls                40331
 :arith-cube-success              21
 :arith-diseq                     26136
 :arith-fixed-eqs                 186680
 :arith-gcd-calls                 163283
 :arith-gomory-cuts               52073
 :arith-grobner-calls             1537
 :arith-grobner-conflicts         40
 :arith-hnf-calls                 4
 :arith-horner-calls              2923
 :arith-horner-cross-nested-forms 19049
 :arith-lower                     565496
 :arith-make-feasible             606282
 :arith-max-columns               239
 :arith-max-rows                  137
 :arith-nla-add-bounds            10441
 :arith-nla-lemmas                1583
 :arith-nla-propagate-bounds      1257
 :arith-nla-propagate-eq          1814
 :arith-nra-calls                 6730
 :arith-offset-eqs                2762
 :arith-patches                   163283
 :arith-patches-success           2030
 :arith-upper                     515142
 :conflicts                       84282
 :datatype-accessor-ax            5056
 :datatype-constructor-ax         12354
 :datatype-splits                 2038
 :decisions                       509102
 :del-clause                      385155
 :final-checks                    190920
 :interface-eqs                   1771
 :max-memory                      341.24
 :memory                          341.08
 :minimized-lits                  47490
 :mk-bool-var                     1310827
 :mk-clause                       385193
 :num-allocs                      100249408302092.00
 :num-checks                      56479
 :propagations                    318979
 :recfun-macro-expansion          27137
 :rlimit-count                    426795538)