unsatisfiable
(:added-eqs                       1099556
 :arith-eq-adapter                202308
 :arith-assume-eqs                3544
 :arith-bound-propagations-lp     35534
 :arith-branch                    129841
 :arith-conflicts                 71545
 :arith-cube-calls                40587
 :arith-cube-success              21
 :arith-diseq                     26222
 :arith-fixed-eqs                 187457
 :arith-gcd-calls                 164310
 :arith-gomory-cuts               52524
 :arith-grobner-calls             1537
 :arith-grobner-conflicts         40
 :arith-hnf-calls                 4
 :arith-horner-calls              2932
 :arith-horner-cross-nested-forms 19056
 :arith-lower                     567733
 :arith-make-feasible             608851
 :arith-max-columns               239
 :arith-max-rows                  137
 :arith-nla-add-bounds            10470
 :arith-nla-lemmas                1586
 :arith-nla-propagate-bounds      1265
 :arith-nla-propagate-eq          1818
 :arith-nra-calls                 6741
 :arith-offset-eqs                2781
 :arith-patches                   164310
 :arith-patches-success           2035
 :arith-upper                     517475
 :conflicts                       84564
 :datatype-accessor-ax            5061
 :datatype-constructor-ax         12366
 :datatype-splits                 2042
 :decisions                       511775
 :del-clause                      386684
 :final-checks                    191995
 :interface-eqs                   1772
 :max-memory                      342.74
 :memory                          342.60
 :minimized-lits                  47831
 :mk-bool-var                     1315885
 :mk-clause                       386751
 :num-allocs                      100850307922518.00
 :num-checks                      56557
 :propagations                    320883
 :recfun-macro-expansion          27173
 :rlimit-count                    427657819)