unsatisfiable
(:added-eqs                       1129554
 :arith-eq-adapter                208000
 :arith-assume-eqs                3562
 :arith-bound-propagations-lp     36904
 :arith-branch                    134032
 :arith-conflicts                 73371
 :arith-cube-calls                41906
 :arith-cube-success              22
 :arith-diseq                     26745
 :arith-fixed-eqs                 193007
 :arith-gcd-calls                 169593
 :arith-gomory-cuts               54414
 :arith-grobner-calls             1557
 :arith-grobner-conflicts         41
 :arith-hnf-calls                 4
 :arith-horner-calls              3009
 :arith-horner-cross-nested-forms 19388
 :arith-lower                     583153
 :arith-make-feasible             625179
 :arith-max-columns               239
 :arith-max-rows                  137
 :arith-nla-add-bounds            10644
 :arith-nla-lemmas                1695
 :arith-nla-propagate-bounds      1325
 :arith-nla-propagate-eq          1862
 :arith-nra-calls                 6932
 :arith-offset-eqs                2880
 :arith-patches                   169593
 :arith-patches-success           2046
 :arith-upper                     534583
 :conflicts                       86499
 :datatype-accessor-ax            5085
 :datatype-constructor-ax         12429
 :datatype-splits                 2051
 :decisions                       529051
 :del-clause                      397708
 :final-checks                    197684
 :interface-eqs                   1781
 :max-memory                      350.88
 :memory                          350.77
 :minimized-lits                  49577
 :mk-bool-var                     1350744
 :mk-clause                       397751
 :num-allocs                      105365937506649.00
 :num-checks                      56928
 :propagations                    332909
 :recfun-macro-expansion          27519
 :rlimit-count                    434019317)