unsatisfiable
(:added-eqs                       1134669
 :arith-eq-adapter                208992
 :arith-assume-eqs                3562
 :arith-bound-propagations-lp     37251
 :arith-branch                    134466
 :arith-conflicts                 73618
 :arith-cube-calls                42040
 :arith-cube-success              22
 :arith-diseq                     26865
 :arith-fixed-eqs                 193937
 :arith-gcd-calls                 170128
 :arith-gomory-cuts               54544
 :arith-grobner-calls             1567
 :arith-grobner-conflicts         41
 :arith-hnf-calls                 4
 :arith-horner-calls              3019
 :arith-horner-cross-nested-forms 19520
 :arith-lower                     585642
 :arith-make-feasible             627434
 :arith-max-columns               239
 :arith-max-rows                  137
 :arith-nla-add-bounds            10667
 :arith-nla-lemmas                1707
 :arith-nla-propagate-bounds      1330
 :arith-nla-propagate-eq          1862
 :arith-nra-calls                 6960
 :arith-offset-eqs                2880
 :arith-patches                   170128
 :arith-patches-success           2046
 :arith-upper                     537610
 :conflicts                       86784
 :datatype-accessor-ax            5100
 :datatype-constructor-ax         12462
 :datatype-splits                 2056
 :decisions                       530708
 :del-clause                      399683
 :final-checks                    198282
 :interface-eqs                   1781
 :max-memory                      352.10
 :memory                          352.10
 :minimized-lits                  49770
 :mk-bool-var                     1356404
 :mk-clause                       399759
 :num-allocs                      105780509440391.00
 :num-checks                      57017
 :propagations                    334966
 :recfun-macro-expansion          27623
 :rlimit-count                    434916643)