satisfiable
(:added-eqs                       1140038
 :arith-eq-adapter                210016
 :arith-assume-eqs                3566
 :arith-bound-propagations-lp     37491
 :arith-branch                    135360
 :arith-conflicts                 74000
 :arith-cube-calls                42338
 :arith-cube-success              22
 :arith-diseq                     26974
 :arith-fixed-eqs                 194898
 :arith-gcd-calls                 171320
 :arith-gomory-cuts               55076
 :arith-grobner-calls             1567
 :arith-grobner-conflicts         41
 :arith-hnf-calls                 4
 :arith-horner-calls              3031
 :arith-horner-cross-nested-forms 19540
 :arith-lower                     588558
 :arith-make-feasible             630815
 :arith-max-columns               239
 :arith-max-rows                  137
 :arith-nla-add-bounds            10709
 :arith-nla-lemmas                1729
 :arith-nla-propagate-bounds      1345
 :arith-nla-propagate-eq          1873
 :arith-nra-calls                 7000
 :arith-offset-eqs                2886
 :arith-patches                   171320
 :arith-patches-success           2046
 :arith-upper                     540839
 :conflicts                       87175
 :datatype-accessor-ax            5104
 :datatype-constructor-ax         12471
 :datatype-splits                 2059
 :decisions                       533929
 :del-clause                      401759
 :final-checks                    199564
 :interface-eqs                   1783
 :max-memory                      354.09
 :memory                          354.06
 :minimized-lits                  50067
 :mk-bool-var                     1363108
 :mk-clause                       401872
 :num-allocs                      106839636323480.00
 :num-checks                      57069
 :propagations                    337235
 :recfun-macro-expansion          27694
 :rlimit-count                    436299306
 :time                            0.01)