unsatisfiable
(:added-eqs                       1142653
 :arith-eq-adapter                210515
 :arith-assume-eqs                3568
 :arith-bound-propagations-lp     37633
 :arith-branch                    135599
 :arith-conflicts                 74137
 :arith-cube-calls                42412
 :arith-cube-success              22
 :arith-diseq                     27020
 :arith-fixed-eqs                 195391
 :arith-gcd-calls                 171619
 :arith-gomory-cuts               55172
 :arith-grobner-calls             1567
 :arith-grobner-conflicts         41
 :arith-hnf-calls                 4
 :arith-horner-calls              3037
 :arith-horner-cross-nested-forms 19579
 :arith-lower                     589857
 :arith-make-feasible             631990
 :arith-max-columns               239
 :arith-max-rows                  137
 :arith-nla-add-bounds            10722
 :arith-nla-lemmas                1735
 :arith-nla-propagate-bounds      1355
 :arith-nla-propagate-eq          1874
 :arith-nra-calls                 7014
 :arith-offset-eqs                2890
 :arith-patches                   171619
 :arith-patches-success           2046
 :arith-upper                     542359
 :conflicts                       87327
 :datatype-accessor-ax            5107
 :datatype-constructor-ax         12477
 :datatype-splits                 2059
 :decisions                       535037
 :del-clause                      402730
 :final-checks                    199901
 :interface-eqs                   1784
 :max-memory                      354.72
 :memory                          354.48
 :minimized-lits                  50157
 :mk-bool-var                     1366010
 :mk-clause                       402802
 :num-allocs                      107287919870535.00
 :num-checks                      57113
 :propagations                    338284
 :recfun-macro-expansion          27735
 :rlimit-count                    436820324)