satisfiable
(:added-eqs                       1148797
 :arith-eq-adapter                211692
 :arith-assume-eqs                3578
 :arith-bound-propagations-lp     37848
 :arith-branch                    136696
 :arith-conflicts                 74611
 :arith-cube-calls                42764
 :arith-cube-success              22
 :arith-diseq                     27235
 :arith-fixed-eqs                 196465
 :arith-gcd-calls                 173038
 :arith-gomory-cuts               55708
 :arith-grobner-calls             1576
 :arith-grobner-conflicts         41
 :arith-hnf-calls                 4
 :arith-horner-calls              3063
 :arith-horner-cross-nested-forms 19704
 :arith-lower                     593060
 :arith-make-feasible             636139
 :arith-max-columns               239
 :arith-max-rows                  137
 :arith-nla-add-bounds            10822
 :arith-nla-lemmas                1767
 :arith-nla-propagate-bounds      1379
 :arith-nla-propagate-eq          1895
 :arith-nra-calls                 7070
 :arith-offset-eqs                2898
 :arith-patches                   173038
 :arith-patches-success           2058
 :arith-upper                     546240
 :conflicts                       87848
 :datatype-accessor-ax            5133
 :datatype-constructor-ax         12534
 :datatype-splits                 2068
 :decisions                       538818
 :del-clause                      405255
 :final-checks                    201525
 :interface-eqs                   1789
 :max-memory                      356.41
 :memory                          356.25
 :minimized-lits                  50476
 :mk-bool-var                     1374104
 :mk-clause                       405267
 :num-allocs                      108944155697051.00
 :num-checks                      57354
 :propagations                    341117
 :recfun-macro-expansion          27854
 :rlimit-count                    439313385)