unsatisfiable
(:added-eqs                       1149627
 :arith-eq-adapter                211837
 :arith-assume-eqs                3580
 :arith-bound-propagations-lp     37869
 :arith-branch                    136795
 :arith-conflicts                 74669
 :arith-cube-calls                42795
 :arith-cube-success              22
 :arith-diseq                     27255
 :arith-fixed-eqs                 196596
 :arith-gcd-calls                 173164
 :arith-gomory-cuts               55737
 :arith-grobner-calls             1576
 :arith-grobner-conflicts         41
 :arith-hnf-calls                 4
 :arith-horner-calls              3065
 :arith-horner-cross-nested-forms 19710
 :arith-lower                     593473
 :arith-make-feasible             636647
 :arith-max-columns               239
 :arith-max-rows                  137
 :arith-nla-add-bounds            10834
 :arith-nla-lemmas                1767
 :arith-nla-propagate-bounds      1379
 :arith-nla-propagate-eq          1901
 :arith-nra-calls                 7075
 :arith-offset-eqs                2898
 :arith-patches                   173164
 :arith-patches-success           2062
 :arith-upper                     546594
 :conflicts                       87927
 :datatype-accessor-ax            5140
 :datatype-constructor-ax         12549
 :datatype-splits                 2071
 :decisions                       539166
 :del-clause                      405560
 :final-checks                    201686
 :interface-eqs                   1790
 :max-memory                      356.67
 :memory                          356.51
 :minimized-lits                  50513
 :mk-bool-var                     1375166
 :mk-clause                       405572
 :num-allocs                      109658250125680.00
 :num-checks                      57438
 :propagations                    341287
 :recfun-macro-expansion          27890
 :rlimit-count                    439957556)