satisfiable
(:added-eqs                       1151090
 :arith-eq-adapter                212106
 :arith-assume-eqs                3582
 :arith-bound-propagations-lp     37906
 :arith-branch                    136982
 :arith-conflicts                 74778
 :arith-cube-calls                42856
 :arith-cube-success              22
 :arith-diseq                     27310
 :arith-fixed-eqs                 196832
 :arith-gcd-calls                 173419
 :arith-gomory-cuts               55831
 :arith-grobner-calls             1576
 :arith-grobner-conflicts         41
 :arith-hnf-calls                 4
 :arith-horner-calls              3073
 :arith-horner-cross-nested-forms 19772
 :arith-lower                     594208
 :arith-make-feasible             637605
 :arith-max-columns               239
 :arith-max-rows                  137
 :arith-nla-add-bounds            10864
 :arith-nla-lemmas                1767
 :arith-nla-propagate-bounds      1380
 :arith-nla-propagate-eq          1908
 :arith-nra-calls                 7089
 :arith-offset-eqs                2898
 :arith-patches                   173419
 :arith-patches-success           2068
 :arith-upper                     547258
 :conflicts                       88064
 :datatype-accessor-ax            5149
 :datatype-constructor-ax         12570
 :datatype-splits                 2076
 :decisions                       539904
 :del-clause                      406109
 :final-checks                    202005
 :interface-eqs                   1791
 :max-memory                      357.08
 :memory                          356.94
 :minimized-lits                  50565
 :mk-bool-var                     1377064
 :mk-clause                       406129
 :num-allocs                      110529085697973.00
 :num-checks                      57580
 :propagations                    341597
 :recfun-macro-expansion          27947
 :rlimit-count                    440902922)