unsatisfiable
(:added-eqs                       1150658
 :arith-eq-adapter                212027
 :arith-assume-eqs                3582
 :arith-bound-propagations-lp     37891
 :arith-branch                    136934
 :arith-conflicts                 74748
 :arith-cube-calls                42841
 :arith-cube-success              22
 :arith-diseq                     27297
 :arith-fixed-eqs                 196762
 :arith-gcd-calls                 173356
 :arith-gomory-cuts               55809
 :arith-grobner-calls             1576
 :arith-grobner-conflicts         41
 :arith-hnf-calls                 4
 :arith-horner-calls              3072
 :arith-horner-cross-nested-forms 19766
 :arith-lower                     593996
 :arith-make-feasible             637340
 :arith-max-columns               239
 :arith-max-rows                  137
 :arith-nla-add-bounds            10855
 :arith-nla-lemmas                1767
 :arith-nla-propagate-bounds      1380
 :arith-nla-propagate-eq          1905
 :arith-nra-calls                 7086
 :arith-offset-eqs                2898
 :arith-patches                   173356
 :arith-patches-success           2066
 :arith-upper                     547070
 :conflicts                       88028
 :datatype-accessor-ax            5146
 :datatype-constructor-ax         12564
 :datatype-splits                 2072
 :decisions                       539709
 :del-clause                      405952
 :final-checks                    201923
 :interface-eqs                   1791
 :max-memory                      356.97
 :memory                          356.82
 :minimized-lits                  50544
 :mk-bool-var                     1376519
 :mk-clause                       405964
 :num-allocs                      110222850099670.00
 :num-checks                      57540
 :propagations                    341507
 :recfun-macro-expansion          27932
 :rlimit-count                    440669913)