unsatisfiable
(:added-eqs                       1151582
 :arith-eq-adapter                212199
 :arith-assume-eqs                3582
 :arith-bound-propagations-lp     37919
 :arith-branch                    137035
 :arith-conflicts                 74817
 :arith-cube-calls                42872
 :arith-cube-success              22
 :arith-diseq                     27337
 :arith-fixed-eqs                 196915
 :arith-gcd-calls                 173489
 :arith-gomory-cuts               55847
 :arith-grobner-calls             1585
 :arith-grobner-conflicts         41
 :arith-hnf-calls                 4
 :arith-horner-calls              3077
 :arith-horner-cross-nested-forms 19831
 :arith-lower                     594462
 :arith-make-feasible             637894
 :arith-max-columns               239
 :arith-max-rows                  137
 :arith-nla-add-bounds            10874
 :arith-nla-lemmas                1767
 :arith-nla-propagate-bounds      1380
 :arith-nla-propagate-eq          1912
 :arith-nra-calls                 7092
 :arith-offset-eqs                2898
 :arith-patches                   173489
 :arith-patches-success           2072
 :arith-upper                     547466
 :conflicts                       88116
 :datatype-accessor-ax            5151
 :datatype-constructor-ax         12576
 :datatype-splits                 2076
 :decisions                       540152
 :del-clause                      406321
 :final-checks                    202097
 :interface-eqs                   1791
 :max-memory                      357.15
 :memory                          357.02
 :minimized-lits                  50585
 :mk-bool-var                     1377697
 :mk-clause                       406332
 :num-allocs                      110741242766337.00
 :num-checks                      57628
 :propagations                    341712
 :recfun-macro-expansion          27964
 :rlimit-count                    441201425)