unsatisfiable
(:added-eqs                       1152433
 :arith-eq-adapter                212344
 :arith-assume-eqs                3586
 :arith-bound-propagations-lp     37938
 :arith-branch                    137146
 :arith-conflicts                 74870
 :arith-cube-calls                42905
 :arith-cube-success              22
 :arith-diseq                     27370
 :arith-fixed-eqs                 197043
 :arith-gcd-calls                 173622
 :arith-gomory-cuts               55874
 :arith-grobner-calls             1585
 :arith-grobner-conflicts         41
 :arith-hnf-calls                 4
 :arith-horner-calls              3078
 :arith-horner-cross-nested-forms 19831
 :arith-lower                     594885
 :arith-make-feasible             638424
 :arith-max-columns               239
 :arith-max-rows                  137
 :arith-nla-add-bounds            10889
 :arith-nla-lemmas                1767
 :arith-nla-propagate-bounds      1380
 :arith-nla-propagate-eq          1915
 :arith-nra-calls                 7099
 :arith-offset-eqs                2898
 :arith-patches                   173622
 :arith-patches-success           2076
 :arith-upper                     547821
 :conflicts                       88203
 :datatype-accessor-ax            5160
 :datatype-constructor-ax         12600
 :datatype-splits                 2081
 :decisions                       540541
 :del-clause                      406610
 :final-checks                    202268
 :interface-eqs                   1793
 :max-memory                      357.43
 :memory                          357.27
 :minimized-lits                  50618
 :mk-bool-var                     1378757
 :mk-clause                       406621
 :num-allocs                      111449428165644.00
 :num-checks                      57747
 :propagations                    341886
 :recfun-macro-expansion          27998
 :rlimit-count                    441759966)