satisfiable
(:added-eqs                       1152663
 :arith-eq-adapter                212384
 :arith-assume-eqs                3586
 :arith-bound-propagations-lp     37943
 :arith-branch                    137173
 :arith-conflicts                 74891
 :arith-cube-calls                42915
 :arith-cube-success              22
 :arith-diseq                     27375
 :arith-fixed-eqs                 197079
 :arith-gcd-calls                 173662
 :arith-gomory-cuts               55891
 :arith-grobner-calls             1585
 :arith-grobner-conflicts         41
 :arith-hnf-calls                 4
 :arith-horner-calls              3079
 :arith-horner-cross-nested-forms 19833
 :arith-lower                     595002
 :arith-make-feasible             638576
 :arith-max-columns               239
 :arith-max-rows                  137
 :arith-nla-add-bounds            10892
 :arith-nla-lemmas                1767
 :arith-nla-propagate-bounds      1380
 :arith-nla-propagate-eq          1916
 :arith-nra-calls                 7101
 :arith-offset-eqs                2898
 :arith-patches                   173662
 :arith-patches-success           2077
 :arith-upper                     547921
 :conflicts                       88231
 :datatype-accessor-ax            5162
 :datatype-constructor-ax         12606
 :datatype-splits                 2081
 :decisions                       540659
 :del-clause                      406679
 :final-checks                    202318
 :interface-eqs                   1793
 :max-memory                      357.51
 :memory                          357.33
 :minimized-lits                  50636
 :mk-bool-var                     1379036
 :mk-clause                       406702
 :num-allocs                      111576997697863.00
 :num-checks                      57777
 :propagations                    341945
 :recfun-macro-expansion          28006
 :rlimit-count                    441905806)