satisfiable
(:added-eqs                       1153006
 :arith-eq-adapter                212445
 :arith-assume-eqs                3588
 :arith-bound-propagations-lp     37950
 :arith-branch                    137203
 :arith-conflicts                 74914
 :arith-cube-calls                42924
 :arith-cube-success              22
 :arith-diseq                     27382
 :arith-fixed-eqs                 197126
 :arith-gcd-calls                 173698
 :arith-gomory-cuts               55899
 :arith-grobner-calls             1585
 :arith-grobner-conflicts         41
 :arith-hnf-calls                 4
 :arith-horner-calls              3079
 :arith-horner-cross-nested-forms 19833
 :arith-lower                     595182
 :arith-make-feasible             638745
 :arith-max-columns               239
 :arith-max-rows                  137
 :arith-nla-add-bounds            10896
 :arith-nla-lemmas                1767
 :arith-nla-propagate-bounds      1380
 :arith-nla-propagate-eq          1917
 :arith-nra-calls                 7102
 :arith-offset-eqs                2898
 :arith-patches                   173698
 :arith-patches-success           2078
 :arith-upper                     548036
 :conflicts                       88267
 :datatype-accessor-ax            5165
 :datatype-constructor-ax         12615
 :datatype-splits                 2082
 :decisions                       540789
 :del-clause                      406792
 :final-checks                    202367
 :interface-eqs                   1794
 :max-memory                      357.52
 :memory                          357.38
 :minimized-lits                  50645
 :mk-bool-var                     1379455
 :mk-clause                       406813
 :num-allocs                      111633708465243.00
 :num-checks                      57813
 :propagations                    342020
 :recfun-macro-expansion          28019
 :rlimit-count                    442079500)