unsatisfiable
(:added-eqs                       1153929
 :arith-eq-adapter                212612
 :arith-assume-eqs                3594
 :arith-bound-propagations-lp     37972
 :arith-branch                    137313
 :arith-conflicts                 74987
 :arith-cube-calls                42956
 :arith-cube-success              22
 :arith-diseq                     27420
 :arith-fixed-eqs                 197256
 :arith-gcd-calls                 173843
 :arith-gomory-cuts               55938
 :arith-grobner-calls             1585
 :arith-grobner-conflicts         41
 :arith-hnf-calls                 4
 :arith-horner-calls              3082
 :arith-horner-cross-nested-forms 19833
 :arith-lower                     595653
 :arith-make-feasible             639335
 :arith-max-columns               239
 :arith-max-rows                  137
 :arith-nla-add-bounds            10914
 :arith-nla-lemmas                1767
 :arith-nla-propagate-bounds      1380
 :arith-nla-propagate-eq          1919
 :arith-nra-calls                 7115
 :arith-offset-eqs                2899
 :arith-patches                   173843
 :arith-patches-success           2086
 :arith-upper                     548423
 :conflicts                       88387
 :datatype-accessor-ax            5174
 :datatype-constructor-ax         12639
 :datatype-splits                 2086
 :decisions                       541219
 :del-clause                      407156
 :final-checks                    202558
 :interface-eqs                   1797
 :max-memory                      357.81
 :memory                          357.72
 :minimized-lits                  50662
 :mk-bool-var                     1380692
 :mk-clause                       407172
 :num-allocs                      112547107256991.00
 :num-checks                      57968
 :propagations                    342222
 :recfun-macro-expansion          28064
 :rlimit-count                    442865363)