unsatisfiable
(:added-eqs                       1154500
 :arith-eq-adapter                212709
 :arith-assume-eqs                3596
 :arith-bound-propagations-lp     37984
 :arith-branch                    137361
 :arith-conflicts                 75021
 :arith-cube-calls                42973
 :arith-cube-success              22
 :arith-diseq                     27432
 :arith-fixed-eqs                 197341
 :arith-gcd-calls                 173915
 :arith-gomory-cuts               55974
 :arith-grobner-calls             1585
 :arith-grobner-conflicts         41
 :arith-hnf-calls                 4
 :arith-horner-calls              3085
 :arith-horner-cross-nested-forms 19845
 :arith-lower                     595921
 :arith-make-feasible             639631
 :arith-max-columns               239
 :arith-max-rows                  137
 :arith-nla-add-bounds            10920
 :arith-nla-lemmas                1767
 :arith-nla-propagate-bounds      1380
 :arith-nla-propagate-eq          1921
 :arith-nra-calls                 7118
 :arith-offset-eqs                2903
 :arith-patches                   173915
 :arith-patches-success           2087
 :arith-upper                     548633
 :conflicts                       88442
 :datatype-accessor-ax            5182
 :datatype-constructor-ax         12660
 :datatype-splits                 2091
 :decisions                       541429
 :del-clause                      407334
 :final-checks                    202649
 :interface-eqs                   1798
 :max-memory                      358.04
 :memory                          357.89
 :minimized-lits                  50693
 :mk-bool-var                     1381344
 :mk-clause                       407358
 :num-allocs                      112760412157831.00
 :num-checks                      58024
 :propagations                    342320
 :recfun-macro-expansion          28084
 :rlimit-count                    443153223)