unsatisfiable
(:added-eqs                       1156074
 :arith-eq-adapter                212986
 :arith-assume-eqs                3598
 :arith-bound-propagations-lp     38016
 :arith-branch                    137557
 :arith-conflicts                 75147
 :arith-cube-calls                43037
 :arith-cube-success              22
 :arith-diseq                     27498
 :arith-fixed-eqs                 197569
 :arith-gcd-calls                 174186
 :arith-gomory-cuts               56069
 :arith-grobner-calls             1585
 :arith-grobner-conflicts         41
 :arith-hnf-calls                 4
 :arith-horner-calls              3091
 :arith-horner-cross-nested-forms 19869
 :arith-lower                     596734
 :arith-make-feasible             640672
 :arith-max-columns               239
 :arith-max-rows                  137
 :arith-nla-add-bounds            10950
 :arith-nla-lemmas                1767
 :arith-nla-propagate-bounds      1380
 :arith-nla-propagate-eq          1927
 :arith-nra-calls                 7129
 :arith-offset-eqs                2909
 :arith-patches                   174186
 :arith-patches-success           2096
 :arith-upper                     549305
 :conflicts                       88618
 :datatype-accessor-ax            5195
 :datatype-constructor-ax         12693
 :datatype-splits                 2095
 :decisions                       542196
 :del-clause                      407946
 :final-checks                    202993
 :interface-eqs                   1799
 :max-memory                      358.48
 :memory                          358.33
 :minimized-lits                  50761
 :mk-bool-var                     1383436
 :mk-clause                       407962
 :num-allocs                      113552976379865.00
 :num-checks                      58226
 :propagations                    342696
 :recfun-macro-expansion          28152
 :rlimit-count                    444266764)