unsatisfiable
(:added-eqs                       1156791
 :arith-eq-adapter                213102
 :arith-assume-eqs                3600
 :arith-bound-propagations-lp     38029
 :arith-branch                    137615
 :arith-conflicts                 75187
 :arith-cube-calls                43056
 :arith-cube-success              22
 :arith-diseq                     27513
 :arith-fixed-eqs                 197671
 :arith-gcd-calls                 174267
 :arith-gomory-cuts               56099
 :arith-grobner-calls             1585
 :arith-grobner-conflicts         41
 :arith-hnf-calls                 4
 :arith-horner-calls              3092
 :arith-horner-cross-nested-forms 19870
 :arith-lower                     597077
 :arith-make-feasible             641046
 :arith-max-columns               239
 :arith-max-rows                  137
 :arith-nla-add-bounds            10955
 :arith-nla-lemmas                1767
 :arith-nla-propagate-bounds      1381
 :arith-nla-propagate-eq          1927
 :arith-nra-calls                 7132
 :arith-offset-eqs                2909
 :arith-patches                   174267
 :arith-patches-success           2100
 :arith-upper                     549561
 :conflicts                       88681
 :datatype-accessor-ax            5207
 :datatype-constructor-ax         12720
 :datatype-splits                 2099
 :decisions                       542379
 :del-clause                      408178
 :final-checks                    203099
 :interface-eqs                   1800
 :max-memory                      358.75
 :memory                          358.60
 :minimized-lits                  50784
 :mk-bool-var                     1384291
 :mk-clause                       408195
 :num-allocs                      113771961423005.00
 :num-checks                      58307
 :propagations                    342830
 :recfun-macro-expansion          28184
 :rlimit-count                    444746084)