unsatisfiable
(:added-eqs                       1157539
 :arith-eq-adapter                213233
 :arith-assume-eqs                3602
 :arith-bound-propagations-lp     38043
 :arith-branch                    137703
 :arith-conflicts                 75249
 :arith-cube-calls                43084
 :arith-cube-success              22
 :arith-diseq                     27542
 :arith-fixed-eqs                 197783
 :arith-gcd-calls                 174387
 :arith-gomory-cuts               56130
 :arith-grobner-calls             1585
 :arith-grobner-conflicts         41
 :arith-hnf-calls                 4
 :arith-horner-calls              3097
 :arith-horner-cross-nested-forms 19898
 :arith-lower                     597457
 :arith-make-feasible             641522
 :arith-max-columns               239
 :arith-max-rows                  137
 :arith-nla-add-bounds            10971
 :arith-nla-lemmas                1767
 :arith-nla-propagate-bounds      1381
 :arith-nla-propagate-eq          1929
 :arith-nra-calls                 7139
 :arith-offset-eqs                2913
 :arith-patches                   174387
 :arith-patches-success           2109
 :arith-upper                     549872
 :conflicts                       88760
 :datatype-accessor-ax            5214
 :datatype-constructor-ax         12735
 :datatype-splits                 2103
 :decisions                       542761
 :del-clause                      408458
 :final-checks                    203251
 :interface-eqs                   1801
 :max-memory                      359.03
 :memory                          358.85
 :minimized-lits                  50822
 :mk-bool-var                     1385267
 :mk-clause                       408475
 :num-allocs                      114491938929079.00
 :num-checks                      58376
 :propagations                    342980
 :recfun-macro-expansion          28218
 :rlimit-count                    445330019)