satisfiable
(:added-eqs                       1157284
 :arith-eq-adapter                213186
 :arith-assume-eqs                3602
 :arith-bound-propagations-lp     38039
 :arith-branch                    137667
 :arith-conflicts                 75221
 :arith-cube-calls                43073
 :arith-cube-success              22
 :arith-diseq                     27530
 :arith-fixed-eqs                 197746
 :arith-gcd-calls                 174334
 :arith-gomory-cuts               56119
 :arith-grobner-calls             1585
 :arith-grobner-conflicts         41
 :arith-hnf-calls                 4
 :arith-horner-calls              3094
 :arith-horner-cross-nested-forms 19890
 :arith-lower                     597315
 :arith-make-feasible             641327
 :arith-max-columns               239
 :arith-max-rows                  137
 :arith-nla-add-bounds            10963
 :arith-nla-lemmas                1767
 :arith-nla-propagate-bounds      1381
 :arith-nla-propagate-eq          1928
 :arith-nra-calls                 7135
 :arith-offset-eqs                2913
 :arith-patches                   174334
 :arith-patches-success           2102
 :arith-upper                     549754
 :conflicts                       88729
 :datatype-accessor-ax            5214
 :datatype-constructor-ax         12735
 :datatype-splits                 2103
 :decisions                       542548
 :del-clause                      408346
 :final-checks                    203186
 :interface-eqs                   1801
 :max-memory                      358.91
 :memory                          358.76
 :minimized-lits                  50822
 :mk-bool-var                     1384907
 :mk-clause                       408372
 :num-allocs                      113995949117463.00
 :num-checks                      58345
 :propagations                    342925
 :recfun-macro-expansion          28205
 :rlimit-count                    445029201)