satisfiable
(:added-eqs                       1159833
 :arith-eq-adapter                213623
 :arith-assume-eqs                3608
 :arith-bound-propagations-lp     38081
 :arith-branch                    137896
 :arith-conflicts                 75385
 :arith-cube-calls                43148
 :arith-cube-success              22
 :arith-diseq                     27593
 :arith-fixed-eqs                 198116
 :arith-gcd-calls                 174656
 :arith-gomory-cuts               56210
 :arith-grobner-calls             1585
 :arith-grobner-conflicts         41
 :arith-hnf-calls                 4
 :arith-horner-calls              3102
 :arith-horner-cross-nested-forms 19906
 :arith-lower                     598568
 :arith-make-feasible             642738
 :arith-max-columns               239
 :arith-max-rows                  137
 :arith-nla-add-bounds            10996
 :arith-nla-lemmas                1767
 :arith-nla-propagate-bounds      1381
 :arith-nla-propagate-eq          1935
 :arith-nra-calls                 7151
 :arith-offset-eqs                2917
 :arith-patches                   174656
 :arith-patches-success           2122
 :arith-upper                     550729
 :conflicts                       88961
 :datatype-accessor-ax            5243
 :datatype-constructor-ax         12798
 :datatype-splits                 2112
 :decisions                       543551
 :del-clause                      409221
 :final-checks                    203608
 :interface-eqs                   1804
 :max-memory                      359.65
 :memory                          359.50
 :minimized-lits                  50897
 :mk-bool-var                     1388049
 :mk-clause                       409246
 :num-allocs                      115423596779078.00
 :num-checks                      58647
 :propagations                    343425
 :recfun-macro-expansion          28318
 :rlimit-count                    446886594)