satisfiable
(:added-eqs                       1161314
 :arith-eq-adapter                213895
 :arith-assume-eqs                3610
 :arith-bound-propagations-lp     38108
 :arith-branch                    138080
 :arith-conflicts                 75522
 :arith-cube-calls                43206
 :arith-cube-success              22
 :arith-diseq                     27641
 :arith-fixed-eqs                 198322
 :arith-gcd-calls                 174891
 :arith-gomory-cuts               56270
 :arith-grobner-calls             1594
 :arith-grobner-conflicts         41
 :arith-hnf-calls                 4
 :arith-horner-calls              3110
 :arith-horner-cross-nested-forms 20103
 :arith-lower                     599384
 :arith-make-feasible             643689
 :arith-max-columns               239
 :arith-max-rows                  137
 :arith-nla-add-bounds            11026
 :arith-nla-lemmas                1767
 :arith-nla-propagate-bounds      1381
 :arith-nla-propagate-eq          1942
 :arith-nra-calls                 7165
 :arith-offset-eqs                2923
 :arith-patches                   174891
 :arith-patches-success           2130
 :arith-upper                     551323
 :conflicts                       89126
 :datatype-accessor-ax            5254
 :datatype-constructor-ax         12822
 :datatype-splits                 2116
 :decisions                       544362
 :del-clause                      409754
 :final-checks                    203910
 :interface-eqs                   1805
 :max-memory                      360.18
 :memory                          360.03
 :minimized-lits                  50928
 :mk-bool-var                     1390011
 :mk-clause                       409779
 :num-allocs                      116565709043200.00
 :num-checks                      58785
 :propagations                    343773
 :recfun-macro-expansion          28384
 :rlimit-count                    448029111)