unsatisfiable
(:added-eqs                       1160545
 :arith-eq-adapter                213752
 :arith-assume-eqs                3608
 :arith-bound-propagations-lp     38090
 :arith-branch                    137979
 :arith-conflicts                 75449
 :arith-cube-calls                43174
 :arith-cube-success              22
 :arith-diseq                     27615
 :arith-fixed-eqs                 198218
 :arith-gcd-calls                 174762
 :arith-gomory-cuts               56235
 :arith-grobner-calls             1594
 :arith-grobner-conflicts         41
 :arith-hnf-calls                 4
 :arith-horner-calls              3106
 :arith-horner-cross-nested-forms 20086
 :arith-lower                     598946
 :arith-make-feasible             643185
 :arith-max-columns               239
 :arith-max-rows                  137
 :arith-nla-add-bounds            11010
 :arith-nla-lemmas                1767
 :arith-nla-propagate-bounds      1381
 :arith-nla-propagate-eq          1939
 :arith-nra-calls                 7157
 :arith-offset-eqs                2919
 :arith-patches                   174762
 :arith-patches-success           2127
 :arith-upper                     551017
 :conflicts                       89038
 :datatype-accessor-ax            5250
 :datatype-constructor-ax         12813
 :datatype-splits                 2115
 :decisions                       543956
 :del-clause                      409469
 :final-checks                    203746
 :interface-eqs                   1804
 :max-memory                      359.94
 :memory                          359.78
 :minimized-lits                  50905
 :mk-bool-var                     1388961
 :mk-clause                       409496
 :num-allocs                      116234264952751.00
 :num-checks                      58724
 :propagations                    343600
 :recfun-macro-expansion          28348
 :rlimit-count                    447459753)