unsatisfiable
(:added-eqs                       1167261
 :arith-eq-adapter                214926
 :arith-assume-eqs                3614
 :arith-bound-propagations-lp     38239
 :arith-branch                    138687
 :arith-conflicts                 75924
 :arith-cube-calls                43408
 :arith-cube-success              22
 :arith-diseq                     27844
 :arith-fixed-eqs                 199210
 :arith-gcd-calls                 175731
 :arith-gomory-cuts               56538
 :arith-grobner-calls             1603
 :arith-grobner-conflicts         41
 :arith-hnf-calls                 4
 :arith-horner-calls              3139
 :arith-horner-cross-nested-forms 20238
 :arith-lower                     602363
 :arith-make-feasible             647164
 :arith-max-columns               239
 :arith-max-rows                  137
 :arith-nla-add-bounds            11123
 :arith-nla-lemmas                1768
 :arith-nla-propagate-bounds      1381
 :arith-nla-propagate-eq          1956
 :arith-nra-calls                 7224
 :arith-offset-eqs                2941
 :arith-patches                   175731
 :arith-patches-success           2158
 :arith-upper                     553756
 :conflicts                       89708
 :datatype-accessor-ax            5297
 :datatype-constructor-ax         12939
 :datatype-splits                 2136
 :decisions                       547069
 :del-clause                      411710
 :final-checks                    204984
 :interface-eqs                   1807
 :max-memory                      362.01
 :memory                          361.87
 :minimized-lits                  51086
 :mk-bool-var                     1397367
 :mk-clause                       411736
 :num-allocs                      120536154723141.00
 :num-checks                      59495
 :propagations                    344974
 :recfun-macro-expansion          28632
 :rlimit-count                    452168855)