unsatisfiable
(:added-eqs                       1168230
 :arith-eq-adapter                215083
 :arith-assume-eqs                3614
 :arith-bound-propagations-lp     38255
 :arith-branch                    138795
 :arith-conflicts                 75992
 :arith-cube-calls                43438
 :arith-cube-success              22
 :arith-diseq                     27864
 :arith-fixed-eqs                 199339
 :arith-gcd-calls                 175858
 :arith-gomory-cuts               56560
 :arith-grobner-calls             1603
 :arith-grobner-conflicts         41
 :arith-hnf-calls                 4
 :arith-horner-calls              3140
 :arith-horner-cross-nested-forms 20250
 :arith-lower                     602844
 :arith-make-feasible             647730
 :arith-max-columns               239
 :arith-max-rows                  137
 :arith-nla-add-bounds            11132
 :arith-nla-lemmas                1768
 :arith-nla-propagate-bounds      1381
 :arith-nla-propagate-eq          1958
 :arith-nra-calls                 7230
 :arith-offset-eqs                2942
 :arith-patches                   175858
 :arith-patches-success           2161
 :arith-upper                     554111
 :conflicts                       89811
 :datatype-accessor-ax            5316
 :datatype-constructor-ax         12981
 :datatype-splits                 2143
 :decisions                       547424
 :del-clause                      412030
 :final-checks                    205154
 :interface-eqs                   1807
 :max-memory                      362.30
 :memory                          362.16
 :minimized-lits                  51107
 :mk-bool-var                     1398576
 :mk-clause                       412057
 :num-allocs                      121124787750783.00
 :num-checks                      59634
 :propagations                    345175
 :recfun-macro-expansion          28680
 :rlimit-count                    452956765)