unsatisfiable
(:added-eqs                       1168454
 :arith-eq-adapter                215124
 :arith-assume-eqs                3614
 :arith-bound-propagations-lp     38261
 :arith-branch                    138820
 :arith-conflicts                 76013
 :arith-cube-calls                43447
 :arith-cube-success              22
 :arith-diseq                     27874
 :arith-fixed-eqs                 199372
 :arith-gcd-calls                 175894
 :arith-gomory-cuts               56573
 :arith-grobner-calls             1603
 :arith-grobner-conflicts         41
 :arith-hnf-calls                 4
 :arith-horner-calls              3142
 :arith-horner-cross-nested-forms 20251
 :arith-lower                     602969
 :arith-make-feasible             647875
 :arith-max-columns               239
 :arith-max-rows                  137
 :arith-nla-add-bounds            11137
 :arith-nla-lemmas                1768
 :arith-nla-propagate-bounds      1381
 :arith-nla-propagate-eq          1958
 :arith-nra-calls                 7234
 :arith-offset-eqs                2943
 :arith-patches                   175894
 :arith-patches-success           2161
 :arith-upper                     554203
 :conflicts                       89833
 :datatype-accessor-ax            5316
 :datatype-constructor-ax         12981
 :datatype-splits                 2143
 :decisions                       547553
 :del-clause                      412101
 :final-checks                    205201
 :interface-eqs                   1807
 :max-memory                      362.36
 :memory                          362.26
 :minimized-lits                  51107
 :mk-bool-var                     1398875
 :mk-clause                       412130
 :num-allocs                      121348722115682.00
 :num-checks                      59653
 :propagations                    345226
 :recfun-macro-expansion          28691
 :rlimit-count                    453141561)