unsatisfiable
(:added-eqs                       1169985
 :arith-eq-adapter                215378
 :arith-assume-eqs                3616
 :arith-bound-propagations-lp     38293
 :arith-branch                    138950
 :arith-conflicts                 76109
 :arith-cube-calls                43485
 :arith-cube-success              22
 :arith-diseq                     27913
 :arith-fixed-eqs                 199584
 :arith-gcd-calls                 176067
 :arith-gomory-cuts               56615
 :arith-grobner-calls             1603
 :arith-grobner-conflicts         41
 :arith-hnf-calls                 4
 :arith-horner-calls              3147
 :arith-horner-cross-nested-forms 20277
 :arith-lower                     603732
 :arith-make-feasible             648714
 :arith-max-columns               239
 :arith-max-rows                  137
 :arith-nla-add-bounds            11153
 :arith-nla-lemmas                1768
 :arith-nla-propagate-bounds      1381
 :arith-nla-propagate-eq          1961
 :arith-nra-calls                 7244
 :arith-offset-eqs                2947
 :arith-patches                   176067
 :arith-patches-success           2172
 :arith-upper                     554770
 :conflicts                       89984
 :datatype-accessor-ax            5338
 :datatype-constructor-ax         13029
 :datatype-splits                 2151
 :decisions                       548107
 :del-clause                      412626
 :final-checks                    205431
 :interface-eqs                   1808
 :max-memory                      362.70
 :memory                          362.70
 :minimized-lits                  51171
 :mk-bool-var                     1400771
 :mk-clause                       412659
 :num-allocs                      121787471698837.00
 :num-checks                      59866
 :propagations                    345548
 :recfun-macro-expansion          28765
 :rlimit-count                    454306873)