satisfiable
(:added-eqs                       1170779
 :arith-eq-adapter                215500
 :arith-assume-eqs                3618
 :arith-bound-propagations-lp     38304
 :arith-branch                    139002
 :arith-conflicts                 76149
 :arith-cube-calls                43500
 :arith-cube-success              22
 :arith-diseq                     27921
 :arith-fixed-eqs                 199691
 :arith-gcd-calls                 176128
 :arith-gomory-cuts               56622
 :arith-grobner-calls             1603
 :arith-grobner-conflicts         41
 :arith-hnf-calls                 4
 :arith-horner-calls              3147
 :arith-horner-cross-nested-forms 20277
 :arith-lower                     604095
 :arith-make-feasible             649073
 :arith-max-columns               239
 :arith-max-rows                  137
 :arith-nla-add-bounds            11153
 :arith-nla-lemmas                1768
 :arith-nla-propagate-bounds      1381
 :arith-nla-propagate-eq          1961
 :arith-nra-calls                 7244
 :arith-offset-eqs                2947
 :arith-patches                   176128
 :arith-patches-success           2175
 :arith-upper                     555025
 :conflicts                       90052
 :datatype-accessor-ax            5357
 :datatype-constructor-ax         13071
 :datatype-splits                 2159
 :decisions                       548280
 :del-clause                      412868
 :final-checks                    205517
 :interface-eqs                   1809
 :max-memory                      363.01
 :memory                          362.91
 :minimized-lits                  51191
 :mk-bool-var                     1401683
 :mk-clause                       412910
 :num-allocs                      121816828588078.00
 :num-checks                      59967
 :propagations                    345693
 :recfun-macro-expansion          28803
 :rlimit-count                    454784381)