unsatisfiable
(:added-eqs                       1172227
 :arith-eq-adapter                215771
 :arith-assume-eqs                3622
 :arith-bound-propagations-lp     38329
 :arith-branch                    139178
 :arith-conflicts                 76271
 :arith-cube-calls                43558
 :arith-cube-success              22
 :arith-diseq                     27997
 :arith-fixed-eqs                 199907
 :arith-gcd-calls                 176374
 :arith-gomory-cuts               56706
 :arith-grobner-calls             1603
 :arith-grobner-conflicts         41
 :arith-hnf-calls                 4
 :arith-horner-calls              3158
 :arith-horner-cross-nested-forms 20323
 :arith-lower                     604858
 :arith-make-feasible             650043
 :arith-max-columns               239
 :arith-max-rows                  137
 :arith-nla-add-bounds            11185
 :arith-nla-lemmas                1768
 :arith-nla-propagate-bounds      1381
 :arith-nla-propagate-eq          1968
 :arith-nra-calls                 7263
 :arith-offset-eqs                2953
 :arith-patches                   176374
 :arith-patches-success           2184
 :arith-upper                     555666
 :conflicts                       90200
 :datatype-accessor-ax            5364
 :datatype-constructor-ax         13086
 :datatype-splits                 2160
 :decisions                       549127
 :del-clause                      413450
 :final-checks                    205833
 :interface-eqs                   1811
 :max-memory                      363.57
 :memory                          363.41
 :minimized-lits                  51222
 :mk-bool-var                     1403610
 :mk-clause                       413482
 :num-allocs                      123002661521141.00
 :num-checks                      60102
 :propagations                    346033
 :recfun-macro-expansion          28864
 :rlimit-count                    455940796)