unsatisfiable
(:added-eqs                       1172274
 :arith-eq-adapter                215774
 :arith-assume-eqs                3622
 :arith-bound-propagations-lp     38329
 :arith-branch                    139183
 :arith-conflicts                 76274
 :arith-cube-calls                43559
 :arith-cube-success              22
 :arith-diseq                     27997
 :arith-fixed-eqs                 199910
 :arith-gcd-calls                 176379
 :arith-gomory-cuts               56706
 :arith-grobner-calls             1603
 :arith-grobner-conflicts         41
 :arith-hnf-calls                 4
 :arith-horner-calls              3158
 :arith-horner-cross-nested-forms 20323
 :arith-lower                     604874
 :arith-make-feasible             650070
 :arith-max-columns               239
 :arith-max-rows                  137
 :arith-nla-add-bounds            11185
 :arith-nla-lemmas                1768
 :arith-nla-propagate-bounds      1381
 :arith-nla-propagate-eq          1968
 :arith-nra-calls                 7263
 :arith-offset-eqs                2953
 :arith-patches                   176379
 :arith-patches-success           2184
 :arith-upper                     555676
 :conflicts                       90207
 :datatype-accessor-ax            5369
 :datatype-constructor-ax         13098
 :datatype-splits                 2164
 :decisions                       549140
 :del-clause                      413460
 :final-checks                    205841
 :interface-eqs                   1811
 :max-memory                      363.57
 :memory                          363.42
 :minimized-lits                  51224
 :mk-bool-var                     1403657
 :mk-clause                       413491
 :num-allocs                      123091024505769.00
 :num-checks                      60138
 :propagations                    346039
 :recfun-macro-expansion          28866
 :rlimit-count                    456013533)