unsatisfiable
(:added-eqs                       1173319
 :arith-eq-adapter                215964
 :arith-assume-eqs                3626
 :arith-bound-propagations-lp     38353
 :arith-branch                    139300
 :arith-conflicts                 76357
 :arith-cube-calls                43601
 :arith-cube-success              22
 :arith-diseq                     28041
 :arith-fixed-eqs                 200072
 :arith-gcd-calls                 176547
 :arith-gomory-cuts               56762
 :arith-grobner-calls             1603
 :arith-grobner-conflicts         41
 :arith-hnf-calls                 4
 :arith-horner-calls              3162
 :arith-horner-cross-nested-forms 20333
 :arith-lower                     605431
 :arith-make-feasible             650716
 :arith-max-columns               239
 :arith-max-rows                  137
 :arith-nla-add-bounds            11204
 :arith-nla-lemmas                1768
 :arith-nla-propagate-bounds      1382
 :arith-nla-propagate-eq          1971
 :arith-nra-calls                 7272
 :arith-offset-eqs                2960
 :arith-patches                   176547
 :arith-patches-success           2190
 :arith-upper                     556113
 :conflicts                       90309
 :datatype-accessor-ax            5371
 :datatype-constructor-ax         13104
 :datatype-splits                 2164
 :decisions                       549679
 :del-clause                      413818
 :final-checks                    206048
 :interface-eqs                   1813
 :max-memory                      363.85
 :memory                          363.75
 :minimized-lits                  51276
 :mk-bool-var                     1404979
 :mk-clause                       413855
 :num-allocs                      123670631934950.00
 :num-checks                      60213
 :propagations                    346279
 :recfun-macro-expansion          28906
 :rlimit-count                    456593757)