unsatisfiable
(:added-eqs                       1173423
 :arith-eq-adapter                215976
 :arith-assume-eqs                3626
 :arith-bound-propagations-lp     38353
 :arith-branch                    139306
 :arith-conflicts                 76362
 :arith-cube-calls                43602
 :arith-cube-success              22
 :arith-diseq                     28041
 :arith-fixed-eqs                 200083
 :arith-gcd-calls                 176554
 :arith-gomory-cuts               56762
 :arith-grobner-calls             1603
 :arith-grobner-conflicts         41
 :arith-hnf-calls                 4
 :arith-horner-calls              3162
 :arith-horner-cross-nested-forms 20333
 :arith-lower                     605478
 :arith-make-feasible             650773
 :arith-max-columns               239
 :arith-max-rows                  137
 :arith-nla-add-bounds            11204
 :arith-nla-lemmas                1768
 :arith-nla-propagate-bounds      1382
 :arith-nla-propagate-eq          1971
 :arith-nra-calls                 7272
 :arith-offset-eqs                2960
 :arith-patches                   176554
 :arith-patches-success           2191
 :arith-upper                     556142
 :conflicts                       90321
 :datatype-accessor-ax            5374
 :datatype-constructor-ax         13113
 :datatype-splits                 2165
 :decisions                       549706
 :del-clause                      413845
 :final-checks                    206061
 :interface-eqs                   1813
 :max-memory                      363.89
 :memory                          363.75
 :minimized-lits                  51277
 :mk-bool-var                     1405104
 :mk-clause                       413883
 :num-allocs                      123788640133498.00
 :num-checks                      60256
 :propagations                    346294
 :recfun-macro-expansion          28914
 :rlimit-count                    456756191)