unsatisfiable
(:added-eqs                       1179822
 :arith-eq-adapter                217193
 :arith-assume-eqs                3634
 :arith-bound-propagations-lp     38761
 :arith-branch                    139772
 :arith-conflicts                 76715
 :arith-cube-calls                43737
 :arith-cube-success              22
 :arith-diseq                     28219
 :arith-fixed-eqs                 201203
 :arith-gcd-calls                 177106
 :arith-gomory-cuts               56871
 :arith-grobner-calls             1612
 :arith-grobner-conflicts         41
 :arith-hnf-calls                 4
 :arith-horner-calls              3183
 :arith-horner-cross-nested-forms 20502
 :arith-lower                     608632
 :arith-make-feasible             653592
 :arith-max-columns               239
 :arith-max-rows                  137
 :arith-nla-add-bounds            11263
 :arith-nla-lemmas                1784
 :arith-nla-propagate-bounds      1393
 :arith-nla-propagate-eq          1976
 :arith-nra-calls                 7330
 :arith-offset-eqs                2964
 :arith-patches                   177106
 :arith-patches-success           2203
 :arith-upper                     559664
 :conflicts                       90772
 :datatype-accessor-ax            5401
 :datatype-constructor-ax         13179
 :datatype-splits                 2177
 :decisions                       551923
 :del-clause                      416437
 :final-checks                    206770
 :interface-eqs                   1817
 :max-memory                      365.82
 :memory                          365.57
 :minimized-lits                  51485
 :mk-bool-var                     1412428
 :mk-clause                       416478
 :num-allocs                      125440197199504.00
 :num-checks                      60574
 :propagations                    348683
 :recfun-macro-expansion          29099
 :rlimit-count                    459041328)