unsatisfiable
(:added-eqs                       1201200
 :arith-eq-adapter                221294
 :arith-assume-eqs                3648
 :arith-bound-propagations-lp     39735
 :arith-branch                    142717
 :arith-conflicts                 78096
 :arith-cube-calls                44629
 :arith-cube-success              22
 :arith-diseq                     28805
 :arith-fixed-eqs                 205182
 :arith-gcd-calls                 180702
 :arith-gomory-cuts               58085
 :arith-grobner-calls             1633
 :arith-grobner-conflicts         44
 :arith-hnf-calls                 4
 :arith-horner-calls              3259
 :arith-horner-cross-nested-forms 21189
 :arith-lower                     619663
 :arith-make-feasible             665579
 :arith-max-columns               239
 :arith-max-rows                  137
 :arith-nla-add-bounds            11484
 :arith-nla-lemmas                1868
 :arith-nla-propagate-bounds      1464
 :arith-nla-propagate-eq          2028
 :arith-nra-calls                 7492
 :arith-offset-eqs                3011
 :arith-patches                   180702
 :arith-patches-success           2220
 :arith-upper                     572531
 :conflicts                       92191
 :datatype-accessor-ax            5426
 :datatype-constructor-ax         13236
 :datatype-splits                 2186
 :decisions                       564127
 :del-clause                      424552
 :final-checks                    210803
 :interface-eqs                   1824
 :max-memory                      371.74
 :memory                          371.42
 :minimized-lits                  52506
 :mk-bool-var                     1437766
 :mk-clause                       424644
 :num-allocs                      129927431516835.00
 :num-checks                      60891
 :propagations                    357822
 :recfun-macro-expansion          29407
 :rlimit-count                    464856064
 :time                            0.00)