satisfiable
(:added-eqs                       1204332
 :arith-eq-adapter                221904
 :arith-assume-eqs                3652
 :arith-bound-propagations-lp     39907
 :arith-branch                    143101
 :arith-conflicts                 78315
 :arith-cube-calls                44739
 :arith-cube-success              22
 :arith-diseq                     28919
 :arith-fixed-eqs                 205765
 :arith-gcd-calls                 181147
 :arith-gomory-cuts               58188
 :arith-grobner-calls             1633
 :arith-grobner-conflicts         44
 :arith-hnf-calls                 4
 :arith-horner-calls              3273
 :arith-horner-cross-nested-forms 21191
 :arith-lower                     621316
 :arith-make-feasible             667318
 :arith-max-columns               239
 :arith-max-rows                  137
 :arith-nla-add-bounds            11523
 :arith-nla-lemmas                1892
 :arith-nla-propagate-bounds      1472
 :arith-nla-propagate-eq          2036
 :arith-nra-calls                 7526
 :arith-offset-eqs                3020
 :arith-patches                   181147
 :arith-patches-success           2225
 :arith-upper                     574366
 :conflicts                       92430
 :datatype-accessor-ax            5434
 :datatype-constructor-ax         13257
 :datatype-splits                 2188
 :decisions                       565870
 :del-clause                      425902
 :final-checks                    211324
 :interface-eqs                   1826
 :max-memory                      372.55
 :memory                          372.31
 :minimized-lits                  52641
 :mk-bool-var                     1441610
 :mk-clause                       425935
 :num-allocs                      130623919463148.00
 :num-checks                      60973
 :propagations                    359115
 :recfun-macro-expansion          29458
 :rlimit-count                    465924603)