unsatisfiable
(:added-eqs                       1215433
 :arith-eq-adapter                223992
 :arith-assume-eqs                3656
 :arith-bound-propagations-lp     40382
 :arith-branch                    144632
 :arith-conflicts                 79056
 :arith-cube-calls                45197
 :arith-cube-success              22
 :arith-diseq                     29199
 :arith-fixed-eqs                 207793
 :arith-gcd-calls                 182990
 :arith-gomory-cuts               58750
 :arith-grobner-calls             1643
 :arith-grobner-conflicts         45
 :arith-hnf-calls                 4
 :arith-horner-calls              3309
 :arith-horner-cross-nested-forms 21417
 :arith-lower                     627062
 :arith-make-feasible             673538
 :arith-max-columns               239
 :arith-max-rows                  137
 :arith-nla-add-bounds            11631
 :arith-nla-lemmas                1935
 :arith-nla-propagate-bounds      1498
 :arith-nla-propagate-eq          2057
 :arith-nra-calls                 7613
 :arith-offset-eqs                3072
 :arith-patches                   182990
 :arith-patches-success           2233
 :arith-upper                     580551
 :conflicts                       93253
 :datatype-accessor-ax            5453
 :datatype-constructor-ax         13311
 :datatype-splits                 2197
 :decisions                       572211
 :del-clause                      430361
 :final-checks                    213401
 :interface-eqs                   1828
 :max-memory                      375.49
 :memory                          375.36
 :minimized-lits                  53260
 :mk-bool-var                     1455008
 :mk-clause                       430368
 :num-allocs                      133515797289286.00
 :num-checks                      61286
 :propagations                    363735
 :recfun-macro-expansion          29648
 :rlimit-count                    469241104)