unsatisfiable
(:added-eqs                       1215825
 :arith-eq-adapter                224061
 :arith-assume-eqs                3656
 :arith-bound-propagations-lp     40391
 :arith-branch                    144678
 :arith-conflicts                 79077
 :arith-cube-calls                45211
 :arith-cube-success              22
 :arith-diseq                     29212
 :arith-fixed-eqs                 207854
 :arith-gcd-calls                 183047
 :arith-gomory-cuts               58766
 :arith-grobner-calls             1645
 :arith-grobner-conflicts         45
 :arith-hnf-calls                 4
 :arith-horner-calls              3311
 :arith-horner-cross-nested-forms 21423
 :arith-lower                     627245
 :arith-make-feasible             673771
 :arith-max-columns               239
 :arith-max-rows                  137
 :arith-nla-add-bounds            11638
 :arith-nla-lemmas                1936
 :arith-nla-propagate-bounds      1498
 :arith-nla-propagate-eq          2059
 :arith-nra-calls                 7618
 :arith-offset-eqs                3073
 :arith-patches                   183047
 :arith-patches-success           2234
 :arith-upper                     580721
 :conflicts                       93283
 :datatype-accessor-ax            5457
 :datatype-constructor-ax         13320
 :datatype-splits                 2201
 :decisions                       572371
 :del-clause                      430493
 :final-checks                    213476
 :interface-eqs                   1828
 :max-memory                      375.56
 :memory                          375.43
 :minimized-lits                  53277
 :mk-bool-var                     1455485
 :mk-clause                       430505
 :num-allocs                      133750838334990.00
 :num-checks                      61307
 :propagations                    363818
 :recfun-macro-expansion          29661
 :rlimit-count                    469449269)