unsatisfiable
(:added-eqs                       1217974
 :arith-eq-adapter                224434
 :arith-assume-eqs                3656
 :arith-bound-propagations-lp     40429
 :arith-branch                    144903
 :arith-conflicts                 79249
 :arith-cube-calls                45284
 :arith-cube-success              22
 :arith-diseq                     29278
 :arith-fixed-eqs                 208159
 :arith-gcd-calls                 183350
 :arith-gomory-cuts               58866
 :arith-grobner-calls             1652
 :arith-grobner-conflicts         45
 :arith-hnf-calls                 4
 :arith-horner-calls              3319
 :arith-horner-cross-nested-forms 21455
 :arith-lower                     628359
 :arith-make-feasible             675047
 :arith-max-columns               239
 :arith-max-rows                  137
 :arith-nla-add-bounds            11671
 :arith-nla-lemmas                1937
 :arith-nla-propagate-bounds      1498
 :arith-nla-propagate-eq          2062
 :arith-nra-calls                 7635
 :arith-offset-eqs                3079
 :arith-patches                   183350
 :arith-patches-success           2246
 :arith-upper                     581558
 :conflicts                       93520
 :datatype-accessor-ax            5478
 :datatype-constructor-ax         13371
 :datatype-splits                 2209
 :decisions                       573230
 :del-clause                      431218
 :final-checks                    213864
 :interface-eqs                   1828
 :max-memory                      376.24
 :memory                          376.09
 :minimized-lits                  53408
 :mk-bool-var                     1458198
 :mk-clause                       431226
 :num-allocs                      135189589713439.00
 :num-checks                      61565
 :propagations                    364284
 :recfun-macro-expansion          29750
 :rlimit-count                    470945710)