unsatisfiable
(:added-eqs                       1219361
 :arith-eq-adapter                224677
 :arith-assume-eqs                3658
 :arith-bound-propagations-lp     40455
 :arith-branch                    145046
 :arith-conflicts                 79331
 :arith-cube-calls                45330
 :arith-cube-success              22
 :arith-diseq                     29325
 :arith-fixed-eqs                 208374
 :arith-gcd-calls                 183545
 :arith-gomory-cuts               58930
 :arith-grobner-calls             1652
 :arith-grobner-conflicts         45
 :arith-hnf-calls                 4
 :arith-horner-calls              3324
 :arith-horner-cross-nested-forms 21481
 :arith-lower                     629027
 :arith-make-feasible             675847
 :arith-max-columns               239
 :arith-max-rows                  137
 :arith-nla-add-bounds            11692
 :arith-nla-lemmas                1937
 :arith-nla-propagate-bounds      1498
 :arith-nla-propagate-eq          2068
 :arith-nra-calls                 7645
 :arith-offset-eqs                3082
 :arith-patches                   183545
 :arith-patches-success           2253
 :arith-upper                     582138
 :conflicts                       93633
 :datatype-accessor-ax            5489
 :datatype-constructor-ax         13395
 :datatype-splits                 2213
 :decisions                       573793
 :del-clause                      431677
 :final-checks                    214113
 :interface-eqs                   1829
 :max-memory                      376.59
 :memory                          376.45
 :minimized-lits                  53459
 :mk-bool-var                     1459863
 :mk-clause                       431685
 :num-allocs                      135923531024694.00
 :num-checks                      61703
 :propagations                    364587
 :recfun-macro-expansion          29804
 :rlimit-count                    471873605)