unsatisfiable
(:added-eqs                       1223041
 :arith-eq-adapter                225310
 :arith-assume-eqs                3670
 :arith-bound-propagations-lp     40525
 :arith-branch                    145396
 :arith-conflicts                 79551
 :arith-cube-calls                45441
 :arith-cube-success              22
 :arith-diseq                     29426
 :arith-fixed-eqs                 208945
 :arith-gcd-calls                 184013
 :arith-gomory-cuts               59080
 :arith-grobner-calls             1652
 :arith-grobner-conflicts         45
 :arith-hnf-calls                 4
 :arith-horner-calls              3338
 :arith-horner-cross-nested-forms 21531
 :arith-lower                     630808
 :arith-make-feasible             677809
 :arith-max-columns               239
 :arith-max-rows                  137
 :arith-nla-add-bounds            11739
 :arith-nla-lemmas                1937
 :arith-nla-propagate-bounds      1498
 :arith-nla-propagate-eq          2077
 :arith-nra-calls                 7669
 :arith-offset-eqs                3091
 :arith-patches                   184013
 :arith-patches-success           2265
 :arith-upper                     583587
 :conflicts                       93937
 :datatype-accessor-ax            5518
 :datatype-constructor-ax         13471
 :datatype-splits                 2226
 :decisions                       575063
 :del-clause                      432899
 :final-checks                    214720
 :interface-eqs                   1835
 :max-memory                      377.63
 :memory                          377.50
 :minimized-lits                  53671
 :mk-bool-var                     1464250
 :mk-clause                       432904
 :num-allocs                      137013893444580.00
 :num-checks                      61991
 :propagations                    365303
 :recfun-macro-expansion          29936
 :rlimit-count                    473849331)