satisfiable
(:added-eqs                       1223480
 :arith-eq-adapter                225382
 :arith-assume-eqs                3672
 :arith-bound-propagations-lp     40535
 :arith-branch                    145451
 :arith-conflicts                 79584
 :arith-cube-calls                45459
 :arith-cube-success              22
 :arith-diseq                     29437
 :arith-fixed-eqs                 209013
 :arith-gcd-calls                 184086
 :arith-gomory-cuts               59104
 :arith-grobner-calls             1652
 :arith-grobner-conflicts         45
 :arith-hnf-calls                 4
 :arith-horner-calls              3340
 :arith-horner-cross-nested-forms 21543
 :arith-lower                     631018
 :arith-make-feasible             678072
 :arith-max-columns               239
 :arith-max-rows                  137
 :arith-nla-add-bounds            11745
 :arith-nla-lemmas                1937
 :arith-nla-propagate-bounds      1498
 :arith-nla-propagate-eq          2078
 :arith-nra-calls                 7672
 :arith-offset-eqs                3095
 :arith-patches                   184086
 :arith-patches-success           2266
 :arith-upper                     583770
 :conflicts                       93982
 :datatype-accessor-ax            5523
 :datatype-constructor-ax         13486
 :datatype-splits                 2227
 :decisions                       575260
 :del-clause                      433045
 :final-checks                    214810
 :interface-eqs                   1836
 :max-memory                      377.81
 :memory                          377.64
 :minimized-lits                  53707
 :mk-bool-var                     1464781
 :mk-clause                       433050
 :num-allocs                      137155710936959.00
 :num-checks                      62044
 :propagations                    365383
 :recfun-macro-expansion          29952
 :rlimit-count                    474097852)