satisfiable
(:added-eqs                       1223676
 :arith-eq-adapter                225415
 :arith-assume-eqs                3674
 :arith-bound-propagations-lp     40537
 :arith-branch                    145475
 :arith-conflicts                 79594
 :arith-cube-calls                45466
 :arith-cube-success              22
 :arith-diseq                     29439
 :arith-fixed-eqs                 209044
 :arith-gcd-calls                 184116
 :arith-gomory-cuts               59111
 :arith-grobner-calls             1652
 :arith-grobner-conflicts         45
 :arith-hnf-calls                 4
 :arith-horner-calls              3340
 :arith-horner-cross-nested-forms 21543
 :arith-lower                     631112
 :arith-make-feasible             678183
 :arith-max-columns               239
 :arith-max-rows                  137
 :arith-nla-add-bounds            11747
 :arith-nla-lemmas                1937
 :arith-nla-propagate-bounds      1498
 :arith-nla-propagate-eq          2079
 :arith-nra-calls                 7673
 :arith-offset-eqs                3095
 :arith-patches                   184116
 :arith-patches-success           2267
 :arith-upper                     583852
 :conflicts                       93996
 :datatype-accessor-ax            5523
 :datatype-constructor-ax         13486
 :datatype-splits                 2227
 :decisions                       575328
 :del-clause                      433094
 :final-checks                    214847
 :interface-eqs                   1837
 :max-memory                      377.85
 :memory                          377.72
 :minimized-lits                  53713
 :mk-bool-var                     1465020
 :mk-clause                       433117
 :num-allocs                      137191186967854.00
 :num-checks                      62052
 :propagations                    365423
 :recfun-macro-expansion          29961
 :rlimit-count                    474197982)