unsatisfiable
(:added-eqs                       1225916
 :arith-eq-adapter                225811
 :arith-assume-eqs                3676
 :arith-bound-propagations-lp     40598
 :arith-branch                    145750
 :arith-conflicts                 79769
 :arith-cube-calls                45557
 :arith-cube-success              22
 :arith-diseq                     29503
 :arith-fixed-eqs                 209370
 :arith-gcd-calls                 184490
 :arith-gomory-cuts               59245
 :arith-grobner-calls             1661
 :arith-grobner-conflicts         45
 :arith-hnf-calls                 4
 :arith-horner-calls              3349
 :arith-horner-cross-nested-forms 21614
 :arith-lower                     632283
 :arith-make-feasible             679593
 :arith-max-columns               239
 :arith-max-rows                  137
 :arith-nla-add-bounds            11780
 :arith-nla-lemmas                1937
 :arith-nla-propagate-bounds      1498
 :arith-nla-propagate-eq          2083
 :arith-nra-calls                 7692
 :arith-offset-eqs                3104
 :arith-patches                   184490
 :arith-patches-success           2278
 :arith-upper                     584761
 :conflicts                       94240
 :datatype-accessor-ax            5544
 :datatype-constructor-ax         13536
 :datatype-splits                 2235
 :decisions                       576358
 :del-clause                      433864
 :final-checks                    215311
 :interface-eqs                   1838
 :max-memory                      378.54
 :memory                          378.40
 :minimized-lits                  53855
 :mk-bool-var                     1467872
 :mk-clause                       433868
 :num-allocs                      137866499467846.00
 :num-checks                      62330
 :propagations                    365860
 :recfun-macro-expansion          30044
 :rlimit-count                    475458620)