unsatisfiable
(:added-eqs                       1226244
 :arith-eq-adapter                225866
 :arith-assume-eqs                3676
 :arith-bound-propagations-lp     40602
 :arith-branch                    145770
 :arith-conflicts                 79784
 :arith-cube-calls                45564
 :arith-cube-success              22
 :arith-diseq                     29514
 :arith-fixed-eqs                 209419
 :arith-gcd-calls                 184519
 :arith-gomory-cuts               59256
 :arith-grobner-calls             1661
 :arith-grobner-conflicts         45
 :arith-hnf-calls                 4
 :arith-horner-calls              3350
 :arith-horner-cross-nested-forms 21614
 :arith-lower                     632435
 :arith-make-feasible             679743
 :arith-max-columns               239
 :arith-max-rows                  137
 :arith-nla-add-bounds            11784
 :arith-nla-lemmas                1937
 :arith-nla-propagate-bounds      1498
 :arith-nla-propagate-eq          2083
 :arith-nra-calls                 7694
 :arith-offset-eqs                3104
 :arith-patches                   184519
 :arith-patches-success           2279
 :arith-upper                     584879
 :conflicts                       94267
 :datatype-accessor-ax            5547
 :datatype-constructor-ax         13545
 :datatype-splits                 2236
 :decisions                       576466
 :del-clause                      433959
 :final-checks                    215350
 :interface-eqs                   1838
 :max-memory                      378.64
 :memory                          378.50
 :minimized-lits                  53869
 :mk-bool-var                     1468240
 :mk-clause                       433963
 :num-allocs                      137932651721068.00
 :num-checks                      62376
 :propagations                    365924
 :recfun-macro-expansion          30056
 :rlimit-count                    475622986)