unsatisfiable
(:added-eqs                       1226467
 :arith-eq-adapter                225901
 :arith-assume-eqs                3678
 :arith-bound-propagations-lp     40606
 :arith-branch                    145785
 :arith-conflicts                 79796
 :arith-cube-calls                45569
 :arith-cube-success              22
 :arith-diseq                     29520
 :arith-fixed-eqs                 209448
 :arith-gcd-calls                 184543
 :arith-gomory-cuts               59269
 :arith-grobner-calls             1661
 :arith-grobner-conflicts         45
 :arith-hnf-calls                 4
 :arith-horner-calls              3351
 :arith-horner-cross-nested-forms 21614
 :arith-lower                     632536
 :arith-make-feasible             679858
 :arith-max-columns               239
 :arith-max-rows                  137
 :arith-nla-add-bounds            11786
 :arith-nla-lemmas                1937
 :arith-nla-propagate-bounds      1498
 :arith-nla-propagate-eq          2083
 :arith-nra-calls                 7696
 :arith-offset-eqs                3105
 :arith-patches                   184543
 :arith-patches-success           2281
 :arith-upper                     584955
 :conflicts                       94292
 :datatype-accessor-ax            5552
 :datatype-constructor-ax         13556
 :datatype-splits                 2239
 :decisions                       576526
 :del-clause                      434034
 :final-checks                    215384
 :interface-eqs                   1839
 :max-memory                      378.72
 :memory                          378.56
 :minimized-lits                  53881
 :mk-bool-var                     1468513
 :mk-clause                       434038
 :num-allocs                      138009009389251.00
 :num-checks                      62406
 :propagations                    365962
 :recfun-macro-expansion          30068
 :rlimit-count                    475788523)