unsatisfiable
(:added-eqs                       1228116
 :arith-eq-adapter                226170
 :arith-assume-eqs                3686
 :arith-bound-propagations-lp     40635
 :arith-branch                    145939
 :arith-conflicts                 79882
 :arith-cube-calls                45616
 :arith-cube-success              22
 :arith-diseq                     29561
 :arith-fixed-eqs                 209689
 :arith-gcd-calls                 184743
 :arith-gomory-cuts               59333
 :arith-grobner-calls             1661
 :arith-grobner-conflicts         45
 :arith-hnf-calls                 4
 :arith-horner-calls              3358
 :arith-horner-cross-nested-forms 21642
 :arith-lower                     633300
 :arith-make-feasible             680733
 :arith-max-columns               239
 :arith-max-rows                  137
 :arith-nla-add-bounds            11805
 :arith-nla-lemmas                1937
 :arith-nla-propagate-bounds      1498
 :arith-nla-propagate-eq          2085
 :arith-nra-calls                 7706
 :arith-offset-eqs                3112
 :arith-patches                   184743
 :arith-patches-success           2288
 :arith-upper                     585588
 :conflicts                       94426
 :datatype-accessor-ax            5570
 :datatype-constructor-ax         13606
 :datatype-splits                 2247
 :decisions                       577031
 :del-clause                      434551
 :final-checks                    215650
 :interface-eqs                   1843
 :max-memory                      379.23
 :memory                          379.08
 :minimized-lits                  53950
 :mk-bool-var                     1470486
 :mk-clause                       434565
 :num-allocs                      138478234502649.00
 :num-checks                      62556
 :propagations                    366285
 :recfun-macro-expansion          30140
 :rlimit-count                    476757262)