unsatisfiable
(:added-eqs                       1228085
 :arith-eq-adapter                226165
 :arith-assume-eqs                3686
 :arith-bound-propagations-lp     40635
 :arith-branch                    145936
 :arith-conflicts                 79880
 :arith-cube-calls                45615
 :arith-cube-success              22
 :arith-diseq                     29561
 :arith-fixed-eqs                 209684
 :arith-gcd-calls                 184737
 :arith-gomory-cuts               59330
 :arith-grobner-calls             1661
 :arith-grobner-conflicts         45
 :arith-hnf-calls                 4
 :arith-horner-calls              3358
 :arith-horner-cross-nested-forms 21642
 :arith-lower                     633286
 :arith-make-feasible             680713
 :arith-max-columns               239
 :arith-max-rows                  137
 :arith-nla-add-bounds            11805
 :arith-nla-lemmas                1937
 :arith-nla-propagate-bounds      1498
 :arith-nla-propagate-eq          2085
 :arith-nra-calls                 7706
 :arith-offset-eqs                3112
 :arith-patches                   184737
 :arith-patches-success           2288
 :arith-upper                     585576
 :conflicts                       94422
 :datatype-accessor-ax            5570
 :datatype-constructor-ax         13606
 :datatype-splits                 2247
 :decisions                       577017
 :del-clause                      434544
 :final-checks                    215643
 :interface-eqs                   1843
 :max-memory                      379.22
 :memory                          379.10
 :minimized-lits                  53948
 :mk-bool-var                     1470444
 :mk-clause                       434556
 :num-allocs                      138447591246459.00
 :num-checks                      62553
 :propagations                    366282
 :recfun-macro-expansion          30138
 :rlimit-count                    476739093)