unsatisfiable
(:added-eqs                   116
 :arith-eq-adapter            11
 :arith-bound-propagations-lp 3
 :arith-branch                1
 :arith-diseq                 3
 :arith-fixed-eqs             8
 :arith-gcd-calls             2
 :arith-gomory-cuts           2
 :arith-lower                 26
 :arith-make-feasible         29
 :arith-max-columns           32
 :arith-max-rows              15
 :arith-patches               2
 :arith-upper                 18
 :conflicts                   7
 :datatype-accessor-ax        15
 :datatype-constructor-ax     26
 :datatype-splits             3
 :decisions                   19
 :del-clause                  43
 :final-checks                10
 :max-memory                  21.37
 :memory                      21.37
 :mk-bool-var                 85
 :mk-clause                   43
 :num-allocs                  609943
 :num-checks                  12
 :propagations                21
 :recfun-macro-expansion      4
 :rlimit-count                6447)